[17:18:13.075] [INFO   ] thread main starting.
[17:18:13.098] [SEVERE ] cannot read configuration file config.properties trying from resources.
[17:18:13.107] [SEVERE ] configuration file was loaded from resources directory.
[17:18:15.353] [INFO   ] thread dealer starting.
[17:18:15.611] [SEVERE ] placing card 8 in slot 0
[17:18:15.798] [SEVERE ] placing card 41 in slot 1
[17:18:15.920] [SEVERE ] placing card 25 in slot 2
[17:18:16.030] [SEVERE ] placing card 44 in slot 3
[17:18:16.141] [SEVERE ] placing card 9 in slot 4
[17:18:16.251] [SEVERE ] placing card 0 in slot 5
[17:18:16.359] [SEVERE ] placing card 61 in slot 6
[17:18:16.469] [SEVERE ] placing card 71 in slot 7
[17:18:16.579] [SEVERE ] placing card 59 in slot 8
[17:18:16.690] [SEVERE ] placing card 64 in slot 9
[17:18:16.801] [SEVERE ] placing card 31 in slot 10
[17:18:16.910] [SEVERE ] placing card 30 in slot 11
[17:18:16.933] [INFO   ] thread dealer terminated.
[17:18:21.942] [SEVERE ] thanks for playing... it was fun!
[17:18:21.942] [INFO   ] thread main terminated.
[17:18:21.942] [SEVERE ] disposing of user interface elements
