[21:58:40.264] [INFO   ] thread main starting.
[21:58:40.270] [SEVERE ] cannot read configuration file config.properties trying from resources.
[21:58:40.272] [SEVERE ] configuration file was loaded from resources directory.
[21:58:40.889] [INFO   ] thread dealer starting.
[21:58:41.049] [SEVERE ] placing card 13 in slot 0
[21:58:41.160] [SEVERE ] placing card 24 in slot 1
[21:58:41.271] [SEVERE ] placing card 10 in slot 2
[21:58:41.379] [SEVERE ] placing card 76 in slot 3
[21:58:41.489] [SEVERE ] placing card 35 in slot 4
[21:58:41.600] [SEVERE ] placing card 47 in slot 5
[21:58:41.711] [SEVERE ] placing card 54 in slot 6
[21:58:41.822] [SEVERE ] placing card 78 in slot 7
[21:58:41.933] [SEVERE ] placing card 41 in slot 8
[21:58:42.043] [SEVERE ] placing card 58 in slot 9
[21:58:42.154] [SEVERE ] placing card 17 in slot 10
[21:58:42.263] [SEVERE ] placing card 53 in slot 11
[21:58:42.275] [SEVERE ] updating countdown to 60000
[21:58:42.276] [SEVERE ] updating countdown to 59999
[21:58:43.291] [SEVERE ] updating countdown to 58984
[21:58:43.962] [SEVERE ] key 59 was pressed by player 2
[21:58:43.963] [SEVERE ] player 2 placing token on slot 7
[21:58:44.010] [SEVERE ] key 76 was pressed by player 2
[21:58:44.011] [SEVERE ] player 2 placing token on slot 6
[21:58:44.123] [SEVERE ] key 75 was pressed by player 2
[21:58:44.123] [SEVERE ] player 2 placing token on slot 5
[21:58:44.123] [SEVERE ] removing player 2 token from slot 5
[21:58:44.124] [SEVERE ] removing player 2 token from slot 6
[21:58:44.124] [SEVERE ] removing player 2 token from slot 7
[21:58:44.124] [SEVERE ] setting player 2 freeze to 3000
[21:58:44.302] [SEVERE ] updating countdown to 57973
[21:58:44.681] [SEVERE ] key 59 was pressed by player 2
[21:58:45.136] [SEVERE ] setting player 2 freeze to 2000
[21:58:45.310] [SEVERE ] updating countdown to 56965
[21:58:46.138] [SEVERE ] setting player 2 freeze to 1000
[21:58:46.322] [SEVERE ] updating countdown to 55953
[21:58:47.144] [SEVERE ] setting player 2 freeze to 0
[21:58:47.144] [SEVERE ] player 2 placing token on slot 7
[21:58:47.147] [SEVERE ] key 76 was pressed by player 2
[21:58:47.147] [SEVERE ] player 2 placing token on slot 6
[21:58:47.336] [SEVERE ] updating countdown to 54939
[21:58:48.346] [SEVERE ] updating countdown to 53929
[21:58:49.358] [SEVERE ] updating countdown to 52917
[21:58:50.283] [SEVERE ] exit button pressed
[21:58:50.284] [INFO   ] thread dealer terminated.
[21:58:50.284] [INFO   ] thread dealer terminated.
[21:58:50.284] [SEVERE ] thanks for playing... it was fun!
[21:58:50.285] [INFO   ] thread main terminated.
