[21:53:46.322] [INFO   ] thread main starting.
[21:53:46.330] [SEVERE ] cannot read configuration file config.properties trying from resources.
[21:53:46.333] [SEVERE ] configuration file was loaded from resources directory.
[21:53:47.006] [INFO   ] thread dealer starting.
[21:53:47.163] [SEVERE ] placing card 26 in slot 0
[21:53:47.272] [SEVERE ] placing card 5 in slot 1
[21:53:47.382] [SEVERE ] placing card 60 in slot 2
[21:53:47.492] [SEVERE ] placing card 51 in slot 3
[21:53:47.603] [SEVERE ] placing card 67 in slot 4
[21:53:47.714] [SEVERE ] placing card 20 in slot 5
[21:53:47.826] [SEVERE ] placing card 65 in slot 6
[21:53:47.937] [SEVERE ] placing card 2 in slot 7
[21:53:48.048] [SEVERE ] placing card 36 in slot 8
[21:53:48.159] [SEVERE ] placing card 46 in slot 9
[21:53:48.269] [SEVERE ] placing card 29 in slot 10
[21:53:48.380] [SEVERE ] placing card 24 in slot 11
[21:53:48.388] [SEVERE ] updating countdown to 60000
[21:53:48.389] [SEVERE ] updating countdown to 59999
[21:53:49.395] [SEVERE ] updating countdown to 58993
[21:53:50.263] [SEVERE ] key 76 was pressed by player 2
[21:53:50.264] [SEVERE ] player 2 placing token on slot 6
[21:53:50.316] [SEVERE ] key 75 was pressed by player 2
[21:53:50.317] [SEVERE ] player 2 placing token on slot 5
[21:53:50.398] [SEVERE ] key 74 was pressed by player 2
[21:53:50.398] [SEVERE ] player 2 placing token on slot 4
[21:53:50.399] [SEVERE ] removing player 2 token from slot 4
[21:53:50.399] [SEVERE ] removing player 2 token from slot 5
[21:53:50.400] [SEVERE ] removing player 2 token from slot 6
[21:53:50.400] [SEVERE ] setting player 2 freeze to 3000
[21:53:50.402] [SEVERE ] updating countdown to 57986
[21:53:51.071] [SEVERE ] key 76 was pressed by player 2
[21:53:51.411] [SEVERE ] setting player 2 freeze to 2000
[21:53:51.411] [SEVERE ] updating countdown to 56977
[21:53:52.412] [SEVERE ] setting player 2 freeze to 1000
[21:53:52.412] [SEVERE ] updating countdown to 55976
[21:53:53.415] [SEVERE ] setting player 2 freeze to 0
[21:53:53.415] [SEVERE ] updating countdown to 54973
[21:53:53.415] [SEVERE ] player 2 placing token on slot 6
[21:53:53.416] [SEVERE ] key 75 was pressed by player 2
[21:53:53.416] [SEVERE ] player 2 placing token on slot 5
[21:53:53.416] [SEVERE ] key 74 was pressed by player 2
[21:53:53.416] [SEVERE ] player 2 placing token on slot 4
[21:53:53.417] [SEVERE ] removing player 2 token from slot 4
[21:53:53.417] [SEVERE ] removing player 2 token from slot 5
[21:53:53.417] [SEVERE ] removing player 2 token from slot 6
[21:53:53.419] [SEVERE ] setting player 2 freeze to 3000
[21:53:54.424] [SEVERE ] updating countdown to 53964
[21:53:54.424] [SEVERE ] setting player 2 freeze to 2000
[21:53:55.430] [SEVERE ] setting player 2 freeze to 1000
[21:53:55.430] [SEVERE ] updating countdown to 52958
[21:53:56.436] [SEVERE ] updating countdown to 51952
[21:53:56.436] [SEVERE ] setting player 2 freeze to 0
[21:53:57.449] [SEVERE ] updating countdown to 50939
[21:53:58.458] [SEVERE ] updating countdown to 49930
[21:53:58.461] [SEVERE ] exit button pressed
[21:53:58.461] [INFO   ] thread dealer terminated.
[21:53:58.461] [INFO   ] thread dealer terminated.
[21:53:58.462] [SEVERE ] thanks for playing... it was fun!
[21:53:58.462] [INFO   ] thread main terminated.
