[17:21:48.985] [INFO   ] thread main starting.
[17:21:49.010] [SEVERE ] cannot read configuration file config.properties trying from resources.
[17:21:49.018] [SEVERE ] configuration file was loaded from resources directory.
[17:21:51.392] [INFO   ] thread dealer starting.
[17:21:51.506] [SEVERE ] placing card 64 in slot 0
[17:21:51.508] [SEVERE ] placing card 60 in slot 1
[17:21:51.508] [SEVERE ] placing card 7 in slot 2
[17:21:51.509] [SEVERE ] placing card 45 in slot 3
[17:21:51.511] [SEVERE ] placing card 44 in slot 4
[17:21:51.512] [SEVERE ] placing card 42 in slot 5
[17:21:51.512] [SEVERE ] placing card 6 in slot 6
[17:21:51.514] [SEVERE ] placing card 30 in slot 7
[17:21:51.517] [SEVERE ] placing card 46 in slot 8
[17:21:51.519] [SEVERE ] placing card 71 in slot 9
[17:21:51.520] [SEVERE ] placing card 12 in slot 10
[17:21:51.521] [SEVERE ] placing card 49 in slot 11
[17:21:51.550] [SEVERE ] player 3 placing token on slot 2
[17:21:51.550] [SEVERE ] player 4 placing token on slot 3
[17:21:51.552] [SEVERE ] removing player 3 token from slot 2
[17:21:51.553] [SEVERE ] player 3 placing token on slot 2
[17:21:51.554] [SEVERE ] player 3 placing token on slot 7
[17:21:51.555] [SEVERE ] player 3 placing token on slot 6
[17:21:51.551] [SEVERE ] player 1 placing token on slot 5
[17:21:51.551] [SEVERE ] player 2 placing token on slot 5
[17:21:51.553] [SEVERE ] player 4 placing token on slot 7
[17:21:51.563] [SEVERE ] removing player 3 token from slot 2
[17:21:51.564] [SEVERE ] removing player 3 token from slot 6
[17:21:51.565] [SEVERE ] removing player 3 token from slot 7
[17:21:51.610] [SEVERE ] player 4 placing token on slot 0
[17:21:51.610] [SEVERE ] player 3 placing token on slot 7
[17:21:51.612] [SEVERE ] player 3 placing token on slot 4
[17:21:51.613] [SEVERE ] player 3 placing token on slot 6
[17:21:51.614] [SEVERE ] player 1 placing token on slot 1
[17:21:51.615] [SEVERE ] player 1 placing token on slot 8
[17:21:51.616] [SEVERE ] player 2 placing token on slot 9
[17:21:51.619] [SEVERE ] removing player 4 token from slot 0
[17:21:51.620] [SEVERE ] removing player 4 token from slot 3
[17:21:51.621] [SEVERE ] removing player 4 token from slot 7
[17:21:51.623] [SEVERE ] player 2 placing token on slot 11
[17:21:51.625] [SEVERE ] removing card from slot 0
[17:21:51.656] [SEVERE ] removing player 1 token from slot 1
[17:21:51.657] [SEVERE ] removing card from slot 1
[17:21:51.658] [SEVERE ] removing card from slot 2
[17:21:51.659] [SEVERE ] removing card from slot 3
[17:21:51.660] [SEVERE ] removing player 3 token from slot 4
[17:21:51.661] [SEVERE ] removing card from slot 4
[17:21:51.662] [SEVERE ] removing player 1 token from slot 5
[17:21:51.663] [SEVERE ] removing player 2 token from slot 5
[17:21:51.664] [SEVERE ] removing card from slot 5
[17:21:51.667] [SEVERE ] removing player 3 token from slot 6
[17:21:51.668] [SEVERE ] removing card from slot 6
[17:21:51.671] [SEVERE ] removing player 3 token from slot 7
[17:21:51.673] [SEVERE ] removing card from slot 7
[17:21:51.674] [SEVERE ] removing player 1 token from slot 8
[17:21:51.675] [SEVERE ] removing card from slot 8
[17:21:51.676] [SEVERE ] removing player 2 token from slot 9
[17:21:51.677] [SEVERE ] removing card from slot 9
[17:21:51.678] [SEVERE ] removing card from slot 10
[17:21:51.682] [SEVERE ] removing player 2 token from slot 11
[17:21:51.683] [SEVERE ] removing card from slot 11
[17:21:51.712] [SEVERE ] placing card 30 in slot 0
[17:21:51.715] [SEVERE ] placing card 40 in slot 1
[17:21:51.716] [SEVERE ] placing card 31 in slot 2
[17:21:51.718] [SEVERE ] placing card 66 in slot 3
[17:21:51.722] [SEVERE ] placing card 32 in slot 4
[17:21:51.723] [SEVERE ] placing card 64 in slot 5
[17:21:51.724] [SEVERE ] placing card 65 in slot 6
[17:21:51.726] [SEVERE ] placing card 53 in slot 7
[17:21:51.728] [SEVERE ] placing card 61 in slot 8
[17:21:51.729] [SEVERE ] placing card 8 in slot 9
[17:21:51.755] [SEVERE ] placing card 46 in slot 10
[17:21:51.756] [SEVERE ] placing card 49 in slot 11
[17:21:51.768] [SEVERE ] player 4 placing token on slot 6
[17:21:51.768] [SEVERE ] player 3 placing token on slot 10
[17:21:51.770] [SEVERE ] player 4 placing token on slot 0
[17:21:51.770] [SEVERE ] player 3 placing token on slot 7
[17:21:51.771] [SEVERE ] removing player 4 token from slot 6
[17:21:51.772] [SEVERE ] player 2 placing token on slot 5
[17:21:51.772] [SEVERE ] player 3 placing token on slot 5
[17:21:51.772] [SEVERE ] player 1 placing token on slot 4
[17:21:51.774] [SEVERE ] player 2 placing token on slot 4
[17:21:51.773] [SEVERE ] player 4 placing token on slot 3
[17:21:51.777] [SEVERE ] removing player 3 token from slot 5
[17:21:51.778] [SEVERE ] removing player 3 token from slot 7
[17:21:51.779] [SEVERE ] removing player 3 token from slot 10
[17:21:51.780] [SEVERE ] player 1 placing token on slot 0
[17:21:51.784] [SEVERE ] removing player 1 token from slot 4
[17:21:51.786] [SEVERE ] player 1 placing token on slot 11
[17:21:51.788] [SEVERE ] player 1 placing token on slot 9
[17:21:51.780] [SEVERE ] player 2 placing token on slot 1
[17:21:51.782] [SEVERE ] removing player 4 token from slot 0
[17:21:51.780] [SEVERE ] player 3 placing token on slot 0
[17:21:51.791] [SEVERE ] player 4 placing token on slot 5
[17:21:51.791] [SEVERE ] player 3 placing token on slot 10
[17:21:51.792] [SEVERE ] player 4 placing token on slot 4
[17:21:51.794] [SEVERE ] removing player 1 token from slot 0
[17:21:51.795] [SEVERE ] removing player 3 token from slot 0
[17:21:51.795] [SEVERE ] removing card from slot 0
[17:21:51.805] [SEVERE ] removing player 2 token from slot 1
[17:21:51.806] [SEVERE ] removing card from slot 1
[17:21:51.808] [SEVERE ] removing card from slot 2
[17:21:51.809] [SEVERE ] removing player 4 token from slot 3
[17:21:51.809] [SEVERE ] removing card from slot 3
[17:21:51.810] [SEVERE ] removing player 2 token from slot 4
[17:21:51.811] [SEVERE ] removing player 4 token from slot 4
[17:21:51.812] [SEVERE ] removing card from slot 4
[17:21:51.816] [SEVERE ] removing player 2 token from slot 5
[17:21:51.817] [SEVERE ] removing player 4 token from slot 5
[17:21:51.817] [SEVERE ] removing card from slot 5
[17:21:51.819] [SEVERE ] removing card from slot 6
[17:21:51.840] [SEVERE ] removing card from slot 7
[17:21:51.841] [SEVERE ] removing card from slot 8
[17:21:51.841] [SEVERE ] removing player 1 token from slot 9
[17:21:51.842] [SEVERE ] removing card from slot 9
[17:21:51.843] [SEVERE ] removing player 3 token from slot 10
[17:21:51.843] [SEVERE ] removing card from slot 10
[17:21:51.844] [SEVERE ] removing player 1 token from slot 11
[17:21:51.845] [SEVERE ] removing card from slot 11
[17:21:51.846] [SEVERE ] placing card 42 in slot 0
[17:21:51.846] [SEVERE ] placing card 12 in slot 1
[17:21:51.847] [SEVERE ] placing card 14 in slot 2
[17:21:51.850] [SEVERE ] placing card 31 in slot 3
[17:21:51.852] [SEVERE ] placing card 61 in slot 4
[17:21:51.852] [SEVERE ] placing card 16 in slot 5
[17:21:51.854] [SEVERE ] placing card 73 in slot 6
[17:21:51.855] [SEVERE ] placing card 80 in slot 7
[17:21:51.857] [SEVERE ] placing card 19 in slot 8
[17:21:51.878] [SEVERE ] placing card 64 in slot 9
[17:21:51.879] [SEVERE ] placing card 67 in slot 10
[17:21:51.880] [SEVERE ] placing card 78 in slot 11
[17:21:51.890] [SEVERE ] player 1 placing token on slot 2
[17:21:51.890] [SEVERE ] player 3 placing token on slot 10
[17:21:51.890] [SEVERE ] player 4 placing token on slot 5
[17:21:51.891] [SEVERE ] player 3 placing token on slot 11
[17:21:51.891] [SEVERE ] player 2 placing token on slot 6
[17:21:51.891] [SEVERE ] player 1 placing token on slot 5
[17:21:51.893] [SEVERE ] player 2 placing token on slot 8
[17:21:51.892] [SEVERE ] player 3 placing token on slot 8
[17:21:51.892] [SEVERE ] player 4 placing token on slot 10
[17:21:51.896] [SEVERE ] player 4 placing token on slot 1
[17:21:51.894] [SEVERE ] removing player 2 token from slot 8
[17:21:51.894] [SEVERE ] player 1 placing token on slot 8
[17:21:51.900] [SEVERE ] removing player 3 token from slot 8
[17:21:51.901] [SEVERE ] removing player 3 token from slot 10
[17:21:51.902] [SEVERE ] removing player 3 token from slot 11
[17:21:51.902] [SEVERE ] player 2 placing token on slot 11
[17:21:51.907] [SEVERE ] removing card from slot 0
[17:21:51.916] [SEVERE ] removing player 4 token from slot 1
[17:21:51.917] [SEVERE ] removing card from slot 1
[17:21:51.918] [SEVERE ] removing player 1 token from slot 2
[17:21:51.919] [SEVERE ] removing card from slot 2
[17:21:51.919] [SEVERE ] removing card from slot 3
[17:21:51.920] [SEVERE ] removing card from slot 4
[17:21:51.920] [SEVERE ] removing player 1 token from slot 5
[17:21:51.921] [SEVERE ] removing player 4 token from slot 5
[17:21:51.921] [SEVERE ] removing card from slot 5
[17:21:51.922] [SEVERE ] removing player 2 token from slot 6
[17:21:51.923] [SEVERE ] removing card from slot 6
[17:21:51.924] [SEVERE ] removing card from slot 7
[17:21:51.924] [SEVERE ] removing player 1 token from slot 8
[17:21:51.926] [SEVERE ] removing card from slot 8
[17:21:51.926] [SEVERE ] removing card from slot 9
[17:21:51.927] [SEVERE ] removing player 4 token from slot 10
[17:21:51.928] [SEVERE ] removing card from slot 10
[17:21:51.928] [SEVERE ] removing player 2 token from slot 11
[17:21:51.929] [SEVERE ] removing card from slot 11
[17:21:51.938] [SEVERE ] placing card 55 in slot 0
[17:21:51.939] [SEVERE ] placing card 25 in slot 1
[17:21:51.940] [SEVERE ] placing card 26 in slot 2
[17:21:51.940] [SEVERE ] placing card 36 in slot 3
[17:21:51.941] [SEVERE ] placing card 43 in slot 4
[17:21:51.941] [SEVERE ] placing card 31 in slot 5
[17:21:51.942] [SEVERE ] placing card 17 in slot 6
[17:21:51.942] [SEVERE ] placing card 51 in slot 7
[17:21:51.943] [SEVERE ] placing card 45 in slot 8
[17:21:51.943] [SEVERE ] placing card 21 in slot 9
[17:21:51.944] [SEVERE ] placing card 76 in slot 10
[17:21:51.945] [SEVERE ] placing card 13 in slot 11
[17:21:51.954] [SEVERE ] player 4 placing token on slot 3
[17:21:51.954] [SEVERE ] player 3 placing token on slot 1
[17:21:51.957] [SEVERE ] player 4 placing token on slot 2
[17:21:51.957] [SEVERE ] player 3 placing token on slot 11
[17:21:51.957] [SEVERE ] player 1 placing token on slot 4
[17:21:51.957] [SEVERE ] player 2 placing token on slot 3
[17:21:51.959] [SEVERE ] player 1 placing token on slot 3
[17:21:51.958] [SEVERE ] player 3 placing token on slot 3
[17:21:51.958] [SEVERE ] removing player 4 token from slot 3
[17:21:51.960] [SEVERE ] player 1 placing token on slot 7
[17:21:51.960] [SEVERE ] player 2 placing token on slot 0
[17:21:51.965] [SEVERE ] removing player 3 token from slot 1
[17:21:51.965] [SEVERE ] removing player 3 token from slot 3
[17:21:51.966] [SEVERE ] removing player 3 token from slot 11
[17:21:51.966] [SEVERE ] player 4 placing token on slot 0
[17:21:51.967] [SEVERE ] player 3 placing token on slot 0
[17:21:51.967] [SEVERE ] removing player 4 token from slot 2
[17:21:51.968] [SEVERE ] player 3 placing token on slot 4
[17:21:51.968] [SEVERE ] player 4 placing token on slot 9
[17:21:51.969] [SEVERE ] player 3 placing token on slot 11
[17:21:51.973] [SEVERE ] removing player 2 token from slot 0
[17:21:51.973] [SEVERE ] player 4 placing token on slot 5
[17:21:51.974] [SEVERE ] removing player 1 token from slot 3
[17:21:51.975] [SEVERE ] removing player 1 token from slot 4
[17:21:51.976] [SEVERE ] removing player 1 token from slot 7
[17:21:51.978] [SEVERE ] removing player 3 token from slot 0
[17:21:51.978] [SEVERE ] removing player 4 token from slot 0
[17:21:51.979] [SEVERE ] removing card from slot 0
[17:21:51.981] [SEVERE ] removing card from slot 1
[17:21:51.982] [SEVERE ] removing card from slot 2
[17:21:51.983] [SEVERE ] removing player 2 token from slot 3
[17:21:51.983] [SEVERE ] removing card from slot 3
[17:21:51.985] [SEVERE ] removing player 3 token from slot 4
[17:21:51.985] [SEVERE ] removing card from slot 4
[17:21:51.986] [SEVERE ] removing player 4 token from slot 5
[17:21:51.987] [SEVERE ] removing card from slot 5
[17:21:51.990] [SEVERE ] removing card from slot 6
[17:21:51.991] [SEVERE ] removing card from slot 7
[17:21:51.992] [SEVERE ] removing card from slot 8
[17:21:51.994] [SEVERE ] removing player 4 token from slot 9
[17:21:51.994] [SEVERE ] removing card from slot 9
[17:21:52.007] [SEVERE ] removing card from slot 10
[17:21:52.008] [SEVERE ] removing player 3 token from slot 11
[17:21:52.008] [SEVERE ] removing card from slot 11
[17:21:52.009] [SEVERE ] placing card 78 in slot 0
[17:21:52.010] [SEVERE ] placing card 9 in slot 1
[17:21:52.010] [SEVERE ] placing card 79 in slot 2
[17:21:52.011] [SEVERE ] placing card 22 in slot 3
[17:21:52.012] [SEVERE ] placing card 75 in slot 4
[17:21:52.012] [SEVERE ] placing card 35 in slot 5
[17:21:52.013] [SEVERE ] placing card 20 in slot 6
[17:21:52.015] [SEVERE ] placing card 31 in slot 7
[17:21:52.018] [SEVERE ] placing card 4 in slot 8
[17:21:52.019] [SEVERE ] placing card 0 in slot 9
[17:21:52.020] [SEVERE ] placing card 3 in slot 10
[17:21:52.021] [SEVERE ] placing card 21 in slot 11
[17:21:52.048] [SEVERE ] player 2 placing token on slot 6
[17:21:52.049] [SEVERE ] player 1 placing token on slot 10
[17:21:52.049] [SEVERE ] player 4 placing token on slot 10
[17:21:52.049] [SEVERE ] player 3 placing token on slot 7
[17:21:52.053] [SEVERE ] player 4 placing token on slot 8
[17:21:52.052] [SEVERE ] player 1 placing token on slot 3
[17:21:52.052] [SEVERE ] player 2 placing token on slot 9
[17:21:52.055] [SEVERE ] player 1 placing token on slot 4
[17:21:52.054] [SEVERE ] player 4 placing token on slot 9
[17:21:52.054] [SEVERE ] player 3 placing token on slot 10
[17:21:52.056] [SEVERE ] player 2 placing token on slot 4
[17:21:52.058] [SEVERE ] removing player 1 token from slot 3
[17:21:52.059] [SEVERE ] removing player 1 token from slot 4
[17:21:52.059] [SEVERE ] removing player 1 token from slot 10
[17:21:52.060] [SEVERE ] player 3 placing token on slot 5
[17:21:52.060] [SEVERE ] player 2 placing token on slot 5
[17:21:52.061] [SEVERE ] removing card from slot 0
[17:21:52.081] [SEVERE ] removing card from slot 1
[17:21:52.082] [SEVERE ] removing card from slot 2
[17:21:52.083] [SEVERE ] removing card from slot 3
[17:21:52.084] [SEVERE ] removing player 2 token from slot 4
[17:21:52.085] [SEVERE ] removing card from slot 4
[17:21:52.086] [SEVERE ] removing player 2 token from slot 5
[17:21:52.086] [SEVERE ] removing player 3 token from slot 5
[17:21:52.087] [SEVERE ] removing card from slot 5
[17:21:52.088] [SEVERE ] removing player 2 token from slot 6
[17:21:52.089] [SEVERE ] removing card from slot 6
[17:21:52.091] [SEVERE ] removing player 3 token from slot 7
[17:21:52.091] [SEVERE ] removing card from slot 7
[17:21:52.094] [SEVERE ] removing player 4 token from slot 8
[17:21:52.095] [SEVERE ] removing card from slot 8
[17:21:52.095] [SEVERE ] removing player 2 token from slot 9
[17:21:52.096] [SEVERE ] removing player 4 token from slot 9
[17:21:52.097] [SEVERE ] removing card from slot 9
[17:21:52.104] [SEVERE ] removing player 3 token from slot 10
[17:21:52.105] [SEVERE ] removing player 4 token from slot 10
[17:21:52.106] [SEVERE ] removing card from slot 10
[17:21:52.107] [SEVERE ] removing card from slot 11
[17:21:52.108] [SEVERE ] placing card 25 in slot 0
[17:21:52.109] [SEVERE ] placing card 55 in slot 1
[17:21:52.110] [SEVERE ] placing card 38 in slot 2
[17:21:52.111] [SEVERE ] placing card 1 in slot 3
[17:21:52.113] [SEVERE ] placing card 79 in slot 4
[17:21:52.137] [SEVERE ] placing card 24 in slot 5
[17:21:52.138] [SEVERE ] placing card 61 in slot 6
[17:21:52.139] [SEVERE ] placing card 20 in slot 7
[17:21:52.140] [SEVERE ] placing card 56 in slot 8
[17:21:52.164] [SEVERE ] placing card 66 in slot 9
[17:21:52.165] [SEVERE ] placing card 5 in slot 10
[17:21:52.168] [SEVERE ] placing card 54 in slot 11
[17:21:52.172] [SEVERE ] player 3 placing token on slot 9
[17:21:52.173] [SEVERE ] player 2 placing token on slot 6
[17:21:52.174] [SEVERE ] player 2 placing token on slot 2
[17:21:52.175] [SEVERE ] player 2 placing token on slot 5
[17:21:52.172] [SEVERE ] player 1 placing token on slot 5
[17:21:52.172] [SEVERE ] player 4 placing token on slot 0
[17:21:52.173] [SEVERE ] removing player 3 token from slot 9
[17:21:52.177] [SEVERE ] removing player 2 token from slot 2
[17:21:52.177] [SEVERE ] removing player 2 token from slot 5
[17:21:52.179] [SEVERE ] removing player 2 token from slot 6
[17:21:52.179] [SEVERE ] player 1 placing token on slot 4
[17:21:52.181] [SEVERE ] player 3 placing token on slot 5
[17:21:52.185] [SEVERE ] player 3 placing token on slot 1
[17:21:52.185] [SEVERE ] player 1 placing token on slot 2
[17:21:52.181] [SEVERE ] player 4 placing token on slot 6
[17:21:52.186] [SEVERE ] removing player 3 token from slot 5
[17:21:52.185] [SEVERE ] player 2 placing token on slot 7
[17:21:52.188] [SEVERE ] removing player 4 token from slot 0
[17:21:52.189] [SEVERE ] removing card from slot 0
[17:21:52.200] [SEVERE ] removing player 3 token from slot 1
[17:21:52.201] [SEVERE ] removing card from slot 1
[17:21:52.203] [SEVERE ] removing player 1 token from slot 2
[17:21:52.203] [SEVERE ] removing card from slot 2
[17:21:52.204] [SEVERE ] removing card from slot 3
[17:21:52.205] [SEVERE ] removing player 1 token from slot 4
[17:21:52.206] [SEVERE ] removing card from slot 4
[17:21:52.207] [SEVERE ] removing player 1 token from slot 5
[17:21:52.207] [SEVERE ] removing card from slot 5
[17:21:52.213] [SEVERE ] removing player 4 token from slot 6
[17:21:52.214] [SEVERE ] removing card from slot 6
[17:21:52.228] [SEVERE ] removing player 2 token from slot 7
[17:21:52.228] [SEVERE ] removing card from slot 7
[17:21:52.229] [SEVERE ] removing card from slot 8
[17:21:52.230] [SEVERE ] removing card from slot 9
[17:21:52.232] [SEVERE ] removing card from slot 10
[17:21:52.235] [SEVERE ] removing card from slot 11
[17:21:52.240] [SEVERE ] placing card 76 in slot 0
[17:21:52.241] [SEVERE ] placing card 16 in slot 1
[17:21:52.252] [SEVERE ] placing card 3 in slot 2
[17:21:52.255] [SEVERE ] placing card 37 in slot 3
[17:21:52.256] [SEVERE ] placing card 56 in slot 4
[17:21:52.257] [SEVERE ] placing card 21 in slot 5
[17:21:52.259] [SEVERE ] placing card 42 in slot 6
[17:21:52.259] [SEVERE ] placing card 1 in slot 7
[17:21:52.260] [SEVERE ] placing card 49 in slot 8
[17:21:52.262] [SEVERE ] placing card 15 in slot 9
[17:21:52.282] [SEVERE ] placing card 25 in slot 10
[17:21:52.283] [SEVERE ] placing card 44 in slot 11
[17:21:52.286] [SEVERE ] player 3 placing token on slot 8
[17:21:52.286] [SEVERE ] player 4 placing token on slot 9
[17:21:52.287] [SEVERE ] player 3 placing token on slot 9
[17:21:52.288] [SEVERE ] player 2 placing token on slot 10
[17:21:52.287] [SEVERE ] player 4 placing token on slot 7
[17:21:52.287] [SEVERE ] player 1 placing token on slot 2
[17:21:52.289] [SEVERE ] player 4 placing token on slot 5
[17:21:52.288] [SEVERE ] player 2 placing token on slot 0
[17:21:52.288] [SEVERE ] removing player 3 token from slot 8
[17:21:52.290] [SEVERE ] player 2 placing token on slot 8
[17:21:52.289] [SEVERE ] player 1 placing token on slot 5
[17:21:52.291] [SEVERE ] removing player 4 token from slot 5
[17:21:52.292] [SEVERE ] removing player 4 token from slot 7
[17:21:52.292] [SEVERE ] removing player 4 token from slot 9
[17:21:52.293] [SEVERE ] player 3 placing token on slot 2
[17:21:52.293] [SEVERE ] player 1 placing token on slot 10
[17:21:52.294] [SEVERE ] removing player 2 token from slot 0
[17:21:52.295] [SEVERE ] removing player 2 token from slot 8
[17:21:52.295] [SEVERE ] removing player 2 token from slot 10
[17:21:52.296] [SEVERE ] player 4 placing token on slot 1
[17:21:52.297] [SEVERE ] player 3 placing token on slot 3
[17:21:52.297] [SEVERE ] removing player 1 token from slot 2
[17:21:52.298] [SEVERE ] removing player 1 token from slot 5
[17:21:52.298] [SEVERE ] removing player 1 token from slot 10
[17:21:52.298] [SEVERE ] player 4 placing token on slot 11
[17:21:52.299] [SEVERE ] removing card from slot 0
[17:21:52.312] [SEVERE ] removing player 4 token from slot 1
[17:21:52.313] [SEVERE ] removing card from slot 1
[17:21:52.314] [SEVERE ] removing player 3 token from slot 2
[17:21:52.314] [SEVERE ] removing card from slot 2
[17:21:52.316] [SEVERE ] removing player 3 token from slot 3
[17:21:52.317] [SEVERE ] removing card from slot 3
[17:21:52.321] [SEVERE ] removing card from slot 4
[17:21:52.322] [SEVERE ] removing card from slot 5
[17:21:52.322] [SEVERE ] removing card from slot 6
[17:21:52.337] [SEVERE ] removing card from slot 7
[17:21:52.339] [SEVERE ] removing card from slot 8
[17:21:52.342] [SEVERE ] removing player 3 token from slot 9
[17:21:52.343] [SEVERE ] removing card from slot 9
[17:21:52.343] [SEVERE ] removing card from slot 10
[17:21:52.345] [SEVERE ] removing player 4 token from slot 11
[17:21:52.345] [SEVERE ] removing card from slot 11
[17:21:52.358] [SEVERE ] placing card 71 in slot 0
[17:21:52.365] [SEVERE ] placing card 60 in slot 1
[17:21:52.367] [SEVERE ] placing card 40 in slot 2
[17:21:52.367] [SEVERE ] placing card 43 in slot 3
[17:21:52.369] [SEVERE ] placing card 27 in slot 4
[17:21:52.370] [SEVERE ] placing card 65 in slot 5
[17:21:52.371] [SEVERE ] placing card 61 in slot 6
[17:21:52.372] [SEVERE ] placing card 62 in slot 7
[17:21:52.374] [SEVERE ] placing card 1 in slot 8
[17:21:52.396] [SEVERE ] placing card 57 in slot 9
[17:21:52.397] [SEVERE ] placing card 78 in slot 10
[17:21:52.397] [SEVERE ] placing card 23 in slot 11
[17:21:52.401] [SEVERE ] player 3 placing token on slot 7
[17:21:52.401] [SEVERE ] player 4 placing token on slot 8
[17:21:52.402] [SEVERE ] player 3 placing token on slot 0
[17:21:52.402] [SEVERE ] player 4 placing token on slot 5
[17:21:52.402] [SEVERE ] player 3 placing token on slot 3
[17:21:52.403] [SEVERE ] player 4 placing token on slot 10
[17:21:52.404] [SEVERE ] player 1 placing token on slot 2
[17:21:52.404] [SEVERE ] removing player 3 token from slot 0
[17:21:52.405] [SEVERE ] removing player 3 token from slot 3
[17:21:52.405] [SEVERE ] removing player 3 token from slot 7
[17:21:52.405] [SEVERE ] player 1 placing token on slot 11
[17:21:52.406] [SEVERE ] player 3 placing token on slot 6
[17:21:52.406] [SEVERE ] player 2 placing token on slot 0
[17:21:52.406] [SEVERE ] player 1 placing token on slot 1
[17:21:52.407] [SEVERE ] removing player 4 token from slot 5
[17:21:52.408] [SEVERE ] removing player 4 token from slot 8
[17:21:52.408] [SEVERE ] removing player 4 token from slot 10
[17:21:52.409] [SEVERE ] player 3 placing token on slot 3
[17:21:52.409] [SEVERE ] player 2 placing token on slot 7
[17:21:52.410] [SEVERE ] removing player 1 token from slot 1
[17:21:52.411] [SEVERE ] removing player 1 token from slot 2
[17:21:52.411] [SEVERE ] removing player 1 token from slot 11
[17:21:52.411] [SEVERE ] player 4 placing token on slot 11
[17:21:52.412] [SEVERE ] player 2 placing token on slot 5
[17:21:52.412] [SEVERE ] player 1 placing token on slot 6
[17:21:52.411] [SEVERE ] player 3 placing token on slot 10
[17:21:52.412] [SEVERE ] removing player 4 token from slot 11
[17:21:52.415] [SEVERE ] removing player 2 token from slot 0
[17:21:52.416] [SEVERE ] removing player 2 token from slot 5
[17:21:52.416] [SEVERE ] removing player 2 token from slot 7
[17:21:52.416] [SEVERE ] player 1 placing token on slot 1
[17:21:52.417] [SEVERE ] player 4 placing token on slot 2
[17:21:52.418] [SEVERE ] removing card from slot 0
[17:21:52.429] [SEVERE ] removing player 1 token from slot 1
[17:21:52.429] [SEVERE ] removing card from slot 1
[17:21:52.430] [SEVERE ] removing player 4 token from slot 2
[17:21:52.430] [SEVERE ] removing card from slot 2
[17:21:52.432] [SEVERE ] removing player 3 token from slot 3
[17:21:52.433] [SEVERE ] removing card from slot 3
[17:21:52.437] [SEVERE ] removing card from slot 4
[17:21:52.438] [SEVERE ] removing card from slot 5
[17:21:52.439] [SEVERE ] removing player 1 token from slot 6
[17:21:52.439] [SEVERE ] removing player 3 token from slot 6
[17:21:52.439] [SEVERE ] removing card from slot 6
[17:21:52.452] [SEVERE ] removing card from slot 7
[17:21:52.455] [SEVERE ] removing card from slot 8
[17:21:52.457] [SEVERE ] removing card from slot 9
[17:21:52.458] [SEVERE ] removing player 3 token from slot 10
[17:21:52.459] [SEVERE ] removing card from slot 10
[17:21:52.461] [SEVERE ] removing card from slot 11
[17:21:52.462] [SEVERE ] placing card 60 in slot 0
[17:21:52.469] [SEVERE ] placing card 46 in slot 1
[17:21:52.471] [SEVERE ] placing card 57 in slot 2
[17:21:52.471] [SEVERE ] placing card 35 in slot 3
[17:21:52.479] [SEVERE ] placing card 44 in slot 4
[17:21:52.491] [SEVERE ] placing card 41 in slot 5
[17:21:52.496] [SEVERE ] placing card 22 in slot 6
[17:21:52.497] [SEVERE ] placing card 61 in slot 7
[17:21:52.515] [SEVERE ] placing card 3 in slot 8
[17:21:52.517] [SEVERE ] placing card 1 in slot 9
[17:21:52.517] [SEVERE ] placing card 2 in slot 10
[17:21:52.518] [SEVERE ] placing card 59 in slot 11
[17:21:52.522] [SEVERE ] player 1 placing token on slot 9
[17:21:52.522] [SEVERE ] player 3 placing token on slot 11
[17:21:52.522] [SEVERE ] player 2 placing token on slot 5
[17:21:52.522] [SEVERE ] player 4 placing token on slot 2
[17:21:52.524] [SEVERE ] player 2 placing token on slot 0
[17:21:52.523] [SEVERE ] removing player 3 token from slot 11
[17:21:52.523] [SEVERE ] player 1 placing token on slot 1
[17:21:52.525] [SEVERE ] player 3 placing token on slot 4
[17:21:52.524] [SEVERE ] player 2 placing token on slot 11
[17:21:52.524] [SEVERE ] player 4 placing token on slot 0
[17:21:52.525] [SEVERE ] player 3 placing token on slot 6
[17:21:52.525] [SEVERE ] player 1 placing token on slot 3
[17:21:52.527] [SEVERE ] removing player 2 token from slot 0
[17:21:52.528] [SEVERE ] removing player 2 token from slot 5
[17:21:52.528] [SEVERE ] removing player 2 token from slot 11
[17:21:52.529] [SEVERE ] player 4 placing token on slot 6
[17:21:52.529] [SEVERE ] player 3 placing token on slot 3
[17:21:52.529] [SEVERE ] player 2 placing token on slot 4
[17:21:52.534] [SEVERE ] removing player 1 token from slot 1
[17:21:52.535] [SEVERE ] removing player 1 token from slot 3
[17:21:52.535] [SEVERE ] removing player 1 token from slot 9
[17:21:52.536] [SEVERE ] player 2 placing token on slot 9
[17:21:52.540] [SEVERE ] removing player 4 token from slot 0
[17:21:52.541] [SEVERE ] removing card from slot 0
[17:21:52.546] [SEVERE ] removing card from slot 1
[17:21:52.546] [SEVERE ] removing player 4 token from slot 2
[17:21:52.547] [SEVERE ] removing card from slot 2
[17:21:52.547] [SEVERE ] removing player 3 token from slot 3
[17:21:52.548] [SEVERE ] removing card from slot 3
[17:21:52.548] [SEVERE ] removing player 2 token from slot 4
[17:21:52.548] [SEVERE ] removing player 3 token from slot 4
[17:21:52.548] [SEVERE ] removing card from slot 4
[17:21:52.549] [SEVERE ] removing card from slot 5
[17:21:52.550] [SEVERE ] removing player 3 token from slot 6
[17:21:52.550] [SEVERE ] removing player 4 token from slot 6
[17:21:52.551] [SEVERE ] removing card from slot 6
[17:21:52.552] [SEVERE ] removing card from slot 7
[17:21:52.552] [SEVERE ] removing card from slot 8
[17:21:52.554] [SEVERE ] removing player 2 token from slot 9
[17:21:52.554] [SEVERE ] removing card from slot 9
[17:21:52.556] [SEVERE ] removing card from slot 10
[17:21:52.564] [SEVERE ] removing card from slot 11
[17:21:52.565] [SEVERE ] placing card 51 in slot 0
[17:21:52.565] [SEVERE ] placing card 48 in slot 1
[17:21:52.565] [SEVERE ] placing card 73 in slot 2
[17:21:52.566] [SEVERE ] placing card 8 in slot 3
[17:21:52.566] [SEVERE ] placing card 43 in slot 4
[17:21:52.568] [SEVERE ] placing card 46 in slot 5
[17:21:52.568] [SEVERE ] placing card 69 in slot 6
[17:21:52.569] [SEVERE ] placing card 52 in slot 7
[17:21:52.569] [SEVERE ] placing card 29 in slot 8
[17:21:52.570] [SEVERE ] placing card 41 in slot 9
[17:21:52.571] [SEVERE ] placing card 38 in slot 10
[17:21:52.572] [SEVERE ] placing card 25 in slot 11
[17:21:52.576] [SEVERE ] player 4 placing token on slot 8
[17:21:52.576] [SEVERE ] player 3 placing token on slot 11
[17:21:52.576] [SEVERE ] player 4 placing token on slot 9
[17:21:52.576] [SEVERE ] player 2 placing token on slot 7
[17:21:52.576] [SEVERE ] player 1 placing token on slot 2
[17:21:52.577] [SEVERE ] player 2 placing token on slot 9
[17:21:52.577] [SEVERE ] player 4 placing token on slot 7
[17:21:52.577] [SEVERE ] player 3 placing token on slot 4
[17:21:52.578] [SEVERE ] player 2 placing token on slot 0
[17:21:52.578] [SEVERE ] player 1 placing token on slot 9
[17:21:52.583] [SEVERE ] removing player 4 token from slot 7
[17:21:52.583] [SEVERE ] removing player 4 token from slot 8
[17:21:52.584] [SEVERE ] removing player 4 token from slot 9
[17:21:52.584] [SEVERE ] player 3 placing token on slot 10
[17:21:52.585] [SEVERE ] player 4 placing token on slot 2
[17:21:52.585] [SEVERE ] player 4 placing token on slot 6
[17:21:52.585] [SEVERE ] player 4 placing token on slot 10
[17:21:52.589] [SEVERE ] player 1 placing token on slot 5
[17:21:52.590] [SEVERE ] removing player 2 token from slot 0
[17:21:52.590] [SEVERE ] removing player 2 token from slot 7
[17:21:52.591] [SEVERE ] removing player 2 token from slot 9
[17:21:52.592] [SEVERE ] removing card from slot 0
[17:21:52.596] [SEVERE ] removing card from slot 1
[17:21:52.596] [SEVERE ] removing player 1 token from slot 2
[17:21:52.597] [SEVERE ] removing player 4 token from slot 2
[17:21:52.597] [SEVERE ] removing card from slot 2
[17:21:52.598] [SEVERE ] removing card from slot 3
[17:21:52.598] [SEVERE ] removing player 3 token from slot 4
[17:21:52.599] [SEVERE ] removing card from slot 4
[17:21:52.599] [SEVERE ] removing player 1 token from slot 5
[17:21:52.600] [SEVERE ] removing card from slot 5
[17:21:52.600] [SEVERE ] removing player 4 token from slot 6
[17:21:52.600] [SEVERE ] removing card from slot 6
[17:21:52.601] [SEVERE ] removing card from slot 7
[17:21:52.601] [SEVERE ] removing card from slot 8
[17:21:52.602] [SEVERE ] removing player 1 token from slot 9
[17:21:52.602] [SEVERE ] removing card from slot 9
[17:21:52.608] [SEVERE ] removing player 3 token from slot 10
[17:21:52.608] [SEVERE ] removing player 4 token from slot 10
[17:21:52.609] [SEVERE ] removing card from slot 10
[17:21:52.615] [SEVERE ] removing player 3 token from slot 11
[17:21:52.616] [SEVERE ] removing card from slot 11
[17:21:52.617] [SEVERE ] placing card 13 in slot 0
[17:21:52.618] [SEVERE ] placing card 29 in slot 1
[17:21:52.619] [SEVERE ] placing card 80 in slot 2
[17:21:52.619] [SEVERE ] placing card 77 in slot 3
[17:21:52.621] [SEVERE ] placing card 38 in slot 4
[17:21:52.623] [SEVERE ] placing card 39 in slot 5
[17:21:52.624] [SEVERE ] placing card 55 in slot 6
[17:21:52.625] [SEVERE ] placing card 40 in slot 7
[17:21:52.629] [SEVERE ] placing card 3 in slot 8
[17:21:52.644] [SEVERE ] placing card 34 in slot 9
[17:21:52.645] [SEVERE ] placing card 20 in slot 10
[17:21:52.646] [SEVERE ] placing card 47 in slot 11
[17:21:52.650] [SEVERE ] player 3 placing token on slot 8
[17:21:52.650] [SEVERE ] player 4 placing token on slot 1
[17:21:52.650] [SEVERE ] player 3 placing token on slot 11
[17:21:52.651] [SEVERE ] player 4 placing token on slot 8
[17:21:52.651] [SEVERE ] player 2 placing token on slot 0
[17:21:52.650] [SEVERE ] player 1 placing token on slot 5
[17:21:52.652] [SEVERE ] player 2 placing token on slot 7
[17:21:52.651] [SEVERE ] player 4 placing token on slot 7
[17:21:52.651] [SEVERE ] player 3 placing token on slot 9
[17:21:52.653] [SEVERE ] player 2 placing token on slot 4
[17:21:52.653] [SEVERE ] player 1 placing token on slot 11
[17:21:52.655] [SEVERE ] removing player 4 token from slot 1
[17:21:52.655] [SEVERE ] removing player 4 token from slot 7
[17:21:52.655] [SEVERE ] removing player 4 token from slot 8
[17:21:52.656] [SEVERE ] player 4 placing token on slot 3
[17:21:52.656] [SEVERE ] player 1 placing token on slot 3
[17:21:52.657] [SEVERE ] removing player 3 token from slot 8
[17:21:52.657] [SEVERE ] removing player 3 token from slot 9
[17:21:52.657] [SEVERE ] removing player 3 token from slot 11
[17:21:52.657] [SEVERE ] player 4 placing token on slot 5
[17:21:52.658] [SEVERE ] removing player 2 token from slot 0
[17:21:52.658] [SEVERE ] removing player 2 token from slot 4
[17:21:52.659] [SEVERE ] removing player 2 token from slot 7
[17:21:52.659] [SEVERE ] player 3 placing token on slot 6
[17:21:52.660] [SEVERE ] player 2 placing token on slot 2
[17:21:52.660] [SEVERE ] player 4 placing token on slot 8
[17:21:52.661] [SEVERE ] removing player 1 token from slot 3
[17:21:52.661] [SEVERE ] removing player 1 token from slot 5
[17:21:52.662] [SEVERE ] removing player 1 token from slot 11
[17:21:52.662] [SEVERE ] player 3 placing token on slot 8
[17:21:52.662] [SEVERE ] player 2 placing token on slot 7
[17:21:52.664] [SEVERE ] removing card from slot 0
[17:21:52.677] [SEVERE ] removing card from slot 1
[17:21:52.677] [SEVERE ] removing player 2 token from slot 2
[17:21:52.678] [SEVERE ] removing card from slot 2
[17:21:52.679] [SEVERE ] removing player 4 token from slot 3
[17:21:52.679] [SEVERE ] removing card from slot 3
[17:21:52.680] [SEVERE ] removing card from slot 4
[17:21:52.680] [SEVERE ] removing player 4 token from slot 5
[17:21:52.680] [SEVERE ] removing card from slot 5
[17:21:52.681] [SEVERE ] removing player 3 token from slot 6
[17:21:52.682] [SEVERE ] removing card from slot 6
[17:21:52.682] [SEVERE ] removing player 2 token from slot 7
[17:21:52.687] [SEVERE ] removing card from slot 7
[17:21:52.688] [SEVERE ] removing player 3 token from slot 8
[17:21:52.688] [SEVERE ] removing player 4 token from slot 8
[17:21:52.689] [SEVERE ] removing card from slot 8
[17:21:52.693] [SEVERE ] removing card from slot 9
[17:21:52.699] [SEVERE ] removing card from slot 10
[17:21:52.707] [SEVERE ] removing card from slot 11
[17:21:52.707] [SEVERE ] placing card 23 in slot 0
[17:21:52.709] [SEVERE ] placing card 46 in slot 1
[17:21:52.719] [SEVERE ] placing card 42 in slot 2
[17:21:52.720] [SEVERE ] placing card 33 in slot 3
[17:21:52.722] [SEVERE ] placing card 12 in slot 4
[17:21:52.724] [SEVERE ] placing card 16 in slot 5
[17:21:52.735] [SEVERE ] placing card 28 in slot 6
[17:21:52.735] [SEVERE ] placing card 31 in slot 7
[17:21:52.735] [SEVERE ] placing card 57 in slot 8
[17:21:52.736] [SEVERE ] placing card 54 in slot 9
[17:21:52.736] [SEVERE ] placing card 58 in slot 10
[17:21:52.739] [SEVERE ] placing card 0 in slot 11
[17:21:52.742] [SEVERE ] player 4 placing token on slot 11
[17:21:52.742] [SEVERE ] player 2 placing token on slot 11
[17:21:52.742] [SEVERE ] player 1 placing token on slot 0
[17:21:52.742] [SEVERE ] player 3 placing token on slot 0
[17:21:52.744] [SEVERE ] player 1 placing token on slot 10
[17:21:52.743] [SEVERE ] player 2 placing token on slot 5
[17:21:52.743] [SEVERE ] player 4 placing token on slot 7
[17:21:52.745] [SEVERE ] player 2 placing token on slot 2
[17:21:52.744] [SEVERE ] player 1 placing token on slot 6
[17:21:52.744] [SEVERE ] removing player 3 token from slot 0
[17:21:52.745] [SEVERE ] player 4 placing token on slot 2
[17:21:52.746] [SEVERE ] removing player 2 token from slot 2
[17:21:52.747] [SEVERE ] removing player 2 token from slot 5
[17:21:52.747] [SEVERE ] removing player 2 token from slot 11
[17:21:52.748] [SEVERE ] player 3 placing token on slot 6
[17:21:52.749] [SEVERE ] player 2 placing token on slot 10
[17:21:52.749] [SEVERE ] removing player 1 token from slot 0
[17:21:52.750] [SEVERE ] removing player 1 token from slot 6
[17:21:52.750] [SEVERE ] removing player 1 token from slot 10
[17:21:52.750] [SEVERE ] player 3 placing token on slot 5
[17:21:52.750] [SEVERE ] player 1 placing token on slot 2
[17:21:52.750] [SEVERE ] removing player 2 token from slot 10
[17:21:52.752] [SEVERE ] removing player 4 token from slot 2
[17:21:52.752] [SEVERE ] removing player 4 token from slot 7
[17:21:52.753] [SEVERE ] removing player 4 token from slot 11
[17:21:52.753] [SEVERE ] player 3 placing token on slot 2
[17:21:52.753] [SEVERE ] player 2 placing token on slot 10
[17:21:52.753] [SEVERE ] player 1 placing token on slot 4
[17:21:52.754] [SEVERE ] removing card from slot 0
[17:21:52.757] [SEVERE ] removing card from slot 1
[17:21:52.758] [SEVERE ] removing player 1 token from slot 2
[17:21:52.759] [SEVERE ] removing player 3 token from slot 2
[17:21:52.759] [SEVERE ] removing card from slot 2
[17:21:52.759] [SEVERE ] removing card from slot 3
[17:21:52.760] [SEVERE ] removing player 1 token from slot 4
[17:21:52.760] [SEVERE ] removing card from slot 4
[17:21:52.760] [SEVERE ] removing player 3 token from slot 5
[17:21:52.761] [SEVERE ] removing card from slot 5
[17:21:52.762] [SEVERE ] removing player 3 token from slot 6
[17:21:52.762] [SEVERE ] removing card from slot 6
[17:21:52.765] [SEVERE ] removing card from slot 7
[17:21:52.765] [SEVERE ] removing card from slot 8
[17:21:52.765] [SEVERE ] removing card from slot 9
[17:21:52.766] [SEVERE ] removing player 2 token from slot 10
[17:21:52.766] [SEVERE ] removing card from slot 10
[17:21:52.767] [SEVERE ] removing card from slot 11
[17:21:52.767] [SEVERE ] placing card 7 in slot 0
[17:21:52.768] [SEVERE ] placing card 26 in slot 1
[17:21:52.768] [SEVERE ] placing card 70 in slot 2
[17:21:52.769] [SEVERE ] placing card 66 in slot 3
[17:21:52.780] [SEVERE ] placing card 30 in slot 4
[17:21:52.781] [SEVERE ] placing card 14 in slot 5
[17:21:52.781] [SEVERE ] placing card 21 in slot 6
[17:21:52.782] [SEVERE ] placing card 44 in slot 7
[17:21:52.783] [SEVERE ] placing card 2 in slot 8
[17:21:52.783] [SEVERE ] placing card 51 in slot 9
[17:21:52.785] [SEVERE ] placing card 6 in slot 10
[17:21:52.786] [SEVERE ] placing card 59 in slot 11
[17:21:52.789] [SEVERE ] player 1 placing token on slot 9
[17:21:52.789] [SEVERE ] player 4 placing token on slot 6
[17:21:52.789] [SEVERE ] player 3 placing token on slot 6
[17:21:52.789] [SEVERE ] player 2 placing token on slot 1
[17:21:52.791] [SEVERE ] player 3 placing token on slot 7
[17:21:52.791] [SEVERE ] player 4 placing token on slot 8
[17:21:52.790] [SEVERE ] player 1 placing token on slot 2
[17:21:52.792] [SEVERE ] player 4 placing token on slot 7
[17:21:52.792] [SEVERE ] player 3 placing token on slot 11
[17:21:52.791] [SEVERE ] player 2 placing token on slot 3
[17:21:52.792] [SEVERE ] player 1 placing token on slot 8
[17:21:52.794] [SEVERE ] removing player 4 token from slot 6
[17:21:52.794] [SEVERE ] removing player 4 token from slot 7
[17:21:52.795] [SEVERE ] removing player 4 token from slot 8
[17:21:52.795] [SEVERE ] player 2 placing token on slot 8
[17:21:52.795] [SEVERE ] player 4 placing token on slot 6
[17:21:52.800] [SEVERE ] removing player 3 token from slot 6
[17:21:52.800] [SEVERE ] removing player 3 token from slot 7
[17:21:52.800] [SEVERE ] removing player 3 token from slot 11
[17:21:52.801] [SEVERE ] player 4 placing token on slot 2
[17:21:52.801] [SEVERE ] player 4 placing token on slot 7
[17:21:52.802] [SEVERE ] removing card from slot 0
[17:21:52.809] [SEVERE ] removing player 2 token from slot 1
[17:21:52.809] [SEVERE ] removing card from slot 1
[17:21:52.810] [SEVERE ] removing player 1 token from slot 2
[17:21:52.810] [SEVERE ] removing player 4 token from slot 2
[17:21:52.810] [SEVERE ] removing card from slot 2
[17:21:52.810] [SEVERE ] removing player 2 token from slot 3
[17:21:52.811] [SEVERE ] removing card from slot 3
[17:21:52.812] [SEVERE ] removing card from slot 4
[17:21:52.812] [SEVERE ] removing card from slot 5
[17:21:52.813] [SEVERE ] removing player 4 token from slot 6
[17:21:52.813] [SEVERE ] removing card from slot 6
[17:21:52.814] [SEVERE ] removing player 4 token from slot 7
[17:21:52.814] [SEVERE ] removing card from slot 7
[17:21:52.818] [SEVERE ] removing player 1 token from slot 8
[17:21:52.818] [SEVERE ] removing player 2 token from slot 8
[17:21:52.819] [SEVERE ] removing card from slot 8
[17:21:52.827] [SEVERE ] removing player 1 token from slot 9
[17:21:52.827] [SEVERE ] removing card from slot 9
[17:21:52.828] [SEVERE ] removing card from slot 10
[17:21:52.829] [SEVERE ] removing card from slot 11
[17:21:52.830] [SEVERE ] placing card 1 in slot 0
[17:21:52.831] [SEVERE ] placing card 10 in slot 1
[17:21:52.832] [SEVERE ] placing card 40 in slot 2
[17:21:52.832] [SEVERE ] placing card 32 in slot 3
[17:21:52.833] [SEVERE ] placing card 39 in slot 4
[17:21:52.834] [SEVERE ] placing card 69 in slot 5
[17:21:52.834] [SEVERE ] placing card 54 in slot 6
[17:21:52.845] [SEVERE ] placing card 12 in slot 7
[17:21:52.846] [SEVERE ] placing card 72 in slot 8
[17:21:52.846] [SEVERE ] placing card 73 in slot 9
[17:21:52.847] [SEVERE ] placing card 60 in slot 10
[17:21:52.847] [SEVERE ] placing card 51 in slot 11
[17:21:52.850] [SEVERE ] player 3 placing token on slot 3
[17:21:52.850] [SEVERE ] player 4 placing token on slot 6
[17:21:52.851] [SEVERE ] player 2 placing token on slot 4
[17:21:52.851] [SEVERE ] player 3 placing token on slot 11
[17:21:52.851] [SEVERE ] player 1 placing token on slot 0
[17:21:52.852] [SEVERE ] player 3 placing token on slot 7
[17:21:52.852] [SEVERE ] player 2 placing token on slot 3
[17:21:52.851] [SEVERE ] removing player 4 token from slot 6
[17:21:52.853] [SEVERE ] player 1 placing token on slot 11
[17:21:52.855] [SEVERE ] removing player 3 token from slot 3
[17:21:52.855] [SEVERE ] removing player 3 token from slot 7
[17:21:52.856] [SEVERE ] removing player 3 token from slot 11
[17:21:52.856] [SEVERE ] removing player 2 token from slot 4
[17:21:52.856] [SEVERE ] player 1 placing token on slot 4
[17:21:52.856] [SEVERE ] player 3 placing token on slot 4
[17:21:52.856] [SEVERE ] player 4 placing token on slot 2
[17:21:52.856] [SEVERE ] player 2 placing token on slot 9
[17:21:52.858] [SEVERE ] removing player 1 token from slot 0
[17:21:52.858] [SEVERE ] removing player 1 token from slot 4
[17:21:52.859] [SEVERE ] removing player 1 token from slot 11
[17:21:52.859] [SEVERE ] player 3 placing token on slot 2
[17:21:52.859] [SEVERE ] player 2 placing token on slot 8
[17:21:52.859] [SEVERE ] player 1 placing token on slot 7
[17:21:52.859] [SEVERE ] player 4 placing token on slot 5
[17:21:52.859] [SEVERE ] player 3 placing token on slot 8
[17:21:52.861] [SEVERE ] removing player 2 token from slot 3
[17:21:52.861] [SEVERE ] removing player 2 token from slot 8
[17:21:52.861] [SEVERE ] removing player 2 token from slot 9
[17:21:52.862] [SEVERE ] player 4 placing token on slot 7
[17:21:52.862] [SEVERE ] player 1 placing token on slot 9
[17:21:52.865] [SEVERE ] removing card from slot 0
[17:21:52.866] [SEVERE ] removing card from slot 1
[17:21:52.866] [SEVERE ] removing player 3 token from slot 2
[17:21:52.866] [SEVERE ] removing player 4 token from slot 2
[17:21:52.867] [SEVERE ] removing card from slot 2
[17:21:52.867] [SEVERE ] removing card from slot 3
[17:21:52.867] [SEVERE ] removing player 3 token from slot 4
[17:21:52.868] [SEVERE ] removing card from slot 4
[17:21:52.868] [SEVERE ] removing player 4 token from slot 5
[17:21:52.869] [SEVERE ] removing card from slot 5
[17:21:52.869] [SEVERE ] removing card from slot 6
[17:21:52.870] [SEVERE ] removing player 1 token from slot 7
[17:21:52.870] [SEVERE ] removing player 4 token from slot 7
[17:21:52.870] [SEVERE ] removing card from slot 7
[17:21:52.871] [SEVERE ] removing player 3 token from slot 8
[17:21:52.871] [SEVERE ] removing card from slot 8
[17:21:52.873] [SEVERE ] removing player 1 token from slot 9
[17:21:52.873] [SEVERE ] removing card from slot 9
[17:21:52.875] [SEVERE ] removing card from slot 10
[17:21:52.880] [SEVERE ] removing card from slot 11
[17:21:52.882] [SEVERE ] placing card 77 in slot 0
[17:21:52.883] [SEVERE ] placing card 72 in slot 1
[17:21:52.884] [SEVERE ] placing card 22 in slot 2
[17:21:52.884] [SEVERE ] placing card 44 in slot 3
[17:21:52.885] [SEVERE ] placing card 16 in slot 4
[17:21:52.886] [SEVERE ] placing card 57 in slot 5
[17:21:52.886] [SEVERE ] placing card 13 in slot 6
[17:21:52.888] [SEVERE ] placing card 5 in slot 7
[17:21:52.888] [SEVERE ] placing card 40 in slot 8
[17:21:52.889] [SEVERE ] placing card 8 in slot 9
[17:21:52.889] [SEVERE ] placing card 47 in slot 10
[17:21:52.890] [SEVERE ] placing card 21 in slot 11
[17:21:52.892] [SEVERE ] player 4 placing token on slot 3
[17:21:52.892] [SEVERE ] player 1 placing token on slot 1
[17:21:52.893] [SEVERE ] player 1 placing token on slot 2
[17:21:52.892] [SEVERE ] player 2 placing token on slot 6
[17:21:52.892] [SEVERE ] player 3 placing token on slot 6
[17:21:52.897] [SEVERE ] player 2 placing token on slot 5
[17:21:52.898] [SEVERE ] player 2 placing token on slot 9
[17:21:52.896] [SEVERE ] player 1 placing token on slot 10
[17:21:52.893] [SEVERE ] player 4 placing token on slot 5
[17:21:52.897] [SEVERE ] player 3 placing token on slot 7
[17:21:52.900] [SEVERE ] removing player 2 token from slot 5
[17:21:52.900] [SEVERE ] removing player 2 token from slot 6
[17:21:52.901] [SEVERE ] removing player 2 token from slot 9
[17:21:52.901] [SEVERE ] player 2 placing token on slot 1
[17:21:52.901] [SEVERE ] player 3 placing token on slot 8
[17:21:52.901] [SEVERE ] player 4 placing token on slot 1
[17:21:52.902] [SEVERE ] removing player 1 token from slot 1
[17:21:52.903] [SEVERE ] removing player 1 token from slot 2
[17:21:52.904] [SEVERE ] removing player 1 token from slot 10
[17:21:52.904] [SEVERE ] player 2 placing token on slot 11
[17:21:52.912] [SEVERE ] removing card from slot 0
[17:21:52.913] [SEVERE ] removing player 2 token from slot 1
[17:21:52.914] [SEVERE ] removing player 4 token from slot 1
[17:21:52.914] [SEVERE ] removing card from slot 1
[17:21:52.916] [SEVERE ] removing card from slot 2
[17:21:52.917] [SEVERE ] removing player 4 token from slot 3
[17:21:52.918] [SEVERE ] removing card from slot 3
[17:21:52.920] [SEVERE ] removing card from slot 4
[17:21:52.920] [SEVERE ] removing player 4 token from slot 5
[17:21:52.921] [SEVERE ] removing card from slot 5
[17:21:52.938] [SEVERE ] removing player 3 token from slot 6
[17:21:52.939] [SEVERE ] removing card from slot 6
[17:21:52.940] [SEVERE ] removing player 3 token from slot 7
[17:21:52.941] [SEVERE ] removing card from slot 7
[17:21:52.941] [SEVERE ] removing player 3 token from slot 8
[17:21:52.941] [SEVERE ] removing card from slot 8
[17:21:52.942] [SEVERE ] removing card from slot 9
[17:21:52.942] [SEVERE ] removing card from slot 10
[17:21:52.942] [SEVERE ] removing player 2 token from slot 11
[17:21:52.943] [SEVERE ] removing card from slot 11
[17:21:52.944] [SEVERE ] placing card 33 in slot 0
[17:21:52.946] [SEVERE ] placing card 36 in slot 1
[17:21:52.946] [SEVERE ] placing card 61 in slot 2
[17:21:52.947] [SEVERE ] placing card 43 in slot 3
[17:21:52.948] [SEVERE ] placing card 0 in slot 4
[17:21:52.949] [SEVERE ] placing card 49 in slot 5
[17:21:52.963] [SEVERE ] placing card 19 in slot 6
[17:21:52.963] [SEVERE ] placing card 60 in slot 7
[17:21:52.967] [SEVERE ] placing card 68 in slot 8
[17:21:52.980] [SEVERE ] placing card 44 in slot 9
[17:21:52.980] [SEVERE ] placing card 14 in slot 10
[17:21:52.982] [SEVERE ] placing card 77 in slot 11
[17:21:52.986] [SEVERE ] player 3 placing token on slot 1
[17:21:52.987] [SEVERE ] player 3 placing token on slot 3
[17:21:52.987] [SEVERE ] player 2 placing token on slot 9
[17:21:52.987] [SEVERE ] player 2 placing token on slot 0
[17:21:52.988] [SEVERE ] player 2 placing token on slot 5
[17:21:52.987] [SEVERE ] player 1 placing token on slot 0
[17:21:52.987] [SEVERE ] player 4 placing token on slot 11
[17:21:52.987] [SEVERE ] removing player 3 token from slot 3
[17:21:52.989] [SEVERE ] player 1 placing token on slot 4
[17:21:52.991] [SEVERE ] removing player 2 token from slot 0
[17:21:52.991] [SEVERE ] removing player 2 token from slot 5
[17:21:52.991] [SEVERE ] removing player 2 token from slot 9
[17:21:52.991] [SEVERE ] player 4 placing token on slot 9
[17:21:52.992] [SEVERE ] player 2 placing token on slot 2
[17:21:52.992] [SEVERE ] removing player 1 token from slot 4
[17:21:52.992] [SEVERE ] player 3 placing token on slot 10
[17:21:52.993] [SEVERE ] player 3 placing token on slot 5
[17:21:52.992] [SEVERE ] player 4 placing token on slot 7
[17:21:52.993] [SEVERE ] player 1 placing token on slot 3
[17:21:52.992] [SEVERE ] player 2 placing token on slot 6
[17:21:52.995] [SEVERE ] removing player 3 token from slot 1
[17:21:52.995] [SEVERE ] removing player 3 token from slot 5
[17:21:52.995] [SEVERE ] removing player 3 token from slot 10
[17:21:52.996] [SEVERE ] player 1 placing token on slot 8
[17:21:52.996] [SEVERE ] removing player 2 token from slot 6
[17:21:52.998] [SEVERE ] removing player 4 token from slot 7
[17:21:52.998] [SEVERE ] removing player 4 token from slot 9
[17:21:52.998] [SEVERE ] removing player 4 token from slot 11
[17:21:53.000] [SEVERE ] removing player 1 token from slot 0
[17:21:53.000] [SEVERE ] removing card from slot 0
[17:21:53.008] [SEVERE ] removing card from slot 1
[17:21:53.010] [SEVERE ] removing player 2 token from slot 2
[17:21:53.011] [SEVERE ] removing card from slot 2
[17:21:53.011] [SEVERE ] removing player 1 token from slot 3
[17:21:53.011] [SEVERE ] removing card from slot 3
[17:21:53.013] [SEVERE ] removing card from slot 4
[17:21:53.029] [SEVERE ] removing card from slot 5
[17:21:53.030] [SEVERE ] removing card from slot 6
[17:21:53.031] [SEVERE ] removing card from slot 7
[17:21:53.036] [SEVERE ] removing player 1 token from slot 8
[17:21:53.036] [SEVERE ] removing card from slot 8
[17:21:53.037] [SEVERE ] removing card from slot 9
[17:21:53.040] [SEVERE ] removing card from slot 10
[17:21:53.046] [SEVERE ] removing card from slot 11
[17:21:53.048] [SEVERE ] placing card 76 in slot 0
[17:21:53.051] [SEVERE ] placing card 50 in slot 1
[17:21:53.052] [SEVERE ] placing card 64 in slot 2
[17:21:53.062] [SEVERE ] placing card 16 in slot 3
[17:21:53.063] [SEVERE ] placing card 62 in slot 4
[17:21:53.065] [SEVERE ] placing card 6 in slot 5
[17:21:53.069] [SEVERE ] placing card 11 in slot 6
[17:21:53.088] [SEVERE ] placing card 41 in slot 7
[17:21:53.088] [SEVERE ] placing card 45 in slot 8
[17:21:53.089] [SEVERE ] placing card 61 in slot 9
[17:21:53.089] [SEVERE ] placing card 68 in slot 10
[17:21:53.091] [SEVERE ] placing card 2 in slot 11
[17:21:53.115] [SEVERE ] player 3 placing token on slot 7
[17:21:53.115] [SEVERE ] player 2 placing token on slot 2
[17:21:53.116] [SEVERE ] player 4 placing token on slot 0
[17:21:53.115] [SEVERE ] player 1 placing token on slot 11
[17:21:53.115] [SEVERE ] player 3 placing token on slot 3
[17:21:53.117] [SEVERE ] player 1 placing token on slot 4
[17:21:53.116] [SEVERE ] player 4 placing token on slot 4
[17:21:53.116] [SEVERE ] player 2 placing token on slot 8
[17:21:53.117] [SEVERE ] removing player 4 token from slot 4
[17:21:53.117] [SEVERE ] player 1 placing token on slot 2
[17:21:53.117] [SEVERE ] player 3 placing token on slot 11
[17:21:53.120] [SEVERE ] player 3 placing token on slot 1
[17:21:53.120] [SEVERE ] player 3 placing token on slot 9
[17:21:53.121] [SEVERE ] player 3 placing token on slot 2
[17:21:53.121] [SEVERE ] player 3 placing token on slot 6
[17:21:53.121] [SEVERE ] removing player 3 token from slot 9
[17:21:53.121] [SEVERE ] removing player 3 token from slot 3
[17:21:53.119] [SEVERE ] removing player 4 token from slot 0
[17:21:53.119] [SEVERE ] player 2 placing token on slot 3
[17:21:53.123] [SEVERE ] removing player 1 token from slot 2
[17:21:53.123] [SEVERE ] removing player 1 token from slot 4
[17:21:53.123] [SEVERE ] removing player 1 token from slot 11
[17:21:53.123] [SEVERE ] player 1 placing token on slot 6
[17:21:53.124] [SEVERE ] player 4 placing token on slot 1
[17:21:53.124] [SEVERE ] player 4 placing token on slot 7
[17:21:53.124] [SEVERE ] removing player 3 token from slot 11
[17:21:53.124] [SEVERE ] player 2 placing token on slot 10
[17:21:53.124] [SEVERE ] player 1 placing token on slot 8
[17:21:53.126] [SEVERE ] removing player 3 token from slot 1
[17:21:53.126] [SEVERE ] removing player 3 token from slot 2
[17:21:53.126] [SEVERE ] removing player 3 token from slot 6
[17:21:53.127] [SEVERE ] player 4 placing token on slot 9
[17:21:53.127] [SEVERE ] player 3 placing token on slot 3
[17:21:53.127] [SEVERE ] player 1 placing token on slot 1
[17:21:53.127] [SEVERE ] player 2 placing token on slot 11
[17:21:53.128] [SEVERE ] removing card from slot 0
[17:21:53.138] [SEVERE ] removing player 1 token from slot 1
[17:21:53.139] [SEVERE ] removing player 4 token from slot 1
[17:21:53.139] [SEVERE ] removing card from slot 1
[17:21:53.145] [SEVERE ] removing player 2 token from slot 2
[17:21:53.145] [SEVERE ] removing card from slot 2
[17:21:53.146] [SEVERE ] removing player 2 token from slot 3
[17:21:53.146] [SEVERE ] removing player 3 token from slot 3
[17:21:53.146] [SEVERE ] removing card from slot 3
[17:21:53.147] [SEVERE ] removing card from slot 4
[17:21:53.163] [SEVERE ] removing card from slot 5
[17:21:53.164] [SEVERE ] removing player 1 token from slot 6
[17:21:53.164] [SEVERE ] removing card from slot 6
[17:21:53.168] [SEVERE ] removing player 3 token from slot 7
[17:21:53.181] [SEVERE ] removing player 4 token from slot 7
[17:21:53.181] [SEVERE ] removing card from slot 7
[17:21:53.182] [SEVERE ] removing player 1 token from slot 8
[17:21:53.182] [SEVERE ] removing player 2 token from slot 8
[17:21:53.182] [SEVERE ] removing card from slot 8
[17:21:53.182] [SEVERE ] removing player 4 token from slot 9
[17:21:53.182] [SEVERE ] removing card from slot 9
[17:21:53.183] [SEVERE ] removing player 2 token from slot 10
[17:21:53.183] [SEVERE ] removing card from slot 10
[17:21:53.193] [SEVERE ] removing player 2 token from slot 11
[17:21:53.193] [SEVERE ] removing card from slot 11
[17:21:53.194] [SEVERE ] placing card 35 in slot 0
[17:21:53.195] [SEVERE ] placing card 43 in slot 1
[17:21:53.195] [SEVERE ] placing card 70 in slot 2
[17:21:53.196] [SEVERE ] placing card 12 in slot 3
[17:21:53.206] [SEVERE ] placing card 17 in slot 4
[17:21:53.206] [SEVERE ] placing card 56 in slot 5
[17:21:53.207] [SEVERE ] placing card 62 in slot 6
[17:21:53.207] [SEVERE ] placing card 3 in slot 7
[17:21:53.209] [SEVERE ] placing card 71 in slot 8
[17:21:53.209] [SEVERE ] placing card 2 in slot 9
[17:21:53.210] [SEVERE ] placing card 22 in slot 10
[17:21:53.212] [SEVERE ] placing card 68 in slot 11
[17:21:53.232] [SEVERE ] player 2 placing token on slot 7
[17:21:53.232] [SEVERE ] player 4 placing token on slot 6
[17:21:53.233] [SEVERE ] player 4 placing token on slot 2
[17:21:53.233] [SEVERE ] player 4 placing token on slot 10
[17:21:53.232] [SEVERE ] player 3 placing token on slot 2
[17:21:53.232] [SEVERE ] player 1 placing token on slot 5
[17:21:53.232] [SEVERE ] player 2 placing token on slot 9
[17:21:53.234] [SEVERE ] player 3 placing token on slot 6
[17:21:53.235] [SEVERE ] removing player 4 token from slot 2
[17:21:53.236] [SEVERE ] removing player 4 token from slot 6
[17:21:53.236] [SEVERE ] removing player 4 token from slot 10
[17:21:53.236] [SEVERE ] removing player 1 token from slot 5
[17:21:53.237] [SEVERE ] player 3 placing token on slot 0
[17:21:53.236] [SEVERE ] player 2 placing token on slot 1
[17:21:53.236] [SEVERE ] player 4 placing token on slot 6
[17:21:53.237] [SEVERE ] player 1 placing token on slot 11
[17:21:53.238] [SEVERE ] removing player 3 token from slot 0
[17:21:53.238] [SEVERE ] removing player 3 token from slot 2
[17:21:53.239] [SEVERE ] removing player 3 token from slot 6
[17:21:53.239] [SEVERE ] removing player 2 token from slot 1
[17:21:53.239] [SEVERE ] removing player 2 token from slot 7
[17:21:53.239] [SEVERE ] removing player 2 token from slot 9
[17:21:53.240] [SEVERE ] player 4 placing token on slot 7
[17:21:53.240] [SEVERE ] player 3 placing token on slot 8
[17:21:53.240] [SEVERE ] player 2 placing token on slot 0
[17:21:53.241] [SEVERE ] player 2 placing token on slot 6
[17:21:53.240] [SEVERE ] player 1 placing token on slot 9
[17:21:53.242] [SEVERE ] removing player 2 token from slot 6
[17:21:53.241] [SEVERE ] player 3 placing token on slot 7
[17:21:53.242] [SEVERE ] player 3 placing token on slot 10
[17:21:53.240] [SEVERE ] player 4 placing token on slot 4
[17:21:53.242] [SEVERE ] player 2 placing token on slot 1
[17:21:53.242] [SEVERE ] player 1 placing token on slot 5
[17:21:53.243] [SEVERE ] player 2 placing token on slot 10
[17:21:53.244] [SEVERE ] removing player 2 token from slot 0
[17:21:53.244] [SEVERE ] removing card from slot 0
[17:21:53.253] [SEVERE ] removing player 2 token from slot 1
[17:21:53.254] [SEVERE ] removing card from slot 1
[17:21:53.255] [SEVERE ] removing card from slot 2
[17:21:53.255] [SEVERE ] removing card from slot 3
[17:21:53.256] [SEVERE ] removing player 4 token from slot 4
[17:21:53.256] [SEVERE ] removing card from slot 4
[17:21:53.257] [SEVERE ] removing player 1 token from slot 5
[17:21:53.257] [SEVERE ] removing card from slot 5
[17:21:53.259] [SEVERE ] removing player 4 token from slot 6
[17:21:53.259] [SEVERE ] removing card from slot 6
[17:21:53.260] [SEVERE ] removing player 3 token from slot 7
[17:21:53.260] [SEVERE ] removing player 4 token from slot 7
[17:21:53.260] [SEVERE ] removing card from slot 7
[17:21:53.261] [SEVERE ] removing player 3 token from slot 8
[17:21:53.261] [SEVERE ] removing card from slot 8
[17:21:53.269] [SEVERE ] removing player 1 token from slot 9
[17:21:53.270] [SEVERE ] removing card from slot 9
[17:21:53.271] [SEVERE ] removing player 2 token from slot 10
[17:21:53.271] [SEVERE ] removing player 3 token from slot 10
[17:21:53.271] [SEVERE ] removing card from slot 10
[17:21:53.272] [SEVERE ] removing player 1 token from slot 11
[17:21:53.272] [SEVERE ] removing card from slot 11
[17:21:53.273] [SEVERE ] placing card 54 in slot 0
[17:21:53.275] [SEVERE ] placing card 16 in slot 1
[17:21:53.275] [SEVERE ] placing card 59 in slot 2
[17:21:53.276] [SEVERE ] placing card 79 in slot 3
[17:21:53.276] [SEVERE ] placing card 5 in slot 4
[17:21:53.276] [SEVERE ] placing card 72 in slot 5
[17:21:53.277] [SEVERE ] placing card 80 in slot 6
[17:21:53.278] [SEVERE ] placing card 10 in slot 7
[17:21:53.278] [SEVERE ] placing card 11 in slot 8
[17:21:53.294] [SEVERE ] placing card 3 in slot 9
[17:21:53.295] [SEVERE ] placing card 49 in slot 10
[17:21:53.295] [SEVERE ] placing card 8 in slot 11
[17:21:53.298] [SEVERE ] player 3 placing token on slot 2
[17:21:53.298] [SEVERE ] player 2 placing token on slot 7
[17:21:53.298] [SEVERE ] player 1 placing token on slot 6
[17:21:53.298] [SEVERE ] player 4 placing token on slot 3
[17:21:53.300] [SEVERE ] player 1 placing token on slot 1
[17:21:53.301] [SEVERE ] player 1 placing token on slot 2
[17:21:53.299] [SEVERE ] player 2 placing token on slot 9
[17:21:53.299] [SEVERE ] player 3 placing token on slot 8
[17:21:53.301] [SEVERE ] player 2 placing token on slot 1
[17:21:53.300] [SEVERE ] removing player 4 token from slot 3
[17:21:53.302] [SEVERE ] removing player 1 token from slot 1
[17:21:53.302] [SEVERE ] removing player 1 token from slot 2
[17:21:53.303] [SEVERE ] removing player 1 token from slot 6
[17:21:53.303] [SEVERE ] player 1 placing token on slot 9
[17:21:53.303] [SEVERE ] player 4 placing token on slot 4
[17:21:53.303] [SEVERE ] player 3 placing token on slot 3
[17:21:53.304] [SEVERE ] removing player 2 token from slot 1
[17:21:53.304] [SEVERE ] removing player 2 token from slot 7
[17:21:53.304] [SEVERE ] removing player 2 token from slot 9
[17:21:53.305] [SEVERE ] player 1 placing token on slot 0
[17:21:53.305] [SEVERE ] player 4 placing token on slot 0
[17:21:53.305] [SEVERE ] player 2 placing token on slot 1
[17:21:53.306] [SEVERE ] removing player 3 token from slot 2
[17:21:53.306] [SEVERE ] removing player 3 token from slot 3
[17:21:53.306] [SEVERE ] removing player 3 token from slot 8
[17:21:53.306] [SEVERE ] player 1 placing token on slot 10
[17:21:53.307] [SEVERE ] player 2 placing token on slot 4
[17:21:53.307] [SEVERE ] player 2 placing token on slot 2
[17:21:53.307] [SEVERE ] player 4 placing token on slot 7
[17:21:53.307] [SEVERE ] player 3 placing token on slot 7
[17:21:53.308] [SEVERE ] removing player 1 token from slot 0
[17:21:53.308] [SEVERE ] removing player 1 token from slot 9
[17:21:53.308] [SEVERE ] removing player 1 token from slot 10
[17:21:53.309] [SEVERE ] player 3 placing token on slot 2
[17:21:53.309] [SEVERE ] removing player 3 token from slot 2
[17:21:53.309] [SEVERE ] player 3 placing token on slot 4
[17:21:53.309] [SEVERE ] player 3 placing token on slot 5
[17:21:53.310] [SEVERE ] removing player 4 token from slot 0
[17:21:53.310] [SEVERE ] removing card from slot 0
[17:21:53.321] [SEVERE ] removing player 2 token from slot 1
[17:21:53.322] [SEVERE ] removing card from slot 1
[17:21:53.325] [SEVERE ] removing player 2 token from slot 2
[17:21:53.325] [SEVERE ] removing card from slot 2
[17:21:53.341] [SEVERE ] removing card from slot 3
[17:21:53.341] [SEVERE ] removing player 2 token from slot 4
[17:21:53.342] [SEVERE ] removing player 3 token from slot 4
[17:21:53.342] [SEVERE ] removing player 4 token from slot 4
[17:21:53.342] [SEVERE ] removing card from slot 4
[17:21:53.342] [SEVERE ] removing player 3 token from slot 5
[17:21:53.342] [SEVERE ] removing card from slot 5
[17:21:53.343] [SEVERE ] removing card from slot 6
[17:21:53.343] [SEVERE ] removing player 3 token from slot 7
[17:21:53.343] [SEVERE ] removing player 4 token from slot 7
[17:21:53.343] [SEVERE ] removing card from slot 7
[17:21:53.343] [SEVERE ] removing card from slot 8
[17:21:53.343] [SEVERE ] removing card from slot 9
[17:21:53.346] [SEVERE ] removing card from slot 10
[17:21:53.347] [SEVERE ] removing card from slot 11
[17:21:53.354] [SEVERE ] placing card 40 in slot 0
[17:21:53.355] [SEVERE ] placing card 64 in slot 1
[17:21:53.356] [SEVERE ] placing card 13 in slot 2
[17:21:53.356] [SEVERE ] placing card 33 in slot 3
[17:21:53.357] [SEVERE ] placing card 48 in slot 4
[17:21:53.358] [SEVERE ] placing card 22 in slot 5
[17:21:53.370] [SEVERE ] placing card 5 in slot 6
[17:21:53.371] [SEVERE ] placing card 24 in slot 7
[17:21:53.372] [SEVERE ] placing card 55 in slot 8
[17:21:53.372] [SEVERE ] placing card 39 in slot 9
[17:21:53.373] [SEVERE ] placing card 73 in slot 10
[17:21:53.385] [SEVERE ] placing card 69 in slot 11
[17:21:53.388] [SEVERE ] player 3 placing token on slot 4
[17:21:53.388] [SEVERE ] player 3 placing token on slot 7
[17:21:53.388] [SEVERE ] player 1 placing token on slot 0
[17:21:53.389] [SEVERE ] player 1 placing token on slot 4
[17:21:53.389] [SEVERE ] removing player 1 token from slot 0
[17:21:53.390] [SEVERE ] player 1 placing token on slot 1
[17:21:53.388] [SEVERE ] player 2 placing token on slot 5
[17:21:53.390] [SEVERE ] player 1 placing token on slot 8
[17:21:53.389] [SEVERE ] player 4 placing token on slot 1
[17:21:53.391] [SEVERE ] player 4 placing token on slot 3
[17:21:53.391] [SEVERE ] removing player 4 token from slot 1
[17:21:53.388] [SEVERE ] player 3 placing token on slot 9
[17:21:53.390] [SEVERE ] player 2 placing token on slot 3
[17:21:53.393] [SEVERE ] removing player 1 token from slot 1
[17:21:53.393] [SEVERE ] removing player 1 token from slot 4
[17:21:53.393] [SEVERE ] removing player 1 token from slot 8
[17:21:53.394] [SEVERE ] player 1 placing token on slot 2
[17:21:53.394] [SEVERE ] removing player 2 token from slot 5
[17:21:53.394] [SEVERE ] player 4 placing token on slot 11
[17:21:53.394] [SEVERE ] removing player 3 token from slot 4
[17:21:53.395] [SEVERE ] removing player 3 token from slot 7
[17:21:53.395] [SEVERE ] removing player 3 token from slot 9
[17:21:53.396] [SEVERE ] player 3 placing token on slot 0
[17:21:53.396] [SEVERE ] removing player 2 token from slot 3
[17:21:53.397] [SEVERE ] player 2 placing token on slot 1
[17:21:53.398] [SEVERE ] removing player 2 token from slot 1
[17:21:53.398] [SEVERE ] player 2 placing token on slot 8
[17:21:53.396] [SEVERE ] player 1 placing token on slot 6
[17:21:53.399] [SEVERE ] player 2 placing token on slot 7
[17:21:53.397] [SEVERE ] player 4 placing token on slot 8
[17:21:53.396] [SEVERE ] player 3 placing token on slot 8
[17:21:53.400] [SEVERE ] removing player 3 token from slot 0
[17:21:53.401] [SEVERE ] removing card from slot 0
[17:21:53.408] [SEVERE ] removing card from slot 1
[17:21:53.410] [SEVERE ] removing player 1 token from slot 2
[17:21:53.410] [SEVERE ] removing card from slot 2
[17:21:53.411] [SEVERE ] removing player 4 token from slot 3
[17:21:53.412] [SEVERE ] removing card from slot 3
[17:21:53.412] [SEVERE ] removing card from slot 4
[17:21:53.412] [SEVERE ] removing card from slot 5
[17:21:53.425] [SEVERE ] removing player 1 token from slot 6
[17:21:53.425] [SEVERE ] removing card from slot 6
[17:21:53.426] [SEVERE ] removing player 2 token from slot 7
[17:21:53.426] [SEVERE ] removing card from slot 7
[17:21:53.426] [SEVERE ] removing player 2 token from slot 8
[17:21:53.426] [SEVERE ] removing player 3 token from slot 8
[17:21:53.427] [SEVERE ] removing player 4 token from slot 8
[17:21:53.427] [SEVERE ] removing card from slot 8
[17:21:53.427] [SEVERE ] removing card from slot 9
[17:21:53.427] [SEVERE ] removing card from slot 10
[17:21:53.428] [SEVERE ] removing player 4 token from slot 11
[17:21:53.429] [SEVERE ] removing card from slot 11
[17:21:53.430] [SEVERE ] placing card 26 in slot 0
[17:21:53.431] [SEVERE ] placing card 64 in slot 1
[17:21:53.432] [SEVERE ] placing card 37 in slot 2
[17:21:53.432] [SEVERE ] placing card 7 in slot 3
[17:21:53.433] [SEVERE ] placing card 63 in slot 4
[17:21:53.434] [SEVERE ] placing card 3 in slot 5
[17:21:53.448] [SEVERE ] placing card 42 in slot 6
[17:21:53.450] [SEVERE ] placing card 66 in slot 7
[17:21:53.450] [SEVERE ] placing card 75 in slot 8
[17:21:53.451] [SEVERE ] placing card 38 in slot 9
[17:21:53.451] [SEVERE ] placing card 19 in slot 10
[17:21:53.451] [SEVERE ] placing card 9 in slot 11
[17:21:53.454] [SEVERE ] player 1 placing token on slot 4
[17:21:53.454] [SEVERE ] player 4 placing token on slot 1
[17:21:53.455] [SEVERE ] player 4 placing token on slot 5
[17:21:53.456] [SEVERE ] player 4 placing token on slot 11
[17:21:53.454] [SEVERE ] player 3 placing token on slot 7
[17:21:53.455] [SEVERE ] player 2 placing token on slot 10
[17:21:53.455] [SEVERE ] player 1 placing token on slot 8
[17:21:53.456] [SEVERE ] player 3 placing token on slot 11
[17:21:53.458] [SEVERE ] removing player 4 token from slot 1
[17:21:53.458] [SEVERE ] removing player 4 token from slot 5
[17:21:53.458] [SEVERE ] removing player 4 token from slot 11
[17:21:53.459] [SEVERE ] player 2 placing token on slot 8
[17:21:53.459] [SEVERE ] player 4 placing token on slot 10
[17:21:53.459] [SEVERE ] removing player 1 token from slot 8
[17:21:53.460] [SEVERE ] player 1 placing token on slot 9
[17:21:53.460] [SEVERE ] removing player 1 token from slot 4
[17:21:53.460] [SEVERE ] player 1 placing token on slot 8
[17:21:53.461] [SEVERE ] player 1 placing token on slot 0
[17:21:53.459] [SEVERE ] player 2 placing token on slot 9
[17:21:53.459] [SEVERE ] player 3 placing token on slot 4
[17:21:53.459] [SEVERE ] player 4 placing token on slot 6
[17:21:53.463] [SEVERE ] removing player 1 token from slot 0
[17:21:53.463] [SEVERE ] removing player 1 token from slot 8
[17:21:53.464] [SEVERE ] removing player 1 token from slot 9
[17:21:53.464] [SEVERE ] removing player 2 token from slot 8
[17:21:53.464] [SEVERE ] removing player 2 token from slot 9
[17:21:53.465] [SEVERE ] removing player 2 token from slot 10
[17:21:53.466] [SEVERE ] removing player 3 token from slot 4
[17:21:53.466] [SEVERE ] removing player 3 token from slot 7
[17:21:53.466] [SEVERE ] removing player 3 token from slot 11
[17:21:53.469] [SEVERE ] removing card from slot 0
[17:21:53.471] [SEVERE ] removing card from slot 1
[17:21:53.472] [SEVERE ] removing card from slot 2
[17:21:53.472] [SEVERE ] removing card from slot 3
[17:21:53.473] [SEVERE ] removing card from slot 4
[17:21:53.473] [SEVERE ] removing card from slot 5
[17:21:53.473] [SEVERE ] removing player 4 token from slot 6
[17:21:53.473] [SEVERE ] removing card from slot 6
[17:21:53.474] [SEVERE ] removing card from slot 7
[17:21:53.474] [SEVERE ] removing card from slot 8
[17:21:53.474] [SEVERE ] removing card from slot 9
[17:21:53.475] [SEVERE ] removing player 4 token from slot 10
[17:21:53.475] [SEVERE ] removing card from slot 10
[17:21:53.477] [SEVERE ] removing card from slot 11
[17:21:53.478] [SEVERE ] placing card 45 in slot 0
[17:21:53.479] [SEVERE ] placing card 11 in slot 1
[17:21:53.483] [SEVERE ] placing card 71 in slot 2
[17:21:53.488] [SEVERE ] placing card 53 in slot 3
[17:21:53.493] [SEVERE ] placing card 31 in slot 4
[17:21:53.494] [SEVERE ] placing card 15 in slot 5
[17:21:53.495] [SEVERE ] placing card 38 in slot 6
[17:21:53.495] [SEVERE ] placing card 40 in slot 7
[17:21:53.495] [SEVERE ] placing card 70 in slot 8
[17:21:53.510] [SEVERE ] placing card 10 in slot 9
[17:21:53.510] [SEVERE ] placing card 12 in slot 10
[17:21:53.511] [SEVERE ] placing card 60 in slot 11
[17:21:53.514] [SEVERE ] player 4 placing token on slot 10
[17:21:53.515] [SEVERE ] player 2 placing token on slot 10
[17:21:53.515] [SEVERE ] player 1 placing token on slot 0
[17:21:53.516] [SEVERE ] player 2 placing token on slot 0
[17:21:53.516] [SEVERE ] player 3 placing token on slot 3
[17:21:53.515] [SEVERE ] player 4 placing token on slot 4
[17:21:53.517] [SEVERE ] player 3 placing token on slot 11
[17:21:53.516] [SEVERE ] player 2 placing token on slot 2
[17:21:53.516] [SEVERE ] player 1 placing token on slot 1
[17:21:53.518] [SEVERE ] removing player 3 token from slot 11
[17:21:53.517] [SEVERE ] player 4 placing token on slot 11
[17:21:53.519] [SEVERE ] player 1 placing token on slot 8
[17:21:53.520] [SEVERE ] removing player 2 token from slot 0
[17:21:53.520] [SEVERE ] removing player 2 token from slot 2
[17:21:53.521] [SEVERE ] removing player 2 token from slot 10
[17:21:53.521] [SEVERE ] player 3 placing token on slot 9
[17:21:53.521] [SEVERE ] player 4 placing token on slot 2
[17:21:53.521] [SEVERE ] player 2 placing token on slot 9
[17:21:53.522] [SEVERE ] removing player 4 token from slot 4
[17:21:53.523] [SEVERE ] removing player 4 token from slot 10
[17:21:53.523] [SEVERE ] removing player 4 token from slot 11
[17:21:53.523] [SEVERE ] player 3 placing token on slot 2
[17:21:53.523] [SEVERE ] player 2 placing token on slot 11
[17:21:53.523] [SEVERE ] player 4 placing token on slot 3
[17:21:53.524] [SEVERE ] removing player 1 token from slot 0
[17:21:53.525] [SEVERE ] removing player 1 token from slot 1
[17:21:53.525] [SEVERE ] removing player 1 token from slot 8
[17:21:53.525] [SEVERE ] player 2 placing token on slot 10
[17:21:53.525] [SEVERE ] player 1 placing token on slot 1
[17:21:53.525] [SEVERE ] player 4 placing token on slot 5
[17:21:53.527] [SEVERE ] removing player 3 token from slot 2
[17:21:53.527] [SEVERE ] removing player 3 token from slot 3
[17:21:53.527] [SEVERE ] removing player 3 token from slot 9
[17:21:53.528] [SEVERE ] player 1 placing token on slot 3
[17:21:53.528] [SEVERE ] player 1 placing token on slot 2
[17:21:53.529] [SEVERE ] removing card from slot 0
[17:21:53.538] [SEVERE ] removing player 1 token from slot 1
[17:21:53.538] [SEVERE ] removing card from slot 1
[17:21:53.539] [SEVERE ] removing player 1 token from slot 2
[17:21:53.539] [SEVERE ] removing player 4 token from slot 2
[17:21:53.539] [SEVERE ] removing card from slot 2
[17:21:53.539] [SEVERE ] removing player 1 token from slot 3
[17:21:53.540] [SEVERE ] removing player 4 token from slot 3
[17:21:53.540] [SEVERE ] removing card from slot 3
[17:21:53.541] [SEVERE ] removing card from slot 4
[17:21:53.541] [SEVERE ] removing player 4 token from slot 5
[17:21:53.542] [SEVERE ] removing card from slot 5
[17:21:53.542] [SEVERE ] removing card from slot 6
[17:21:53.543] [SEVERE ] removing card from slot 7
[17:21:53.544] [SEVERE ] removing card from slot 8
[17:21:53.544] [SEVERE ] removing player 2 token from slot 9
[17:21:53.544] [SEVERE ] removing card from slot 9
[17:21:53.545] [SEVERE ] removing player 2 token from slot 10
[17:21:53.546] [SEVERE ] removing card from slot 10
[17:21:53.547] [SEVERE ] removing player 2 token from slot 11
[17:21:53.547] [SEVERE ] removing card from slot 11
[17:21:53.548] [SEVERE ] placing card 54 in slot 0
[17:21:53.553] [SEVERE ] placing card 33 in slot 1
[17:21:53.553] [SEVERE ] placing card 4 in slot 2
[17:21:53.553] [SEVERE ] placing card 58 in slot 3
[17:21:53.554] [SEVERE ] placing card 68 in slot 4
[17:21:53.554] [SEVERE ] placing card 11 in slot 5
[17:21:53.554] [SEVERE ] placing card 8 in slot 6
[17:21:53.555] [SEVERE ] placing card 28 in slot 7
[17:21:53.555] [SEVERE ] placing card 10 in slot 8
[17:21:53.555] [SEVERE ] placing card 76 in slot 9
[17:21:53.555] [SEVERE ] placing card 3 in slot 10
[17:21:53.556] [SEVERE ] placing card 26 in slot 11
[17:21:53.559] [SEVERE ] player 3 placing token on slot 8
[17:21:53.559] [SEVERE ] player 4 placing token on slot 9
[17:21:53.559] [SEVERE ] player 1 placing token on slot 6
[17:21:53.559] [SEVERE ] player 2 placing token on slot 7
[17:21:53.561] [SEVERE ] player 1 placing token on slot 8
[17:21:53.560] [SEVERE ] player 4 placing token on slot 7
[17:21:53.560] [SEVERE ] player 3 placing token on slot 9
[17:21:53.561] [SEVERE ] player 4 placing token on slot 6
[17:21:53.561] [SEVERE ] player 1 placing token on slot 10
[17:21:53.561] [SEVERE ] player 2 placing token on slot 5
[17:21:53.563] [SEVERE ] player 3 placing token on slot 7
[17:21:53.565] [SEVERE ] removing player 4 token from slot 6
[17:21:53.566] [SEVERE ] removing player 4 token from slot 7
[17:21:53.566] [SEVERE ] removing player 4 token from slot 9
[17:21:53.566] [SEVERE ] player 2 placing token on slot 10
[17:21:53.567] [SEVERE ] removing player 1 token from slot 6
[17:21:53.567] [SEVERE ] removing player 1 token from slot 8
[17:21:53.567] [SEVERE ] removing player 1 token from slot 10
[17:21:53.568] [SEVERE ] player 1 placing token on slot 7
[17:21:53.568] [SEVERE ] player 4 placing token on slot 10
[17:21:53.568] [SEVERE ] removing player 3 token from slot 7
[17:21:53.569] [SEVERE ] removing player 3 token from slot 8
[17:21:53.569] [SEVERE ] removing player 3 token from slot 9
[17:21:53.569] [SEVERE ] player 1 placing token on slot 8
[17:21:53.570] [SEVERE ] player 1 placing token on slot 1
[17:21:53.570] [SEVERE ] player 4 placing token on slot 4
[17:21:53.571] [SEVERE ] removing card from slot 0
[17:21:53.587] [SEVERE ] removing player 1 token from slot 1
[17:21:53.589] [SEVERE ] removing card from slot 1
[17:21:53.589] [SEVERE ] removing card from slot 2
[17:21:53.589] [SEVERE ] removing card from slot 3
[17:21:53.589] [SEVERE ] removing player 4 token from slot 4
[17:21:53.590] [SEVERE ] removing card from slot 4
[17:21:53.590] [SEVERE ] removing player 2 token from slot 5
[17:21:53.590] [SEVERE ] removing card from slot 5
[17:21:53.590] [SEVERE ] removing card from slot 6
[17:21:53.591] [SEVERE ] removing player 1 token from slot 7
[17:21:53.591] [SEVERE ] removing player 2 token from slot 7
[17:21:53.591] [SEVERE ] removing card from slot 7
[17:21:53.591] [SEVERE ] removing player 1 token from slot 8
[17:21:53.592] [SEVERE ] removing card from slot 8
[17:21:53.592] [SEVERE ] removing card from slot 9
[17:21:53.592] [SEVERE ] removing player 2 token from slot 10
[17:21:53.592] [SEVERE ] removing player 4 token from slot 10
[17:21:53.593] [SEVERE ] removing card from slot 10
[17:21:53.593] [SEVERE ] removing card from slot 11
[17:21:53.594] [SEVERE ] placing card 13 in slot 0
[17:21:53.594] [SEVERE ] placing card 58 in slot 1
[17:21:53.594] [SEVERE ] placing card 63 in slot 2
[17:21:53.595] [SEVERE ] placing card 5 in slot 3
[17:21:53.595] [SEVERE ] placing card 51 in slot 4
[17:21:53.595] [SEVERE ] placing card 52 in slot 5
[17:21:53.595] [SEVERE ] placing card 20 in slot 6
[17:21:53.596] [SEVERE ] placing card 12 in slot 7
[17:21:53.596] [SEVERE ] placing card 78 in slot 8
[17:21:53.596] [SEVERE ] placing card 45 in slot 9
[17:21:53.597] [SEVERE ] placing card 42 in slot 10
[17:21:53.597] [SEVERE ] placing card 41 in slot 11
[17:21:53.600] [SEVERE ] player 1 placing token on slot 7
[17:21:53.600] [SEVERE ] player 1 placing token on slot 6
[17:21:53.600] [SEVERE ] player 4 placing token on slot 1
[17:21:53.600] [SEVERE ] player 3 placing token on slot 3
[17:21:53.600] [SEVERE ] player 2 placing token on slot 1
[17:21:53.602] [SEVERE ] player 3 placing token on slot 1
[17:21:53.601] [SEVERE ] player 4 placing token on slot 6
[17:21:53.601] [SEVERE ] player 1 placing token on slot 3
[17:21:53.603] [SEVERE ] player 4 placing token on slot 4
[17:21:53.602] [SEVERE ] removing player 3 token from slot 1
[17:21:53.602] [SEVERE ] player 2 placing token on slot 0
[17:21:53.604] [SEVERE ] removing player 1 token from slot 3
[17:21:53.604] [SEVERE ] removing player 1 token from slot 6
[17:21:53.605] [SEVERE ] removing player 1 token from slot 7
[17:21:53.605] [SEVERE ] player 3 placing token on slot 8
[17:21:53.605] [SEVERE ] player 2 placing token on slot 10
[17:21:53.605] [SEVERE ] player 1 placing token on slot 9
[17:21:53.606] [SEVERE ] removing player 4 token from slot 1
[17:21:53.606] [SEVERE ] removing player 4 token from slot 4
[17:21:53.606] [SEVERE ] removing player 4 token from slot 6
[17:21:53.607] [SEVERE ] player 3 placing token on slot 0
[17:21:53.607] [SEVERE ] player 4 placing token on slot 4
[17:21:53.607] [SEVERE ] player 1 placing token on slot 3
[17:21:53.608] [SEVERE ] removing player 2 token from slot 0
[17:21:53.609] [SEVERE ] removing player 2 token from slot 1
[17:21:53.609] [SEVERE ] removing player 2 token from slot 10
[17:21:53.610] [SEVERE ] removing player 3 token from slot 0
[17:21:53.610] [SEVERE ] removing player 3 token from slot 3
[17:21:53.610] [SEVERE ] removing player 3 token from slot 8
[17:21:53.611] [SEVERE ] player 4 placing token on slot 0
[17:21:53.611] [SEVERE ] player 3 placing token on slot 5
[17:21:53.611] [SEVERE ] player 2 placing token on slot 9
[17:21:53.611] [SEVERE ] player 1 placing token on slot 10
[17:21:53.612] [SEVERE ] player 2 placing token on slot 0
[17:21:53.611] [SEVERE ] player 3 placing token on slot 4
[17:21:53.611] [SEVERE ] player 4 placing token on slot 6
[17:21:53.613] [SEVERE ] removing player 2 token from slot 0
[17:21:53.614] [SEVERE ] removing player 4 token from slot 0
[17:21:53.614] [SEVERE ] removing card from slot 0
[17:21:53.614] [SEVERE ] removing card from slot 1
[17:21:53.615] [SEVERE ] removing card from slot 2
[17:21:53.615] [SEVERE ] removing player 1 token from slot 3
[17:21:53.615] [SEVERE ] removing card from slot 3
[17:21:53.616] [SEVERE ] removing player 3 token from slot 4
[17:21:53.616] [SEVERE ] removing player 4 token from slot 4
[17:21:53.616] [SEVERE ] removing card from slot 4
[17:21:53.616] [SEVERE ] removing player 3 token from slot 5
[17:21:53.617] [SEVERE ] removing card from slot 5
[17:21:53.617] [SEVERE ] removing player 4 token from slot 6
[17:21:53.617] [SEVERE ] removing card from slot 6
[17:21:53.617] [SEVERE ] removing card from slot 7
[17:21:53.618] [SEVERE ] removing card from slot 8
[17:21:53.618] [SEVERE ] removing player 1 token from slot 9
[17:21:53.618] [SEVERE ] removing player 2 token from slot 9
[17:21:53.618] [SEVERE ] removing card from slot 9
[17:21:53.619] [SEVERE ] removing player 1 token from slot 10
[17:21:53.619] [SEVERE ] removing card from slot 10
[17:21:53.619] [SEVERE ] removing card from slot 11
[17:21:53.619] [SEVERE ] placing card 17 in slot 0
[17:21:53.619] [SEVERE ] placing card 66 in slot 1
[17:21:53.620] [SEVERE ] placing card 51 in slot 2
[17:21:53.620] [SEVERE ] placing card 30 in slot 3
[17:21:53.620] [SEVERE ] placing card 79 in slot 4
[17:21:53.621] [SEVERE ] placing card 24 in slot 5
[17:21:53.621] [SEVERE ] placing card 25 in slot 6
[17:21:53.621] [SEVERE ] placing card 62 in slot 7
[17:21:53.621] [SEVERE ] placing card 59 in slot 8
[17:21:53.622] [SEVERE ] placing card 21 in slot 9
[17:21:53.622] [SEVERE ] placing card 31 in slot 10
[17:21:53.622] [SEVERE ] placing card 63 in slot 11
[17:21:53.625] [SEVERE ] player 4 placing token on slot 3
[17:21:53.625] [SEVERE ] player 2 placing token on slot 0
[17:21:53.625] [SEVERE ] player 3 placing token on slot 1
[17:21:53.625] [SEVERE ] player 1 placing token on slot 1
[17:21:53.627] [SEVERE ] player 3 placing token on slot 4
[17:21:53.626] [SEVERE ] player 2 placing token on slot 8
[17:21:53.626] [SEVERE ] player 4 placing token on slot 10
[17:21:53.628] [SEVERE ] player 2 placing token on slot 7
[17:21:53.627] [SEVERE ] player 3 placing token on slot 2
[17:21:53.627] [SEVERE ] removing player 1 token from slot 1
[17:21:53.628] [SEVERE ] player 4 placing token on slot 5
[17:21:53.630] [SEVERE ] removing player 2 token from slot 0
[17:21:53.631] [SEVERE ] removing player 2 token from slot 7
[17:21:53.631] [SEVERE ] removing player 2 token from slot 8
[17:21:53.631] [SEVERE ] player 2 placing token on slot 4
[17:21:53.631] [SEVERE ] player 1 placing token on slot 0
[17:21:53.632] [SEVERE ] removing player 3 token from slot 1
[17:21:53.632] [SEVERE ] removing player 3 token from slot 2
[17:21:53.633] [SEVERE ] removing player 3 token from slot 4
[17:21:53.633] [SEVERE ] player 2 placing token on slot 11
[17:21:53.633] [SEVERE ] player 1 placing token on slot 5
[17:21:53.633] [SEVERE ] player 3 placing token on slot 4
[17:21:53.634] [SEVERE ] removing player 4 token from slot 3
[17:21:53.635] [SEVERE ] removing player 4 token from slot 5
[17:21:53.635] [SEVERE ] removing player 4 token from slot 10
[17:21:53.635] [SEVERE ] player 2 placing token on slot 0
[17:21:53.635] [SEVERE ] player 3 placing token on slot 11
[17:21:53.635] [SEVERE ] player 1 placing token on slot 7
[17:21:53.635] [SEVERE ] player 4 placing token on slot 10
[17:21:53.636] [SEVERE ] removing player 3 token from slot 4
[17:21:53.637] [SEVERE ] removing player 2 token from slot 0
[17:21:53.638] [SEVERE ] removing player 2 token from slot 4
[17:21:53.638] [SEVERE ] removing player 2 token from slot 11
[17:21:53.638] [SEVERE ] player 4 placing token on slot 7
[17:21:53.638] [SEVERE ] player 3 placing token on slot 7
[17:21:53.639] [SEVERE ] player 4 placing token on slot 3
[17:21:53.639] [SEVERE ] removing player 1 token from slot 0
[17:21:53.640] [SEVERE ] removing card from slot 0
[17:21:53.640] [SEVERE ] removing card from slot 1
[17:21:53.640] [SEVERE ] removing card from slot 2
[17:21:53.640] [SEVERE ] removing player 4 token from slot 3
[17:21:53.641] [SEVERE ] removing card from slot 3
[17:21:53.641] [SEVERE ] removing card from slot 4
[17:21:53.641] [SEVERE ] removing player 1 token from slot 5
[17:21:53.642] [SEVERE ] removing card from slot 5
[17:21:53.642] [SEVERE ] removing card from slot 6
[17:21:53.642] [SEVERE ] removing player 1 token from slot 7
[17:21:53.642] [SEVERE ] removing player 3 token from slot 7
[17:21:53.642] [SEVERE ] removing player 4 token from slot 7
[17:21:53.643] [SEVERE ] removing card from slot 7
[17:21:53.643] [SEVERE ] removing card from slot 8
[17:21:53.644] [SEVERE ] removing card from slot 9
[17:21:53.644] [SEVERE ] removing player 4 token from slot 10
[17:21:53.644] [SEVERE ] removing card from slot 10
[17:21:53.644] [SEVERE ] removing player 3 token from slot 11
[17:21:53.644] [SEVERE ] removing card from slot 11
[17:21:53.645] [SEVERE ] placing card 72 in slot 0
[17:21:53.645] [SEVERE ] placing card 28 in slot 1
[17:21:53.645] [SEVERE ] placing card 30 in slot 2
[17:21:53.645] [SEVERE ] placing card 78 in slot 3
[17:21:53.646] [SEVERE ] placing card 76 in slot 4
[17:21:53.646] [SEVERE ] placing card 8 in slot 5
[17:21:53.646] [SEVERE ] placing card 15 in slot 6
[17:21:53.646] [SEVERE ] placing card 53 in slot 7
[17:21:53.647] [SEVERE ] placing card 12 in slot 8
[17:21:53.647] [SEVERE ] placing card 10 in slot 9
[17:21:53.647] [SEVERE ] placing card 13 in slot 10
[17:21:53.647] [SEVERE ] placing card 51 in slot 11
[17:21:53.650] [SEVERE ] player 3 placing token on slot 3
[17:21:53.650] [SEVERE ] player 1 placing token on slot 7
[17:21:53.650] [SEVERE ] player 4 placing token on slot 7
[17:21:53.650] [SEVERE ] player 2 placing token on slot 11
[17:21:53.651] [SEVERE ] player 4 placing token on slot 10
[17:21:53.651] [SEVERE ] player 1 placing token on slot 0
[17:21:53.650] [SEVERE ] player 3 placing token on slot 4
[17:21:53.652] [SEVERE ] player 1 placing token on slot 2
[17:21:53.652] [SEVERE ] player 4 placing token on slot 5
[17:21:53.652] [SEVERE ] player 2 placing token on slot 4
[17:21:53.653] [SEVERE ] player 3 placing token on slot 11
[17:21:53.654] [SEVERE ] removing player 1 token from slot 0
[17:21:53.654] [SEVERE ] removing player 1 token from slot 2
[17:21:53.655] [SEVERE ] removing player 1 token from slot 7
[17:21:53.655] [SEVERE ] player 2 placing token on slot 9
[17:21:53.655] [SEVERE ] player 1 placing token on slot 4
[17:21:53.656] [SEVERE ] removing player 4 token from slot 5
[17:21:53.656] [SEVERE ] removing player 4 token from slot 7
[17:21:53.656] [SEVERE ] removing player 4 token from slot 10
[17:21:53.657] [SEVERE ] player 1 placing token on slot 2
[17:21:53.657] [SEVERE ] removing player 3 token from slot 3
[17:21:53.657] [SEVERE ] removing player 3 token from slot 4
[17:21:53.657] [SEVERE ] removing player 3 token from slot 11
[17:21:53.658] [SEVERE ] player 4 placing token on slot 6
[17:21:53.658] [SEVERE ] removing player 1 token from slot 4
[17:21:53.659] [SEVERE ] removing player 2 token from slot 4
[17:21:53.659] [SEVERE ] removing player 2 token from slot 9
[17:21:53.659] [SEVERE ] removing player 2 token from slot 11
[17:21:53.660] [SEVERE ] player 3 placing token on slot 2
[17:21:53.660] [SEVERE ] player 1 placing token on slot 6
[17:21:53.660] [SEVERE ] removing player 4 token from slot 6
[17:21:53.660] [SEVERE ] player 3 placing token on slot 8
[17:21:53.661] [SEVERE ] removing card from slot 0
[17:21:53.662] [SEVERE ] removing card from slot 1
[17:21:53.662] [SEVERE ] removing player 1 token from slot 2
[17:21:53.662] [SEVERE ] removing player 3 token from slot 2
[17:21:53.662] [SEVERE ] removing card from slot 2
[17:21:53.663] [SEVERE ] removing card from slot 3
[17:21:53.663] [SEVERE ] removing card from slot 4
[17:21:53.663] [SEVERE ] removing card from slot 5
[17:21:53.663] [SEVERE ] removing player 1 token from slot 6
[17:21:53.664] [SEVERE ] removing card from slot 6
[17:21:53.664] [SEVERE ] removing card from slot 7
[17:21:53.664] [SEVERE ] removing player 3 token from slot 8
[17:21:53.665] [SEVERE ] removing card from slot 8
[17:21:53.665] [SEVERE ] removing card from slot 9
[17:21:53.665] [SEVERE ] removing card from slot 10
[17:21:53.665] [SEVERE ] removing card from slot 11
[17:21:53.666] [SEVERE ] placing card 54 in slot 0
[17:21:53.666] [SEVERE ] placing card 66 in slot 1
[17:21:53.666] [SEVERE ] placing card 16 in slot 2
[17:21:53.667] [SEVERE ] placing card 29 in slot 3
[17:21:53.667] [SEVERE ] placing card 74 in slot 4
[17:21:53.668] [SEVERE ] placing card 23 in slot 5
[17:21:53.668] [SEVERE ] placing card 14 in slot 6
[17:21:53.669] [SEVERE ] placing card 35 in slot 7
[17:21:53.669] [SEVERE ] placing card 11 in slot 8
[17:21:53.669] [SEVERE ] placing card 76 in slot 9
[17:21:53.670] [SEVERE ] placing card 39 in slot 10
[17:21:53.671] [SEVERE ] placing card 68 in slot 11
[17:21:53.674] [SEVERE ] player 1 placing token on slot 0
[17:21:53.675] [SEVERE ] player 4 placing token on slot 4
[17:21:53.675] [SEVERE ] player 3 placing token on slot 6
[17:21:53.676] [SEVERE ] player 4 placing token on slot 5
[17:21:53.675] [SEVERE ] player 2 placing token on slot 5
[17:21:53.677] [SEVERE ] player 2 placing token on slot 1
[17:21:53.675] [SEVERE ] player 1 placing token on slot 7
[17:21:53.677] [SEVERE ] player 2 placing token on slot 6
[17:21:53.676] [SEVERE ] player 4 placing token on slot 11
[17:21:53.676] [SEVERE ] player 3 placing token on slot 1
[17:21:53.677] [SEVERE ] player 1 placing token on slot 1
[17:21:53.679] [SEVERE ] removing player 2 token from slot 1
[17:21:53.679] [SEVERE ] removing player 2 token from slot 5
[17:21:53.679] [SEVERE ] removing player 2 token from slot 6
[17:21:53.680] [SEVERE ] player 3 placing token on slot 0
[17:21:53.680] [SEVERE ] player 2 placing token on slot 5
[17:21:53.680] [SEVERE ] removing player 4 token from slot 4
[17:21:53.681] [SEVERE ] removing player 4 token from slot 5
[17:21:53.681] [SEVERE ] removing player 4 token from slot 11
[17:21:53.681] [SEVERE ] player 2 placing token on slot 9
[17:21:53.681] [SEVERE ] player 4 placing token on slot 1
[17:21:53.683] [SEVERE ] removing player 1 token from slot 0
[17:21:53.683] [SEVERE ] removing player 1 token from slot 1
[17:21:53.683] [SEVERE ] removing player 1 token from slot 7
[17:21:53.684] [SEVERE ] player 2 placing token on slot 2
[17:21:53.684] [SEVERE ] player 4 placing token on slot 6
[17:21:53.684] [SEVERE ] player 4 placing token on slot 11
[17:21:53.685] [SEVERE ] removing player 3 token from slot 0
[17:21:53.685] [SEVERE ] removing card from slot 0
[17:21:53.685] [SEVERE ] removing player 3 token from slot 1
[17:21:53.686] [SEVERE ] removing player 4 token from slot 1
[17:21:53.686] [SEVERE ] removing card from slot 1
[17:21:53.686] [SEVERE ] removing player 2 token from slot 2
[17:21:53.686] [SEVERE ] removing card from slot 2
[17:21:53.686] [SEVERE ] removing card from slot 3
[17:21:53.687] [SEVERE ] removing card from slot 4
[17:21:53.687] [SEVERE ] removing player 2 token from slot 5
[17:21:53.687] [SEVERE ] removing card from slot 5
[17:21:53.688] [SEVERE ] removing player 3 token from slot 6
[17:21:53.688] [SEVERE ] removing player 4 token from slot 6
[17:21:53.688] [SEVERE ] removing card from slot 6
[17:21:53.689] [SEVERE ] removing card from slot 7
[17:21:53.689] [SEVERE ] removing card from slot 8
[17:21:53.690] [SEVERE ] removing player 2 token from slot 9
[17:21:53.690] [SEVERE ] removing card from slot 9
[17:21:53.690] [SEVERE ] removing card from slot 10
[17:21:53.690] [SEVERE ] removing player 4 token from slot 11
[17:21:53.691] [SEVERE ] removing card from slot 11
[17:21:53.691] [SEVERE ] placing card 1 in slot 0
[17:21:53.691] [SEVERE ] placing card 74 in slot 1
[17:21:53.692] [SEVERE ] placing card 19 in slot 2
[17:21:53.692] [SEVERE ] placing card 77 in slot 3
[17:21:53.692] [SEVERE ] placing card 75 in slot 4
[17:21:53.692] [SEVERE ] placing card 20 in slot 5
[17:21:53.692] [SEVERE ] placing card 0 in slot 6
[17:21:53.693] [SEVERE ] placing card 5 in slot 7
[17:21:53.693] [SEVERE ] placing card 14 in slot 8
[17:21:53.693] [SEVERE ] placing card 63 in slot 9
[17:21:53.693] [SEVERE ] placing card 46 in slot 10
[17:21:53.694] [SEVERE ] placing card 62 in slot 11
[17:21:53.696] [SEVERE ] player 1 placing token on slot 8
[17:21:53.697] [SEVERE ] player 4 placing token on slot 5
[17:21:53.697] [SEVERE ] player 2 placing token on slot 0
[17:21:53.699] [SEVERE ] removing player 2 token from slot 0
[17:21:53.699] [SEVERE ] removing card from slot 0
[17:21:53.703] [INFO   ] thread dealer terminated.
[17:21:55.473] [SEVERE ] exit button pressed
[17:21:58.703] [SEVERE ] thanks for playing... it was fun!
[17:21:58.703] [INFO   ] thread main terminated.
