[15:22:15.543] [INFO   ] thread main starting.
[15:22:15.561] [SEVERE ] cannot read configuration file config.properties trying from resources.
[15:22:15.567] [SEVERE ] configuration file was loaded from resources directory.
[15:22:17.131] [INFO   ] thread dealer starting.
[15:22:17.230] [SEVERE ] placing card 46 in slot 0
[15:22:17.251] [SEVERE ] placing card 66 in slot 1
[15:22:17.252] [SEVERE ] placing card 23 in slot 2
[15:22:17.252] [SEVERE ] placing card 30 in slot 3
[15:22:17.253] [SEVERE ] placing card 73 in slot 4
[15:22:17.253] [SEVERE ] placing card 18 in slot 5
[15:22:17.254] [SEVERE ] placing card 37 in slot 6
[15:22:17.255] [SEVERE ] placing card 5 in slot 7
[15:22:17.256] [SEVERE ] placing card 17 in slot 8
[15:22:17.257] [SEVERE ] placing card 42 in slot 9
[15:22:17.258] [SEVERE ] placing card 28 in slot 10
[15:22:17.259] [SEVERE ] placing card 33 in slot 11
[15:22:17.278] [SEVERE ] player 1 placing token on slot 4
[15:22:17.279] [SEVERE ] player 4 placing token on slot 9
[15:22:17.281] [SEVERE ] player 1 placing token on slot 6
[15:22:17.281] [SEVERE ] player 4 placing token on slot 1
[15:22:17.282] [SEVERE ] player 1 placing token on slot 2
[15:22:17.283] [SEVERE ] player 4 placing token on slot 3
[15:22:17.284] [SEVERE ] player 2 placing token on slot 3
[15:22:17.287] [SEVERE ] removing player 1 token from slot 2
[15:22:17.289] [SEVERE ] removing player 1 token from slot 4
[15:22:17.289] [SEVERE ] removing player 1 token from slot 6
[15:22:17.293] [SEVERE ] removing player 4 token from slot 1
[15:22:17.294] [SEVERE ] removing player 4 token from slot 3
[15:22:17.295] [SEVERE ] removing player 4 token from slot 9
[15:22:17.296] [SEVERE ] player 4 placing token on slot 4
[15:22:17.297] [SEVERE ] player 1 placing token on slot 11
[15:22:17.297] [SEVERE ] player 2 placing token on slot 7
[15:22:17.299] [SEVERE ] removing player 2 token from slot 7
[15:22:17.301] [SEVERE ] player 2 placing token on slot 6
[15:22:17.296] [SEVERE ] player 3 placing token on slot 1
[15:22:17.302] [SEVERE ] player 2 placing token on slot 0
[15:22:17.298] [SEVERE ] player 1 placing token on slot 8
[15:22:17.297] [SEVERE ] player 4 placing token on slot 11
[15:22:17.308] [SEVERE ] player 1 placing token on slot 5
[15:22:17.303] [SEVERE ] player 3 placing token on slot 4
[15:22:17.312] [SEVERE ] removing player 2 token from slot 0
[15:22:17.313] [SEVERE ] removing player 2 token from slot 3
[15:22:17.313] [SEVERE ] removing player 2 token from slot 6
[15:22:17.314] [SEVERE ] player 4 placing token on slot 3
[15:22:17.316] [SEVERE ] removing player 3 token from slot 1
[15:22:17.315] [SEVERE ] player 2 placing token on slot 5
[15:22:17.318] [SEVERE ] removing player 1 token from slot 5
[15:22:17.318] [SEVERE ] removing player 1 token from slot 8
[15:22:17.319] [SEVERE ] removing player 1 token from slot 11
[15:22:17.319] [SEVERE ] removing player 4 token from slot 3
[15:22:17.320] [SEVERE ] removing player 4 token from slot 4
[15:22:17.321] [SEVERE ] removing player 4 token from slot 11
[15:22:17.322] [SEVERE ] player 3 placing token on slot 7
[15:22:17.322] [SEVERE ] player 1 placing token on slot 3
[15:22:17.323] [SEVERE ] player 1 placing token on slot 7
[15:22:17.324] [SEVERE ] player 1 placing token on slot 2
[15:22:17.322] [SEVERE ] player 2 placing token on slot 1
[15:22:17.322] [SEVERE ] player 4 placing token on slot 11
[15:22:17.323] [SEVERE ] removing player 3 token from slot 4
[15:22:17.327] [SEVERE ] removing player 1 token from slot 2
[15:22:17.328] [SEVERE ] removing player 1 token from slot 3
[15:22:17.329] [SEVERE ] removing player 1 token from slot 7
[15:22:17.330] [SEVERE ] player 2 placing token on slot 11
[15:22:17.330] [SEVERE ] player 3 placing token on slot 2
[15:22:17.330] [SEVERE ] player 1 placing token on slot 5
[15:22:17.330] [SEVERE ] player 4 placing token on slot 3
[15:22:17.333] [SEVERE ] removing player 2 token from slot 1
[15:22:17.334] [SEVERE ] removing card from slot 1
[15:22:17.334] [SEVERE ] removing player 1 token from slot 5
[15:22:17.335] [SEVERE ] removing player 2 token from slot 5
[15:22:17.336] [SEVERE ] removing card from slot 5
[15:22:17.337] [SEVERE ] removing player 2 token from slot 11
[15:22:17.337] [SEVERE ] removing player 4 token from slot 11
[15:22:17.338] [SEVERE ] removing card from slot 11
[15:22:17.339] [SEVERE ] placing card 27 in slot 1
[15:22:17.339] [SEVERE ] placing card 39 in slot 5
[15:22:17.340] [SEVERE ] placing card 53 in slot 11
[15:22:17.389] [SEVERE ] player 3 placing token on slot 5
[15:22:17.389] [SEVERE ] setting player 2 score to 1
[15:22:17.389] [SEVERE ] player 4 placing token on slot 5
[15:22:17.389] [SEVERE ] player 1 placing token on slot 6
[15:22:17.392] [SEVERE ] removing player 3 token from slot 2
[15:22:17.393] [SEVERE ] removing player 3 token from slot 5
[15:22:17.393] [SEVERE ] removing player 3 token from slot 7
[15:22:17.394] [SEVERE ] player 2 placing token on slot 6
[15:22:17.394] [SEVERE ] player 3 placing token on slot 5
[15:22:17.394] [SEVERE ] player 1 placing token on slot 10
[15:22:17.394] [SEVERE ] player 4 placing token on slot 0
[15:22:17.396] [SEVERE ] player 1 placing token on slot 8
[15:22:17.395] [SEVERE ] removing player 3 token from slot 5
[15:22:17.395] [SEVERE ] player 2 placing token on slot 9
[15:22:17.399] [SEVERE ] removing player 4 token from slot 0
[15:22:17.399] [SEVERE ] removing player 4 token from slot 3
[15:22:17.400] [SEVERE ] removing player 4 token from slot 5
[15:22:17.401] [SEVERE ] player 3 placing token on slot 4
[15:22:17.401] [SEVERE ] removing player 2 token from slot 9
[15:22:17.402] [SEVERE ] removing player 1 token from slot 6
[15:22:17.403] [SEVERE ] removing player 1 token from slot 8
[15:22:17.404] [SEVERE ] removing player 1 token from slot 10
[15:22:17.404] [SEVERE ] player 4 placing token on slot 2
[15:22:17.404] [SEVERE ] player 2 placing token on slot 5
[15:22:17.404] [SEVERE ] player 1 placing token on slot 10
[15:22:17.404] [SEVERE ] player 3 placing token on slot 5
[15:22:17.407] [SEVERE ] player 1 placing token on slot 8
[15:22:17.408] [SEVERE ] player 1 placing token on slot 6
[15:22:17.406] [SEVERE ] removing player 2 token from slot 5
[15:22:17.405] [SEVERE ] player 4 placing token on slot 3
[15:22:17.407] [SEVERE ] player 3 placing token on slot 7
[15:22:17.410] [SEVERE ] removing player 1 token from slot 6
[15:22:17.411] [SEVERE ] removing player 1 token from slot 8
[15:22:17.411] [SEVERE ] removing player 1 token from slot 10
[15:22:17.412] [SEVERE ] removing player 3 token from slot 4
[15:22:17.413] [SEVERE ] removing player 3 token from slot 5
[15:22:17.413] [SEVERE ] removing player 3 token from slot 7
[15:22:17.414] [SEVERE ] player 2 placing token on slot 4
[15:22:17.414] [SEVERE ] player 3 placing token on slot 9
[15:22:17.414] [SEVERE ] player 1 placing token on slot 9
[15:22:17.414] [SEVERE ] player 4 placing token on slot 10
[15:22:17.416] [SEVERE ] player 1 placing token on slot 10
[15:22:17.416] [SEVERE ] player 3 placing token on slot 3
[15:22:17.415] [SEVERE ] player 2 placing token on slot 3
[15:22:17.419] [SEVERE ] removing player 4 token from slot 2
[15:22:17.419] [SEVERE ] removing player 4 token from slot 3
[15:22:17.420] [SEVERE ] removing player 4 token from slot 10
[15:22:17.421] [SEVERE ] player 1 placing token on slot 8
[15:22:17.421] [SEVERE ] player 3 placing token on slot 11
[15:22:17.422] [SEVERE ] removing player 2 token from slot 3
[15:22:17.423] [SEVERE ] removing player 2 token from slot 4
[15:22:17.423] [SEVERE ] removing player 2 token from slot 6
[15:22:17.424] [SEVERE ] player 4 placing token on slot 1
[15:22:17.425] [SEVERE ] removing player 1 token from slot 8
[15:22:17.425] [SEVERE ] removing player 1 token from slot 9
[15:22:17.426] [SEVERE ] removing player 1 token from slot 10
[15:22:17.427] [SEVERE ] player 2 placing token on slot 3
[15:22:17.427] [SEVERE ] player 4 placing token on slot 11
[15:22:17.428] [SEVERE ] removing player 3 token from slot 3
[15:22:17.429] [SEVERE ] removing player 3 token from slot 9
[15:22:17.429] [SEVERE ] removing player 3 token from slot 11
[15:22:17.430] [SEVERE ] player 1 placing token on slot 11
[15:22:17.430] [SEVERE ] player 4 placing token on slot 8
[15:22:17.430] [SEVERE ] player 3 placing token on slot 6
[15:22:17.430] [SEVERE ] removing player 2 token from slot 3
[15:22:17.431] [SEVERE ] removing player 1 token from slot 11
[15:22:17.433] [SEVERE ] removing player 4 token from slot 1
[15:22:17.434] [SEVERE ] removing player 4 token from slot 8
[15:22:17.434] [SEVERE ] removing player 4 token from slot 11
[15:22:17.435] [SEVERE ] player 3 placing token on slot 10
[15:22:17.435] [SEVERE ] player 1 placing token on slot 1
[15:22:17.435] [SEVERE ] player 4 placing token on slot 10
[15:22:17.435] [SEVERE ] player 2 placing token on slot 7
[15:22:17.437] [SEVERE ] player 4 placing token on slot 5
[15:22:17.436] [SEVERE ] player 1 placing token on slot 2
[15:22:17.436] [SEVERE ] player 3 placing token on slot 1
[15:22:17.439] [SEVERE ] player 1 placing token on slot 0
[15:22:17.438] [SEVERE ] player 4 placing token on slot 6
[15:22:17.437] [SEVERE ] player 2 placing token on slot 0
[15:22:17.440] [SEVERE ] removing player 3 token from slot 1
[15:22:17.441] [SEVERE ] removing player 3 token from slot 6
[15:22:17.441] [SEVERE ] removing player 3 token from slot 10
[15:22:17.441] [SEVERE ] player 2 placing token on slot 11
[15:22:17.442] [SEVERE ] removing player 1 token from slot 0
[15:22:17.443] [SEVERE ] removing player 1 token from slot 1
[15:22:17.443] [SEVERE ] removing player 1 token from slot 2
[15:22:17.444] [SEVERE ] player 3 placing token on slot 2
[15:22:17.445] [SEVERE ] removing player 4 token from slot 5
[15:22:17.445] [SEVERE ] removing player 4 token from slot 6
[15:22:17.446] [SEVERE ] removing player 4 token from slot 10
[15:22:17.446] [SEVERE ] player 1 placing token on slot 11
[15:22:17.446] [SEVERE ] player 3 placing token on slot 7
[15:22:17.448] [SEVERE ] removing player 2 token from slot 0
[15:22:17.448] [SEVERE ] removing player 2 token from slot 7
[15:22:17.449] [SEVERE ] removing player 2 token from slot 11
[15:22:17.449] [SEVERE ] player 4 placing token on slot 0
[15:22:17.450] [SEVERE ] player 2 placing token on slot 4
[15:22:17.450] [SEVERE ] player 3 placing token on slot 10
[15:22:17.449] [SEVERE ] player 1 placing token on slot 8
[15:22:17.451] [SEVERE ] player 2 placing token on slot 0
[15:22:17.450] [SEVERE ] player 4 placing token on slot 4
[15:22:17.452] [SEVERE ] removing player 3 token from slot 2
[15:22:17.453] [SEVERE ] removing player 3 token from slot 7
[15:22:17.454] [SEVERE ] removing player 3 token from slot 10
[15:22:17.454] [SEVERE ] player 1 placing token on slot 7
[15:22:17.454] [SEVERE ] player 4 placing token on slot 1
[15:22:17.454] [SEVERE ] player 3 placing token on slot 6
[15:22:17.454] [SEVERE ] player 2 placing token on slot 2
[15:22:17.456] [SEVERE ] removing player 1 token from slot 7
[15:22:17.457] [SEVERE ] removing player 1 token from slot 8
[15:22:17.458] [SEVERE ] removing player 1 token from slot 11
[15:22:17.458] [SEVERE ] player 3 placing token on slot 7
[15:22:17.460] [SEVERE ] removing player 4 token from slot 0
[15:22:17.460] [SEVERE ] removing player 4 token from slot 1
[15:22:17.461] [SEVERE ] removing player 4 token from slot 4
[15:22:17.461] [SEVERE ] player 1 placing token on slot 2
[15:22:17.461] [SEVERE ] player 4 placing token on slot 9
[15:22:17.462] [SEVERE ] player 1 placing token on slot 4
[15:22:17.462] [SEVERE ] player 3 placing token on slot 8
[15:22:17.463] [SEVERE ] removing player 2 token from slot 0
[15:22:17.464] [SEVERE ] removing player 2 token from slot 2
[15:22:17.464] [SEVERE ] removing player 2 token from slot 4
[15:22:17.465] [SEVERE ] player 4 placing token on slot 6
[15:22:17.465] [SEVERE ] removing player 1 token from slot 2
[15:22:17.466] [SEVERE ] removing player 3 token from slot 6
[15:22:17.466] [SEVERE ] removing player 3 token from slot 7
[15:22:17.467] [SEVERE ] removing player 3 token from slot 8
[15:22:17.467] [SEVERE ] player 2 placing token on slot 7
[15:22:17.468] [SEVERE ] player 2 placing token on slot 6
[15:22:17.467] [SEVERE ] player 3 placing token on slot 8
[15:22:17.467] [SEVERE ] player 1 placing token on slot 5
[15:22:17.467] [SEVERE ] player 4 placing token on slot 10
[15:22:17.469] [SEVERE ] player 1 placing token on slot 2
[15:22:17.469] [SEVERE ] player 3 placing token on slot 2
[15:22:17.468] [SEVERE ] player 2 placing token on slot 10
[15:22:17.472] [SEVERE ] removing player 4 token from slot 6
[15:22:17.472] [SEVERE ] removing player 4 token from slot 9
[15:22:17.473] [SEVERE ] removing player 4 token from slot 10
[15:22:17.473] [SEVERE ] removing player 1 token from slot 2
[15:22:17.474] [SEVERE ] removing player 1 token from slot 4
[15:22:17.474] [SEVERE ] removing player 1 token from slot 5
[15:22:17.475] [SEVERE ] player 3 placing token on slot 7
[15:22:17.475] [SEVERE ] player 4 placing token on slot 10
[15:22:17.476] [SEVERE ] removing player 2 token from slot 6
[15:22:17.476] [SEVERE ] removing player 2 token from slot 7
[15:22:17.477] [SEVERE ] removing player 2 token from slot 10
[15:22:17.477] [SEVERE ] player 1 placing token on slot 11
[15:22:17.477] [SEVERE ] player 4 placing token on slot 1
[15:22:17.478] [SEVERE ] removing player 3 token from slot 2
[15:22:17.479] [SEVERE ] removing player 3 token from slot 7
[15:22:17.480] [SEVERE ] removing player 3 token from slot 8
[15:22:17.480] [SEVERE ] player 2 placing token on slot 1
[15:22:17.480] [SEVERE ] player 3 placing token on slot 10
[15:22:17.480] [SEVERE ] removing player 4 token from slot 10
[15:22:17.480] [SEVERE ] player 1 placing token on slot 0
[15:22:17.482] [SEVERE ] player 4 placing token on slot 5
[15:22:17.481] [SEVERE ] player 3 placing token on slot 6
[15:22:17.481] [SEVERE ] removing player 2 token from slot 1
[15:22:17.483] [SEVERE ] player 3 placing token on slot 9
[15:22:17.483] [SEVERE ] player 4 placing token on slot 6
[15:22:17.482] [SEVERE ] player 1 placing token on slot 10
[15:22:17.484] [SEVERE ] player 2 placing token on slot 8
[15:22:17.486] [SEVERE ] removing player 3 token from slot 6
[15:22:17.486] [SEVERE ] removing player 3 token from slot 9
[15:22:17.487] [SEVERE ] removing player 3 token from slot 10
[15:22:17.487] [SEVERE ] player 2 placing token on slot 3
[15:22:17.488] [SEVERE ] removing player 4 token from slot 1
[15:22:17.489] [SEVERE ] removing player 4 token from slot 5
[15:22:17.489] [SEVERE ] removing player 4 token from slot 6
[15:22:17.490] [SEVERE ] player 3 placing token on slot 0
[15:22:17.490] [SEVERE ] player 4 placing token on slot 8
[15:22:17.491] [SEVERE ] player 2 placing token on slot 10
[15:22:17.491] [SEVERE ] player 3 placing token on slot 6
[15:22:17.494] [SEVERE ] removing player 1 token from slot 0
[15:22:17.494] [SEVERE ] removing player 1 token from slot 10
[15:22:17.495] [SEVERE ] removing player 1 token from slot 11
[15:22:17.495] [SEVERE ] player 4 placing token on slot 7
[15:22:17.496] [SEVERE ] player 1 placing token on slot 0
[15:22:17.496] [SEVERE ] player 3 placing token on slot 5
[15:22:17.497] [SEVERE ] removing player 2 token from slot 3
[15:22:17.498] [SEVERE ] removing player 2 token from slot 8
[15:22:17.498] [SEVERE ] removing player 2 token from slot 10
[15:22:17.499] [SEVERE ] player 4 placing token on slot 3
[15:22:17.499] [SEVERE ] player 1 placing token on slot 5
[15:22:17.500] [SEVERE ] removing player 3 token from slot 0
[15:22:17.501] [SEVERE ] removing player 3 token from slot 5
[15:22:17.501] [SEVERE ] removing player 3 token from slot 6
[15:22:17.502] [SEVERE ] player 2 placing token on slot 5
[15:22:17.502] [SEVERE ] player 1 placing token on slot 7
[15:22:17.503] [SEVERE ] removing player 4 token from slot 3
[15:22:17.504] [SEVERE ] removing player 4 token from slot 7
[15:22:17.504] [SEVERE ] removing player 4 token from slot 8
[15:22:17.504] [SEVERE ] player 3 placing token on slot 1
[15:22:17.504] [SEVERE ] player 2 placing token on slot 10
[15:22:17.506] [SEVERE ] removing player 1 token from slot 0
[15:22:17.506] [SEVERE ] removing player 1 token from slot 5
[15:22:17.507] [SEVERE ] removing player 1 token from slot 7
[15:22:17.508] [SEVERE ] player 4 placing token on slot 9
[15:22:17.508] [SEVERE ] player 1 placing token on slot 3
[15:22:17.508] [SEVERE ] removing player 2 token from slot 10
[15:22:17.509] [SEVERE ] player 2 placing token on slot 8
[15:22:17.510] [SEVERE ] player 2 placing token on slot 6
[15:22:17.508] [SEVERE ] player 3 placing token on slot 9
[15:22:17.509] [SEVERE ] player 1 placing token on slot 0
[15:22:17.508] [SEVERE ] player 4 placing token on slot 3
[15:22:17.514] [SEVERE ] removing player 2 token from slot 5
[15:22:17.514] [SEVERE ] removing player 2 token from slot 6
[15:22:17.515] [SEVERE ] removing player 2 token from slot 8
[15:22:17.515] [SEVERE ] player 1 placing token on slot 5
[15:22:17.515] [SEVERE ] player 3 placing token on slot 5
[15:22:17.515] [SEVERE ] player 2 placing token on slot 11
[15:22:17.515] [SEVERE ] removing player 4 token from slot 3
[15:22:17.517] [SEVERE ] removing player 1 token from slot 0
[15:22:17.517] [SEVERE ] removing player 1 token from slot 3
[15:22:17.518] [SEVERE ] removing player 1 token from slot 5
[15:22:17.518] [SEVERE ] removing player 3 token from slot 1
[15:22:17.518] [SEVERE ] removing player 3 token from slot 5
[15:22:17.519] [SEVERE ] removing player 3 token from slot 9
[15:22:17.519] [SEVERE ] player 2 placing token on slot 8
[15:22:17.520] [SEVERE ] player 2 placing token on slot 5
[15:22:17.519] [SEVERE ] player 3 placing token on slot 5
[15:22:17.519] [SEVERE ] player 1 placing token on slot 8
[15:22:17.519] [SEVERE ] player 4 placing token on slot 1
[15:22:17.522] [SEVERE ] removing player 2 token from slot 5
[15:22:17.523] [SEVERE ] removing player 2 token from slot 8
[15:22:17.523] [SEVERE ] removing player 2 token from slot 11
[15:22:17.527] [SEVERE ] removing player 3 token from slot 5
[15:22:17.527] [SEVERE ] removing player 4 token from slot 1
[15:22:17.527] [SEVERE ] player 1 placing token on slot 3
[15:22:17.531] [SEVERE ] player 4 placing token on slot 8
[15:22:17.531] [SEVERE ] player 2 placing token on slot 10
[15:22:17.532] [SEVERE ] player 2 placing token on slot 3
[15:22:17.533] [SEVERE ] player 2 placing token on slot 11
[15:22:17.530] [SEVERE ] player 3 placing token on slot 4
[15:22:17.532] [SEVERE ] removing player 4 token from slot 8
[15:22:17.531] [SEVERE ] player 1 placing token on slot 0
[15:22:17.535] [SEVERE ] removing player 2 token from slot 3
[15:22:17.535] [SEVERE ] removing player 2 token from slot 10
[15:22:17.536] [SEVERE ] removing player 2 token from slot 11
[15:22:17.536] [SEVERE ] removing player 1 token from slot 0
[15:22:17.536] [SEVERE ] removing player 1 token from slot 3
[15:22:17.538] [SEVERE ] removing player 1 token from slot 8
[15:22:17.539] [SEVERE ] player 1 placing token on slot 11
[15:22:17.540] [SEVERE ] removing player 1 token from slot 11
[15:22:17.540] [SEVERE ] player 1 placing token on slot 6
[15:22:17.540] [SEVERE ] player 1 placing token on slot 11
[15:22:17.541] [SEVERE ] player 1 placing token on slot 5
[15:22:17.541] [SEVERE ] removing player 1 token from slot 5
[15:22:17.542] [SEVERE ] removing player 1 token from slot 6
[15:22:17.542] [SEVERE ] removing player 1 token from slot 11
[15:22:17.543] [SEVERE ] player 1 placing token on slot 5
[15:22:17.543] [SEVERE ] player 1 placing token on slot 7
[15:22:17.543] [SEVERE ] player 1 placing token on slot 9
[15:22:17.544] [SEVERE ] removing player 1 token from slot 5
[15:22:17.544] [SEVERE ] removing player 1 token from slot 7
[15:22:17.545] [SEVERE ] removing player 1 token from slot 9
[15:22:17.546] [SEVERE ] player 3 placing token on slot 3
[15:22:17.546] [SEVERE ] player 1 placing token on slot 10
[15:22:17.548] [SEVERE ] player 1 placing token on slot 0
[15:22:17.548] [SEVERE ] removing player 1 token from slot 10
[15:22:17.549] [SEVERE ] player 1 placing token on slot 2
[15:22:17.550] [SEVERE ] player 1 placing token on slot 3
[15:22:17.546] [SEVERE ] player 2 placing token on slot 2
[15:22:17.546] [SEVERE ] player 4 placing token on slot 1
[15:22:17.547] [SEVERE ] removing player 3 token from slot 4
[15:22:17.555] [SEVERE ] removing player 1 token from slot 0
[15:22:17.556] [SEVERE ] removing player 1 token from slot 2
[15:22:17.556] [SEVERE ] removing player 1 token from slot 3
[15:22:17.557] [SEVERE ] player 1 placing token on slot 4
[15:22:17.557] [SEVERE ] player 1 placing token on slot 8
[15:22:17.558] [SEVERE ] removing player 1 token from slot 4
[15:22:17.558] [SEVERE ] player 1 placing token on slot 9
[15:22:17.558] [SEVERE ] removing player 1 token from slot 9
[15:22:17.559] [SEVERE ] player 1 placing token on slot 0
[15:22:17.559] [SEVERE ] player 1 placing token on slot 4
[15:22:17.560] [SEVERE ] removing player 1 token from slot 0
[15:22:17.560] [SEVERE ] removing player 1 token from slot 4
[15:22:17.560] [SEVERE ] removing player 1 token from slot 8
[15:22:17.563] [SEVERE ] player 2 placing token on slot 8
[15:22:17.563] [SEVERE ] player 1 placing token on slot 0
[15:22:17.563] [SEVERE ] player 4 placing token on slot 3
[15:22:17.564] [SEVERE ] player 1 placing token on slot 11
[15:22:17.564] [SEVERE ] player 3 placing token on slot 1
[15:22:17.564] [SEVERE ] removing player 2 token from slot 2
[15:22:17.566] [SEVERE ] removing player 4 token from slot 1
[15:22:17.566] [SEVERE ] removing player 4 token from slot 3
[15:22:17.567] [SEVERE ] removing player 4 token from slot 9
[15:22:17.567] [SEVERE ] player 1 placing token on slot 8
[15:22:17.567] [SEVERE ] player 2 placing token on slot 6
[15:22:17.567] [SEVERE ] player 4 placing token on slot 6
[15:22:17.567] [SEVERE ] player 3 placing token on slot 4
[15:22:17.569] [SEVERE ] removing player 1 token from slot 0
[15:22:17.569] [SEVERE ] removing player 1 token from slot 8
[15:22:17.569] [SEVERE ] removing player 1 token from slot 11
[15:22:17.569] [SEVERE ] removing player 2 token from slot 6
[15:22:17.569] [SEVERE ] player 4 placing token on slot 5
[15:22:17.569] [SEVERE ] player 1 placing token on slot 9
[15:22:17.581] [SEVERE ] removing player 3 token from slot 1
[15:22:17.581] [SEVERE ] removing player 3 token from slot 3
[15:22:17.582] [SEVERE ] removing player 3 token from slot 4
[15:22:17.599] [SEVERE ] player 2 placing token on slot 11
[15:22:17.599] [SEVERE ] player 1 placing token on slot 5
[15:22:17.599] [SEVERE ] player 4 placing token on slot 1
[15:22:17.600] [SEVERE ] player 1 placing token on slot 10
[15:22:17.600] [SEVERE ] player 2 placing token on slot 7
[15:22:17.600] [SEVERE ] player 3 placing token on slot 2
[15:22:17.602] [SEVERE ] removing player 4 token from slot 1
[15:22:17.603] [SEVERE ] removing player 4 token from slot 5
[15:22:17.603] [SEVERE ] removing player 4 token from slot 6
[15:22:17.603] [SEVERE ] removing player 1 token from slot 5
[15:22:17.604] [SEVERE ] removing player 1 token from slot 9
[15:22:17.604] [SEVERE ] removing player 1 token from slot 10
[15:22:17.605] [SEVERE ] removing player 2 token from slot 7
[15:22:17.621] [SEVERE ] removing player 2 token from slot 8
[15:22:17.621] [SEVERE ] removing player 2 token from slot 11
[15:22:17.622] [SEVERE ] player 3 placing token on slot 1
[15:22:17.622] [SEVERE ] player 1 placing token on slot 8
[15:22:17.622] [SEVERE ] player 4 placing token on slot 6
[15:22:17.623] [SEVERE ] player 1 placing token on slot 4
[15:22:17.623] [SEVERE ] player 1 placing token on slot 9
[15:22:17.623] [SEVERE ] player 3 placing token on slot 4
[15:22:17.623] [SEVERE ] player 4 placing token on slot 5
[15:22:17.628] [SEVERE ] removing player 1 token from slot 4
[15:22:17.628] [SEVERE ] removing player 1 token from slot 8
[15:22:17.629] [SEVERE ] removing player 1 token from slot 9
[15:22:17.629] [SEVERE ] removing player 3 token from slot 1
[15:22:17.629] [SEVERE ] removing player 3 token from slot 2
[15:22:17.630] [SEVERE ] removing player 3 token from slot 4
[15:22:17.632] [SEVERE ] player 2 placing token on slot 1
[15:22:17.633] [SEVERE ] player 3 placing token on slot 1
[15:22:17.632] [SEVERE ] player 1 placing token on slot 7
[15:22:17.632] [SEVERE ] removing player 4 token from slot 5
[15:22:17.634] [SEVERE ] player 1 placing token on slot 9
[15:22:17.635] [SEVERE ] removing player 1 token from slot 9
[15:22:17.635] [SEVERE ] player 1 placing token on slot 11
[15:22:17.636] [SEVERE ] player 1 placing token on slot 8
[15:22:17.633] [SEVERE ] player 2 placing token on slot 7
[15:22:17.634] [SEVERE ] player 4 placing token on slot 9
[15:22:17.637] [SEVERE ] removing player 1 token from slot 7
[15:22:17.637] [SEVERE ] removing player 1 token from slot 8
[15:22:17.638] [SEVERE ] removing player 1 token from slot 11
[15:22:17.638] [SEVERE ] player 1 placing token on slot 0
[15:22:17.639] [SEVERE ] player 1 placing token on slot 4
[15:22:17.639] [SEVERE ] player 1 placing token on slot 7
[15:22:17.639] [SEVERE ] removing player 1 token from slot 0
[15:22:17.640] [SEVERE ] removing player 1 token from slot 4
[15:22:17.640] [SEVERE ] removing player 1 token from slot 7
[15:22:17.641] [SEVERE ] player 1 placing token on slot 7
[15:22:17.642] [SEVERE ] player 1 placing token on slot 2
[15:22:17.642] [SEVERE ] player 1 placing token on slot 3
[15:22:17.641] [SEVERE ] player 3 placing token on slot 0
[15:22:17.642] [SEVERE ] player 4 placing token on slot 2
[15:22:17.642] [SEVERE ] player 2 placing token on slot 4
[15:22:17.650] [SEVERE ] removing player 1 token from slot 2
[15:22:17.651] [SEVERE ] removing player 1 token from slot 3
[15:22:17.651] [SEVERE ] removing player 1 token from slot 7
[15:22:17.651] [SEVERE ] removing player 4 token from slot 2
[15:22:17.652] [SEVERE ] removing player 4 token from slot 6
[15:22:17.652] [SEVERE ] removing player 4 token from slot 9
[15:22:17.652] [SEVERE ] removing player 2 token from slot 1
[15:22:17.653] [SEVERE ] removing player 2 token from slot 4
[15:22:17.653] [SEVERE ] removing player 2 token from slot 7
[15:22:17.654] [SEVERE ] removing player 3 token from slot 0
[15:22:17.654] [SEVERE ] player 4 placing token on slot 4
[15:22:17.654] [SEVERE ] player 1 placing token on slot 10
[15:22:17.655] [SEVERE ] player 4 placing token on slot 7
[15:22:17.656] [SEVERE ] player 4 placing token on slot 6
[15:22:17.654] [SEVERE ] player 3 placing token on slot 8
[15:22:17.655] [SEVERE ] player 1 placing token on slot 4
[15:22:17.665] [SEVERE ] removing player 4 token from slot 4
[15:22:17.665] [SEVERE ] removing player 4 token from slot 6
[15:22:17.666] [SEVERE ] removing player 4 token from slot 7
[15:22:17.666] [SEVERE ] player 4 placing token on slot 7
[15:22:17.666] [SEVERE ] player 4 placing token on slot 3
[15:22:17.667] [SEVERE ] player 4 placing token on slot 0
[15:22:17.667] [SEVERE ] removing player 4 token from slot 0
[15:22:17.668] [SEVERE ] removing player 4 token from slot 3
[15:22:17.668] [SEVERE ] removing player 4 token from slot 7
[15:22:17.668] [SEVERE ] player 4 placing token on slot 6
[15:22:17.669] [SEVERE ] player 4 placing token on slot 7
[15:22:17.669] [SEVERE ] removing player 4 token from slot 7
[15:22:17.669] [SEVERE ] player 4 placing token on slot 8
[15:22:17.670] [SEVERE ] player 4 placing token on slot 7
[15:22:17.670] [SEVERE ] player 2 placing token on slot 6
[15:22:17.671] [SEVERE ] player 2 placing token on slot 3
[15:22:17.671] [SEVERE ] player 1 placing token on slot 2
[15:22:17.671] [SEVERE ] removing player 3 token from slot 1
[15:22:17.676] [SEVERE ] removing player 4 token from slot 6
[15:22:17.677] [SEVERE ] removing player 4 token from slot 7
[15:22:17.677] [SEVERE ] removing player 4 token from slot 8
[15:22:17.678] [SEVERE ] removing player 1 token from slot 2
[15:22:17.678] [SEVERE ] removing player 1 token from slot 4
[15:22:17.679] [SEVERE ] removing player 1 token from slot 10
[15:22:17.679] [SEVERE ] player 1 placing token on slot 5
[15:22:17.680] [SEVERE ] player 1 placing token on slot 6
[15:22:17.680] [SEVERE ] player 1 placing token on slot 2
[15:22:17.680] [SEVERE ] removing player 1 token from slot 2
[15:22:17.681] [SEVERE ] removing player 1 token from slot 5
[15:22:17.681] [SEVERE ] removing player 1 token from slot 6
[15:22:17.682] [SEVERE ] player 1 placing token on slot 3
[15:22:17.682] [SEVERE ] player 1 placing token on slot 4
[15:22:17.682] [SEVERE ] player 1 placing token on slot 6
[15:22:17.683] [SEVERE ] removing player 1 token from slot 3
[15:22:17.683] [SEVERE ] removing player 1 token from slot 4
[15:22:17.683] [SEVERE ] removing player 1 token from slot 6
[15:22:17.684] [SEVERE ] player 1 placing token on slot 2
[15:22:17.685] [SEVERE ] player 1 placing token on slot 7
[15:22:17.685] [SEVERE ] player 1 placing token on slot 10
[15:22:17.686] [SEVERE ] player 3 placing token on slot 5
[15:22:17.685] [SEVERE ] player 2 placing token on slot 4
[15:22:17.686] [SEVERE ] player 4 placing token on slot 8
[15:22:17.687] [SEVERE ] removing player 1 token from slot 2
[15:22:17.687] [SEVERE ] removing player 1 token from slot 7
[15:22:17.688] [SEVERE ] removing player 1 token from slot 10
[15:22:17.688] [SEVERE ] removing player 2 token from slot 3
[15:22:17.689] [SEVERE ] removing player 2 token from slot 4
[15:22:17.689] [SEVERE ] removing player 2 token from slot 6
[15:22:17.693] [SEVERE ] player 3 placing token on slot 1
[15:22:17.693] [SEVERE ] player 1 placing token on slot 5
[15:22:17.693] [SEVERE ] player 4 placing token on slot 7
[15:22:17.694] [SEVERE ] player 2 placing token on slot 0
[15:22:17.695] [SEVERE ] removing player 3 token from slot 1
[15:22:17.695] [SEVERE ] removing player 3 token from slot 5
[15:22:17.696] [SEVERE ] removing player 3 token from slot 8
[15:22:17.696] [SEVERE ] player 1 placing token on slot 10
[15:22:17.697] [SEVERE ] player 3 placing token on slot 3
[15:22:17.697] [SEVERE ] player 3 placing token on slot 6
[15:22:17.697] [SEVERE ] player 3 placing token on slot 2
[15:22:17.696] [SEVERE ] player 2 placing token on slot 9
[15:22:17.696] [SEVERE ] player 4 placing token on slot 2
[15:22:17.697] [SEVERE ] removing player 1 token from slot 5
[15:22:17.700] [SEVERE ] removing player 3 token from slot 2
[15:22:17.700] [SEVERE ] removing player 3 token from slot 3
[15:22:17.700] [SEVERE ] removing player 3 token from slot 6
[15:22:17.701] [SEVERE ] removing player 4 token from slot 2
[15:22:17.701] [SEVERE ] removing player 4 token from slot 7
[15:22:17.701] [SEVERE ] removing player 4 token from slot 8
[15:22:17.702] [SEVERE ] player 4 placing token on slot 2
[15:22:17.702] [SEVERE ] player 4 placing token on slot 10
[15:22:17.702] [SEVERE ] player 4 placing token on slot 6
[15:22:17.703] [SEVERE ] removing player 4 token from slot 2
[15:22:17.703] [SEVERE ] removing player 4 token from slot 6
[15:22:17.703] [SEVERE ] removing player 4 token from slot 10
[15:22:17.704] [SEVERE ] player 4 placing token on slot 5
[15:22:17.704] [SEVERE ] player 4 placing token on slot 10
[15:22:17.706] [SEVERE ] player 1 placing token on slot 2
[15:22:17.707] [SEVERE ] player 1 placing token on slot 11
[15:22:17.712] [SEVERE ] removing player 2 token from slot 0
[15:22:17.706] [SEVERE ] player 3 placing token on slot 0
[15:22:17.707] [SEVERE ] player 4 placing token on slot 6
[15:22:17.714] [SEVERE ] removing player 1 token from slot 2
[15:22:17.714] [SEVERE ] removing player 1 token from slot 10
[15:22:17.714] [SEVERE ] removing player 1 token from slot 11
[15:22:17.715] [SEVERE ] player 2 placing token on slot 8
[15:22:17.715] [SEVERE ] player 3 placing token on slot 6
[15:22:17.715] [SEVERE ] player 1 placing token on slot 4
[15:22:17.716] [SEVERE ] removing player 4 token from slot 5
[15:22:17.716] [SEVERE ] removing player 4 token from slot 6
[15:22:17.716] [SEVERE ] removing player 4 token from slot 10
[15:22:17.717] [SEVERE ] removing player 2 token from slot 9
[15:22:17.717] [SEVERE ] player 4 placing token on slot 11
[15:22:17.717] [SEVERE ] player 1 placing token on slot 8
[15:22:17.717] [SEVERE ] removing player 3 token from slot 0
[15:22:17.718] [SEVERE ] player 3 placing token on slot 7
[15:22:17.719] [SEVERE ] player 3 placing token on slot 9
[15:22:17.717] [SEVERE ] player 2 placing token on slot 11
[15:22:17.718] [SEVERE ] player 1 placing token on slot 11
[15:22:17.717] [SEVERE ] player 4 placing token on slot 3
[15:22:17.722] [SEVERE ] removing player 3 token from slot 6
[15:22:17.722] [SEVERE ] removing player 3 token from slot 7
[15:22:17.723] [SEVERE ] removing player 3 token from slot 9
[15:22:17.723] [SEVERE ] removing player 1 token from slot 4
[15:22:17.723] [SEVERE ] removing player 1 token from slot 8
[15:22:17.724] [SEVERE ] removing player 1 token from slot 11
[15:22:17.724] [SEVERE ] player 1 placing token on slot 7
[15:22:17.724] [SEVERE ] player 1 placing token on slot 8
[15:22:17.725] [SEVERE ] player 1 placing token on slot 5
[15:22:17.725] [SEVERE ] removing player 1 token from slot 5
[15:22:17.726] [SEVERE ] removing player 1 token from slot 7
[15:22:17.726] [SEVERE ] removing player 1 token from slot 8
[15:22:17.726] [SEVERE ] player 1 placing token on slot 10
[15:22:17.727] [SEVERE ] player 1 placing token on slot 8
[15:22:17.727] [SEVERE ] player 3 placing token on slot 6
[15:22:17.727] [SEVERE ] player 4 placing token on slot 10
[15:22:17.727] [SEVERE ] player 2 placing token on slot 1
[15:22:17.728] [SEVERE ] player 3 placing token on slot 0
[15:22:17.727] [SEVERE ] player 1 placing token on slot 11
[15:22:17.729] [SEVERE ] removing player 4 token from slot 3
[15:22:17.730] [SEVERE ] removing player 4 token from slot 10
[15:22:17.730] [SEVERE ] removing player 4 token from slot 11
[15:22:17.730] [SEVERE ] player 3 placing token on slot 11
[15:22:17.731] [SEVERE ] removing player 2 token from slot 1
[15:22:17.731] [SEVERE ] removing player 2 token from slot 8
[15:22:17.731] [SEVERE ] removing player 2 token from slot 11
[15:22:17.732] [SEVERE ] player 4 placing token on slot 0
[15:22:17.732] [SEVERE ] removing player 1 token from slot 8
[15:22:17.732] [SEVERE ] removing player 1 token from slot 10
[15:22:17.733] [SEVERE ] removing player 1 token from slot 11
[15:22:17.733] [SEVERE ] player 2 placing token on slot 1
[15:22:17.734] [SEVERE ] player 4 placing token on slot 11
[15:22:17.734] [SEVERE ] removing player 3 token from slot 0
[15:22:17.735] [SEVERE ] removing player 3 token from slot 6
[15:22:17.735] [SEVERE ] removing player 3 token from slot 11
[15:22:17.735] [SEVERE ] player 1 placing token on slot 11
[15:22:17.736] [SEVERE ] player 1 placing token on slot 0
[15:22:17.736] [SEVERE ] player 1 placing token on slot 6
[15:22:17.736] [SEVERE ] player 4 placing token on slot 10
[15:22:17.737] [SEVERE ] player 2 placing token on slot 6
[15:22:17.736] [SEVERE ] player 3 placing token on slot 1
[15:22:17.737] [SEVERE ] removing player 1 token from slot 0
[15:22:17.738] [SEVERE ] removing player 1 token from slot 6
[15:22:17.738] [SEVERE ] removing player 1 token from slot 11
[15:22:17.738] [SEVERE ] removing player 4 token from slot 0
[15:22:17.739] [SEVERE ] removing player 4 token from slot 10
[15:22:17.739] [SEVERE ] removing player 4 token from slot 11
[15:22:17.739] [SEVERE ] player 4 placing token on slot 11
[15:22:17.740] [SEVERE ] player 4 placing token on slot 10
[15:22:17.740] [SEVERE ] player 4 placing token on slot 8
[15:22:17.740] [SEVERE ] removing player 4 token from slot 8
[15:22:17.741] [SEVERE ] removing player 4 token from slot 10
[15:22:17.741] [SEVERE ] removing player 4 token from slot 11
[15:22:17.744] [SEVERE ] player 2 placing token on slot 5
[15:22:17.744] [SEVERE ] player 1 placing token on slot 7
[15:22:17.744] [SEVERE ] player 3 placing token on slot 4
[15:22:17.744] [SEVERE ] player 4 placing token on slot 2
[15:22:17.746] [SEVERE ] removing player 2 token from slot 1
[15:22:17.747] [SEVERE ] removing player 2 token from slot 5
[15:22:17.747] [SEVERE ] removing player 2 token from slot 6
[15:22:17.747] [SEVERE ] player 1 placing token on slot 6
[15:22:17.747] [SEVERE ] player 1 placing token on slot 9
[15:22:17.748] [SEVERE ] removing player 1 token from slot 6
[15:22:17.748] [SEVERE ] removing player 1 token from slot 7
[15:22:17.749] [SEVERE ] removing player 1 token from slot 9
[15:22:17.749] [SEVERE ] player 1 placing token on slot 7
[15:22:17.749] [SEVERE ] player 1 placing token on slot 4
[15:22:17.750] [SEVERE ] player 1 placing token on slot 9
[15:22:17.750] [SEVERE ] removing player 1 token from slot 4
[15:22:17.751] [SEVERE ] removing player 3 token from slot 4
[15:22:17.751] [SEVERE ] removing card from slot 4
[15:22:17.752] [SEVERE ] removing player 1 token from slot 7
[15:22:17.752] [SEVERE ] removing card from slot 7
[15:22:17.753] [SEVERE ] removing player 1 token from slot 9
[15:22:17.753] [SEVERE ] removing card from slot 9
[15:22:17.755] [SEVERE ] placing card 3 in slot 4
[15:22:17.756] [SEVERE ] placing card 70 in slot 7
[15:22:17.757] [SEVERE ] placing card 16 in slot 9
[15:22:17.767] [SEVERE ] setting player 1 score to 1
[15:22:17.767] [SEVERE ] player 1 placing token on slot 10
[15:22:17.767] [SEVERE ] player 1 placing token on slot 11
[15:22:17.768] [SEVERE ] player 1 placing token on slot 2
[15:22:17.768] [SEVERE ] removing player 1 token from slot 2
[15:22:17.768] [SEVERE ] removing player 1 token from slot 10
[15:22:17.769] [SEVERE ] removing player 1 token from slot 11
[15:22:17.769] [SEVERE ] player 1 placing token on slot 9
[15:22:17.769] [SEVERE ] player 1 placing token on slot 1
[15:22:17.769] [SEVERE ] player 1 placing token on slot 0
[15:22:17.773] [SEVERE ] player 4 placing token on slot 3
[15:22:17.774] [SEVERE ] player 4 placing token on slot 7
[15:22:17.777] [SEVERE ] player 2 placing token on slot 4
[15:22:17.773] [SEVERE ] player 3 placing token on slot 0
[15:22:17.782] [SEVERE ] removing player 1 token from slot 0
[15:22:17.783] [SEVERE ] removing player 1 token from slot 1
[15:22:17.783] [SEVERE ] removing player 1 token from slot 9
[15:22:17.784] [SEVERE ] removing player 3 token from slot 0
[15:22:17.785] [SEVERE ] removing card from slot 0
[15:22:17.798] [SEVERE ] removing player 3 token from slot 1
[15:22:17.799] [SEVERE ] removing card from slot 1
[15:22:17.800] [SEVERE ] removing player 4 token from slot 2
[15:22:17.800] [SEVERE ] removing card from slot 2
[15:22:17.801] [SEVERE ] removing player 4 token from slot 3
[15:22:17.801] [SEVERE ] removing card from slot 3
[15:22:17.802] [SEVERE ] removing player 2 token from slot 4
[15:22:17.802] [SEVERE ] removing card from slot 4
[15:22:17.804] [SEVERE ] removing card from slot 5
[15:22:17.807] [SEVERE ] removing card from slot 6
[15:22:17.808] [SEVERE ] removing player 4 token from slot 7
[15:22:17.808] [SEVERE ] removing card from slot 7
[15:22:17.808] [SEVERE ] removing card from slot 8
[15:22:17.808] [SEVERE ] removing card from slot 9
[15:22:17.809] [SEVERE ] removing card from slot 10
[15:22:17.809] [SEVERE ] removing card from slot 11
[15:22:17.809] [SEVERE ] placing card 78 in slot 0
[15:22:17.809] [SEVERE ] placing card 2 in slot 1
[15:22:17.809] [SEVERE ] placing card 77 in slot 2
[15:22:17.810] [SEVERE ] placing card 35 in slot 3
[15:22:17.810] [SEVERE ] placing card 19 in slot 4
[15:22:17.822] [SEVERE ] placing card 50 in slot 5
[15:22:17.826] [SEVERE ] placing card 6 in slot 6
[15:22:17.827] [SEVERE ] placing card 75 in slot 7
[15:22:17.827] [SEVERE ] placing card 51 in slot 8
[15:22:17.828] [SEVERE ] placing card 49 in slot 9
[15:22:17.829] [SEVERE ] placing card 57 in slot 10
[15:22:17.829] [SEVERE ] placing card 37 in slot 11
[15:22:17.833] [SEVERE ] player 1 placing token on slot 10
[15:22:17.835] [SEVERE ] player 3 placing token on slot 11
[15:22:17.835] [SEVERE ] player 2 placing token on slot 0
[15:22:17.833] [SEVERE ] player 4 placing token on slot 4
[15:22:17.836] [SEVERE ] removing player 2 token from slot 0
[15:22:17.835] [SEVERE ] removing player 3 token from slot 11
[15:22:17.835] [SEVERE ] player 1 placing token on slot 1
[15:22:17.837] [SEVERE ] player 1 placing token on slot 3
[15:22:17.836] [SEVERE ] player 3 placing token on slot 3
[15:22:17.836] [SEVERE ] player 2 placing token on slot 8
[15:22:17.836] [SEVERE ] player 4 placing token on slot 11
[15:22:17.847] [SEVERE ] removing player 1 token from slot 1
[15:22:17.847] [SEVERE ] removing player 1 token from slot 3
[15:22:17.847] [SEVERE ] removing player 1 token from slot 10
[15:22:17.848] [SEVERE ] player 1 placing token on slot 1
[15:22:17.848] [SEVERE ] player 4 placing token on slot 5
[15:22:17.848] [SEVERE ] player 2 placing token on slot 0
[15:22:17.848] [SEVERE ] player 3 placing token on slot 4
[15:22:17.848] [SEVERE ] player 1 placing token on slot 9
[15:22:17.850] [SEVERE ] removing player 4 token from slot 4
[15:22:17.850] [SEVERE ] removing player 4 token from slot 5
[15:22:17.850] [SEVERE ] removing player 4 token from slot 11
[15:22:17.851] [SEVERE ] player 4 placing token on slot 5
[15:22:17.851] [SEVERE ] player 4 placing token on slot 4
[15:22:17.851] [SEVERE ] player 4 placing token on slot 10
[15:22:17.851] [SEVERE ] player 2 placing token on slot 11
[15:22:17.852] [SEVERE ] player 1 placing token on slot 0
[15:22:17.852] [SEVERE ] player 3 placing token on slot 7
[15:22:17.853] [SEVERE ] removing player 4 token from slot 4
[15:22:17.853] [SEVERE ] removing player 4 token from slot 5
[15:22:17.853] [SEVERE ] removing player 4 token from slot 10
[15:22:17.854] [SEVERE ] removing player 2 token from slot 0
[15:22:17.854] [SEVERE ] removing player 2 token from slot 8
[15:22:17.854] [SEVERE ] removing player 2 token from slot 11
[15:22:17.854] [SEVERE ] player 2 placing token on slot 3
[15:22:17.855] [SEVERE ] player 2 placing token on slot 1
[15:22:17.855] [SEVERE ] player 2 placing token on slot 8
[15:22:17.855] [SEVERE ] player 2 placing token on slot 10
[15:22:17.857] [SEVERE ] player 2 placing token on slot 5
[15:22:17.857] [SEVERE ] player 2 placing token on slot 9
[15:22:17.857] [SEVERE ] removing player 2 token from slot 3
[15:22:17.857] [SEVERE ] removing player 2 token from slot 9
[15:22:17.858] [SEVERE ] removing player 2 token from slot 5
[15:22:17.858] [SEVERE ] player 4 placing token on slot 3
[15:22:17.858] [SEVERE ] player 3 placing token on slot 11
[15:22:17.859] [SEVERE ] removing player 1 token from slot 0
[15:22:17.859] [SEVERE ] removing player 1 token from slot 1
[15:22:17.859] [SEVERE ] removing player 1 token from slot 9
[15:22:17.860] [SEVERE ] removing player 3 token from slot 3
[15:22:17.860] [SEVERE ] removing player 3 token from slot 4
[15:22:17.860] [SEVERE ] removing player 3 token from slot 7
[15:22:17.861] [SEVERE ] removing player 2 token from slot 1
[15:22:17.861] [SEVERE ] removing player 2 token from slot 8
[15:22:17.861] [SEVERE ] removing player 2 token from slot 10
[15:22:17.862] [SEVERE ] player 4 placing token on slot 0
[15:22:17.862] [SEVERE ] player 1 placing token on slot 3
[15:22:17.862] [SEVERE ] player 3 placing token on slot 1
[15:22:17.862] [SEVERE ] player 2 placing token on slot 4
[15:22:17.863] [SEVERE ] removing player 4 token from slot 0
[15:22:17.864] [SEVERE ] removing card from slot 0
[15:22:17.868] [INFO   ] thread dealer terminated.
[15:22:19.323] [SEVERE ] exit button pressed
[15:22:22.869] [SEVERE ] thanks for playing... it was fun!
[15:22:22.874] [INFO   ] thread main terminated.
