[18:47:18.526] [INFO   ] thread main starting.
[18:47:18.538] [SEVERE ] cannot read configuration file config.properties trying from resources.
[18:47:18.543] [SEVERE ] configuration file was loaded from resources directory.
[18:47:19.923] [INFO   ] thread dealer starting.
[18:47:20.021] [SEVERE ] placing card 33 in slot 0
[18:47:20.063] [SEVERE ] placing card 20 in slot 1
[18:47:20.064] [SEVERE ] placing card 46 in slot 2
[18:47:20.064] [SEVERE ] placing card 80 in slot 3
[18:47:20.065] [SEVERE ] placing card 62 in slot 4
[18:47:20.066] [SEVERE ] placing card 50 in slot 5
[18:47:20.067] [SEVERE ] placing card 51 in slot 6
[18:47:20.068] [SEVERE ] placing card 42 in slot 7
[18:47:20.069] [SEVERE ] placing card 34 in slot 8
[18:47:20.069] [SEVERE ] placing card 31 in slot 9
[18:47:20.069] [SEVERE ] placing card 14 in slot 10
[18:47:20.070] [SEVERE ] placing card 54 in slot 11
[18:47:20.089] [SEVERE ] player 2 placing token on slot 6
[18:47:20.089] [SEVERE ] player 1 placing token on slot 10
[18:47:20.091] [SEVERE ] player 1 placing token on slot 1
[18:47:20.089] [SEVERE ] player 3 placing token on slot 0
[18:47:20.089] [SEVERE ] player 4 placing token on slot 6
[18:47:20.093] [SEVERE ] player 4 placing token on slot 2
[18:47:20.093] [SEVERE ] player 3 placing token on slot 1
[18:47:20.092] [SEVERE ] player 1 placing token on slot 6
[18:47:20.091] [SEVERE ] player 2 placing token on slot 9
[18:47:20.096] [SEVERE ] removing player 2 token from slot 6
[18:47:20.095] [SEVERE ] player 3 placing token on slot 10
[18:47:20.094] [SEVERE ] player 4 placing token on slot 5
[18:47:20.098] [SEVERE ] removing player 1 token from slot 1
[18:47:20.098] [SEVERE ] removing player 1 token from slot 6
[18:47:20.099] [SEVERE ] removing player 1 token from slot 10
[18:47:20.101] [SEVERE ] player 2 placing token on slot 7
[18:47:20.104] [SEVERE ] removing player 3 token from slot 0
[18:47:20.105] [SEVERE ] removing card from slot 0
[18:47:20.111] [SEVERE ] removing player 3 token from slot 1
[18:47:20.112] [SEVERE ] removing card from slot 1
[18:47:20.112] [SEVERE ] removing player 4 token from slot 2
[18:47:20.113] [SEVERE ] removing card from slot 2
[18:47:20.115] [SEVERE ] removing card from slot 3
[18:47:20.115] [SEVERE ] removing card from slot 4
[18:47:20.116] [SEVERE ] removing player 4 token from slot 5
[18:47:20.116] [SEVERE ] removing card from slot 5
[18:47:20.117] [SEVERE ] removing player 4 token from slot 6
[18:47:20.118] [SEVERE ] removing card from slot 6
[18:47:20.119] [SEVERE ] removing player 2 token from slot 7
[18:47:20.119] [SEVERE ] removing card from slot 7
[18:47:20.120] [SEVERE ] removing card from slot 8
[18:47:20.121] [SEVERE ] removing player 2 token from slot 9
[18:47:20.122] [SEVERE ] removing card from slot 9
[18:47:20.151] [SEVERE ] removing player 3 token from slot 10
[18:47:20.152] [SEVERE ] removing card from slot 10
[18:47:20.152] [SEVERE ] removing card from slot 11
[18:47:20.153] [SEVERE ] placing card 72 in slot 0
[18:47:20.153] [SEVERE ] placing card 30 in slot 1
[18:47:20.154] [SEVERE ] placing card 43 in slot 2
[18:47:20.154] [SEVERE ] placing card 25 in slot 3
[18:47:20.155] [SEVERE ] placing card 49 in slot 4
[18:47:20.155] [SEVERE ] placing card 14 in slot 5
[18:47:20.156] [SEVERE ] placing card 47 in slot 6
[18:47:20.156] [SEVERE ] placing card 21 in slot 7
[18:47:20.157] [SEVERE ] placing card 26 in slot 8
[18:47:20.157] [SEVERE ] placing card 24 in slot 9
[18:47:20.159] [SEVERE ] placing card 16 in slot 10
[18:47:20.160] [SEVERE ] placing card 10 in slot 11
[18:47:20.173] [SEVERE ] player 1 placing token on slot 4
[18:47:20.174] [SEVERE ] player 2 placing token on slot 1
[18:47:20.174] [SEVERE ] player 3 placing token on slot 3
[18:47:20.173] [SEVERE ] player 4 placing token on slot 11
[18:47:20.176] [SEVERE ] removing player 3 token from slot 3
[18:47:20.176] [SEVERE ] player 2 placing token on slot 8
[18:47:20.175] [SEVERE ] player 1 placing token on slot 7
[18:47:20.178] [SEVERE ] player 2 placing token on slot 6
[18:47:20.177] [SEVERE ] player 3 placing token on slot 0
[18:47:20.177] [SEVERE ] player 4 placing token on slot 9
[18:47:20.179] [SEVERE ] player 1 placing token on slot 6
[18:47:20.183] [SEVERE ] removing player 2 token from slot 1
[18:47:20.184] [SEVERE ] removing player 2 token from slot 6
[18:47:20.184] [SEVERE ] removing player 2 token from slot 8
[18:47:20.185] [SEVERE ] player 3 placing token on slot 4
[18:47:20.185] [SEVERE ] player 2 placing token on slot 1
[18:47:20.185] [SEVERE ] player 4 placing token on slot 10
[18:47:20.187] [SEVERE ] removing player 1 token from slot 4
[18:47:20.187] [SEVERE ] removing player 1 token from slot 6
[18:47:20.188] [SEVERE ] removing player 1 token from slot 7
[18:47:20.189] [SEVERE ] player 3 placing token on slot 11
[18:47:20.189] [SEVERE ] player 2 placing token on slot 3
[18:47:20.190] [SEVERE ] removing player 3 token from slot 0
[18:47:20.191] [SEVERE ] removing card from slot 0
[18:47:20.191] [SEVERE ] removing player 2 token from slot 1
[18:47:20.192] [SEVERE ] removing card from slot 1
[18:47:20.192] [SEVERE ] removing card from slot 2
[18:47:20.193] [SEVERE ] removing player 2 token from slot 3
[18:47:20.193] [SEVERE ] removing card from slot 3
[18:47:20.194] [SEVERE ] removing player 3 token from slot 4
[18:47:20.194] [SEVERE ] removing card from slot 4
[18:47:20.195] [SEVERE ] removing card from slot 5
[18:47:20.198] [SEVERE ] removing card from slot 6
[18:47:20.199] [SEVERE ] removing card from slot 7
[18:47:20.199] [SEVERE ] removing card from slot 8
[18:47:20.200] [SEVERE ] removing player 4 token from slot 9
[18:47:20.201] [SEVERE ] removing card from slot 9
[18:47:20.211] [SEVERE ] removing player 4 token from slot 10
[18:47:20.212] [SEVERE ] removing card from slot 10
[18:47:20.212] [SEVERE ] removing player 3 token from slot 11
[18:47:20.214] [SEVERE ] removing player 4 token from slot 11
[18:47:20.214] [SEVERE ] removing card from slot 11
[18:47:20.215] [SEVERE ] placing card 0 in slot 0
[18:47:20.215] [SEVERE ] placing card 37 in slot 1
[18:47:20.215] [SEVERE ] placing card 48 in slot 2
[18:47:20.216] [SEVERE ] placing card 68 in slot 3
[18:47:20.217] [SEVERE ] placing card 34 in slot 4
[18:47:20.219] [SEVERE ] placing card 30 in slot 5
[18:47:20.230] [SEVERE ] placing card 42 in slot 6
[18:47:20.232] [SEVERE ] placing card 39 in slot 7
[18:47:20.232] [SEVERE ] placing card 20 in slot 8
[18:47:20.233] [SEVERE ] placing card 59 in slot 9
[18:47:20.233] [SEVERE ] placing card 32 in slot 10
[18:47:20.234] [SEVERE ] placing card 5 in slot 11
[18:47:20.242] [SEVERE ] player 1 placing token on slot 5
[18:47:20.242] [SEVERE ] player 4 placing token on slot 8
[18:47:20.243] [SEVERE ] player 1 placing token on slot 10
[18:47:20.243] [SEVERE ] player 4 placing token on slot 7
[18:47:20.244] [SEVERE ] player 3 placing token on slot 8
[18:47:20.244] [SEVERE ] player 2 placing token on slot 8
[18:47:20.244] [SEVERE ] player 1 placing token on slot 1
[18:47:20.245] [SEVERE ] player 3 placing token on slot 11
[18:47:20.246] [SEVERE ] removing player 3 token from slot 8
[18:47:20.245] [SEVERE ] player 2 placing token on slot 0
[18:47:20.244] [SEVERE ] player 4 placing token on slot 5
[18:47:20.249] [SEVERE ] removing player 1 token from slot 1
[18:47:20.249] [SEVERE ] removing player 1 token from slot 5
[18:47:20.250] [SEVERE ] removing player 1 token from slot 10
[18:47:20.250] [SEVERE ] player 3 placing token on slot 9
[18:47:20.250] [SEVERE ] player 1 placing token on slot 5
[18:47:20.250] [SEVERE ] player 2 placing token on slot 7
[18:47:20.252] [SEVERE ] removing player 4 token from slot 5
[18:47:20.253] [SEVERE ] removing player 4 token from slot 7
[18:47:20.253] [SEVERE ] removing player 4 token from slot 8
[18:47:20.254] [SEVERE ] player 3 placing token on slot 10
[18:47:20.254] [SEVERE ] player 1 placing token on slot 7
[18:47:20.255] [SEVERE ] removing player 1 token from slot 5
[18:47:20.255] [SEVERE ] player 1 placing token on slot 6
[18:47:20.256] [SEVERE ] removing player 2 token from slot 0
[18:47:20.257] [SEVERE ] removing card from slot 0
[18:47:20.258] [SEVERE ] removing card from slot 1
[18:47:20.259] [SEVERE ] removing card from slot 2
[18:47:20.259] [SEVERE ] removing card from slot 3
[18:47:20.260] [SEVERE ] removing card from slot 4
[18:47:20.260] [SEVERE ] removing card from slot 5
[18:47:20.261] [SEVERE ] removing player 1 token from slot 6
[18:47:20.261] [SEVERE ] removing card from slot 6
[18:47:20.273] [SEVERE ] removing player 1 token from slot 7
[18:47:20.275] [SEVERE ] removing player 2 token from slot 7
[18:47:20.275] [SEVERE ] removing card from slot 7
[18:47:20.276] [SEVERE ] removing player 2 token from slot 8
[18:47:20.276] [SEVERE ] removing card from slot 8
[18:47:20.278] [SEVERE ] removing player 3 token from slot 9
[18:47:20.278] [SEVERE ] removing card from slot 9
[18:47:20.279] [SEVERE ] removing player 3 token from slot 10
[18:47:20.280] [SEVERE ] removing card from slot 10
[18:47:20.280] [SEVERE ] removing player 3 token from slot 11
[18:47:20.281] [SEVERE ] removing card from slot 11
[18:47:20.282] [SEVERE ] placing card 31 in slot 0
[18:47:20.283] [SEVERE ] placing card 28 in slot 1
[18:47:20.283] [SEVERE ] placing card 71 in slot 2
[18:47:20.294] [SEVERE ] placing card 9 in slot 3
[18:47:20.295] [SEVERE ] placing card 6 in slot 4
[18:47:20.296] [SEVERE ] placing card 35 in slot 5
[18:47:20.296] [SEVERE ] placing card 3 in slot 6
[18:47:20.297] [SEVERE ] placing card 29 in slot 7
[18:47:20.297] [SEVERE ] placing card 64 in slot 8
[18:47:20.298] [SEVERE ] placing card 16 in slot 9
[18:47:20.298] [SEVERE ] placing card 36 in slot 10
[18:47:20.298] [SEVERE ] placing card 44 in slot 11
[18:47:20.303] [SEVERE ] player 1 placing token on slot 8
[18:47:20.303] [SEVERE ] player 2 placing token on slot 1
[18:47:20.303] [SEVERE ] player 3 placing token on slot 11
[18:47:20.303] [SEVERE ] player 4 placing token on slot 9
[18:47:20.305] [SEVERE ] player 3 placing token on slot 4
[18:47:20.304] [SEVERE ] player 2 placing token on slot 5
[18:47:20.304] [SEVERE ] removing player 1 token from slot 8
[18:47:20.308] [SEVERE ] player 1 placing token on slot 0
[18:47:20.307] [SEVERE ] removing player 2 token from slot 1
[18:47:20.309] [SEVERE ] player 2 placing token on slot 3
[18:47:20.309] [SEVERE ] player 2 placing token on slot 4
[18:47:20.306] [SEVERE ] player 3 placing token on slot 8
[18:47:20.306] [SEVERE ] player 4 placing token on slot 3
[18:47:20.308] [SEVERE ] removing player 1 token from slot 0
[18:47:20.311] [SEVERE ] removing player 2 token from slot 3
[18:47:20.312] [SEVERE ] removing player 2 token from slot 4
[18:47:20.312] [SEVERE ] removing player 2 token from slot 5
[18:47:20.312] [SEVERE ] player 4 placing token on slot 7
[18:47:20.313] [SEVERE ] player 2 placing token on slot 2
[18:47:20.312] [SEVERE ] player 1 placing token on slot 11
[18:47:20.314] [SEVERE ] removing player 3 token from slot 4
[18:47:20.315] [SEVERE ] removing player 3 token from slot 8
[18:47:20.315] [SEVERE ] removing player 3 token from slot 11
[18:47:20.316] [SEVERE ] player 2 placing token on slot 3
[18:47:20.316] [SEVERE ] player 1 placing token on slot 0
[18:47:20.316] [SEVERE ] player 2 placing token on slot 0
[18:47:20.318] [SEVERE ] removing player 1 token from slot 0
[18:47:20.319] [SEVERE ] removing player 2 token from slot 0
[18:47:20.319] [SEVERE ] removing card from slot 0
[18:47:20.319] [SEVERE ] removing card from slot 1
[18:47:20.320] [SEVERE ] removing player 2 token from slot 2
[18:47:20.320] [SEVERE ] removing card from slot 2
[18:47:20.320] [SEVERE ] removing player 2 token from slot 3
[18:47:20.321] [SEVERE ] removing player 4 token from slot 3
[18:47:20.321] [SEVERE ] removing card from slot 3
[18:47:20.321] [SEVERE ] removing card from slot 4
[18:47:20.321] [SEVERE ] removing card from slot 5
[18:47:20.323] [SEVERE ] removing card from slot 6
[18:47:20.323] [SEVERE ] removing player 4 token from slot 7
[18:47:20.324] [SEVERE ] removing card from slot 7
[18:47:20.325] [SEVERE ] removing card from slot 8
[18:47:20.326] [SEVERE ] removing player 4 token from slot 9
[18:47:20.326] [SEVERE ] removing card from slot 9
[18:47:20.333] [SEVERE ] removing card from slot 10
[18:47:20.334] [SEVERE ] removing player 1 token from slot 11
[18:47:20.334] [SEVERE ] removing card from slot 11
[18:47:20.335] [SEVERE ] placing card 37 in slot 0
[18:47:20.335] [SEVERE ] placing card 30 in slot 1
[18:47:20.336] [SEVERE ] placing card 16 in slot 2
[18:47:20.336] [SEVERE ] placing card 26 in slot 3
[18:47:20.337] [SEVERE ] placing card 80 in slot 4
[18:47:20.337] [SEVERE ] placing card 62 in slot 5
[18:47:20.338] [SEVERE ] placing card 73 in slot 6
[18:47:20.338] [SEVERE ] placing card 47 in slot 7
[18:47:20.339] [SEVERE ] placing card 29 in slot 8
[18:47:20.340] [SEVERE ] placing card 39 in slot 9
[18:47:20.340] [SEVERE ] placing card 77 in slot 10
[18:47:20.341] [SEVERE ] placing card 42 in slot 11
[18:47:20.344] [SEVERE ] player 1 placing token on slot 3
[18:47:20.344] [SEVERE ] player 4 placing token on slot 10
[18:47:20.345] [SEVERE ] player 3 placing token on slot 1
[18:47:20.346] [SEVERE ] player 3 placing token on slot 6
[18:47:20.345] [SEVERE ] player 2 placing token on slot 4
[18:47:20.345] [SEVERE ] player 1 placing token on slot 0
[18:47:20.347] [SEVERE ] player 2 placing token on slot 0
[18:47:20.347] [SEVERE ] player 3 placing token on slot 4
[18:47:20.345] [SEVERE ] player 4 placing token on slot 1
[18:47:20.348] [SEVERE ] removing player 2 token from slot 4
[18:47:20.348] [SEVERE ] player 1 placing token on slot 1
[18:47:20.350] [SEVERE ] removing player 3 token from slot 1
[18:47:20.350] [SEVERE ] removing player 3 token from slot 4
[18:47:20.351] [SEVERE ] removing player 3 token from slot 6
[18:47:20.351] [SEVERE ] removing player 4 token from slot 10
[18:47:20.352] [SEVERE ] player 2 placing token on slot 2
[18:47:20.351] [SEVERE ] player 3 placing token on slot 5
[18:47:20.352] [SEVERE ] removing player 1 token from slot 0
[18:47:20.353] [SEVERE ] removing player 1 token from slot 1
[18:47:20.353] [SEVERE ] removing player 1 token from slot 3
[18:47:20.354] [SEVERE ] removing player 4 token from slot 1
[18:47:20.354] [SEVERE ] player 3 placing token on slot 0
[18:47:20.354] [SEVERE ] player 1 placing token on slot 8
[18:47:20.354] [SEVERE ] player 2 placing token on slot 4
[18:47:20.355] [SEVERE ] player 1 placing token on slot 11
[18:47:20.355] [SEVERE ] removing player 3 token from slot 5
[18:47:20.354] [SEVERE ] player 4 placing token on slot 8
[18:47:20.357] [SEVERE ] removing player 2 token from slot 0
[18:47:20.358] [SEVERE ] removing player 3 token from slot 0
[18:47:20.358] [SEVERE ] removing card from slot 0
[18:47:20.362] [SEVERE ] removing card from slot 1
[18:47:20.362] [SEVERE ] removing player 2 token from slot 2
[18:47:20.364] [SEVERE ] removing card from slot 2
[18:47:20.364] [SEVERE ] removing card from slot 3
[18:47:20.364] [SEVERE ] removing player 2 token from slot 4
[18:47:20.365] [SEVERE ] removing card from slot 4
[18:47:20.365] [SEVERE ] removing card from slot 5
[18:47:20.365] [SEVERE ] removing card from slot 6
[18:47:20.365] [SEVERE ] removing card from slot 7
[18:47:20.365] [SEVERE ] removing player 1 token from slot 8
[18:47:20.365] [SEVERE ] removing player 4 token from slot 8
[18:47:20.366] [SEVERE ] removing card from slot 8
[18:47:20.366] [SEVERE ] removing card from slot 9
[18:47:20.367] [SEVERE ] removing card from slot 10
[18:47:20.368] [SEVERE ] removing player 1 token from slot 11
[18:47:20.369] [SEVERE ] removing card from slot 11
[18:47:20.369] [SEVERE ] placing card 74 in slot 0
[18:47:20.369] [SEVERE ] placing card 17 in slot 1
[18:47:20.370] [SEVERE ] placing card 25 in slot 2
[18:47:20.370] [SEVERE ] placing card 7 in slot 3
[18:47:20.384] [SEVERE ] placing card 40 in slot 4
[18:47:20.386] [SEVERE ] placing card 48 in slot 5
[18:47:20.387] [SEVERE ] placing card 80 in slot 6
[18:47:20.387] [SEVERE ] placing card 20 in slot 7
[18:47:20.388] [SEVERE ] placing card 37 in slot 8
[18:47:20.388] [SEVERE ] placing card 29 in slot 9
[18:47:20.389] [SEVERE ] placing card 10 in slot 10
[18:47:20.389] [SEVERE ] placing card 67 in slot 11
[18:47:20.392] [SEVERE ] player 1 placing token on slot 7
[18:47:20.392] [SEVERE ] player 4 placing token on slot 10
[18:47:20.393] [SEVERE ] removing player 1 token from slot 7
[18:47:20.397] [SEVERE ] player 4 placing token on slot 8
[18:47:20.397] [SEVERE ] player 2 placing token on slot 10
[18:47:20.396] [SEVERE ] player 3 placing token on slot 8
[18:47:20.397] [SEVERE ] player 2 placing token on slot 0
[18:47:20.397] [SEVERE ] player 4 placing token on slot 7
[18:47:20.397] [SEVERE ] player 1 placing token on slot 0
[18:47:20.399] [SEVERE ] player 3 placing token on slot 4
[18:47:20.399] [SEVERE ] player 2 placing token on slot 6
[18:47:20.400] [SEVERE ] player 1 placing token on slot 1
[18:47:20.401] [SEVERE ] removing player 4 token from slot 7
[18:47:20.401] [SEVERE ] removing player 4 token from slot 8
[18:47:20.402] [SEVERE ] removing player 4 token from slot 10
[18:47:20.402] [SEVERE ] player 3 placing token on slot 5
[18:47:20.402] [SEVERE ] player 1 placing token on slot 10
[18:47:20.403] [SEVERE ] removing player 1 token from slot 0
[18:47:20.404] [SEVERE ] removing player 2 token from slot 0
[18:47:20.404] [SEVERE ] removing card from slot 0
[18:47:20.418] [SEVERE ] removing player 1 token from slot 1
[18:47:20.419] [SEVERE ] removing card from slot 1
[18:47:20.419] [SEVERE ] removing card from slot 2
[18:47:20.420] [SEVERE ] removing card from slot 3
[18:47:20.420] [SEVERE ] removing player 3 token from slot 4
[18:47:20.421] [SEVERE ] removing card from slot 4
[18:47:20.421] [SEVERE ] removing player 3 token from slot 5
[18:47:20.421] [SEVERE ] removing card from slot 5
[18:47:20.422] [SEVERE ] removing player 2 token from slot 6
[18:47:20.422] [SEVERE ] removing card from slot 6
[18:47:20.423] [SEVERE ] removing card from slot 7
[18:47:20.423] [SEVERE ] removing player 3 token from slot 8
[18:47:20.423] [SEVERE ] removing card from slot 8
[18:47:20.424] [SEVERE ] removing card from slot 9
[18:47:20.424] [SEVERE ] removing player 1 token from slot 10
[18:47:20.425] [SEVERE ] removing player 2 token from slot 10
[18:47:20.425] [SEVERE ] removing card from slot 10
[18:47:20.425] [SEVERE ] removing card from slot 11
[18:47:20.426] [SEVERE ] placing card 50 in slot 0
[18:47:20.426] [SEVERE ] placing card 33 in slot 1
[18:47:20.428] [SEVERE ] placing card 41 in slot 2
[18:47:20.431] [SEVERE ] placing card 3 in slot 3
[18:47:20.432] [SEVERE ] placing card 47 in slot 4
[18:47:20.442] [SEVERE ] placing card 70 in slot 5
[18:47:20.443] [SEVERE ] placing card 25 in slot 6
[18:47:20.443] [SEVERE ] placing card 39 in slot 7
[18:47:20.444] [SEVERE ] placing card 0 in slot 8
[18:47:20.445] [SEVERE ] placing card 38 in slot 9
[18:47:20.446] [SEVERE ] placing card 65 in slot 10
[18:47:20.447] [SEVERE ] placing card 40 in slot 11
[18:47:20.450] [SEVERE ] player 1 placing token on slot 0
[18:47:20.450] [SEVERE ] player 1 placing token on slot 8
[18:47:20.451] [SEVERE ] removing player 1 token from slot 0
[18:47:20.451] [SEVERE ] player 1 placing token on slot 6
[18:47:20.451] [SEVERE ] removing player 1 token from slot 8
[18:47:20.452] [SEVERE ] player 1 placing token on slot 3
[18:47:20.452] [SEVERE ] player 1 placing token on slot 2
[18:47:20.450] [SEVERE ] player 2 placing token on slot 9
[18:47:20.450] [SEVERE ] player 4 placing token on slot 10
[18:47:20.455] [SEVERE ] removing player 1 token from slot 2
[18:47:20.455] [SEVERE ] removing player 1 token from slot 3
[18:47:20.456] [SEVERE ] removing player 1 token from slot 6
[18:47:20.456] [SEVERE ] player 1 placing token on slot 11
[18:47:20.457] [SEVERE ] player 1 placing token on slot 3
[18:47:20.458] [SEVERE ] player 1 placing token on slot 0
[18:47:20.458] [SEVERE ] player 3 placing token on slot 11
[18:47:20.459] [SEVERE ] player 3 placing token on slot 3
[18:47:20.459] [SEVERE ] player 3 placing token on slot 5
[18:47:20.460] [SEVERE ] player 2 placing token on slot 0
[18:47:20.460] [SEVERE ] player 4 placing token on slot 3
[18:47:20.460] [SEVERE ] removing player 1 token from slot 0
[18:47:20.461] [SEVERE ] removing player 1 token from slot 3
[18:47:20.461] [SEVERE ] removing player 1 token from slot 11
[18:47:20.462] [SEVERE ] removing player 2 token from slot 0
[18:47:20.463] [SEVERE ] removing card from slot 0
[18:47:20.470] [SEVERE ] removing card from slot 1
[18:47:20.470] [SEVERE ] removing card from slot 2
[18:47:20.472] [SEVERE ] removing player 3 token from slot 3
[18:47:20.473] [SEVERE ] removing player 4 token from slot 3
[18:47:20.473] [SEVERE ] removing card from slot 3
[18:47:20.473] [SEVERE ] removing card from slot 4
[18:47:20.474] [SEVERE ] removing player 3 token from slot 5
[18:47:20.474] [SEVERE ] removing card from slot 5
[18:47:20.474] [SEVERE ] removing card from slot 6
[18:47:20.474] [SEVERE ] removing card from slot 7
[18:47:20.475] [SEVERE ] removing card from slot 8
[18:47:20.477] [SEVERE ] removing player 2 token from slot 9
[18:47:20.477] [SEVERE ] removing card from slot 9
[18:47:20.480] [SEVERE ] removing player 4 token from slot 10
[18:47:20.481] [SEVERE ] removing card from slot 10
[18:47:20.481] [SEVERE ] removing player 3 token from slot 11
[18:47:20.482] [SEVERE ] removing card from slot 11
[18:47:20.488] [SEVERE ] placing card 18 in slot 0
[18:47:20.488] [SEVERE ] placing card 30 in slot 1
[18:47:20.489] [SEVERE ] placing card 21 in slot 2
[18:47:20.490] [SEVERE ] placing card 56 in slot 3
[18:47:20.493] [SEVERE ] placing card 79 in slot 4
[18:47:20.495] [SEVERE ] placing card 50 in slot 5
[18:47:20.497] [SEVERE ] placing card 67 in slot 6
[18:47:20.506] [SEVERE ] placing card 9 in slot 7
[18:47:20.507] [SEVERE ] placing card 2 in slot 8
[18:47:20.508] [SEVERE ] placing card 80 in slot 9
[18:47:20.508] [SEVERE ] placing card 60 in slot 10
[18:47:20.508] [SEVERE ] placing card 16 in slot 11
[18:47:20.511] [SEVERE ] player 2 placing token on slot 11
[18:47:20.511] [SEVERE ] player 1 placing token on slot 7
[18:47:20.511] [SEVERE ] player 4 placing token on slot 4
[18:47:20.512] [SEVERE ] player 1 placing token on slot 4
[18:47:20.513] [SEVERE ] player 1 placing token on slot 6
[18:47:20.513] [SEVERE ] player 3 placing token on slot 10
[18:47:20.512] [SEVERE ] player 2 placing token on slot 1
[18:47:20.512] [SEVERE ] player 4 placing token on slot 5
[18:47:20.515] [SEVERE ] removing player 1 token from slot 4
[18:47:20.516] [SEVERE ] removing player 1 token from slot 6
[18:47:20.516] [SEVERE ] removing player 1 token from slot 7
[18:47:20.517] [SEVERE ] player 1 placing token on slot 6
[18:47:20.517] [SEVERE ] player 2 placing token on slot 10
[18:47:20.517] [SEVERE ] removing player 4 token from slot 4
[18:47:20.518] [SEVERE ] player 4 placing token on slot 11
[18:47:20.517] [SEVERE ] player 3 placing token on slot 9
[18:47:20.518] [SEVERE ] removing player 2 token from slot 1
[18:47:20.517] [SEVERE ] player 1 placing token on slot 7
[18:47:20.519] [SEVERE ] removing player 2 token from slot 10
[18:47:20.520] [SEVERE ] removing player 2 token from slot 11
[18:47:20.520] [SEVERE ] removing player 2 token from slot 0
[18:47:20.520] [SEVERE ] player 4 placing token on slot 6
[18:47:20.521] [SEVERE ] player 3 placing token on slot 7
[18:47:20.521] [SEVERE ] player 1 placing token on slot 10
[18:47:20.521] [SEVERE ] player 2 placing token on slot 1
[18:47:20.521] [SEVERE ] player 4 placing token on slot 7
[18:47:20.522] [SEVERE ] removing player 4 token from slot 5
[18:47:20.522] [SEVERE ] removing player 4 token from slot 6
[18:47:20.523] [SEVERE ] removing player 4 token from slot 11
[18:47:20.527] [SEVERE ] player 2 placing token on slot 8
[18:47:20.527] [SEVERE ] player 4 placing token on slot 0
[18:47:20.531] [SEVERE ] removing player 4 token from slot 0
[18:47:20.531] [SEVERE ] removing card from slot 0
[18:47:20.543] [SEVERE ] removing player 2 token from slot 1
[18:47:20.543] [SEVERE ] removing card from slot 1
[18:47:20.550] [SEVERE ] removing card from slot 2
[18:47:20.555] [SEVERE ] removing card from slot 3
[18:47:20.572] [SEVERE ] removing card from slot 4
[18:47:20.574] [SEVERE ] removing card from slot 5
[18:47:20.579] [SEVERE ] removing player 1 token from slot 6
[18:47:20.580] [SEVERE ] removing card from slot 6
[18:47:20.593] [SEVERE ] removing player 1 token from slot 7
[18:47:20.594] [SEVERE ] removing player 3 token from slot 7
[18:47:20.594] [SEVERE ] removing player 4 token from slot 7
[18:47:20.594] [SEVERE ] removing card from slot 7
[18:47:20.595] [SEVERE ] removing player 2 token from slot 8
[18:47:20.596] [SEVERE ] removing card from slot 8
[18:47:20.596] [SEVERE ] removing player 3 token from slot 9
[18:47:20.598] [SEVERE ] removing card from slot 9
[18:47:20.599] [SEVERE ] removing player 1 token from slot 10
[18:47:20.599] [SEVERE ] removing player 3 token from slot 10
[18:47:20.600] [SEVERE ] removing card from slot 10
[18:47:20.614] [SEVERE ] removing card from slot 11
[18:47:20.615] [SEVERE ] placing card 75 in slot 0
[18:47:20.616] [SEVERE ] placing card 68 in slot 1
[18:47:20.616] [SEVERE ] placing card 33 in slot 2
[18:47:20.616] [SEVERE ] placing card 38 in slot 3
[18:47:20.617] [SEVERE ] placing card 28 in slot 4
[18:47:20.617] [SEVERE ] placing card 11 in slot 5
[18:47:20.617] [SEVERE ] placing card 56 in slot 6
[18:47:20.618] [SEVERE ] placing card 53 in slot 7
[18:47:20.618] [SEVERE ] placing card 42 in slot 8
[18:47:20.618] [SEVERE ] placing card 52 in slot 9
[18:47:20.619] [SEVERE ] placing card 45 in slot 10
[18:47:20.619] [SEVERE ] placing card 21 in slot 11
[18:47:20.622] [SEVERE ] player 1 placing token on slot 7
[18:47:20.623] [SEVERE ] player 1 placing token on slot 10
[18:47:20.624] [SEVERE ] player 1 placing token on slot 11
[18:47:20.622] [SEVERE ] player 3 placing token on slot 3
[18:47:20.622] [SEVERE ] player 4 placing token on slot 7
[18:47:20.622] [SEVERE ] player 2 placing token on slot 11
[18:47:20.629] [SEVERE ] removing player 1 token from slot 7
[18:47:20.630] [SEVERE ] removing player 1 token from slot 10
[18:47:20.630] [SEVERE ] removing player 1 token from slot 11
[18:47:20.631] [SEVERE ] player 3 placing token on slot 9
[18:47:20.631] [SEVERE ] player 3 placing token on slot 4
[18:47:20.631] [SEVERE ] player 2 placing token on slot 9
[18:47:20.631] [SEVERE ] player 1 placing token on slot 0
[18:47:20.631] [SEVERE ] player 4 placing token on slot 8
[18:47:20.633] [SEVERE ] removing player 3 token from slot 3
[18:47:20.634] [SEVERE ] removing player 3 token from slot 4
[18:47:20.634] [SEVERE ] removing player 3 token from slot 9
[18:47:20.634] [SEVERE ] player 2 placing token on slot 6
[18:47:20.635] [SEVERE ] player 4 placing token on slot 9
[18:47:20.635] [SEVERE ] removing player 1 token from slot 0
[18:47:20.635] [SEVERE ] removing player 2 token from slot 6
[18:47:20.637] [SEVERE ] removing card from slot 0
[18:47:20.644] [SEVERE ] removing card from slot 1
[18:47:20.644] [SEVERE ] removing card from slot 2
[18:47:20.646] [SEVERE ] removing card from slot 3
[18:47:20.646] [SEVERE ] removing card from slot 4
[18:47:20.646] [SEVERE ] removing card from slot 5
[18:47:20.647] [SEVERE ] removing card from slot 6
[18:47:20.648] [SEVERE ] removing player 4 token from slot 7
[18:47:20.648] [SEVERE ] removing card from slot 7
[18:47:20.648] [SEVERE ] removing player 4 token from slot 8
[18:47:20.649] [SEVERE ] removing card from slot 8
[18:47:20.649] [SEVERE ] removing player 2 token from slot 9
[18:47:20.649] [SEVERE ] removing player 4 token from slot 9
[18:47:20.650] [SEVERE ] removing card from slot 9
[18:47:20.654] [SEVERE ] removing card from slot 10
[18:47:20.654] [SEVERE ] removing player 2 token from slot 11
[18:47:20.655] [SEVERE ] removing card from slot 11
[18:47:20.656] [SEVERE ] placing card 74 in slot 0
[18:47:20.656] [SEVERE ] placing card 36 in slot 1
[18:47:20.656] [SEVERE ] placing card 55 in slot 2
[18:47:20.666] [SEVERE ] placing card 30 in slot 3
[18:47:20.667] [SEVERE ] placing card 52 in slot 4
[18:47:20.668] [SEVERE ] placing card 38 in slot 5
[18:47:20.668] [SEVERE ] placing card 53 in slot 6
[18:47:20.669] [SEVERE ] placing card 51 in slot 7
[18:47:20.670] [SEVERE ] placing card 48 in slot 8
[18:47:20.670] [SEVERE ] placing card 16 in slot 9
[18:47:20.670] [SEVERE ] placing card 8 in slot 10
[18:47:20.671] [SEVERE ] placing card 11 in slot 11
[18:47:20.674] [SEVERE ] player 4 placing token on slot 5
[18:47:20.674] [SEVERE ] player 1 placing token on slot 10
[18:47:20.675] [SEVERE ] player 4 placing token on slot 1
[18:47:20.675] [SEVERE ] player 1 placing token on slot 1
[18:47:20.676] [SEVERE ] player 4 placing token on slot 7
[18:47:20.676] [SEVERE ] player 1 placing token on slot 9
[18:47:20.677] [SEVERE ] removing player 4 token from slot 1
[18:47:20.677] [SEVERE ] removing player 4 token from slot 5
[18:47:20.677] [SEVERE ] removing player 4 token from slot 7
[18:47:20.678] [SEVERE ] player 4 placing token on slot 8
[18:47:20.681] [SEVERE ] player 3 placing token on slot 4
[18:47:20.681] [SEVERE ] player 2 placing token on slot 4
[18:47:20.682] [SEVERE ] removing player 1 token from slot 1
[18:47:20.683] [SEVERE ] removing player 1 token from slot 9
[18:47:20.683] [SEVERE ] removing player 1 token from slot 10
[18:47:20.683] [SEVERE ] player 4 placing token on slot 4
[18:47:20.684] [SEVERE ] player 3 placing token on slot 1
[18:47:20.683] [SEVERE ] player 1 placing token on slot 2
[18:47:20.684] [SEVERE ] player 3 placing token on slot 2
[18:47:20.685] [SEVERE ] player 1 placing token on slot 5
[18:47:20.684] [SEVERE ] player 2 placing token on slot 2
[18:47:20.684] [SEVERE ] removing player 4 token from slot 8
[18:47:20.686] [SEVERE ] removing card from slot 0
[18:47:20.699] [SEVERE ] removing player 3 token from slot 1
[18:47:20.699] [SEVERE ] removing card from slot 1
[18:47:20.700] [SEVERE ] removing player 1 token from slot 2
[18:47:20.700] [SEVERE ] removing player 2 token from slot 2
[18:47:20.700] [SEVERE ] removing player 3 token from slot 2
[18:47:20.701] [SEVERE ] removing card from slot 2
[18:47:20.701] [SEVERE ] removing card from slot 3
[18:47:20.701] [SEVERE ] removing player 2 token from slot 4
[18:47:20.702] [SEVERE ] removing player 3 token from slot 4
[18:47:20.702] [SEVERE ] removing player 4 token from slot 4
[18:47:20.702] [SEVERE ] removing card from slot 4
[18:47:20.702] [SEVERE ] removing player 1 token from slot 5
[18:47:20.703] [SEVERE ] removing card from slot 5
[18:47:20.703] [SEVERE ] removing card from slot 6
[18:47:20.704] [SEVERE ] removing card from slot 7
[18:47:20.704] [SEVERE ] removing card from slot 8
[18:47:20.704] [SEVERE ] removing card from slot 9
[18:47:20.707] [SEVERE ] removing card from slot 10
[18:47:20.707] [SEVERE ] removing card from slot 11
[18:47:20.708] [SEVERE ] placing card 31 in slot 0
[18:47:20.708] [SEVERE ] placing card 54 in slot 1
[18:47:20.717] [SEVERE ] placing card 13 in slot 2
[18:47:20.717] [SEVERE ] placing card 26 in slot 3
[18:47:20.718] [SEVERE ] placing card 61 in slot 4
[18:47:20.718] [SEVERE ] placing card 72 in slot 5
[18:47:20.718] [SEVERE ] placing card 8 in slot 6
[18:47:20.719] [SEVERE ] placing card 24 in slot 7
[18:47:20.719] [SEVERE ] placing card 60 in slot 8
[18:47:20.720] [SEVERE ] placing card 2 in slot 9
[18:47:20.720] [SEVERE ] placing card 3 in slot 10
[18:47:20.720] [SEVERE ] placing card 34 in slot 11
[18:47:20.723] [SEVERE ] player 1 placing token on slot 1
[18:47:20.723] [SEVERE ] player 4 placing token on slot 0
[18:47:20.724] [SEVERE ] player 1 placing token on slot 5
[18:47:20.725] [SEVERE ] player 4 placing token on slot 9
[18:47:20.725] [SEVERE ] player 1 placing token on slot 3
[18:47:20.725] [SEVERE ] player 4 placing token on slot 7
[18:47:20.726] [SEVERE ] removing player 1 token from slot 1
[18:47:20.726] [SEVERE ] removing player 1 token from slot 3
[18:47:20.726] [SEVERE ] removing player 1 token from slot 5
[18:47:20.727] [SEVERE ] player 1 placing token on slot 7
[18:47:20.727] [SEVERE ] player 1 placing token on slot 10
[18:47:20.727] [SEVERE ] player 1 placing token on slot 2
[18:47:20.728] [SEVERE ] player 2 placing token on slot 2
[18:47:20.728] [SEVERE ] player 2 placing token on slot 0
[18:47:20.729] [SEVERE ] player 2 placing token on slot 4
[18:47:20.731] [SEVERE ] player 3 placing token on slot 9
[18:47:20.732] [SEVERE ] removing player 4 token from slot 0
[18:47:20.732] [SEVERE ] removing player 4 token from slot 7
[18:47:20.733] [SEVERE ] removing player 4 token from slot 9
[18:47:20.733] [SEVERE ] removing player 2 token from slot 0
[18:47:20.734] [SEVERE ] removing card from slot 0
[18:47:20.740] [SEVERE ] removing card from slot 1
[18:47:20.746] [SEVERE ] removing player 1 token from slot 2
[18:47:20.746] [SEVERE ] removing player 2 token from slot 2
[18:47:20.746] [SEVERE ] removing card from slot 2
[18:47:20.747] [SEVERE ] removing card from slot 3
[18:47:20.747] [SEVERE ] removing player 2 token from slot 4
[18:47:20.748] [SEVERE ] removing card from slot 4
[18:47:20.748] [SEVERE ] removing card from slot 5
[18:47:20.749] [SEVERE ] removing card from slot 6
[18:47:20.749] [SEVERE ] removing player 1 token from slot 7
[18:47:20.750] [SEVERE ] removing card from slot 7
[18:47:20.750] [SEVERE ] removing card from slot 8
[18:47:20.750] [SEVERE ] removing player 3 token from slot 9
[18:47:20.751] [SEVERE ] removing card from slot 9
[18:47:20.761] [SEVERE ] removing player 1 token from slot 10
[18:47:20.761] [SEVERE ] removing card from slot 10
[18:47:20.762] [SEVERE ] removing card from slot 11
[18:47:20.762] [SEVERE ] placing card 15 in slot 0
[18:47:20.762] [SEVERE ] placing card 80 in slot 1
[18:47:20.762] [SEVERE ] placing card 17 in slot 2
[18:47:20.763] [SEVERE ] placing card 49 in slot 3
[18:47:20.763] [SEVERE ] placing card 23 in slot 4
[18:47:20.764] [SEVERE ] placing card 64 in slot 5
[18:47:20.764] [SEVERE ] placing card 67 in slot 6
[18:47:20.764] [SEVERE ] placing card 27 in slot 7
[18:47:20.767] [SEVERE ] placing card 71 in slot 8
[18:47:20.769] [SEVERE ] placing card 72 in slot 9
[18:47:20.770] [SEVERE ] placing card 0 in slot 10
[18:47:20.789] [SEVERE ] placing card 8 in slot 11
[18:47:20.792] [SEVERE ] player 4 placing token on slot 4
[18:47:20.792] [SEVERE ] player 1 placing token on slot 7
[18:47:20.792] [SEVERE ] player 4 placing token on slot 5
[18:47:20.792] [SEVERE ] player 1 placing token on slot 10
[18:47:20.794] [SEVERE ] player 1 placing token on slot 4
[18:47:20.793] [SEVERE ] player 4 placing token on slot 3
[18:47:20.793] [SEVERE ] player 3 placing token on slot 2
[18:47:20.793] [SEVERE ] player 2 placing token on slot 1
[18:47:20.798] [SEVERE ] removing player 1 token from slot 4
[18:47:20.798] [SEVERE ] removing player 1 token from slot 7
[18:47:20.798] [SEVERE ] removing player 1 token from slot 10
[18:47:20.799] [SEVERE ] player 3 placing token on slot 4
[18:47:20.799] [SEVERE ] player 1 placing token on slot 1
[18:47:20.799] [SEVERE ] player 1 placing token on slot 11
[18:47:20.800] [SEVERE ] player 1 placing token on slot 6
[18:47:20.800] [SEVERE ] player 2 placing token on slot 0
[18:47:20.799] [SEVERE ] player 3 placing token on slot 3
[18:47:20.801] [SEVERE ] removing player 4 token from slot 3
[18:47:20.801] [SEVERE ] removing player 4 token from slot 4
[18:47:20.802] [SEVERE ] removing player 4 token from slot 5
[18:47:20.802] [SEVERE ] removing player 2 token from slot 1
[18:47:20.802] [SEVERE ] player 3 placing token on slot 0
[18:47:20.806] [SEVERE ] removing player 2 token from slot 0
[18:47:20.807] [SEVERE ] removing player 3 token from slot 0
[18:47:20.808] [SEVERE ] removing card from slot 0
[18:47:20.817] [SEVERE ] removing player 1 token from slot 1
[18:47:20.817] [SEVERE ] removing card from slot 1
[18:47:20.821] [SEVERE ] removing player 3 token from slot 2
[18:47:20.821] [SEVERE ] removing card from slot 2
[18:47:20.823] [SEVERE ] removing player 3 token from slot 3
[18:47:20.824] [SEVERE ] removing card from slot 3
[18:47:20.831] [SEVERE ] removing player 3 token from slot 4
[18:47:20.831] [SEVERE ] removing card from slot 4
[18:47:20.837] [SEVERE ] removing card from slot 5
[18:47:20.848] [SEVERE ] removing player 1 token from slot 6
[18:47:20.849] [SEVERE ] removing card from slot 6
[18:47:20.852] [SEVERE ] removing card from slot 7
[18:47:20.852] [SEVERE ] removing card from slot 8
[18:47:20.853] [SEVERE ] removing card from slot 9
[18:47:20.853] [SEVERE ] removing card from slot 10
[18:47:20.853] [SEVERE ] removing player 1 token from slot 11
[18:47:20.854] [SEVERE ] removing card from slot 11
[18:47:20.856] [SEVERE ] placing card 76 in slot 0
[18:47:20.865] [SEVERE ] placing card 16 in slot 1
[18:47:20.865] [SEVERE ] placing card 8 in slot 2
[18:47:20.865] [SEVERE ] placing card 20 in slot 3
[18:47:20.866] [SEVERE ] placing card 32 in slot 4
[18:47:20.866] [SEVERE ] placing card 58 in slot 5
[18:47:20.866] [SEVERE ] placing card 38 in slot 6
[18:47:20.866] [SEVERE ] placing card 22 in slot 7
[18:47:20.867] [SEVERE ] placing card 34 in slot 8
[18:47:20.868] [SEVERE ] placing card 65 in slot 9
[18:47:20.868] [SEVERE ] placing card 30 in slot 10
[18:47:20.869] [SEVERE ] placing card 21 in slot 11
[18:47:20.871] [SEVERE ] player 1 placing token on slot 8
[18:47:20.871] [SEVERE ] player 3 placing token on slot 3
[18:47:20.871] [SEVERE ] player 4 placing token on slot 0
[18:47:20.871] [SEVERE ] player 2 placing token on slot 11
[18:47:20.872] [SEVERE ] player 4 placing token on slot 1
[18:47:20.873] [SEVERE ] player 4 placing token on slot 4
[18:47:20.872] [SEVERE ] player 3 placing token on slot 11
[18:47:20.872] [SEVERE ] removing player 1 token from slot 8
[18:47:20.872] [SEVERE ] removing player 2 token from slot 11
[18:47:20.875] [SEVERE ] removing player 4 token from slot 0
[18:47:20.875] [SEVERE ] removing player 4 token from slot 1
[18:47:20.875] [SEVERE ] removing player 4 token from slot 4
[18:47:20.876] [SEVERE ] player 4 placing token on slot 4
[18:47:20.876] [SEVERE ] player 3 placing token on slot 1
[18:47:20.875] [SEVERE ] player 2 placing token on slot 7
[18:47:20.876] [SEVERE ] player 4 placing token on slot 9
[18:47:20.876] [SEVERE ] player 1 placing token on slot 5
[18:47:20.879] [SEVERE ] removing player 3 token from slot 1
[18:47:20.879] [SEVERE ] removing player 3 token from slot 3
[18:47:20.880] [SEVERE ] removing player 3 token from slot 11
[18:47:20.880] [SEVERE ] player 2 placing token on slot 8
[18:47:20.880] [SEVERE ] player 1 placing token on slot 8
[18:47:20.880] [SEVERE ] player 3 placing token on slot 2
[18:47:20.880] [SEVERE ] player 4 placing token on slot 8
[18:47:20.881] [SEVERE ] player 3 placing token on slot 3
[18:47:20.881] [SEVERE ] player 1 placing token on slot 9
[18:47:20.881] [SEVERE ] player 2 placing token on slot 5
[18:47:20.882] [SEVERE ] removing player 4 token from slot 4
[18:47:20.883] [SEVERE ] removing player 4 token from slot 8
[18:47:20.883] [SEVERE ] removing player 4 token from slot 9
[18:47:20.883] [SEVERE ] player 3 placing token on slot 6
[18:47:20.883] [SEVERE ] removing player 2 token from slot 7
[18:47:20.884] [SEVERE ] player 2 placing token on slot 3
[18:47:20.884] [SEVERE ] removing card from slot 0
[18:47:20.892] [SEVERE ] removing card from slot 1
[18:47:20.896] [SEVERE ] removing player 3 token from slot 2
[18:47:20.896] [SEVERE ] removing card from slot 2
[18:47:20.897] [SEVERE ] removing player 2 token from slot 3
[18:47:20.897] [SEVERE ] removing player 3 token from slot 3
[18:47:20.898] [SEVERE ] removing card from slot 3
[18:47:20.898] [SEVERE ] removing card from slot 4
[18:47:20.899] [SEVERE ] removing player 1 token from slot 5
[18:47:20.899] [SEVERE ] removing player 2 token from slot 5
[18:47:20.899] [SEVERE ] removing card from slot 5
[18:47:20.912] [SEVERE ] removing player 3 token from slot 6
[18:47:20.913] [SEVERE ] removing card from slot 6
[18:47:20.913] [SEVERE ] removing card from slot 7
[18:47:20.914] [SEVERE ] removing player 1 token from slot 8
[18:47:20.914] [SEVERE ] removing player 2 token from slot 8
[18:47:20.915] [SEVERE ] removing card from slot 8
[18:47:20.915] [SEVERE ] removing player 1 token from slot 9
[18:47:20.915] [SEVERE ] removing card from slot 9
[18:47:20.915] [SEVERE ] removing card from slot 10
[18:47:20.915] [SEVERE ] removing card from slot 11
[18:47:20.915] [SEVERE ] placing card 0 in slot 0
[18:47:20.915] [SEVERE ] placing card 52 in slot 1
[18:47:20.917] [SEVERE ] placing card 66 in slot 2
[18:47:20.917] [SEVERE ] placing card 78 in slot 3
[18:47:20.917] [SEVERE ] placing card 26 in slot 4
[18:47:20.917] [SEVERE ] placing card 50 in slot 5
[18:47:20.919] [SEVERE ] placing card 72 in slot 6
[18:47:20.919] [SEVERE ] placing card 7 in slot 7
[18:47:20.920] [SEVERE ] placing card 21 in slot 8
[18:47:20.921] [SEVERE ] placing card 40 in slot 9
[18:47:20.933] [SEVERE ] placing card 55 in slot 10
[18:47:20.933] [SEVERE ] placing card 11 in slot 11
[18:47:20.936] [SEVERE ] player 2 placing token on slot 4
[18:47:20.936] [SEVERE ] player 3 placing token on slot 4
[18:47:20.937] [SEVERE ] player 4 placing token on slot 5
[18:47:20.937] [SEVERE ] player 1 placing token on slot 5
[18:47:20.936] [SEVERE ] player 2 placing token on slot 3
[18:47:20.937] [SEVERE ] player 1 placing token on slot 11
[18:47:20.937] [SEVERE ] player 4 placing token on slot 3
[18:47:20.937] [SEVERE ] player 3 placing token on slot 0
[18:47:20.939] [SEVERE ] player 4 placing token on slot 4
[18:47:20.938] [SEVERE ] player 1 placing token on slot 6
[18:47:20.938] [SEVERE ] player 2 placing token on slot 6
[18:47:20.939] [SEVERE ] player 3 placing token on slot 10
[18:47:20.941] [SEVERE ] removing player 4 token from slot 3
[18:47:20.942] [SEVERE ] removing player 4 token from slot 4
[18:47:20.942] [SEVERE ] removing player 4 token from slot 5
[18:47:20.942] [SEVERE ] player 4 placing token on slot 7
[18:47:20.943] [SEVERE ] player 4 placing token on slot 0
[18:47:20.943] [SEVERE ] player 4 placing token on slot 3
[18:47:20.943] [SEVERE ] player 2 placing token on slot 9
[18:47:20.944] [SEVERE ] removing player 1 token from slot 5
[18:47:20.944] [SEVERE ] removing player 1 token from slot 6
[18:47:20.944] [SEVERE ] removing player 1 token from slot 11
[18:47:20.944] [SEVERE ] player 1 placing token on slot 5
[18:47:20.945] [SEVERE ] removing player 3 token from slot 0
[18:47:20.945] [SEVERE ] removing player 3 token from slot 4
[18:47:20.945] [SEVERE ] removing player 3 token from slot 10
[18:47:20.945] [SEVERE ] player 1 placing token on slot 1
[18:47:20.946] [SEVERE ] player 3 placing token on slot 4
[18:47:20.946] [SEVERE ] removing player 4 token from slot 0
[18:47:20.947] [SEVERE ] removing player 4 token from slot 3
[18:47:20.947] [SEVERE ] removing player 4 token from slot 7
[18:47:20.947] [SEVERE ] player 1 placing token on slot 6
[18:47:20.948] [SEVERE ] player 3 placing token on slot 3
[18:47:20.948] [SEVERE ] removing card from slot 0
[18:47:20.956] [SEVERE ] removing player 1 token from slot 1
[18:47:20.957] [SEVERE ] removing card from slot 1
[18:47:20.957] [SEVERE ] removing card from slot 2
[18:47:20.957] [SEVERE ] removing player 2 token from slot 3
[18:47:20.958] [SEVERE ] removing player 3 token from slot 3
[18:47:20.958] [SEVERE ] removing card from slot 3
[18:47:20.958] [SEVERE ] removing player 2 token from slot 4
[18:47:20.959] [SEVERE ] removing player 3 token from slot 4
[18:47:20.959] [SEVERE ] removing card from slot 4
[18:47:20.959] [SEVERE ] removing player 1 token from slot 5
[18:47:20.959] [SEVERE ] removing card from slot 5
[18:47:20.960] [SEVERE ] removing player 1 token from slot 6
[18:47:20.960] [SEVERE ] removing player 2 token from slot 6
[18:47:20.960] [SEVERE ] removing card from slot 6
[18:47:20.961] [SEVERE ] removing card from slot 7
[18:47:20.961] [SEVERE ] removing card from slot 8
[18:47:20.961] [SEVERE ] removing player 2 token from slot 9
[18:47:20.961] [SEVERE ] removing card from slot 9
[18:47:20.963] [SEVERE ] removing card from slot 10
[18:47:20.963] [SEVERE ] removing card from slot 11
[18:47:20.964] [SEVERE ] placing card 5 in slot 0
[18:47:20.964] [SEVERE ] placing card 4 in slot 1
[18:47:20.964] [SEVERE ] placing card 7 in slot 2
[18:47:20.964] [SEVERE ] placing card 62 in slot 3
[18:47:20.965] [SEVERE ] placing card 37 in slot 4
[18:47:20.966] [SEVERE ] placing card 38 in slot 5
[18:47:20.967] [SEVERE ] placing card 48 in slot 6
[18:47:20.980] [SEVERE ] placing card 12 in slot 7
[18:47:20.981] [SEVERE ] placing card 63 in slot 8
[18:47:20.981] [SEVERE ] placing card 27 in slot 9
[18:47:20.981] [SEVERE ] placing card 17 in slot 10
[18:47:20.981] [SEVERE ] placing card 23 in slot 11
[18:47:20.984] [SEVERE ] player 3 placing token on slot 5
[18:47:20.985] [SEVERE ] player 4 placing token on slot 3
[18:47:20.984] [SEVERE ] player 2 placing token on slot 3
[18:47:20.984] [SEVERE ] player 1 placing token on slot 11
[18:47:20.986] [SEVERE ] removing player 1 token from slot 11
[18:47:20.985] [SEVERE ] player 2 placing token on slot 10
[18:47:20.985] [SEVERE ] player 4 placing token on slot 2
[18:47:20.985] [SEVERE ] player 3 placing token on slot 3
[18:47:20.987] [SEVERE ] player 4 placing token on slot 10
[18:47:20.986] [SEVERE ] player 2 placing token on slot 0
[18:47:20.986] [SEVERE ] player 1 placing token on slot 1
[18:47:20.987] [SEVERE ] player 2 placing token on slot 11
[18:47:20.987] [SEVERE ] player 3 placing token on slot 2
[18:47:20.988] [SEVERE ] removing player 4 token from slot 2
[18:47:20.989] [SEVERE ] removing player 4 token from slot 3
[18:47:20.989] [SEVERE ] removing player 4 token from slot 10
[18:47:20.989] [SEVERE ] player 1 placing token on slot 8
[18:47:20.989] [SEVERE ] player 4 placing token on slot 10
[18:47:20.990] [SEVERE ] removing player 2 token from slot 0
[18:47:20.990] [SEVERE ] removing player 2 token from slot 3
[18:47:20.990] [SEVERE ] removing player 2 token from slot 10
[18:47:20.991] [SEVERE ] player 1 placing token on slot 7
[18:47:20.991] [SEVERE ] player 2 placing token on slot 6
[18:47:20.991] [SEVERE ] player 4 placing token on slot 9
[18:47:20.992] [SEVERE ] removing player 3 token from slot 2
[18:47:20.992] [SEVERE ] removing player 3 token from slot 3
[18:47:20.992] [SEVERE ] removing player 3 token from slot 5
[18:47:20.992] [SEVERE ] removing player 2 token from slot 11
[18:47:20.992] [SEVERE ] player 4 placing token on slot 11
[18:47:20.993] [SEVERE ] removing player 1 token from slot 1
[18:47:20.994] [SEVERE ] removing player 1 token from slot 7
[18:47:20.994] [SEVERE ] removing player 1 token from slot 8
[18:47:20.994] [SEVERE ] player 2 placing token on slot 1
[18:47:20.994] [SEVERE ] player 3 placing token on slot 0
[18:47:20.995] [SEVERE ] player 2 placing token on slot 4
[18:47:20.996] [SEVERE ] removing player 3 token from slot 0
[18:47:20.996] [SEVERE ] removing card from slot 0
[18:47:21.004] [SEVERE ] removing player 2 token from slot 1
[18:47:21.004] [SEVERE ] removing card from slot 1
[18:47:21.004] [SEVERE ] removing card from slot 2
[18:47:21.005] [SEVERE ] removing card from slot 3
[18:47:21.005] [SEVERE ] removing player 2 token from slot 4
[18:47:21.005] [SEVERE ] removing card from slot 4
[18:47:21.005] [SEVERE ] removing card from slot 5
[18:47:21.005] [SEVERE ] removing player 2 token from slot 6
[18:47:21.006] [SEVERE ] removing card from slot 6
[18:47:21.006] [SEVERE ] removing card from slot 7
[18:47:21.007] [SEVERE ] removing card from slot 8
[18:47:21.008] [SEVERE ] removing player 4 token from slot 9
[18:47:21.008] [SEVERE ] removing card from slot 9
[18:47:21.009] [SEVERE ] removing player 4 token from slot 10
[18:47:21.009] [SEVERE ] removing card from slot 10
[18:47:21.010] [SEVERE ] removing player 4 token from slot 11
[18:47:21.010] [SEVERE ] removing card from slot 11
[18:47:21.010] [SEVERE ] placing card 64 in slot 0
[18:47:21.010] [SEVERE ] placing card 29 in slot 1
[18:47:21.011] [SEVERE ] placing card 78 in slot 2
[18:47:21.011] [SEVERE ] placing card 59 in slot 3
[18:47:21.011] [SEVERE ] placing card 35 in slot 4
[18:47:21.011] [SEVERE ] placing card 10 in slot 5
[18:47:21.012] [SEVERE ] placing card 72 in slot 6
[18:47:21.012] [SEVERE ] placing card 36 in slot 7
[18:47:21.020] [SEVERE ] placing card 32 in slot 8
[18:47:21.021] [SEVERE ] placing card 58 in slot 9
[18:47:21.021] [SEVERE ] placing card 25 in slot 10
[18:47:21.021] [SEVERE ] placing card 12 in slot 11
[18:47:21.024] [SEVERE ] player 2 placing token on slot 3
[18:47:21.024] [SEVERE ] player 2 placing token on slot 9
[18:47:21.024] [SEVERE ] player 3 placing token on slot 0
[18:47:21.024] [SEVERE ] player 4 placing token on slot 11
[18:47:21.024] [SEVERE ] player 1 placing token on slot 9
[18:47:21.026] [SEVERE ] player 4 placing token on slot 9
[18:47:21.025] [SEVERE ] removing player 3 token from slot 0
[18:47:21.025] [SEVERE ] player 2 placing token on slot 5
[18:47:21.026] [SEVERE ] player 3 placing token on slot 2
[18:47:21.026] [SEVERE ] player 4 placing token on slot 10
[18:47:21.026] [SEVERE ] player 1 placing token on slot 10
[18:47:21.027] [SEVERE ] player 3 placing token on slot 3
[18:47:21.027] [SEVERE ] player 2 placing token on slot 8
[18:47:21.027] [SEVERE ] player 1 placing token on slot 7
[18:47:21.028] [SEVERE ] removing player 4 token from slot 9
[18:47:21.028] [SEVERE ] removing player 4 token from slot 10
[18:47:21.029] [SEVERE ] removing player 4 token from slot 11
[18:47:21.029] [SEVERE ] player 3 placing token on slot 9
[18:47:21.029] [SEVERE ] player 4 placing token on slot 1
[18:47:21.030] [SEVERE ] removing player 2 token from slot 3
[18:47:21.030] [SEVERE ] removing player 2 token from slot 5
[18:47:21.030] [SEVERE ] removing player 2 token from slot 8
[18:47:21.031] [SEVERE ] player 4 placing token on slot 0
[18:47:21.031] [SEVERE ] player 2 placing token on slot 4
[18:47:21.032] [SEVERE ] removing player 1 token from slot 7
[18:47:21.032] [SEVERE ] removing player 1 token from slot 9
[18:47:21.032] [SEVERE ] removing player 1 token from slot 10
[18:47:21.032] [SEVERE ] player 4 placing token on slot 3
[18:47:21.032] [SEVERE ] player 2 placing token on slot 0
[18:47:21.033] [SEVERE ] removing player 3 token from slot 2
[18:47:21.033] [SEVERE ] removing player 3 token from slot 3
[18:47:21.034] [SEVERE ] removing player 3 token from slot 9
[18:47:21.034] [SEVERE ] player 1 placing token on slot 0
[18:47:21.034] [SEVERE ] player 3 placing token on slot 0
[18:47:21.034] [SEVERE ] removing player 2 token from slot 9
[18:47:21.035] [SEVERE ] removing player 4 token from slot 0
[18:47:21.035] [SEVERE ] removing player 4 token from slot 1
[18:47:21.035] [SEVERE ] removing player 4 token from slot 3
[18:47:21.035] [SEVERE ] player 1 placing token on slot 11
[18:47:21.035] [SEVERE ] player 2 placing token on slot 10
[18:47:21.035] [SEVERE ] player 3 placing token on slot 10
[18:47:21.036] [SEVERE ] removing player 1 token from slot 0
[18:47:21.037] [SEVERE ] removing player 2 token from slot 0
[18:47:21.037] [SEVERE ] removing player 3 token from slot 0
[18:47:21.037] [SEVERE ] removing card from slot 0
[18:47:21.043] [SEVERE ] removing card from slot 1
[18:47:21.043] [SEVERE ] removing card from slot 2
[18:47:21.044] [SEVERE ] removing card from slot 3
[18:47:21.044] [SEVERE ] removing player 2 token from slot 4
[18:47:21.044] [SEVERE ] removing card from slot 4
[18:47:21.044] [SEVERE ] removing card from slot 5
[18:47:21.044] [SEVERE ] removing card from slot 6
[18:47:21.045] [SEVERE ] removing card from slot 7
[18:47:21.045] [SEVERE ] removing card from slot 8
[18:47:21.045] [SEVERE ] removing card from slot 9
[18:47:21.045] [SEVERE ] removing player 2 token from slot 10
[18:47:21.045] [SEVERE ] removing player 3 token from slot 10
[18:47:21.045] [SEVERE ] removing card from slot 10
[18:47:21.046] [SEVERE ] removing player 1 token from slot 11
[18:47:21.046] [SEVERE ] removing card from slot 11
[18:47:21.046] [SEVERE ] placing card 19 in slot 0
[18:47:21.047] [SEVERE ] placing card 28 in slot 1
[18:47:21.047] [SEVERE ] placing card 76 in slot 2
[18:47:21.048] [SEVERE ] placing card 47 in slot 3
[18:47:21.049] [SEVERE ] placing card 38 in slot 4
[18:47:21.050] [SEVERE ] placing card 65 in slot 5
[18:47:21.050] [SEVERE ] placing card 26 in slot 6
[18:47:21.050] [SEVERE ] placing card 56 in slot 7
[18:47:21.050] [SEVERE ] placing card 64 in slot 8
[18:47:21.051] [SEVERE ] placing card 61 in slot 9
[18:47:21.051] [SEVERE ] placing card 29 in slot 10
[18:47:21.051] [SEVERE ] placing card 77 in slot 11
[18:47:21.071] [SEVERE ] player 4 placing token on slot 2
[18:47:21.071] [SEVERE ] player 1 placing token on slot 1
[18:47:21.071] [SEVERE ] player 2 placing token on slot 0
[18:47:21.071] [SEVERE ] player 3 placing token on slot 11
[18:47:21.072] [SEVERE ] player 1 placing token on slot 7
[18:47:21.071] [SEVERE ] player 4 placing token on slot 0
[18:47:21.072] [SEVERE ] player 1 placing token on slot 9
[18:47:21.073] [SEVERE ] player 2 placing token on slot 7
[18:47:21.072] [SEVERE ] player 3 placing token on slot 5
[18:47:21.073] [SEVERE ] player 4 placing token on slot 5
[18:47:21.075] [SEVERE ] removing player 1 token from slot 1
[18:47:21.076] [SEVERE ] removing player 1 token from slot 7
[18:47:21.076] [SEVERE ] removing player 1 token from slot 9
[18:47:21.076] [SEVERE ] player 1 placing token on slot 2
[18:47:21.076] [SEVERE ] player 1 placing token on slot 1
[18:47:21.077] [SEVERE ] removing player 1 token from slot 1
[18:47:21.077] [SEVERE ] player 1 placing token on slot 3
[18:47:21.077] [SEVERE ] player 1 placing token on slot 5
[18:47:21.079] [SEVERE ] player 2 placing token on slot 3
[18:47:21.080] [SEVERE ] player 2 placing token on slot 9
[18:47:21.081] [SEVERE ] player 3 placing token on slot 6
[18:47:21.081] [SEVERE ] removing player 4 token from slot 0
[18:47:21.081] [SEVERE ] removing player 4 token from slot 2
[18:47:21.082] [SEVERE ] removing player 4 token from slot 5
[18:47:21.082] [SEVERE ] removing player 2 token from slot 0
[18:47:21.082] [SEVERE ] removing card from slot 0
[18:47:21.099] [SEVERE ] removing card from slot 1
[18:47:21.100] [SEVERE ] removing player 1 token from slot 2
[18:47:21.100] [SEVERE ] removing card from slot 2
[18:47:21.101] [SEVERE ] removing player 1 token from slot 3
[18:47:21.101] [SEVERE ] removing player 2 token from slot 3
[18:47:21.101] [SEVERE ] removing card from slot 3
[18:47:21.101] [SEVERE ] removing card from slot 4
[18:47:21.101] [SEVERE ] removing player 1 token from slot 5
[18:47:21.102] [SEVERE ] removing player 3 token from slot 5
[18:47:21.102] [SEVERE ] removing card from slot 5
[18:47:21.102] [SEVERE ] removing player 3 token from slot 6
[18:47:21.102] [SEVERE ] removing card from slot 6
[18:47:21.103] [SEVERE ] removing player 2 token from slot 7
[18:47:21.103] [SEVERE ] removing card from slot 7
[18:47:21.105] [SEVERE ] removing card from slot 8
[18:47:21.105] [SEVERE ] removing player 2 token from slot 9
[18:47:21.106] [SEVERE ] removing card from slot 9
[18:47:21.106] [SEVERE ] removing card from slot 10
[18:47:21.106] [SEVERE ] removing player 3 token from slot 11
[18:47:21.106] [SEVERE ] removing card from slot 11
[18:47:21.107] [SEVERE ] placing card 47 in slot 0
[18:47:21.108] [SEVERE ] placing card 27 in slot 1
[18:47:21.109] [SEVERE ] placing card 17 in slot 2
[18:47:21.115] [SEVERE ] placing card 62 in slot 3
[18:47:21.116] [SEVERE ] placing card 76 in slot 4
[18:47:21.116] [SEVERE ] placing card 51 in slot 5
[18:47:21.116] [SEVERE ] placing card 21 in slot 6
[18:47:21.116] [SEVERE ] placing card 54 in slot 7
[18:47:21.116] [SEVERE ] placing card 67 in slot 8
[18:47:21.116] [SEVERE ] placing card 38 in slot 9
[18:47:21.116] [SEVERE ] placing card 20 in slot 10
[18:47:21.116] [SEVERE ] placing card 8 in slot 11
[18:47:21.119] [SEVERE ] player 4 placing token on slot 9
[18:47:21.119] [SEVERE ] player 1 placing token on slot 11
[18:47:21.119] [SEVERE ] player 3 placing token on slot 11
[18:47:21.119] [SEVERE ] player 2 placing token on slot 5
[18:47:21.119] [SEVERE ] player 4 placing token on slot 7
[18:47:21.120] [SEVERE ] player 2 placing token on slot 7
[18:47:21.120] [SEVERE ] removing player 2 token from slot 5
[18:47:21.119] [SEVERE ] player 3 placing token on slot 8
[18:47:21.119] [SEVERE ] player 1 placing token on slot 9
[18:47:21.121] [SEVERE ] player 3 placing token on slot 5
[18:47:21.120] [SEVERE ] player 2 placing token on slot 11
[18:47:21.120] [SEVERE ] player 4 placing token on slot 10
[18:47:21.121] [SEVERE ] player 1 placing token on slot 4
[18:47:21.126] [SEVERE ] removing player 3 token from slot 5
[18:47:21.126] [SEVERE ] removing player 3 token from slot 8
[18:47:21.126] [SEVERE ] removing player 3 token from slot 11
[18:47:21.127] [SEVERE ] removing player 4 token from slot 7
[18:47:21.127] [SEVERE ] removing player 4 token from slot 9
[18:47:21.127] [SEVERE ] removing player 4 token from slot 10
[18:47:21.127] [SEVERE ] player 4 placing token on slot 6
[18:47:21.128] [SEVERE ] player 2 placing token on slot 4
[18:47:21.128] [SEVERE ] removing player 1 token from slot 4
[18:47:21.128] [SEVERE ] removing player 1 token from slot 9
[18:47:21.128] [SEVERE ] removing player 1 token from slot 11
[18:47:21.128] [SEVERE ] player 4 placing token on slot 1
[18:47:21.130] [SEVERE ] player 2 placing token on slot 1
[18:47:21.130] [SEVERE ] player 1 placing token on slot 1
[18:47:21.130] [SEVERE ] player 3 placing token on slot 5
[18:47:21.130] [SEVERE ] player 4 placing token on slot 2
[18:47:21.131] [SEVERE ] removing card from slot 0
[18:47:21.139] [SEVERE ] removing player 1 token from slot 1
[18:47:21.139] [SEVERE ] removing player 2 token from slot 1
[18:47:21.140] [SEVERE ] removing player 4 token from slot 1
[18:47:21.140] [SEVERE ] removing card from slot 1
[18:47:21.140] [SEVERE ] removing player 4 token from slot 2
[18:47:21.140] [SEVERE ] removing card from slot 2
[18:47:21.140] [SEVERE ] removing card from slot 3
[18:47:21.141] [SEVERE ] removing player 2 token from slot 4
[18:47:21.141] [SEVERE ] removing card from slot 4
[18:47:21.141] [SEVERE ] removing player 3 token from slot 5
[18:47:21.142] [SEVERE ] removing card from slot 5
[18:47:21.142] [SEVERE ] removing player 4 token from slot 6
[18:47:21.142] [SEVERE ] removing card from slot 6
[18:47:21.142] [SEVERE ] removing player 2 token from slot 7
[18:47:21.143] [SEVERE ] removing card from slot 7
[18:47:21.143] [SEVERE ] removing card from slot 8
[18:47:21.143] [SEVERE ] removing card from slot 9
[18:47:21.143] [SEVERE ] removing card from slot 10
[18:47:21.144] [SEVERE ] removing player 2 token from slot 11
[18:47:21.144] [SEVERE ] removing card from slot 11
[18:47:21.144] [SEVERE ] placing card 28 in slot 0
[18:47:21.145] [SEVERE ] placing card 33 in slot 1
[18:47:21.145] [SEVERE ] placing card 65 in slot 2
[18:47:21.146] [SEVERE ] placing card 75 in slot 3
[18:47:21.146] [SEVERE ] placing card 56 in slot 4
[18:47:21.147] [SEVERE ] placing card 18 in slot 5
[18:47:21.147] [SEVERE ] placing card 25 in slot 6
[18:47:21.147] [SEVERE ] placing card 10 in slot 7
[18:47:21.147] [SEVERE ] placing card 72 in slot 8
[18:47:21.154] [SEVERE ] placing card 2 in slot 9
[18:47:21.155] [SEVERE ] placing card 57 in slot 10
[18:47:21.155] [SEVERE ] placing card 23 in slot 11
[18:47:21.158] [SEVERE ] player 4 placing token on slot 3
[18:47:21.158] [SEVERE ] player 1 placing token on slot 6
[18:47:21.158] [SEVERE ] player 4 placing token on slot 11
[18:47:21.159] [SEVERE ] player 3 placing token on slot 11
[18:47:21.159] [SEVERE ] player 2 placing token on slot 11
[18:47:21.158] [SEVERE ] player 1 placing token on slot 4
[18:47:21.159] [SEVERE ] player 2 placing token on slot 9
[18:47:21.159] [SEVERE ] player 3 placing token on slot 10
[18:47:21.159] [SEVERE ] removing player 4 token from slot 3
[18:47:21.161] [SEVERE ] player 4 placing token on slot 9
[18:47:21.160] [SEVERE ] player 2 placing token on slot 8
[18:47:21.161] [SEVERE ] player 2 placing token on slot 4
[18:47:21.160] [SEVERE ] player 3 placing token on slot 9
[18:47:21.160] [SEVERE ] player 1 placing token on slot 11
[18:47:21.161] [SEVERE ] removing player 4 token from slot 9
[18:47:21.163] [SEVERE ] removing player 2 token from slot 4
[18:47:21.163] [SEVERE ] removing player 2 token from slot 8
[18:47:21.163] [SEVERE ] removing player 2 token from slot 9
[18:47:21.163] [SEVERE ] player 4 placing token on slot 5
[18:47:21.164] [SEVERE ] removing player 3 token from slot 9
[18:47:21.164] [SEVERE ] removing player 3 token from slot 10
[18:47:21.164] [SEVERE ] removing player 3 token from slot 11
[18:47:21.165] [SEVERE ] player 2 placing token on slot 8
[18:47:21.165] [SEVERE ] removing player 4 token from slot 11
[18:47:21.165] [SEVERE ] removing player 1 token from slot 4
[18:47:21.166] [SEVERE ] removing player 1 token from slot 6
[18:47:21.166] [SEVERE ] removing player 1 token from slot 11
[18:47:21.166] [SEVERE ] player 3 placing token on slot 7
[18:47:21.167] [SEVERE ] player 4 placing token on slot 2
[18:47:21.167] [SEVERE ] player 2 placing token on slot 0
[18:47:21.166] [SEVERE ] player 1 placing token on slot 5
[18:47:21.167] [SEVERE ] player 2 placing token on slot 5
[18:47:21.167] [SEVERE ] player 4 placing token on slot 0
[18:47:21.167] [SEVERE ] player 3 placing token on slot 1
[18:47:21.167] [SEVERE ] player 1 placing token on slot 4
[18:47:21.169] [SEVERE ] removing player 2 token from slot 0
[18:47:21.169] [SEVERE ] removing player 4 token from slot 0
[18:47:21.170] [SEVERE ] removing card from slot 0
[18:47:21.176] [SEVERE ] removing player 3 token from slot 1
[18:47:21.177] [SEVERE ] removing card from slot 1
[18:47:21.177] [SEVERE ] removing player 4 token from slot 2
[18:47:21.177] [SEVERE ] removing card from slot 2
[18:47:21.178] [SEVERE ] removing card from slot 3
[18:47:21.178] [SEVERE ] removing player 1 token from slot 4
[18:47:21.178] [SEVERE ] removing card from slot 4
[18:47:21.179] [SEVERE ] removing player 1 token from slot 5
[18:47:21.179] [SEVERE ] removing player 2 token from slot 5
[18:47:21.179] [SEVERE ] removing player 4 token from slot 5
[18:47:21.179] [SEVERE ] removing card from slot 5
[18:47:21.179] [SEVERE ] removing card from slot 6
[18:47:21.180] [SEVERE ] removing player 3 token from slot 7
[18:47:21.180] [SEVERE ] removing card from slot 7
[18:47:21.180] [SEVERE ] removing player 2 token from slot 8
[18:47:21.181] [SEVERE ] removing card from slot 8
[18:47:21.181] [SEVERE ] removing card from slot 9
[18:47:21.181] [SEVERE ] removing card from slot 10
[18:47:21.181] [SEVERE ] removing player 2 token from slot 11
[18:47:21.181] [SEVERE ] removing card from slot 11
[18:47:21.182] [SEVERE ] placing card 54 in slot 0
[18:47:21.182] [SEVERE ] placing card 1 in slot 1
[18:47:21.182] [SEVERE ] placing card 13 in slot 2
[18:47:21.182] [SEVERE ] placing card 77 in slot 3
[18:47:21.184] [SEVERE ] placing card 29 in slot 4
[18:47:21.185] [SEVERE ] placing card 23 in slot 5
[18:47:21.187] [SEVERE ] placing card 16 in slot 6
[18:47:21.198] [SEVERE ] placing card 8 in slot 7
[18:47:21.199] [SEVERE ] placing card 80 in slot 8
[18:47:21.199] [SEVERE ] placing card 33 in slot 9
[18:47:21.199] [SEVERE ] placing card 51 in slot 10
[18:47:21.199] [SEVERE ] placing card 0 in slot 11
[18:47:21.202] [SEVERE ] player 3 placing token on slot 9
[18:47:21.202] [SEVERE ] player 2 placing token on slot 7
[18:47:21.202] [SEVERE ] player 1 placing token on slot 6
[18:47:21.202] [SEVERE ] player 4 placing token on slot 11
[18:47:21.203] [SEVERE ] player 1 placing token on slot 9
[18:47:21.204] [SEVERE ] player 1 placing token on slot 3
[18:47:21.203] [SEVERE ] player 2 placing token on slot 6
[18:47:21.203] [SEVERE ] player 3 placing token on slot 3
[18:47:21.203] [SEVERE ] player 4 placing token on slot 8
[18:47:21.210] [SEVERE ] removing player 1 token from slot 3
[18:47:21.210] [SEVERE ] removing player 1 token from slot 6
[18:47:21.210] [SEVERE ] removing player 1 token from slot 9
[18:47:21.210] [SEVERE ] player 2 placing token on slot 9
[18:47:21.211] [SEVERE ] player 1 placing token on slot 11
[18:47:21.210] [SEVERE ] player 4 placing token on slot 4
[18:47:21.210] [SEVERE ] player 3 placing token on slot 7
[18:47:21.211] [SEVERE ] player 1 placing token on slot 6
[18:47:21.211] [SEVERE ] player 2 placing token on slot 3
[18:47:21.212] [SEVERE ] removing player 4 token from slot 4
[18:47:21.213] [SEVERE ] removing player 4 token from slot 8
[18:47:21.213] [SEVERE ] removing player 4 token from slot 11
[18:47:21.213] [SEVERE ] removing player 1 token from slot 11
[18:47:21.213] [SEVERE ] removing player 3 token from slot 3
[18:47:21.214] [SEVERE ] removing player 3 token from slot 7
[18:47:21.214] [SEVERE ] removing player 3 token from slot 9
[18:47:21.214] [SEVERE ] player 4 placing token on slot 7
[18:47:21.214] [SEVERE ] player 4 placing token on slot 1
[18:47:21.215] [SEVERE ] player 1 placing token on slot 0
[18:47:21.215] [SEVERE ] removing player 1 token from slot 0
[18:47:21.215] [SEVERE ] removing card from slot 0
[18:47:21.221] [SEVERE ] removing player 4 token from slot 1
[18:47:21.222] [SEVERE ] removing card from slot 1
[18:47:21.222] [SEVERE ] removing card from slot 2
[18:47:21.224] [SEVERE ] removing player 2 token from slot 3
[18:47:21.224] [SEVERE ] removing card from slot 3
[18:47:21.224] [SEVERE ] removing card from slot 4
[18:47:21.224] [SEVERE ] removing card from slot 5
[18:47:21.225] [SEVERE ] removing player 1 token from slot 6
[18:47:21.225] [SEVERE ] removing player 2 token from slot 6
[18:47:21.225] [SEVERE ] removing card from slot 6
[18:47:21.225] [SEVERE ] removing player 2 token from slot 7
[18:47:21.226] [SEVERE ] removing player 4 token from slot 7
[18:47:21.226] [SEVERE ] removing card from slot 7
[18:47:21.226] [SEVERE ] removing card from slot 8
[18:47:21.226] [SEVERE ] removing player 2 token from slot 9
[18:47:21.227] [SEVERE ] removing card from slot 9
[18:47:21.227] [SEVERE ] removing card from slot 10
[18:47:21.227] [SEVERE ] removing card from slot 11
[18:47:21.227] [SEVERE ] placing card 21 in slot 0
[18:47:21.229] [SEVERE ] placing card 6 in slot 1
[18:47:21.230] [SEVERE ] placing card 64 in slot 2
[18:47:21.231] [SEVERE ] placing card 43 in slot 3
[18:47:21.231] [SEVERE ] placing card 29 in slot 4
[18:47:21.232] [SEVERE ] placing card 46 in slot 5
[18:47:21.232] [SEVERE ] placing card 45 in slot 6
[18:47:21.232] [SEVERE ] placing card 80 in slot 7
[18:47:21.244] [SEVERE ] placing card 36 in slot 8
[18:47:21.245] [SEVERE ] placing card 78 in slot 9
[18:47:21.245] [SEVERE ] placing card 41 in slot 10
[18:47:21.245] [SEVERE ] placing card 66 in slot 11
[18:47:21.248] [SEVERE ] player 1 placing token on slot 6
[18:47:21.249] [SEVERE ] player 1 placing token on slot 9
[18:47:21.249] [SEVERE ] player 4 placing token on slot 2
[18:47:21.249] [SEVERE ] removing player 1 token from slot 6
[18:47:21.249] [SEVERE ] player 2 placing token on slot 5
[18:47:21.249] [SEVERE ] player 3 placing token on slot 2
[18:47:21.250] [SEVERE ] player 2 placing token on slot 11
[18:47:21.251] [SEVERE ] player 2 placing token on slot 2
[18:47:21.250] [SEVERE ] player 1 placing token on slot 11
[18:47:21.249] [SEVERE ] player 4 placing token on slot 10
[18:47:21.251] [SEVERE ] removing player 1 token from slot 9
[18:47:21.251] [SEVERE ] player 2 placing token on slot 0
[18:47:21.250] [SEVERE ] player 3 placing token on slot 10
[18:47:21.252] [SEVERE ] player 1 placing token on slot 3
[18:47:21.252] [SEVERE ] removing player 4 token from slot 2
[18:47:21.254] [SEVERE ] removing player 2 token from slot 0
[18:47:21.254] [SEVERE ] removing player 2 token from slot 2
[18:47:21.254] [SEVERE ] removing player 2 token from slot 5
[18:47:21.255] [SEVERE ] player 3 placing token on slot 4
[18:47:21.255] [SEVERE ] player 2 placing token on slot 3
[18:47:21.255] [SEVERE ] removing player 2 token from slot 3
[18:47:21.255] [SEVERE ] player 4 placing token on slot 3
[18:47:21.255] [SEVERE ] player 1 placing token on slot 10
[18:47:21.257] [SEVERE ] removing player 3 token from slot 2
[18:47:21.257] [SEVERE ] removing player 3 token from slot 4
[18:47:21.257] [SEVERE ] removing player 3 token from slot 10
[18:47:21.258] [SEVERE ] removing player 1 token from slot 3
[18:47:21.258] [SEVERE ] removing player 1 token from slot 10
[18:47:21.259] [SEVERE ] removing player 1 token from slot 11
[18:47:21.259] [SEVERE ] player 2 placing token on slot 0
[18:47:21.259] [SEVERE ] player 4 placing token on slot 8
[18:47:21.260] [SEVERE ] removing player 2 token from slot 0
[18:47:21.261] [SEVERE ] removing card from slot 0
[18:47:21.268] [SEVERE ] removing card from slot 1
[18:47:21.268] [SEVERE ] removing card from slot 2
[18:47:21.268] [SEVERE ] removing player 4 token from slot 3
[18:47:21.269] [SEVERE ] removing card from slot 3
[18:47:21.269] [SEVERE ] removing card from slot 4
[18:47:21.269] [SEVERE ] removing card from slot 5
[18:47:21.269] [SEVERE ] removing card from slot 6
[18:47:21.269] [SEVERE ] removing card from slot 7
[18:47:21.270] [SEVERE ] removing player 4 token from slot 8
[18:47:21.270] [SEVERE ] removing card from slot 8
[18:47:21.270] [SEVERE ] removing card from slot 9
[18:47:21.270] [SEVERE ] removing player 4 token from slot 10
[18:47:21.271] [SEVERE ] removing card from slot 10
[18:47:21.271] [SEVERE ] removing player 2 token from slot 11
[18:47:21.271] [SEVERE ] removing card from slot 11
[18:47:21.272] [SEVERE ] placing card 8 in slot 0
[18:47:21.272] [SEVERE ] placing card 12 in slot 1
[18:47:21.275] [SEVERE ] placing card 60 in slot 2
[18:47:21.275] [SEVERE ] placing card 45 in slot 3
[18:47:21.276] [SEVERE ] placing card 70 in slot 4
[18:47:21.276] [SEVERE ] placing card 42 in slot 5
[18:47:21.276] [SEVERE ] placing card 15 in slot 6
[18:47:21.286] [SEVERE ] placing card 3 in slot 7
[18:47:21.286] [SEVERE ] placing card 80 in slot 8
[18:47:21.287] [SEVERE ] placing card 13 in slot 9
[18:47:21.287] [SEVERE ] placing card 65 in slot 10
[18:47:21.287] [SEVERE ] placing card 21 in slot 11
[18:47:21.291] [SEVERE ] player 1 placing token on slot 11
[18:47:21.291] [SEVERE ] removing card from slot 0
[18:47:21.294] [INFO   ] thread dealer terminated.
[18:47:22.548] [SEVERE ] exit button pressed
[18:47:26.295] [SEVERE ] thanks for playing... it was fun!
[18:47:26.295] [INFO   ] thread main terminated.
