[15:54:07.963] [INFO   ] thread main starting.
[15:54:07.982] [SEVERE ] cannot read configuration file config.properties trying from resources.
[15:54:07.987] [SEVERE ] configuration file was loaded from resources directory.
[15:54:09.406] [INFO   ] thread dealer starting.
[15:54:09.507] [SEVERE ] placing card 15 in slot 0
[15:54:09.558] [SEVERE ] placing card 17 in slot 1
[15:54:09.558] [SEVERE ] placing card 19 in slot 2
[15:54:09.559] [SEVERE ] placing card 57 in slot 3
[15:54:09.560] [SEVERE ] placing card 31 in slot 4
[15:54:09.561] [SEVERE ] placing card 16 in slot 5
[15:54:09.561] [SEVERE ] placing card 20 in slot 6
[15:54:09.563] [SEVERE ] placing card 45 in slot 7
[15:54:09.564] [SEVERE ] placing card 13 in slot 8
[15:54:09.565] [SEVERE ] placing card 65 in slot 9
[15:54:09.565] [SEVERE ] placing card 1 in slot 10
[15:54:09.566] [SEVERE ] placing card 39 in slot 11
[15:54:09.587] [SEVERE ] player 4 placing token on slot 7
[15:54:09.587] [SEVERE ] player 1 placing token on slot 0
[15:54:09.589] [SEVERE ] player 4 placing token on slot 8
[15:54:09.589] [SEVERE ] player 1 placing token on slot 9
[15:54:09.589] [SEVERE ] removing player 4 token from slot 8
[15:54:09.590] [SEVERE ] player 1 placing token on slot 3
[15:54:09.591] [SEVERE ] player 4 placing token on slot 11
[15:54:09.591] [SEVERE ] player 2 placing token on slot 6
[15:54:09.601] [SEVERE ] removing player 1 token from slot 0
[15:54:09.603] [SEVERE ] removing player 1 token from slot 3
[15:54:09.604] [SEVERE ] removing player 1 token from slot 9
[15:54:09.604] [SEVERE ] player 4 placing token on slot 3
[15:54:09.606] [SEVERE ] removing card from slot 0
[15:54:09.607] [SEVERE ] removing card from slot 1
[15:54:09.607] [SEVERE ] removing card from slot 2
[15:54:09.608] [SEVERE ] removing player 4 token from slot 3
[15:54:09.609] [SEVERE ] removing card from slot 3
[15:54:09.610] [SEVERE ] removing card from slot 4
[15:54:09.610] [SEVERE ] removing card from slot 5
[15:54:09.612] [SEVERE ] removing player 2 token from slot 6
[15:54:09.613] [SEVERE ] removing card from slot 6
[15:54:09.614] [SEVERE ] removing player 4 token from slot 7
[15:54:09.615] [SEVERE ] removing card from slot 7
[15:54:09.616] [SEVERE ] removing card from slot 8
[15:54:09.616] [SEVERE ] removing card from slot 9
[15:54:09.617] [SEVERE ] removing card from slot 10
[15:54:09.618] [SEVERE ] removing player 4 token from slot 11
[15:54:09.619] [SEVERE ] removing card from slot 11
[15:54:09.620] [SEVERE ] placing card 11 in slot 0
[15:54:09.620] [SEVERE ] placing card 77 in slot 1
[15:54:09.621] [SEVERE ] placing card 63 in slot 2
[15:54:09.643] [SEVERE ] placing card 18 in slot 3
[15:54:09.645] [SEVERE ] placing card 39 in slot 4
[15:54:09.646] [SEVERE ] placing card 64 in slot 5
[15:54:09.646] [SEVERE ] placing card 69 in slot 6
[15:54:09.647] [SEVERE ] placing card 22 in slot 7
[15:54:09.648] [SEVERE ] placing card 31 in slot 8
[15:54:09.648] [SEVERE ] placing card 23 in slot 9
[15:54:09.649] [SEVERE ] placing card 78 in slot 10
[15:54:09.650] [SEVERE ] placing card 0 in slot 11
[15:54:09.662] [SEVERE ] player 1 placing token on slot 6
[15:54:09.662] [SEVERE ] player 2 placing token on slot 8
[15:54:09.662] [SEVERE ] player 3 placing token on slot 10
[15:54:09.664] [SEVERE ] player 2 placing token on slot 11
[15:54:09.663] [SEVERE ] player 1 placing token on slot 5
[15:54:09.663] [SEVERE ] player 4 placing token on slot 0
[15:54:09.667] [SEVERE ] removing player 1 token from slot 5
[15:54:09.666] [SEVERE ] player 2 placing token on slot 1
[15:54:09.665] [SEVERE ] player 3 placing token on slot 1
[15:54:09.671] [SEVERE ] removing player 2 token from slot 11
[15:54:09.669] [SEVERE ] player 1 placing token on slot 9
[15:54:09.668] [SEVERE ] player 4 placing token on slot 7
[15:54:09.673] [SEVERE ] removing player 2 token from slot 1
[15:54:09.674] [SEVERE ] removing player 2 token from slot 8
[15:54:09.675] [SEVERE ] removing player 2 token from slot 11
[15:54:09.676] [SEVERE ] player 3 placing token on slot 2
[15:54:09.676] [SEVERE ] player 2 placing token on slot 5
[15:54:09.676] [SEVERE ] player 4 placing token on slot 9
[15:54:09.676] [SEVERE ] player 1 placing token on slot 10
[15:54:09.679] [SEVERE ] removing player 4 token from slot 0
[15:54:09.680] [SEVERE ] removing card from slot 0
[15:54:09.693] [SEVERE ] removing player 3 token from slot 1
[15:54:09.695] [SEVERE ] removing card from slot 1
[15:54:09.695] [SEVERE ] removing player 3 token from slot 2
[15:54:09.695] [SEVERE ] removing card from slot 2
[15:54:09.696] [SEVERE ] removing card from slot 3
[15:54:09.698] [SEVERE ] removing card from slot 4
[15:54:09.698] [SEVERE ] removing player 2 token from slot 5
[15:54:09.699] [SEVERE ] removing card from slot 5
[15:54:09.701] [SEVERE ] removing player 1 token from slot 6
[15:54:09.701] [SEVERE ] removing card from slot 6
[15:54:09.704] [SEVERE ] removing player 4 token from slot 7
[15:54:09.705] [SEVERE ] removing card from slot 7
[15:54:09.706] [SEVERE ] removing card from slot 8
[15:54:09.720] [SEVERE ] removing player 1 token from slot 9
[15:54:09.720] [SEVERE ] removing player 4 token from slot 9
[15:54:09.721] [SEVERE ] removing card from slot 9
[15:54:09.722] [SEVERE ] removing player 1 token from slot 10
[15:54:09.722] [SEVERE ] removing player 3 token from slot 10
[15:54:09.722] [SEVERE ] removing card from slot 10
[15:54:09.724] [SEVERE ] removing card from slot 11
[15:54:09.724] [SEVERE ] placing card 56 in slot 0
[15:54:09.724] [SEVERE ] placing card 78 in slot 1
[15:54:09.725] [SEVERE ] placing card 14 in slot 2
[15:54:09.726] [SEVERE ] placing card 49 in slot 3
[15:54:09.726] [SEVERE ] placing card 16 in slot 4
[15:54:09.729] [SEVERE ] placing card 51 in slot 5
[15:54:09.729] [SEVERE ] placing card 39 in slot 6
[15:54:09.730] [SEVERE ] placing card 20 in slot 7
[15:54:09.730] [SEVERE ] placing card 7 in slot 8
[15:54:09.749] [SEVERE ] placing card 80 in slot 9
[15:54:09.750] [SEVERE ] placing card 5 in slot 10
[15:54:09.751] [SEVERE ] placing card 26 in slot 11
[15:54:09.759] [SEVERE ] player 1 placing token on slot 0
[15:54:09.759] [SEVERE ] player 3 placing token on slot 2
[15:54:09.759] [SEVERE ] player 4 placing token on slot 6
[15:54:09.759] [SEVERE ] player 2 placing token on slot 0
[15:54:09.761] [SEVERE ] player 4 placing token on slot 1
[15:54:09.760] [SEVERE ] player 3 placing token on slot 11
[15:54:09.760] [SEVERE ] player 1 placing token on slot 11
[15:54:09.763] [SEVERE ] player 3 placing token on slot 5
[15:54:09.763] [SEVERE ] player 4 placing token on slot 8
[15:54:09.762] [SEVERE ] player 2 placing token on slot 7
[15:54:09.764] [SEVERE ] player 1 placing token on slot 7
[15:54:09.767] [SEVERE ] removing player 3 token from slot 2
[15:54:09.767] [SEVERE ] removing player 3 token from slot 5
[15:54:09.768] [SEVERE ] removing player 3 token from slot 11
[15:54:09.768] [SEVERE ] player 2 placing token on slot 2
[15:54:09.769] [SEVERE ] removing player 4 token from slot 1
[15:54:09.770] [SEVERE ] removing player 4 token from slot 6
[15:54:09.771] [SEVERE ] removing player 4 token from slot 8
[15:54:09.771] [SEVERE ] player 2 placing token on slot 4
[15:54:09.771] [SEVERE ] player 3 placing token on slot 11
[15:54:09.773] [SEVERE ] removing player 1 token from slot 0
[15:54:09.774] [SEVERE ] removing player 2 token from slot 0
[15:54:09.775] [SEVERE ] removing card from slot 0
[15:54:09.779] [SEVERE ] removing card from slot 1
[15:54:09.780] [SEVERE ] removing player 2 token from slot 2
[15:54:09.780] [SEVERE ] removing card from slot 2
[15:54:09.781] [SEVERE ] removing card from slot 3
[15:54:09.782] [SEVERE ] removing player 2 token from slot 4
[15:54:09.782] [SEVERE ] removing card from slot 4
[15:54:09.783] [SEVERE ] removing card from slot 5
[15:54:09.783] [SEVERE ] removing card from slot 6
[15:54:09.785] [SEVERE ] removing player 1 token from slot 7
[15:54:09.785] [SEVERE ] removing player 2 token from slot 7
[15:54:09.786] [SEVERE ] removing card from slot 7
[15:54:09.787] [SEVERE ] removing card from slot 8
[15:54:09.787] [SEVERE ] removing card from slot 9
[15:54:09.788] [SEVERE ] removing card from slot 10
[15:54:09.788] [SEVERE ] removing player 1 token from slot 11
[15:54:09.789] [SEVERE ] removing player 3 token from slot 11
[15:54:09.789] [SEVERE ] removing card from slot 11
[15:54:09.797] [SEVERE ] placing card 20 in slot 0
[15:54:09.799] [SEVERE ] placing card 37 in slot 1
[15:54:09.800] [SEVERE ] placing card 23 in slot 2
[15:54:09.800] [SEVERE ] placing card 40 in slot 3
[15:54:09.801] [SEVERE ] placing card 41 in slot 4
[15:54:09.801] [SEVERE ] placing card 51 in slot 5
[15:54:09.802] [SEVERE ] placing card 72 in slot 6
[15:54:09.803] [SEVERE ] placing card 70 in slot 7
[15:54:09.803] [SEVERE ] placing card 3 in slot 8
[15:54:09.806] [SEVERE ] placing card 73 in slot 9
[15:54:09.807] [SEVERE ] placing card 71 in slot 10
[15:54:09.809] [SEVERE ] placing card 25 in slot 11
[15:54:09.839] [SEVERE ] player 1 placing token on slot 1
[15:54:09.839] [SEVERE ] player 3 placing token on slot 6
[15:54:09.840] [SEVERE ] player 3 placing token on slot 5
[15:54:09.841] [SEVERE ] player 3 placing token on slot 4
[15:54:09.839] [SEVERE ] player 2 placing token on slot 1
[15:54:09.839] [SEVERE ] player 4 placing token on slot 0
[15:54:09.840] [SEVERE ] player 1 placing token on slot 7
[15:54:09.844] [SEVERE ] removing player 3 token from slot 4
[15:54:09.844] [SEVERE ] removing player 3 token from slot 5
[15:54:09.844] [SEVERE ] removing player 3 token from slot 6
[15:54:09.845] [SEVERE ] player 2 placing token on slot 11
[15:54:09.846] [SEVERE ] player 3 placing token on slot 7
[15:54:09.845] [SEVERE ] player 1 placing token on slot 11
[15:54:09.845] [SEVERE ] player 4 placing token on slot 3
[15:54:09.847] [SEVERE ] player 3 placing token on slot 8
[15:54:09.847] [SEVERE ] player 2 placing token on slot 0
[15:54:09.850] [SEVERE ] removing player 1 token from slot 1
[15:54:09.850] [SEVERE ] removing player 1 token from slot 7
[15:54:09.851] [SEVERE ] removing player 1 token from slot 11
[15:54:09.851] [SEVERE ] player 4 placing token on slot 7
[15:54:09.852] [SEVERE ] player 2 placing token on slot 10
[15:54:09.852] [SEVERE ] player 3 placing token on slot 3
[15:54:09.853] [SEVERE ] removing player 2 token from slot 0
[15:54:09.854] [SEVERE ] removing player 4 token from slot 0
[15:54:09.855] [SEVERE ] removing card from slot 0
[15:54:09.866] [SEVERE ] removing player 2 token from slot 1
[15:54:09.867] [SEVERE ] removing card from slot 1
[15:54:09.867] [SEVERE ] removing card from slot 2
[15:54:09.868] [SEVERE ] removing player 3 token from slot 3
[15:54:09.868] [SEVERE ] removing player 4 token from slot 3
[15:54:09.868] [SEVERE ] removing card from slot 3
[15:54:09.869] [SEVERE ] removing card from slot 4
[15:54:09.869] [SEVERE ] removing card from slot 5
[15:54:09.871] [SEVERE ] removing card from slot 6
[15:54:09.871] [SEVERE ] removing player 3 token from slot 7
[15:54:09.871] [SEVERE ] removing player 4 token from slot 7
[15:54:09.872] [SEVERE ] removing card from slot 7
[15:54:09.873] [SEVERE ] removing player 3 token from slot 8
[15:54:09.873] [SEVERE ] removing card from slot 8
[15:54:09.875] [SEVERE ] removing card from slot 9
[15:54:09.876] [SEVERE ] removing player 2 token from slot 10
[15:54:09.877] [SEVERE ] removing card from slot 10
[15:54:09.890] [SEVERE ] removing player 2 token from slot 11
[15:54:09.891] [SEVERE ] removing card from slot 11
[15:54:09.893] [SEVERE ] placing card 76 in slot 0
[15:54:09.894] [SEVERE ] placing card 3 in slot 1
[15:54:09.895] [SEVERE ] placing card 42 in slot 2
[15:54:09.897] [SEVERE ] placing card 13 in slot 3
[15:54:09.897] [SEVERE ] placing card 43 in slot 4
[15:54:09.899] [SEVERE ] placing card 73 in slot 5
[15:54:09.899] [SEVERE ] placing card 65 in slot 6
[15:54:09.900] [SEVERE ] placing card 20 in slot 7
[15:54:09.919] [SEVERE ] placing card 71 in slot 8
[15:54:09.921] [SEVERE ] placing card 2 in slot 9
[15:54:09.922] [SEVERE ] placing card 35 in slot 10
[15:54:09.922] [SEVERE ] placing card 26 in slot 11
[15:54:09.926] [SEVERE ] player 1 placing token on slot 3
[15:54:09.927] [SEVERE ] player 1 placing token on slot 7
[15:54:09.927] [SEVERE ] player 3 placing token on slot 6
[15:54:09.927] [SEVERE ] player 4 placing token on slot 5
[15:54:09.927] [SEVERE ] player 2 placing token on slot 11
[15:54:09.929] [SEVERE ] player 4 placing token on slot 1
[15:54:09.929] [SEVERE ] player 3 placing token on slot 5
[15:54:09.927] [SEVERE ] player 1 placing token on slot 10
[15:54:09.931] [SEVERE ] player 3 placing token on slot 9
[15:54:09.930] [SEVERE ] player 4 placing token on slot 4
[15:54:09.930] [SEVERE ] player 2 placing token on slot 7
[15:54:09.933] [SEVERE ] removing player 1 token from slot 3
[15:54:09.933] [SEVERE ] removing player 1 token from slot 7
[15:54:09.934] [SEVERE ] removing player 1 token from slot 10
[15:54:09.935] [SEVERE ] player 2 placing token on slot 5
[15:54:09.935] [SEVERE ] removing player 3 token from slot 5
[15:54:09.937] [SEVERE ] removing player 3 token from slot 6
[15:54:09.937] [SEVERE ] removing player 3 token from slot 9
[15:54:09.937] [SEVERE ] player 1 placing token on slot 1
[15:54:09.938] [SEVERE ] player 2 placing token on slot 0
[15:54:09.940] [SEVERE ] removing player 2 token from slot 0
[15:54:09.940] [SEVERE ] removing card from slot 0
[15:54:09.950] [SEVERE ] removing player 1 token from slot 1
[15:54:09.951] [SEVERE ] removing player 4 token from slot 1
[15:54:09.951] [SEVERE ] removing card from slot 1
[15:54:09.952] [SEVERE ] removing card from slot 2
[15:54:09.956] [SEVERE ] removing card from slot 3
[15:54:09.959] [SEVERE ] removing player 4 token from slot 4
[15:54:09.960] [SEVERE ] removing card from slot 4
[15:54:09.960] [SEVERE ] removing player 2 token from slot 5
[15:54:09.961] [SEVERE ] removing player 4 token from slot 5
[15:54:09.961] [SEVERE ] removing card from slot 5
[15:54:09.980] [SEVERE ] removing card from slot 6
[15:54:09.981] [SEVERE ] removing player 2 token from slot 7
[15:54:09.982] [SEVERE ] removing card from slot 7
[15:54:09.983] [SEVERE ] removing card from slot 8
[15:54:09.984] [SEVERE ] removing card from slot 9
[15:54:09.984] [SEVERE ] removing card from slot 10
[15:54:09.985] [SEVERE ] removing player 2 token from slot 11
[15:54:09.985] [SEVERE ] removing card from slot 11
[15:54:09.986] [SEVERE ] placing card 54 in slot 0
[15:54:09.987] [SEVERE ] placing card 1 in slot 1
[15:54:09.987] [SEVERE ] placing card 2 in slot 2
[15:54:09.987] [SEVERE ] placing card 18 in slot 3
[15:54:09.988] [SEVERE ] placing card 31 in slot 4
[15:54:09.988] [SEVERE ] placing card 41 in slot 5
[15:54:09.991] [SEVERE ] placing card 12 in slot 6
[15:54:09.993] [SEVERE ] placing card 35 in slot 7
[15:54:10.010] [SEVERE ] placing card 4 in slot 8
[15:54:10.012] [SEVERE ] placing card 80 in slot 9
[15:54:10.013] [SEVERE ] placing card 68 in slot 10
[15:54:10.013] [SEVERE ] placing card 66 in slot 11
[15:54:10.016] [SEVERE ] player 4 placing token on slot 8
[15:54:10.017] [SEVERE ] player 2 placing token on slot 7
[15:54:10.018] [SEVERE ] player 2 placing token on slot 5
[15:54:10.019] [SEVERE ] player 2 placing token on slot 10
[15:54:10.017] [SEVERE ] player 3 placing token on slot 10
[15:54:10.017] [SEVERE ] player 1 placing token on slot 7
[15:54:10.026] [SEVERE ] player 3 placing token on slot 1
[15:54:10.027] [SEVERE ] player 3 placing token on slot 6
[15:54:10.025] [SEVERE ] player 2 placing token on slot 9
[15:54:10.018] [SEVERE ] player 4 placing token on slot 1
[15:54:10.026] [SEVERE ] player 1 placing token on slot 9
[15:54:10.029] [SEVERE ] removing card from slot 0
[15:54:10.046] [SEVERE ] removing player 3 token from slot 1
[15:54:10.047] [SEVERE ] removing player 4 token from slot 1
[15:54:10.047] [SEVERE ] removing card from slot 1
[15:54:10.047] [SEVERE ] removing card from slot 2
[15:54:10.048] [SEVERE ] removing card from slot 3
[15:54:10.049] [SEVERE ] removing card from slot 4
[15:54:10.049] [SEVERE ] removing player 2 token from slot 5
[15:54:10.050] [SEVERE ] removing card from slot 5
[15:54:10.052] [SEVERE ] removing player 3 token from slot 6
[15:54:10.055] [SEVERE ] removing card from slot 6
[15:54:10.073] [SEVERE ] removing player 1 token from slot 7
[15:54:10.074] [SEVERE ] removing player 2 token from slot 7
[15:54:10.074] [SEVERE ] removing card from slot 7
[15:54:10.074] [SEVERE ] removing player 4 token from slot 8
[15:54:10.075] [SEVERE ] removing card from slot 8
[15:54:10.075] [SEVERE ] removing player 1 token from slot 9
[15:54:10.076] [SEVERE ] removing player 2 token from slot 9
[15:54:10.076] [SEVERE ] removing card from slot 9
[15:54:10.077] [SEVERE ] removing player 2 token from slot 10
[15:54:10.078] [SEVERE ] removing player 3 token from slot 10
[15:54:10.078] [SEVERE ] removing card from slot 10
[15:54:10.078] [SEVERE ] removing card from slot 11
[15:54:10.079] [SEVERE ] placing card 61 in slot 0
[15:54:10.079] [SEVERE ] placing card 58 in slot 1
[15:54:10.080] [SEVERE ] placing card 9 in slot 2
[15:54:10.080] [SEVERE ] placing card 64 in slot 3
[15:54:10.081] [SEVERE ] placing card 40 in slot 4
[15:54:10.081] [SEVERE ] placing card 75 in slot 5
[15:54:10.085] [SEVERE ] placing card 62 in slot 6
[15:54:10.086] [SEVERE ] placing card 69 in slot 7
[15:54:10.103] [SEVERE ] placing card 4 in slot 8
[15:54:10.104] [SEVERE ] placing card 2 in slot 9
[15:54:10.104] [SEVERE ] placing card 18 in slot 10
[15:54:10.105] [SEVERE ] placing card 13 in slot 11
[15:54:10.107] [SEVERE ] player 1 placing token on slot 3
[15:54:10.108] [SEVERE ] player 1 placing token on slot 4
[15:54:10.108] [SEVERE ] player 4 placing token on slot 2
[15:54:10.108] [SEVERE ] removing player 1 token from slot 4
[15:54:10.109] [SEVERE ] player 4 placing token on slot 1
[15:54:10.109] [SEVERE ] player 1 placing token on slot 0
[15:54:10.110] [SEVERE ] removing player 4 token from slot 1
[15:54:10.110] [SEVERE ] removing player 1 token from slot 3
[15:54:10.111] [SEVERE ] player 2 placing token on slot 8
[15:54:10.111] [SEVERE ] player 3 placing token on slot 5
[15:54:10.111] [SEVERE ] player 4 placing token on slot 10
[15:54:10.113] [SEVERE ] player 3 placing token on slot 7
[15:54:10.115] [SEVERE ] player 3 placing token on slot 11
[15:54:10.112] [SEVERE ] player 2 placing token on slot 6
[15:54:10.112] [SEVERE ] player 1 placing token on slot 7
[15:54:10.113] [SEVERE ] player 4 placing token on slot 11
[15:54:10.117] [SEVERE ] removing player 3 token from slot 5
[15:54:10.117] [SEVERE ] removing player 3 token from slot 7
[15:54:10.118] [SEVERE ] removing player 3 token from slot 11
[15:54:10.118] [SEVERE ] removing player 4 token from slot 2
[15:54:10.119] [SEVERE ] removing player 4 token from slot 10
[15:54:10.119] [SEVERE ] removing player 4 token from slot 11
[15:54:10.120] [SEVERE ] player 2 placing token on slot 9
[15:54:10.120] [SEVERE ] player 1 placing token on slot 2
[15:54:10.122] [SEVERE ] removing player 1 token from slot 0
[15:54:10.122] [SEVERE ] removing card from slot 0
[15:54:10.136] [SEVERE ] removing card from slot 1
[15:54:10.136] [SEVERE ] removing player 1 token from slot 2
[15:54:10.137] [SEVERE ] removing card from slot 2
[15:54:10.137] [SEVERE ] removing card from slot 3
[15:54:10.139] [SEVERE ] removing card from slot 4
[15:54:10.139] [SEVERE ] removing card from slot 5
[15:54:10.140] [SEVERE ] removing player 2 token from slot 6
[15:54:10.141] [SEVERE ] removing card from slot 6
[15:54:10.142] [SEVERE ] removing player 1 token from slot 7
[15:54:10.142] [SEVERE ] removing card from slot 7
[15:54:10.146] [SEVERE ] removing player 2 token from slot 8
[15:54:10.146] [SEVERE ] removing card from slot 8
[15:54:10.147] [SEVERE ] removing player 2 token from slot 9
[15:54:10.147] [SEVERE ] removing card from slot 9
[15:54:10.148] [SEVERE ] removing card from slot 10
[15:54:10.148] [SEVERE ] removing card from slot 11
[15:54:10.149] [SEVERE ] placing card 67 in slot 0
[15:54:10.157] [SEVERE ] placing card 46 in slot 1
[15:54:10.159] [SEVERE ] placing card 42 in slot 2
[15:54:10.160] [SEVERE ] placing card 76 in slot 3
[15:54:10.160] [SEVERE ] placing card 51 in slot 4
[15:54:10.160] [SEVERE ] placing card 59 in slot 5
[15:54:10.161] [SEVERE ] placing card 47 in slot 6
[15:54:10.162] [SEVERE ] placing card 3 in slot 7
[15:54:10.162] [SEVERE ] placing card 44 in slot 8
[15:54:10.163] [SEVERE ] placing card 0 in slot 9
[15:54:10.163] [SEVERE ] placing card 22 in slot 10
[15:54:10.163] [SEVERE ] placing card 37 in slot 11
[15:54:10.166] [SEVERE ] player 1 placing token on slot 10
[15:54:10.166] [SEVERE ] player 4 placing token on slot 3
[15:54:10.167] [SEVERE ] player 1 placing token on slot 2
[15:54:10.168] [SEVERE ] player 4 placing token on slot 11
[15:54:10.168] [SEVERE ] player 1 placing token on slot 3
[15:54:10.168] [SEVERE ] player 4 placing token on slot 7
[15:54:10.169] [SEVERE ] player 3 placing token on slot 3
[15:54:10.169] [SEVERE ] player 2 placing token on slot 6
[15:54:10.175] [SEVERE ] removing player 1 token from slot 2
[15:54:10.176] [SEVERE ] removing player 1 token from slot 3
[15:54:10.176] [SEVERE ] removing player 1 token from slot 10
[15:54:10.176] [SEVERE ] player 3 placing token on slot 6
[15:54:10.176] [SEVERE ] player 1 placing token on slot 11
[15:54:10.178] [SEVERE ] player 2 placing token on slot 10
[15:54:10.177] [SEVERE ] player 3 placing token on slot 9
[15:54:10.179] [SEVERE ] removing player 4 token from slot 3
[15:54:10.180] [SEVERE ] removing player 4 token from slot 7
[15:54:10.180] [SEVERE ] removing player 4 token from slot 11
[15:54:10.180] [SEVERE ] player 1 placing token on slot 4
[15:54:10.180] [SEVERE ] removing player 2 token from slot 6
[15:54:10.181] [SEVERE ] removing card from slot 0
[15:54:10.191] [SEVERE ] removing card from slot 1
[15:54:10.192] [SEVERE ] removing card from slot 2
[15:54:10.192] [SEVERE ] removing player 3 token from slot 3
[15:54:10.193] [SEVERE ] removing card from slot 3
[15:54:10.193] [SEVERE ] removing player 1 token from slot 4
[15:54:10.194] [SEVERE ] removing card from slot 4
[15:54:10.195] [SEVERE ] removing card from slot 5
[15:54:10.196] [SEVERE ] removing player 3 token from slot 6
[15:54:10.196] [SEVERE ] removing card from slot 6
[15:54:10.197] [SEVERE ] removing card from slot 7
[15:54:10.197] [SEVERE ] removing card from slot 8
[15:54:10.197] [SEVERE ] removing player 3 token from slot 9
[15:54:10.198] [SEVERE ] removing card from slot 9
[15:54:10.201] [SEVERE ] removing player 2 token from slot 10
[15:54:10.201] [SEVERE ] removing card from slot 10
[15:54:10.201] [SEVERE ] removing player 1 token from slot 11
[15:54:10.202] [SEVERE ] removing card from slot 11
[15:54:10.202] [SEVERE ] placing card 21 in slot 0
[15:54:10.203] [SEVERE ] placing card 80 in slot 1
[15:54:10.203] [SEVERE ] placing card 45 in slot 2
[15:54:10.203] [SEVERE ] placing card 56 in slot 3
[15:54:10.207] [SEVERE ] placing card 46 in slot 4
[15:54:10.219] [SEVERE ] placing card 19 in slot 5
[15:54:10.221] [SEVERE ] placing card 18 in slot 6
[15:54:10.226] [SEVERE ] placing card 16 in slot 7
[15:54:10.231] [SEVERE ] placing card 75 in slot 8
[15:54:10.235] [SEVERE ] placing card 73 in slot 9
[15:54:10.250] [SEVERE ] placing card 24 in slot 10
[15:54:10.251] [SEVERE ] placing card 4 in slot 11
[15:54:10.256] [SEVERE ] player 1 placing token on slot 9
[15:54:10.256] [SEVERE ] player 3 placing token on slot 5
[15:54:10.257] [SEVERE ] removing player 3 token from slot 5
[15:54:10.258] [SEVERE ] player 3 placing token on slot 2
[15:54:10.259] [SEVERE ] player 3 placing token on slot 3
[15:54:10.261] [SEVERE ] removing player 3 token from slot 2
[15:54:10.256] [SEVERE ] player 2 placing token on slot 6
[15:54:10.256] [SEVERE ] player 4 placing token on slot 1
[15:54:10.261] [SEVERE ] player 2 placing token on slot 3
[15:54:10.261] [SEVERE ] player 3 placing token on slot 6
[15:54:10.256] [SEVERE ] player 1 placing token on slot 10
[15:54:10.263] [SEVERE ] player 1 placing token on slot 3
[15:54:10.262] [SEVERE ] player 2 placing token on slot 9
[15:54:10.262] [SEVERE ] removing player 4 token from slot 1
[15:54:10.265] [SEVERE ] removing player 1 token from slot 3
[15:54:10.265] [SEVERE ] removing player 1 token from slot 9
[15:54:10.265] [SEVERE ] removing player 1 token from slot 10
[15:54:10.266] [SEVERE ] removing player 2 token from slot 3
[15:54:10.266] [SEVERE ] player 4 placing token on slot 7
[15:54:10.266] [SEVERE ] player 3 placing token on slot 8
[15:54:10.267] [SEVERE ] removing card from slot 0
[15:54:10.273] [SEVERE ] removing card from slot 1
[15:54:10.274] [SEVERE ] removing card from slot 2
[15:54:10.275] [SEVERE ] removing player 3 token from slot 3
[15:54:10.275] [SEVERE ] removing card from slot 3
[15:54:10.279] [SEVERE ] removing card from slot 4
[15:54:10.279] [SEVERE ] removing card from slot 5
[15:54:10.280] [SEVERE ] removing player 2 token from slot 6
[15:54:10.280] [SEVERE ] removing player 3 token from slot 6
[15:54:10.280] [SEVERE ] removing card from slot 6
[15:54:10.281] [SEVERE ] removing player 4 token from slot 7
[15:54:10.281] [SEVERE ] removing card from slot 7
[15:54:10.281] [SEVERE ] removing player 3 token from slot 8
[15:54:10.282] [SEVERE ] removing card from slot 8
[15:54:10.293] [SEVERE ] removing player 2 token from slot 9
[15:54:10.294] [SEVERE ] removing card from slot 9
[15:54:10.295] [SEVERE ] removing card from slot 10
[15:54:10.299] [SEVERE ] removing card from slot 11
[15:54:10.300] [SEVERE ] placing card 43 in slot 0
[15:54:10.300] [SEVERE ] placing card 57 in slot 1
[15:54:10.301] [SEVERE ] placing card 16 in slot 2
[15:54:10.302] [SEVERE ] placing card 7 in slot 3
[15:54:10.302] [SEVERE ] placing card 18 in slot 4
[15:54:10.302] [SEVERE ] placing card 1 in slot 5
[15:54:10.302] [SEVERE ] placing card 75 in slot 6
[15:54:10.303] [SEVERE ] placing card 46 in slot 7
[15:54:10.303] [SEVERE ] placing card 78 in slot 8
[15:54:10.303] [SEVERE ] placing card 37 in slot 9
[15:54:10.319] [SEVERE ] placing card 56 in slot 10
[15:54:10.320] [SEVERE ] placing card 73 in slot 11
[15:54:10.323] [SEVERE ] player 1 placing token on slot 10
[15:54:10.323] [SEVERE ] player 1 placing token on slot 4
[15:54:10.323] [SEVERE ] player 4 placing token on slot 1
[15:54:10.324] [SEVERE ] player 1 placing token on slot 9
[15:54:10.324] [SEVERE ] player 4 placing token on slot 9
[15:54:10.325] [SEVERE ] removing player 1 token from slot 4
[15:54:10.325] [SEVERE ] removing card from slot 4
[15:54:10.325] [SEVERE ] removing player 1 token from slot 9
[15:54:10.326] [SEVERE ] removing player 4 token from slot 9
[15:54:10.332] [SEVERE ] removing card from slot 9
[15:54:10.332] [SEVERE ] removing player 1 token from slot 10
[15:54:10.333] [SEVERE ] removing card from slot 10
[15:54:10.333] [SEVERE ] placing card 35 in slot 4
[15:54:10.351] [SEVERE ] placing card 42 in slot 9
[15:54:10.351] [SEVERE ] placing card 62 in slot 10
[15:54:10.354] [SEVERE ] setting player 1 score to 1
[15:54:10.354] [SEVERE ] player 4 placing token on slot 8
[15:54:10.355] [SEVERE ] player 4 placing token on slot 9
[15:54:10.355] [SEVERE ] removing card from slot 0
[15:54:10.356] [SEVERE ] removing player 4 token from slot 1
[15:54:10.356] [SEVERE ] removing card from slot 1
[15:54:10.357] [SEVERE ] removing card from slot 2
[15:54:10.357] [SEVERE ] removing card from slot 3
[15:54:10.357] [SEVERE ] removing card from slot 4
[15:54:10.357] [SEVERE ] removing card from slot 5
[15:54:10.358] [SEVERE ] removing card from slot 6
[15:54:10.358] [SEVERE ] removing card from slot 7
[15:54:10.358] [SEVERE ] removing player 4 token from slot 8
[15:54:10.359] [SEVERE ] removing card from slot 8
[15:54:10.369] [SEVERE ] removing player 4 token from slot 9
[15:54:10.370] [SEVERE ] removing card from slot 9
[15:54:10.370] [SEVERE ] removing card from slot 10
[15:54:10.370] [SEVERE ] removing card from slot 11
[15:54:10.371] [SEVERE ] placing card 61 in slot 0
[15:54:10.372] [SEVERE ] placing card 45 in slot 1
[15:54:10.373] [SEVERE ] placing card 6 in slot 2
[15:54:10.374] [SEVERE ] placing card 14 in slot 3
[15:54:10.377] [SEVERE ] placing card 79 in slot 4
[15:54:10.378] [SEVERE ] placing card 68 in slot 5
[15:54:10.378] [SEVERE ] placing card 35 in slot 6
[15:54:10.378] [SEVERE ] placing card 48 in slot 7
[15:54:10.379] [SEVERE ] placing card 62 in slot 8
[15:54:10.379] [SEVERE ] placing card 11 in slot 9
[15:54:10.380] [SEVERE ] placing card 31 in slot 10
[15:54:10.380] [SEVERE ] placing card 66 in slot 11
[15:54:10.383] [SEVERE ] player 1 placing token on slot 9
[15:54:10.383] [SEVERE ] player 4 placing token on slot 7
[15:54:10.383] [SEVERE ] player 1 placing token on slot 6
[15:54:10.401] [SEVERE ] player 2 placing token on slot 0
[15:54:10.402] [SEVERE ] player 3 placing token on slot 11
[15:54:10.407] [SEVERE ] removing player 2 token from slot 0
[15:54:10.407] [SEVERE ] removing card from slot 0
[15:54:10.408] [SEVERE ] removing card from slot 1
[15:54:10.408] [SEVERE ] removing card from slot 2
[15:54:10.408] [SEVERE ] removing card from slot 3
[15:54:10.408] [SEVERE ] removing card from slot 4
[15:54:10.409] [SEVERE ] removing card from slot 5
[15:54:10.409] [SEVERE ] removing player 1 token from slot 6
[15:54:10.409] [SEVERE ] removing card from slot 6
[15:54:10.409] [SEVERE ] removing player 4 token from slot 7
[15:54:10.410] [SEVERE ] removing card from slot 7
[15:54:10.410] [SEVERE ] removing card from slot 8
[15:54:10.410] [SEVERE ] removing player 1 token from slot 9
[15:54:10.411] [SEVERE ] removing card from slot 9
[15:54:10.411] [SEVERE ] removing card from slot 10
[15:54:10.411] [SEVERE ] removing player 3 token from slot 11
[15:54:10.415] [SEVERE ] removing card from slot 11
[15:54:10.416] [SEVERE ] placing card 6 in slot 0
[15:54:10.425] [SEVERE ] placing card 63 in slot 1
[15:54:10.425] [SEVERE ] placing card 35 in slot 2
[15:54:10.426] [SEVERE ] placing card 46 in slot 3
[15:54:10.427] [SEVERE ] placing card 52 in slot 4
[15:54:10.427] [SEVERE ] placing card 57 in slot 5
[15:54:10.428] [SEVERE ] placing card 78 in slot 6
[15:54:10.428] [SEVERE ] placing card 79 in slot 7
[15:54:10.428] [SEVERE ] placing card 12 in slot 8
[15:54:10.429] [SEVERE ] placing card 38 in slot 9
[15:54:10.431] [SEVERE ] placing card 67 in slot 10
[15:54:10.432] [SEVERE ] placing card 8 in slot 11
[15:54:10.434] [SEVERE ] player 1 placing token on slot 3
[15:54:10.435] [SEVERE ] player 4 placing token on slot 3
[15:54:10.435] [SEVERE ] player 1 placing token on slot 5
[15:54:10.435] [SEVERE ] player 4 placing token on slot 1
[15:54:10.435] [SEVERE ] player 1 placing token on slot 9
[15:54:10.436] [SEVERE ] player 4 placing token on slot 2
[15:54:10.437] [SEVERE ] removing player 1 token from slot 3
[15:54:10.438] [SEVERE ] removing player 1 token from slot 5
[15:54:10.438] [SEVERE ] removing player 1 token from slot 9
[15:54:10.438] [SEVERE ] removing player 4 token from slot 1
[15:54:10.439] [SEVERE ] removing player 4 token from slot 2
[15:54:10.439] [SEVERE ] removing player 4 token from slot 3
[15:54:10.439] [SEVERE ] player 1 placing token on slot 1
[15:54:10.440] [SEVERE ] player 4 placing token on slot 11
[15:54:10.440] [SEVERE ] player 1 placing token on slot 11
[15:54:10.440] [SEVERE ] player 4 placing token on slot 1
[15:54:10.441] [SEVERE ] player 1 placing token on slot 10
[15:54:10.441] [SEVERE ] player 4 placing token on slot 0
[15:54:10.442] [SEVERE ] removing player 1 token from slot 1
[15:54:10.442] [SEVERE ] removing player 1 token from slot 10
[15:54:10.442] [SEVERE ] removing player 1 token from slot 11
[15:54:10.443] [SEVERE ] removing player 4 token from slot 0
[15:54:10.443] [SEVERE ] removing player 4 token from slot 1
[15:54:10.443] [SEVERE ] removing player 4 token from slot 11
[15:54:10.443] [SEVERE ] player 1 placing token on slot 9
[15:54:10.444] [SEVERE ] player 3 placing token on slot 11
[15:54:10.444] [SEVERE ] player 2 placing token on slot 7
[15:54:10.444] [SEVERE ] player 4 placing token on slot 0
[15:54:10.446] [SEVERE ] player 2 placing token on slot 0
[15:54:10.445] [SEVERE ] player 1 placing token on slot 3
[15:54:10.445] [SEVERE ] player 3 placing token on slot 7
[15:54:10.446] [SEVERE ] player 4 placing token on slot 8
[15:54:10.448] [SEVERE ] removing player 2 token from slot 0
[15:54:10.448] [SEVERE ] removing player 4 token from slot 0
[15:54:10.448] [SEVERE ] removing card from slot 0
[15:54:10.461] [SEVERE ] removing card from slot 1
[15:54:10.463] [SEVERE ] removing card from slot 2
[15:54:10.464] [SEVERE ] removing player 1 token from slot 3
[15:54:10.464] [SEVERE ] removing card from slot 3
[15:54:10.465] [SEVERE ] removing card from slot 4
[15:54:10.465] [SEVERE ] removing card from slot 5
[15:54:10.465] [SEVERE ] removing card from slot 6
[15:54:10.466] [SEVERE ] removing player 2 token from slot 7
[15:54:10.466] [SEVERE ] removing player 3 token from slot 7
[15:54:10.466] [SEVERE ] removing card from slot 7
[15:54:10.467] [SEVERE ] removing player 4 token from slot 8
[15:54:10.468] [SEVERE ] removing card from slot 8
[15:54:10.468] [SEVERE ] removing player 1 token from slot 9
[15:54:10.468] [SEVERE ] removing card from slot 9
[15:54:10.468] [SEVERE ] removing card from slot 10
[15:54:10.469] [SEVERE ] removing player 3 token from slot 11
[15:54:10.469] [SEVERE ] removing card from slot 11
[15:54:10.469] [SEVERE ] placing card 58 in slot 0
[15:54:10.469] [SEVERE ] placing card 1 in slot 1
[15:54:10.470] [SEVERE ] placing card 8 in slot 2
[15:54:10.470] [SEVERE ] placing card 72 in slot 3
[15:54:10.470] [SEVERE ] placing card 23 in slot 4
[15:54:10.471] [SEVERE ] placing card 19 in slot 5
[15:54:10.471] [SEVERE ] placing card 14 in slot 6
[15:54:10.471] [SEVERE ] placing card 42 in slot 7
[15:54:10.471] [SEVERE ] placing card 60 in slot 8
[15:54:10.472] [SEVERE ] placing card 64 in slot 9
[15:54:10.472] [SEVERE ] placing card 35 in slot 10
[15:54:10.472] [SEVERE ] placing card 70 in slot 11
[15:54:10.475] [SEVERE ] player 1 placing token on slot 10
[15:54:10.475] [SEVERE ] player 4 placing token on slot 6
[15:54:10.476] [SEVERE ] player 1 placing token on slot 1
[15:54:10.476] [SEVERE ] player 4 placing token on slot 5
[15:54:10.476] [SEVERE ] player 1 placing token on slot 5
[15:54:10.477] [SEVERE ] player 4 placing token on slot 9
[15:54:10.477] [SEVERE ] player 2 placing token on slot 3
[15:54:10.477] [SEVERE ] player 3 placing token on slot 11
[15:54:10.483] [SEVERE ] removing player 1 token from slot 1
[15:54:10.483] [SEVERE ] removing player 1 token from slot 5
[15:54:10.484] [SEVERE ] removing player 1 token from slot 10
[15:54:10.484] [SEVERE ] removing player 4 token from slot 5
[15:54:10.484] [SEVERE ] removing player 4 token from slot 6
[15:54:10.485] [SEVERE ] removing player 4 token from slot 9
[15:54:10.486] [SEVERE ] removing card from slot 0
[15:54:10.490] [SEVERE ] removing card from slot 1
[15:54:10.491] [SEVERE ] removing card from slot 2
[15:54:10.492] [SEVERE ] removing player 2 token from slot 3
[15:54:10.492] [SEVERE ] removing card from slot 3
[15:54:10.492] [SEVERE ] removing card from slot 4
[15:54:10.493] [SEVERE ] removing card from slot 5
[15:54:10.505] [SEVERE ] removing card from slot 6
[15:54:10.505] [SEVERE ] removing card from slot 7
[15:54:10.506] [SEVERE ] removing card from slot 8
[15:54:10.507] [SEVERE ] removing card from slot 9
[15:54:10.507] [SEVERE ] removing card from slot 10
[15:54:10.508] [SEVERE ] removing player 3 token from slot 11
[15:54:10.508] [SEVERE ] removing card from slot 11
[15:54:10.509] [SEVERE ] placing card 64 in slot 0
[15:54:10.509] [SEVERE ] placing card 8 in slot 1
[15:54:10.511] [SEVERE ] placing card 79 in slot 2
[15:54:10.512] [SEVERE ] placing card 20 in slot 3
[15:54:10.522] [SEVERE ] placing card 12 in slot 4
[15:54:10.522] [SEVERE ] placing card 80 in slot 5
[15:54:10.525] [SEVERE ] placing card 59 in slot 6
[15:54:10.526] [SEVERE ] placing card 46 in slot 7
[15:54:10.526] [SEVERE ] placing card 77 in slot 8
[15:54:10.526] [SEVERE ] placing card 29 in slot 9
[15:54:10.526] [SEVERE ] placing card 13 in slot 10
[15:54:10.528] [SEVERE ] placing card 51 in slot 11
[15:54:10.530] [SEVERE ] player 4 placing token on slot 2
[15:54:10.531] [SEVERE ] player 4 placing token on slot 4
[15:54:10.531] [SEVERE ] player 4 placing token on slot 1
[15:54:10.532] [SEVERE ] removing player 4 token from slot 1
[15:54:10.532] [SEVERE ] removing player 4 token from slot 2
[15:54:10.532] [SEVERE ] removing player 4 token from slot 4
[15:54:10.533] [SEVERE ] player 4 placing token on slot 8
[15:54:10.533] [SEVERE ] player 4 placing token on slot 6
[15:54:10.533] [SEVERE ] removing player 4 token from slot 6
[15:54:10.533] [SEVERE ] player 4 placing token on slot 10
[15:54:10.534] [SEVERE ] player 4 placing token on slot 1
[15:54:10.534] [SEVERE ] removing player 4 token from slot 1
[15:54:10.534] [SEVERE ] removing player 4 token from slot 8
[15:54:10.535] [SEVERE ] removing player 4 token from slot 10
[15:54:10.535] [SEVERE ] player 4 placing token on slot 7
[15:54:10.535] [SEVERE ] player 4 placing token on slot 6
[15:54:10.536] [SEVERE ] player 4 placing token on slot 4
[15:54:10.536] [SEVERE ] removing player 4 token from slot 4
[15:54:10.536] [SEVERE ] removing player 4 token from slot 6
[15:54:10.537] [SEVERE ] removing player 4 token from slot 7
[15:54:10.537] [SEVERE ] player 4 placing token on slot 3
[15:54:10.538] [SEVERE ] player 4 placing token on slot 2
[15:54:10.538] [SEVERE ] player 4 placing token on slot 8
[15:54:10.538] [SEVERE ] removing player 4 token from slot 2
[15:54:10.539] [SEVERE ] removing player 4 token from slot 3
[15:54:10.539] [SEVERE ] removing player 4 token from slot 8
[15:54:10.540] [SEVERE ] player 4 placing token on slot 8
[15:54:10.540] [SEVERE ] player 4 placing token on slot 9
[15:54:10.540] [SEVERE ] removing player 4 token from slot 9
[15:54:10.540] [SEVERE ] player 4 placing token on slot 1
[15:54:10.541] [SEVERE ] player 4 placing token on slot 7
[15:54:10.541] [SEVERE ] removing card from slot 0
[15:54:10.555] [SEVERE ] removing player 4 token from slot 1
[15:54:10.555] [SEVERE ] removing card from slot 1
[15:54:10.556] [SEVERE ] removing card from slot 2
[15:54:10.558] [SEVERE ] removing card from slot 3
[15:54:10.559] [SEVERE ] removing card from slot 4
[15:54:10.561] [SEVERE ] removing card from slot 5
[15:54:10.562] [SEVERE ] removing card from slot 6
[15:54:10.562] [SEVERE ] removing player 4 token from slot 7
[15:54:10.563] [SEVERE ] removing card from slot 7
[15:54:10.566] [SEVERE ] removing player 4 token from slot 8
[15:54:10.566] [SEVERE ] removing card from slot 8
[15:54:10.566] [SEVERE ] removing card from slot 9
[15:54:10.567] [SEVERE ] removing card from slot 10
[15:54:10.567] [SEVERE ] removing card from slot 11
[15:54:10.567] [SEVERE ] placing card 23 in slot 0
[15:54:10.568] [SEVERE ] placing card 13 in slot 1
[15:54:10.568] [SEVERE ] placing card 64 in slot 2
[15:54:10.583] [SEVERE ] placing card 22 in slot 3
[15:54:10.583] [SEVERE ] placing card 54 in slot 4
[15:54:10.584] [SEVERE ] placing card 66 in slot 5
[15:54:10.584] [SEVERE ] placing card 47 in slot 6
[15:54:10.585] [SEVERE ] placing card 0 in slot 7
[15:54:10.590] [SEVERE ] placing card 50 in slot 8
[15:54:10.590] [SEVERE ] placing card 77 in slot 9
[15:54:10.591] [SEVERE ] placing card 57 in slot 10
[15:54:10.591] [SEVERE ] placing card 30 in slot 11
[15:54:10.595] [SEVERE ] player 4 placing token on slot 10
[15:54:10.595] [SEVERE ] player 4 placing token on slot 7
[15:54:10.596] [SEVERE ] player 4 placing token on slot 11
[15:54:10.596] [SEVERE ] removing player 4 token from slot 7
[15:54:10.597] [SEVERE ] removing player 4 token from slot 10
[15:54:10.597] [SEVERE ] removing player 4 token from slot 11
[15:54:10.597] [SEVERE ] player 4 placing token on slot 6
[15:54:10.598] [SEVERE ] player 4 placing token on slot 0
[15:54:10.598] [SEVERE ] player 4 placing token on slot 7
[15:54:10.599] [SEVERE ] removing player 4 token from slot 0
[15:54:10.599] [SEVERE ] removing player 4 token from slot 6
[15:54:10.599] [SEVERE ] removing player 4 token from slot 7
[15:54:10.600] [SEVERE ] player 4 placing token on slot 10
[15:54:10.600] [SEVERE ] removing player 4 token from slot 10
[15:54:10.600] [SEVERE ] player 4 placing token on slot 6
[15:54:10.601] [SEVERE ] player 4 placing token on slot 10
[15:54:10.601] [SEVERE ] player 4 placing token on slot 4
[15:54:10.602] [SEVERE ] removing player 4 token from slot 4
[15:54:10.602] [SEVERE ] removing player 4 token from slot 6
[15:54:10.603] [SEVERE ] removing player 4 token from slot 10
[15:54:10.604] [SEVERE ] player 4 placing token on slot 11
[15:54:10.605] [SEVERE ] removing player 4 token from slot 11
[15:54:10.605] [SEVERE ] player 4 placing token on slot 10
[15:54:10.605] [SEVERE ] player 4 placing token on slot 6
[15:54:10.605] [SEVERE ] player 4 placing token on slot 5
[15:54:10.606] [SEVERE ] player 3 placing token on slot 9
[15:54:10.608] [SEVERE ] player 2 placing token on slot 8
[15:54:10.608] [SEVERE ] player 1 placing token on slot 10
[15:54:10.609] [SEVERE ] removing card from slot 0
[15:54:10.615] [SEVERE ] removing card from slot 1
[15:54:10.616] [SEVERE ] removing card from slot 2
[15:54:10.616] [SEVERE ] removing card from slot 3
[15:54:10.616] [SEVERE ] removing card from slot 4
[15:54:10.617] [SEVERE ] removing player 4 token from slot 5
[15:54:10.617] [SEVERE ] removing card from slot 5
[15:54:10.617] [SEVERE ] removing player 4 token from slot 6
[15:54:10.617] [SEVERE ] removing card from slot 6
[15:54:10.618] [SEVERE ] removing card from slot 7
[15:54:10.619] [SEVERE ] removing player 2 token from slot 8
[15:54:10.619] [SEVERE ] removing card from slot 8
[15:54:10.620] [SEVERE ] removing player 3 token from slot 9
[15:54:10.621] [SEVERE ] removing card from slot 9
[15:54:10.626] [SEVERE ] removing player 1 token from slot 10
[15:54:10.627] [SEVERE ] removing player 4 token from slot 10
[15:54:10.627] [SEVERE ] removing card from slot 10
[15:54:10.632] [SEVERE ] removing card from slot 11
[15:54:10.633] [SEVERE ] placing card 69 in slot 0
[15:54:10.633] [SEVERE ] placing card 32 in slot 1
[15:54:10.634] [SEVERE ] placing card 1 in slot 2
[15:54:10.634] [SEVERE ] placing card 11 in slot 3
[15:54:10.634] [SEVERE ] placing card 65 in slot 4
[15:54:10.634] [SEVERE ] placing card 8 in slot 5
[15:54:10.635] [SEVERE ] placing card 47 in slot 6
[15:54:10.635] [SEVERE ] placing card 17 in slot 7
[15:54:10.635] [SEVERE ] placing card 75 in slot 8
[15:54:10.635] [SEVERE ] placing card 42 in slot 9
[15:54:10.636] [SEVERE ] placing card 3 in slot 10
[15:54:10.636] [SEVERE ] placing card 66 in slot 11
[15:54:10.639] [SEVERE ] player 1 placing token on slot 8
[15:54:10.640] [SEVERE ] player 4 placing token on slot 9
[15:54:10.640] [SEVERE ] player 1 placing token on slot 2
[15:54:10.641] [SEVERE ] player 4 placing token on slot 7
[15:54:10.641] [SEVERE ] player 1 placing token on slot 10
[15:54:10.641] [SEVERE ] player 3 placing token on slot 9
[15:54:10.641] [SEVERE ] player 2 placing token on slot 4
[15:54:10.641] [SEVERE ] player 4 placing token on slot 11
[15:54:10.643] [SEVERE ] removing player 1 token from slot 2
[15:54:10.644] [SEVERE ] removing player 1 token from slot 8
[15:54:10.644] [SEVERE ] removing player 1 token from slot 10
[15:54:10.644] [SEVERE ] removing player 4 token from slot 7
[15:54:10.645] [SEVERE ] removing player 4 token from slot 9
[15:54:10.645] [SEVERE ] removing player 4 token from slot 11
[15:54:10.645] [SEVERE ] player 3 placing token on slot 10
[15:54:10.645] [SEVERE ] player 4 placing token on slot 3
[15:54:10.646] [SEVERE ] player 1 placing token on slot 7
[15:54:10.646] [SEVERE ] player 2 placing token on slot 11
[15:54:10.647] [SEVERE ] player 2 placing token on slot 8
[15:54:10.648] [SEVERE ] player 2 placing token on slot 7
[15:54:10.646] [SEVERE ] player 3 placing token on slot 11
[15:54:10.646] [SEVERE ] player 1 placing token on slot 5
[15:54:10.646] [SEVERE ] player 4 placing token on slot 4
[15:54:10.652] [SEVERE ] removing player 2 token from slot 4
[15:54:10.653] [SEVERE ] removing player 2 token from slot 7
[15:54:10.653] [SEVERE ] removing player 2 token from slot 8
[15:54:10.654] [SEVERE ] player 1 placing token on slot 6
[15:54:10.654] [SEVERE ] player 4 placing token on slot 6
[15:54:10.655] [SEVERE ] removing card from slot 0
[15:54:10.663] [SEVERE ] removing card from slot 1
[15:54:10.663] [SEVERE ] removing card from slot 2
[15:54:10.664] [SEVERE ] removing player 4 token from slot 3
[15:54:10.664] [SEVERE ] removing card from slot 3
[15:54:10.665] [SEVERE ] removing player 4 token from slot 4
[15:54:10.665] [SEVERE ] removing card from slot 4
[15:54:10.665] [SEVERE ] removing player 1 token from slot 5
[15:54:10.666] [SEVERE ] removing card from slot 5
[15:54:10.666] [SEVERE ] removing player 1 token from slot 6
[15:54:10.667] [SEVERE ] removing player 4 token from slot 6
[15:54:10.667] [SEVERE ] removing card from slot 6
[15:54:10.667] [SEVERE ] removing player 1 token from slot 7
[15:54:10.668] [SEVERE ] removing card from slot 7
[15:54:10.668] [SEVERE ] removing card from slot 8
[15:54:10.669] [SEVERE ] removing player 3 token from slot 9
[15:54:10.669] [SEVERE ] removing card from slot 9
[15:54:10.669] [SEVERE ] removing player 3 token from slot 10
[15:54:10.670] [SEVERE ] removing card from slot 10
[15:54:10.672] [SEVERE ] removing player 2 token from slot 11
[15:54:10.672] [SEVERE ] removing player 3 token from slot 11
[15:54:10.672] [SEVERE ] removing card from slot 11
[15:54:10.676] [SEVERE ] placing card 55 in slot 0
[15:54:10.682] [SEVERE ] placing card 80 in slot 1
[15:54:10.684] [SEVERE ] placing card 31 in slot 2
[15:54:10.684] [SEVERE ] placing card 63 in slot 3
[15:54:10.685] [SEVERE ] placing card 11 in slot 4
[15:54:10.685] [SEVERE ] placing card 13 in slot 5
[15:54:10.685] [SEVERE ] placing card 20 in slot 6
[15:54:10.685] [SEVERE ] placing card 51 in slot 7
[15:54:10.692] [SEVERE ] placing card 71 in slot 8
[15:54:10.710] [SEVERE ] placing card 50 in slot 9
[15:54:10.711] [SEVERE ] placing card 47 in slot 10
[15:54:10.711] [SEVERE ] placing card 43 in slot 11
[15:54:10.714] [SEVERE ] player 1 placing token on slot 11
[15:54:10.714] [SEVERE ] player 4 placing token on slot 5
[15:54:10.715] [SEVERE ] player 4 placing token on slot 7
[15:54:10.715] [SEVERE ] player 4 placing token on slot 4
[15:54:10.714] [SEVERE ] player 3 placing token on slot 6
[15:54:10.714] [SEVERE ] player 2 placing token on slot 8
[15:54:10.714] [SEVERE ] player 1 placing token on slot 9
[15:54:10.717] [SEVERE ] removing player 4 token from slot 4
[15:54:10.718] [SEVERE ] removing player 4 token from slot 5
[15:54:10.718] [SEVERE ] removing player 4 token from slot 7
[15:54:10.718] [SEVERE ] removing player 3 token from slot 6
[15:54:10.719] [SEVERE ] player 1 placing token on slot 7
[15:54:10.718] [SEVERE ] player 4 placing token on slot 1
[15:54:10.719] [SEVERE ] player 2 placing token on slot 3
[15:54:10.719] [SEVERE ] player 3 placing token on slot 6
[15:54:10.724] [SEVERE ] removing player 1 token from slot 7
[15:54:10.724] [SEVERE ] removing player 1 token from slot 9
[15:54:10.724] [SEVERE ] removing player 1 token from slot 11
[15:54:10.725] [SEVERE ] player 4 placing token on slot 8
[15:54:10.725] [SEVERE ] player 3 placing token on slot 0
[15:54:10.725] [SEVERE ] player 4 placing token on slot 10
[15:54:10.725] [SEVERE ] player 2 placing token on slot 6
[15:54:10.726] [SEVERE ] removing player 3 token from slot 0
[15:54:10.727] [SEVERE ] removing card from slot 0
[15:54:10.738] [SEVERE ] removing player 4 token from slot 1
[15:54:10.739] [SEVERE ] removing card from slot 1
[15:54:10.742] [SEVERE ] removing card from slot 2
[15:54:10.742] [SEVERE ] removing player 2 token from slot 3
[15:54:10.743] [SEVERE ] removing card from slot 3
[15:54:10.743] [SEVERE ] removing card from slot 4
[15:54:10.747] [SEVERE ] removing card from slot 5
[15:54:10.764] [SEVERE ] removing player 2 token from slot 6
[15:54:10.764] [SEVERE ] removing player 3 token from slot 6
[15:54:10.765] [SEVERE ] removing card from slot 6
[15:54:10.765] [SEVERE ] removing card from slot 7
[15:54:10.766] [SEVERE ] removing player 2 token from slot 8
[15:54:10.766] [SEVERE ] removing player 4 token from slot 8
[15:54:10.767] [SEVERE ] removing card from slot 8
[15:54:10.767] [SEVERE ] removing card from slot 9
[15:54:10.767] [SEVERE ] removing player 4 token from slot 10
[15:54:10.768] [SEVERE ] removing card from slot 10
[15:54:10.768] [SEVERE ] removing card from slot 11
[15:54:10.768] [SEVERE ] placing card 49 in slot 0
[15:54:10.769] [SEVERE ] placing card 46 in slot 1
[15:54:10.769] [SEVERE ] placing card 54 in slot 2
[15:54:10.769] [SEVERE ] placing card 53 in slot 3
[15:54:10.770] [SEVERE ] placing card 9 in slot 4
[15:54:10.770] [SEVERE ] placing card 25 in slot 5
[15:54:10.771] [SEVERE ] placing card 31 in slot 6
[15:54:10.771] [SEVERE ] placing card 22 in slot 7
[15:54:10.773] [SEVERE ] placing card 26 in slot 8
[15:54:10.774] [SEVERE ] placing card 67 in slot 9
[15:54:10.774] [SEVERE ] placing card 63 in slot 10
[15:54:10.775] [SEVERE ] placing card 17 in slot 11
[15:54:10.797] [SEVERE ] player 4 placing token on slot 5
[15:54:10.797] [SEVERE ] player 1 placing token on slot 6
[15:54:10.798] [SEVERE ] player 4 placing token on slot 4
[15:54:10.798] [SEVERE ] player 1 placing token on slot 3
[15:54:10.798] [SEVERE ] player 4 placing token on slot 8
[15:54:10.799] [SEVERE ] player 1 placing token on slot 2
[15:54:10.799] [SEVERE ] removing player 4 token from slot 4
[15:54:10.800] [SEVERE ] removing player 4 token from slot 5
[15:54:10.800] [SEVERE ] removing player 4 token from slot 8
[15:54:10.800] [SEVERE ] removing player 1 token from slot 2
[15:54:10.801] [SEVERE ] removing player 1 token from slot 3
[15:54:10.801] [SEVERE ] removing player 1 token from slot 6
[15:54:10.801] [SEVERE ] player 4 placing token on slot 4
[15:54:10.801] [SEVERE ] player 1 placing token on slot 9
[15:54:10.801] [SEVERE ] player 4 placing token on slot 2
[15:54:10.802] [SEVERE ] player 1 placing token on slot 2
[15:54:10.802] [SEVERE ] player 4 placing token on slot 11
[15:54:10.802] [SEVERE ] removing player 1 token from slot 9
[15:54:10.803] [SEVERE ] removing player 4 token from slot 2
[15:54:10.812] [SEVERE ] removing player 4 token from slot 4
[15:54:10.812] [SEVERE ] removing player 4 token from slot 11
[15:54:10.813] [SEVERE ] player 1 placing token on slot 11
[15:54:10.813] [SEVERE ] player 3 placing token on slot 9
[15:54:10.813] [SEVERE ] player 2 placing token on slot 3
[15:54:10.813] [SEVERE ] player 1 placing token on slot 10
[15:54:10.815] [SEVERE ] removing card from slot 0
[15:54:10.831] [SEVERE ] removing card from slot 1
[15:54:10.832] [SEVERE ] removing player 1 token from slot 2
[15:54:10.833] [SEVERE ] removing card from slot 2
[15:54:10.833] [SEVERE ] removing player 2 token from slot 3
[15:54:10.834] [SEVERE ] removing card from slot 3
[15:54:10.834] [SEVERE ] removing card from slot 4
[15:54:10.834] [SEVERE ] removing card from slot 5
[15:54:10.835] [SEVERE ] removing card from slot 6
[15:54:10.837] [SEVERE ] removing card from slot 7
[15:54:10.839] [SEVERE ] removing card from slot 8
[15:54:10.840] [SEVERE ] removing player 3 token from slot 9
[15:54:10.840] [SEVERE ] removing card from slot 9
[15:54:10.844] [SEVERE ] removing player 1 token from slot 10
[15:54:10.844] [SEVERE ] removing card from slot 10
[15:54:10.845] [SEVERE ] removing player 1 token from slot 11
[15:54:10.845] [SEVERE ] removing card from slot 11
[15:54:10.851] [SEVERE ] placing card 28 in slot 0
[15:54:10.853] [SEVERE ] placing card 64 in slot 1
[15:54:10.853] [SEVERE ] placing card 6 in slot 2
[15:54:10.855] [SEVERE ] placing card 76 in slot 3
[15:54:10.859] [SEVERE ] placing card 45 in slot 4
[15:54:10.868] [SEVERE ] placing card 53 in slot 5
[15:54:10.869] [SEVERE ] placing card 69 in slot 6
[15:54:10.870] [SEVERE ] placing card 10 in slot 7
[15:54:10.871] [SEVERE ] placing card 75 in slot 8
[15:54:10.872] [SEVERE ] placing card 38 in slot 9
[15:54:10.874] [SEVERE ] placing card 57 in slot 10
[15:54:10.875] [SEVERE ] placing card 5 in slot 11
[15:54:10.891] [SEVERE ] player 2 placing token on slot 0
[15:54:10.891] [SEVERE ] player 1 placing token on slot 2
[15:54:10.891] [SEVERE ] player 4 placing token on slot 0
[15:54:10.892] [SEVERE ] player 1 placing token on slot 1
[15:54:10.893] [SEVERE ] player 1 placing token on slot 4
[15:54:10.891] [SEVERE ] player 2 placing token on slot 8
[15:54:10.892] [SEVERE ] player 4 placing token on slot 2
[15:54:10.895] [SEVERE ] removing player 1 token from slot 1
[15:54:10.896] [SEVERE ] removing player 1 token from slot 2
[15:54:10.896] [SEVERE ] removing player 1 token from slot 4
[15:54:10.896] [SEVERE ] player 1 placing token on slot 7
[15:54:10.897] [SEVERE ] player 1 placing token on slot 5
[15:54:10.897] [SEVERE ] player 1 placing token on slot 3
[15:54:10.897] [SEVERE ] removing player 1 token from slot 3
[15:54:10.898] [SEVERE ] removing player 1 token from slot 5
[15:54:10.898] [SEVERE ] removing player 1 token from slot 7
[15:54:10.898] [SEVERE ] player 1 placing token on slot 2
[15:54:10.898] [SEVERE ] player 4 placing token on slot 8
[15:54:10.898] [SEVERE ] player 2 placing token on slot 7
[15:54:10.898] [SEVERE ] player 3 placing token on slot 4
[15:54:10.899] [SEVERE ] player 1 placing token on slot 7
[15:54:10.903] [SEVERE ] removing player 4 token from slot 0
[15:54:10.903] [SEVERE ] removing player 4 token from slot 2
[15:54:10.904] [SEVERE ] removing player 4 token from slot 8
[15:54:10.904] [SEVERE ] removing player 2 token from slot 0
[15:54:10.905] [SEVERE ] removing card from slot 0
[15:54:10.914] [SEVERE ] removing card from slot 1
[15:54:10.914] [SEVERE ] removing player 1 token from slot 2
[15:54:10.915] [SEVERE ] removing card from slot 2
[15:54:10.915] [SEVERE ] removing card from slot 3
[15:54:10.915] [SEVERE ] removing player 3 token from slot 4
[15:54:10.915] [SEVERE ] removing card from slot 4
[15:54:10.915] [SEVERE ] removing card from slot 5
[15:54:10.916] [SEVERE ] removing card from slot 6
[15:54:10.916] [SEVERE ] removing player 1 token from slot 7
[15:54:10.916] [SEVERE ] removing player 2 token from slot 7
[15:54:10.916] [SEVERE ] removing card from slot 7
[15:54:10.917] [SEVERE ] removing player 2 token from slot 8
[15:54:10.917] [SEVERE ] removing card from slot 8
[15:54:10.917] [SEVERE ] removing card from slot 9
[15:54:10.917] [SEVERE ] removing card from slot 10
[15:54:10.918] [SEVERE ] removing card from slot 11
[15:54:10.918] [SEVERE ] placing card 41 in slot 0
[15:54:10.919] [SEVERE ] placing card 58 in slot 1
[15:54:10.919] [SEVERE ] placing card 70 in slot 2
[15:54:10.919] [SEVERE ] placing card 20 in slot 3
[15:54:10.920] [SEVERE ] placing card 49 in slot 4
[15:54:10.920] [SEVERE ] placing card 53 in slot 5
[15:54:10.920] [SEVERE ] placing card 16 in slot 6
[15:54:10.920] [SEVERE ] placing card 69 in slot 7
[15:54:10.920] [SEVERE ] placing card 8 in slot 8
[15:54:10.921] [SEVERE ] placing card 27 in slot 9
[15:54:10.922] [SEVERE ] placing card 76 in slot 10
[15:54:10.923] [SEVERE ] placing card 54 in slot 11
[15:54:10.925] [SEVERE ] player 4 placing token on slot 11
[15:54:10.925] [SEVERE ] player 1 placing token on slot 0
[15:54:10.925] [SEVERE ] player 3 placing token on slot 3
[15:54:10.925] [SEVERE ] player 2 placing token on slot 7
[15:54:10.926] [SEVERE ] player 3 placing token on slot 6
[15:54:10.926] [SEVERE ] removing player 1 token from slot 0
[15:54:10.926] [SEVERE ] player 4 placing token on slot 7
[15:54:10.927] [SEVERE ] player 1 placing token on slot 6
[15:54:10.928] [SEVERE ] player 1 placing token on slot 3
[15:54:10.928] [SEVERE ] player 1 placing token on slot 11
[15:54:10.929] [SEVERE ] player 1 placing token on slot 10
[15:54:10.927] [SEVERE ] player 3 placing token on slot 0
[15:54:10.927] [SEVERE ] player 2 placing token on slot 4
[15:54:10.927] [SEVERE ] player 4 placing token on slot 2
[15:54:10.930] [SEVERE ] removing player 1 token from slot 3
[15:54:10.930] [SEVERE ] removing player 1 token from slot 6
[15:54:10.931] [SEVERE ] removing player 1 token from slot 11
[15:54:10.931] [SEVERE ] removing player 1 token from slot 10
[15:54:10.931] [SEVERE ] player 2 placing token on slot 6
[15:54:10.931] [SEVERE ] player 3 placing token on slot 11
[15:54:10.932] [SEVERE ] removing player 3 token from slot 0
[15:54:10.932] [SEVERE ] removing player 3 token from slot 3
[15:54:10.933] [SEVERE ] removing player 3 token from slot 6
[15:54:10.933] [SEVERE ] player 1 placing token on slot 0
[15:54:10.933] [SEVERE ] player 3 placing token on slot 7
[15:54:10.933] [SEVERE ] player 2 placing token on slot 1
[15:54:10.934] [SEVERE ] removing player 4 token from slot 2
[15:54:10.934] [SEVERE ] removing player 4 token from slot 7
[15:54:10.935] [SEVERE ] removing player 4 token from slot 11
[15:54:10.935] [SEVERE ] player 1 placing token on slot 4
[15:54:10.935] [SEVERE ] player 2 placing token on slot 10
[15:54:10.935] [SEVERE ] player 3 placing token on slot 6
[15:54:10.936] [SEVERE ] removing player 2 token from slot 1
[15:54:10.936] [SEVERE ] removing player 2 token from slot 4
[15:54:10.937] [SEVERE ] removing player 2 token from slot 6
[15:54:10.937] [SEVERE ] player 4 placing token on slot 3
[15:54:10.937] [SEVERE ] player 4 placing token on slot 1
[15:54:10.937] [SEVERE ] player 4 placing token on slot 8
[15:54:10.938] [SEVERE ] player 1 placing token on slot 7
[15:54:10.938] [SEVERE ] removing player 2 token from slot 10
[15:54:10.938] [SEVERE ] removing player 1 token from slot 0
[15:54:10.940] [SEVERE ] removing card from slot 0
[15:54:10.940] [SEVERE ] removing player 4 token from slot 1
[15:54:10.940] [SEVERE ] removing card from slot 1
[15:54:10.941] [SEVERE ] removing card from slot 2
[15:54:10.941] [SEVERE ] removing player 4 token from slot 3
[15:54:10.941] [SEVERE ] removing card from slot 3
[15:54:10.944] [SEVERE ] removing player 1 token from slot 4
[15:54:10.944] [SEVERE ] removing card from slot 4
[15:54:10.944] [SEVERE ] removing card from slot 5
[15:54:10.945] [SEVERE ] removing player 3 token from slot 6
[15:54:10.945] [SEVERE ] removing card from slot 6
[15:54:10.945] [SEVERE ] removing player 1 token from slot 7
[15:54:10.946] [SEVERE ] removing player 2 token from slot 7
[15:54:10.946] [SEVERE ] removing player 3 token from slot 7
[15:54:10.947] [SEVERE ] removing card from slot 7
[15:54:10.947] [SEVERE ] removing player 4 token from slot 8
[15:54:10.947] [SEVERE ] removing card from slot 8
[15:54:10.947] [SEVERE ] removing card from slot 9
[15:54:10.947] [SEVERE ] removing card from slot 10
[15:54:10.948] [SEVERE ] removing player 3 token from slot 11
[15:54:10.948] [SEVERE ] removing card from slot 11
[15:54:10.948] [SEVERE ] placing card 46 in slot 0
[15:54:10.949] [SEVERE ] placing card 57 in slot 1
[15:54:10.949] [SEVERE ] placing card 38 in slot 2
[15:54:10.949] [SEVERE ] placing card 20 in slot 3
[15:54:10.949] [SEVERE ] placing card 4 in slot 4
[15:54:10.950] [SEVERE ] placing card 29 in slot 5
[15:54:10.951] [SEVERE ] placing card 78 in slot 6
[15:54:10.952] [SEVERE ] placing card 76 in slot 7
[15:54:10.952] [SEVERE ] placing card 65 in slot 8
[15:54:10.952] [SEVERE ] placing card 33 in slot 9
[15:54:10.952] [SEVERE ] placing card 23 in slot 10
[15:54:10.952] [SEVERE ] placing card 22 in slot 11
[15:54:10.956] [SEVERE ] player 1 placing token on slot 9
[15:54:10.956] [SEVERE ] player 4 placing token on slot 4
[15:54:10.956] [SEVERE ] player 3 placing token on slot 6
[15:54:10.956] [SEVERE ] player 1 placing token on slot 1
[15:54:10.956] [SEVERE ] player 2 placing token on slot 6
[15:54:10.957] [SEVERE ] player 1 placing token on slot 10
[15:54:10.957] [SEVERE ] player 3 placing token on slot 0
[15:54:10.957] [SEVERE ] player 4 placing token on slot 10
[15:54:10.958] [SEVERE ] player 2 placing token on slot 8
[15:54:10.959] [SEVERE ] removing player 1 token from slot 1
[15:54:10.959] [SEVERE ] removing player 1 token from slot 9
[15:54:10.959] [SEVERE ] removing player 1 token from slot 10
[15:54:10.960] [SEVERE ] removing player 3 token from slot 0
[15:54:10.960] [SEVERE ] player 2 placing token on slot 11
[15:54:10.960] [SEVERE ] player 4 placing token on slot 2
[15:54:10.960] [SEVERE ] player 1 placing token on slot 7
[15:54:10.960] [SEVERE ] player 2 placing token on slot 4
[15:54:10.960] [SEVERE ] player 3 placing token on slot 11
[15:54:10.962] [SEVERE ] removing player 4 token from slot 2
[15:54:10.962] [SEVERE ] removing player 4 token from slot 4
[15:54:10.962] [SEVERE ] removing player 4 token from slot 10
[15:54:10.963] [SEVERE ] player 1 placing token on slot 4
[15:54:10.963] [SEVERE ] player 3 placing token on slot 4
[15:54:10.963] [SEVERE ] removing player 2 token from slot 4
[15:54:10.963] [SEVERE ] removing player 2 token from slot 6
[15:54:10.964] [SEVERE ] removing player 2 token from slot 8
[15:54:10.964] [SEVERE ] player 4 placing token on slot 2
[15:54:10.964] [SEVERE ] removing player 1 token from slot 7
[15:54:10.965] [SEVERE ] removing player 3 token from slot 4
[15:54:10.965] [SEVERE ] removing player 3 token from slot 6
[15:54:10.965] [SEVERE ] removing player 3 token from slot 11
[15:54:10.965] [SEVERE ] player 2 placing token on slot 2
[15:54:10.965] [SEVERE ] player 1 placing token on slot 10
[15:54:10.965] [SEVERE ] player 4 placing token on slot 0
[15:54:10.966] [SEVERE ] player 2 placing token on slot 0
[15:54:10.967] [SEVERE ] removing player 2 token from slot 0
[15:54:10.967] [SEVERE ] removing player 4 token from slot 0
[15:54:10.967] [SEVERE ] removing card from slot 0
[15:54:10.968] [SEVERE ] removing card from slot 1
[15:54:10.968] [SEVERE ] removing player 2 token from slot 2
[15:54:10.969] [SEVERE ] removing player 4 token from slot 2
[15:54:10.969] [SEVERE ] removing card from slot 2
[15:54:10.969] [SEVERE ] removing card from slot 3
[15:54:10.969] [SEVERE ] removing player 1 token from slot 4
[15:54:10.969] [SEVERE ] removing card from slot 4
[15:54:10.969] [SEVERE ] removing card from slot 5
[15:54:10.969] [SEVERE ] removing card from slot 6
[15:54:10.970] [SEVERE ] removing card from slot 7
[15:54:10.971] [SEVERE ] removing card from slot 8
[15:54:10.971] [SEVERE ] removing card from slot 9
[15:54:10.971] [SEVERE ] removing player 1 token from slot 10
[15:54:10.971] [SEVERE ] removing card from slot 10
[15:54:10.972] [SEVERE ] removing player 2 token from slot 11
[15:54:10.973] [SEVERE ] removing card from slot 11
[15:54:10.973] [SEVERE ] placing card 10 in slot 0
[15:54:10.973] [SEVERE ] placing card 23 in slot 1
[15:54:10.974] [SEVERE ] placing card 32 in slot 2
[15:54:10.975] [SEVERE ] placing card 52 in slot 3
[15:54:10.976] [SEVERE ] placing card 69 in slot 4
[15:54:10.977] [SEVERE ] placing card 27 in slot 5
[15:54:10.977] [SEVERE ] placing card 45 in slot 6
[15:54:10.977] [SEVERE ] placing card 12 in slot 7
[15:54:10.977] [SEVERE ] placing card 26 in slot 8
[15:54:10.977] [SEVERE ] placing card 61 in slot 9
[15:54:10.977] [SEVERE ] placing card 50 in slot 10
[15:54:10.978] [SEVERE ] placing card 64 in slot 11
[15:54:10.981] [SEVERE ] player 1 placing token on slot 11
[15:54:10.981] [SEVERE ] player 3 placing token on slot 9
[15:54:10.981] [SEVERE ] player 4 placing token on slot 10
[15:54:10.981] [SEVERE ] player 2 placing token on slot 10
[15:54:10.981] [SEVERE ] player 4 placing token on slot 3
[15:54:10.981] [SEVERE ] player 3 placing token on slot 2
[15:54:10.981] [SEVERE ] player 1 placing token on slot 4
[15:54:10.983] [SEVERE ] player 3 placing token on slot 6
[15:54:10.982] [SEVERE ] removing player 4 token from slot 10
[15:54:10.981] [SEVERE ] player 2 placing token on slot 11
[15:54:10.983] [SEVERE ] player 1 placing token on slot 5
[15:54:10.985] [SEVERE ] removing player 3 token from slot 2
[15:54:10.985] [SEVERE ] removing player 3 token from slot 6
[15:54:10.985] [SEVERE ] removing player 3 token from slot 9
[15:54:10.985] [SEVERE ] player 4 placing token on slot 1
[15:54:10.985] [SEVERE ] removing player 2 token from slot 11
[15:54:10.986] [SEVERE ] removing player 1 token from slot 4
[15:54:10.987] [SEVERE ] removing player 1 token from slot 5
[15:54:10.987] [SEVERE ] removing player 1 token from slot 11
[15:54:10.988] [SEVERE ] player 1 placing token on slot 8
[15:54:10.988] [SEVERE ] player 1 placing token on slot 2
[15:54:10.988] [SEVERE ] player 1 placing token on slot 0
[15:54:10.988] [SEVERE ] player 3 placing token on slot 2
[15:54:10.988] [SEVERE ] player 2 placing token on slot 9
[15:54:10.988] [SEVERE ] player 4 placing token on slot 9
[15:54:10.990] [SEVERE ] removing player 1 token from slot 0
[15:54:10.991] [SEVERE ] removing player 1 token from slot 2
[15:54:10.991] [SEVERE ] removing player 1 token from slot 8
[15:54:10.991] [SEVERE ] player 3 placing token on slot 11
[15:54:10.991] [SEVERE ] player 2 placing token on slot 6
[15:54:10.992] [SEVERE ] removing card from slot 0
[15:54:10.993] [SEVERE ] removing player 4 token from slot 1
[15:54:10.993] [SEVERE ] removing card from slot 1
[15:54:10.996] [SEVERE ] removing player 3 token from slot 2
[15:54:10.996] [SEVERE ] removing card from slot 2
[15:54:10.996] [SEVERE ] removing player 4 token from slot 3
[15:54:10.996] [SEVERE ] removing card from slot 3
[15:54:10.996] [SEVERE ] removing card from slot 4
[15:54:10.997] [SEVERE ] removing card from slot 5
[15:54:10.997] [SEVERE ] removing player 2 token from slot 6
[15:54:10.997] [SEVERE ] removing card from slot 6
[15:54:10.998] [SEVERE ] removing card from slot 7
[15:54:10.998] [SEVERE ] removing card from slot 8
[15:54:10.998] [SEVERE ] removing player 2 token from slot 9
[15:54:10.998] [SEVERE ] removing player 4 token from slot 9
[15:54:10.998] [SEVERE ] removing card from slot 9
[15:54:10.998] [SEVERE ] removing player 2 token from slot 10
[15:54:10.999] [SEVERE ] removing card from slot 10
[15:54:10.999] [SEVERE ] removing player 3 token from slot 11
[15:54:11.000] [SEVERE ] removing card from slot 11
[15:54:11.000] [SEVERE ] placing card 12 in slot 0
[15:54:11.000] [SEVERE ] placing card 30 in slot 1
[15:54:11.000] [SEVERE ] placing card 79 in slot 2
[15:54:11.000] [SEVERE ] placing card 53 in slot 3
[15:54:11.000] [SEVERE ] placing card 71 in slot 4
[15:54:11.000] [SEVERE ] placing card 26 in slot 5
[15:54:11.001] [SEVERE ] placing card 19 in slot 6
[15:54:11.001] [SEVERE ] placing card 61 in slot 7
[15:54:11.002] [SEVERE ] placing card 63 in slot 8
[15:54:11.002] [SEVERE ] placing card 39 in slot 9
[15:54:11.002] [SEVERE ] placing card 4 in slot 10
[15:54:11.003] [SEVERE ] placing card 47 in slot 11
[15:54:11.006] [SEVERE ] player 1 placing token on slot 0
[15:54:11.006] [SEVERE ] player 1 placing token on slot 11
[15:54:11.006] [SEVERE ] player 4 placing token on slot 10
[15:54:11.006] [SEVERE ] player 1 placing token on slot 6
[15:54:11.007] [SEVERE ] player 4 placing token on slot 7
[15:54:11.008] [SEVERE ] removing player 1 token from slot 0
[15:54:11.008] [SEVERE ] removing player 1 token from slot 6
[15:54:11.008] [SEVERE ] removing player 1 token from slot 11
[15:54:11.008] [SEVERE ] player 3 placing token on slot 5
[15:54:11.009] [SEVERE ] player 3 placing token on slot 10
[15:54:11.009] [SEVERE ] removing player 3 token from slot 5
[15:54:11.008] [SEVERE ] player 2 placing token on slot 10
[15:54:11.008] [SEVERE ] player 1 placing token on slot 8
[15:54:11.008] [SEVERE ] player 4 placing token on slot 5
[15:54:11.010] [SEVERE ] player 1 placing token on slot 0
[15:54:11.010] [SEVERE ] player 2 placing token on slot 8
[15:54:11.009] [SEVERE ] player 3 placing token on slot 2
[15:54:11.011] [SEVERE ] removing player 4 token from slot 5
[15:54:11.012] [SEVERE ] removing player 4 token from slot 7
[15:54:11.012] [SEVERE ] removing player 4 token from slot 10
[15:54:11.013] [SEVERE ] player 1 placing token on slot 9
[15:54:11.013] [SEVERE ] player 3 placing token on slot 5
[15:54:11.013] [SEVERE ] removing player 2 token from slot 10
[15:54:11.013] [SEVERE ] player 4 placing token on slot 8
[15:54:11.014] [SEVERE ] removing player 1 token from slot 0
[15:54:11.015] [SEVERE ] removing player 1 token from slot 8
[15:54:11.015] [SEVERE ] removing player 1 token from slot 9
[15:54:11.015] [SEVERE ] player 2 placing token on slot 5
[15:54:11.015] [SEVERE ] player 4 placing token on slot 4
[15:54:11.015] [SEVERE ] removing player 3 token from slot 2
[15:54:11.016] [SEVERE ] removing player 3 token from slot 5
[15:54:11.017] [SEVERE ] removing player 3 token from slot 10
[15:54:11.017] [SEVERE ] player 1 placing token on slot 0
[15:54:11.017] [SEVERE ] player 4 placing token on slot 7
[15:54:11.017] [SEVERE ] player 2 placing token on slot 2
[15:54:11.017] [SEVERE ] player 1 placing token on slot 11
[15:54:11.019] [SEVERE ] removing player 1 token from slot 0
[15:54:11.019] [SEVERE ] removing card from slot 0
[15:54:11.019] [SEVERE ] removing card from slot 1
[15:54:11.019] [SEVERE ] removing player 2 token from slot 2
[15:54:11.020] [SEVERE ] removing card from slot 2
[15:54:11.020] [SEVERE ] removing card from slot 3
[15:54:11.021] [SEVERE ] removing player 4 token from slot 4
[15:54:11.022] [SEVERE ] removing card from slot 4
[15:54:11.022] [SEVERE ] removing player 2 token from slot 5
[15:54:11.022] [SEVERE ] removing card from slot 5
[15:54:11.023] [SEVERE ] removing card from slot 6
[15:54:11.023] [SEVERE ] removing player 4 token from slot 7
[15:54:11.023] [SEVERE ] removing card from slot 7
[15:54:11.024] [SEVERE ] removing player 2 token from slot 8
[15:54:11.024] [SEVERE ] removing player 4 token from slot 8
[15:54:11.024] [SEVERE ] removing card from slot 8
[15:54:11.024] [SEVERE ] removing card from slot 9
[15:54:11.025] [SEVERE ] removing card from slot 10
[15:54:11.025] [SEVERE ] removing player 1 token from slot 11
[15:54:11.025] [SEVERE ] removing card from slot 11
[15:54:11.026] [SEVERE ] placing card 42 in slot 0
[15:54:11.026] [SEVERE ] placing card 59 in slot 1
[15:54:11.026] [SEVERE ] placing card 40 in slot 2
[15:54:11.026] [SEVERE ] placing card 24 in slot 3
[15:54:11.027] [SEVERE ] placing card 46 in slot 4
[15:54:11.027] [SEVERE ] placing card 10 in slot 5
[15:54:11.027] [SEVERE ] placing card 34 in slot 6
[15:54:11.028] [SEVERE ] placing card 62 in slot 7
[15:54:11.028] [SEVERE ] placing card 45 in slot 8
[15:54:11.028] [SEVERE ] placing card 14 in slot 9
[15:54:11.028] [SEVERE ] placing card 13 in slot 10
[15:54:11.029] [SEVERE ] placing card 43 in slot 11
[15:54:11.032] [SEVERE ] player 1 placing token on slot 0
[15:54:11.032] [SEVERE ] player 2 placing token on slot 1
[15:54:11.032] [SEVERE ] player 4 placing token on slot 5
[15:54:11.033] [SEVERE ] player 2 placing token on slot 5
[15:54:11.032] [SEVERE ] player 3 placing token on slot 4
[15:54:11.033] [SEVERE ] player 2 placing token on slot 8
[15:54:11.033] [SEVERE ] player 4 placing token on slot 0
[15:54:11.032] [SEVERE ] player 1 placing token on slot 2
[15:54:11.034] [SEVERE ] player 4 placing token on slot 11
[15:54:11.034] [SEVERE ] player 2 placing token on slot 9
[15:54:11.033] [SEVERE ] player 3 placing token on slot 5
[15:54:11.034] [SEVERE ] player 1 placing token on slot 3
[15:54:11.036] [SEVERE ] removing player 4 token from slot 0
[15:54:11.036] [SEVERE ] removing player 4 token from slot 5
[15:54:11.036] [SEVERE ] removing player 4 token from slot 11
[15:54:11.037] [SEVERE ] removing player 3 token from slot 4
[15:54:11.038] [SEVERE ] removing player 2 token from slot 1
[15:54:11.038] [SEVERE ] removing player 2 token from slot 5
[15:54:11.038] [SEVERE ] removing player 2 token from slot 8
[15:54:11.038] [SEVERE ] player 4 placing token on slot 0
[15:54:11.038] [SEVERE ] player 3 placing token on slot 1
[15:54:11.039] [SEVERE ] removing player 1 token from slot 0
[15:54:11.040] [SEVERE ] removing player 1 token from slot 2
[15:54:11.040] [SEVERE ] removing player 1 token from slot 3
[15:54:11.040] [SEVERE ] player 1 placing token on slot 6
[15:54:11.041] [SEVERE ] player 1 placing token on slot 9
[15:54:11.041] [SEVERE ] player 1 placing token on slot 11
[15:54:11.042] [SEVERE ] removing player 4 token from slot 0
[15:54:11.042] [SEVERE ] removing card from slot 0
[15:54:11.042] [SEVERE ] removing player 3 token from slot 1
[15:54:11.042] [SEVERE ] removing card from slot 1
[15:54:11.044] [SEVERE ] removing card from slot 2
[15:54:11.044] [SEVERE ] removing card from slot 3
[15:54:11.044] [SEVERE ] removing card from slot 4
[15:54:11.046] [SEVERE ] removing player 3 token from slot 5
[15:54:11.046] [SEVERE ] removing card from slot 5
[15:54:11.048] [SEVERE ] removing player 1 token from slot 6
[15:54:11.049] [SEVERE ] removing card from slot 6
[15:54:11.050] [SEVERE ] removing card from slot 7
[15:54:11.058] [SEVERE ] removing card from slot 8
[15:54:11.058] [SEVERE ] removing player 1 token from slot 9
[15:54:11.058] [SEVERE ] removing player 2 token from slot 9
[15:54:11.058] [SEVERE ] removing card from slot 9
[15:54:11.059] [SEVERE ] removing card from slot 10
[15:54:11.059] [SEVERE ] removing player 1 token from slot 11
[15:54:11.060] [SEVERE ] removing card from slot 11
[15:54:11.060] [SEVERE ] placing card 38 in slot 0
[15:54:11.060] [SEVERE ] placing card 66 in slot 1
[15:54:11.060] [SEVERE ] placing card 51 in slot 2
[15:54:11.060] [SEVERE ] placing card 49 in slot 3
[15:54:11.060] [SEVERE ] placing card 67 in slot 4
[15:54:11.061] [SEVERE ] placing card 5 in slot 5
[15:54:11.061] [SEVERE ] placing card 15 in slot 6
[15:54:11.062] [SEVERE ] placing card 4 in slot 7
[15:54:11.062] [SEVERE ] placing card 21 in slot 8
[15:54:11.062] [SEVERE ] placing card 3 in slot 9
[15:54:11.062] [SEVERE ] placing card 27 in slot 10
[15:54:11.062] [SEVERE ] placing card 61 in slot 11
[15:54:11.066] [SEVERE ] player 2 placing token on slot 9
[15:54:11.066] [SEVERE ] player 1 placing token on slot 11
[15:54:11.066] [SEVERE ] player 3 placing token on slot 4
[15:54:11.066] [SEVERE ] player 4 placing token on slot 9
[15:54:11.075] [SEVERE ] removing player 3 token from slot 4
[15:54:11.074] [SEVERE ] player 1 placing token on slot 6
[15:54:11.074] [SEVERE ] player 2 placing token on slot 10
[15:54:11.075] [SEVERE ] player 1 placing token on slot 2
[15:54:11.075] [SEVERE ] player 3 placing token on slot 1
[15:54:11.075] [SEVERE ] player 4 placing token on slot 5
[15:54:11.076] [SEVERE ] player 3 placing token on slot 2
[15:54:11.076] [SEVERE ] player 2 placing token on slot 0
[15:54:11.078] [SEVERE ] removing player 1 token from slot 2
[15:54:11.078] [SEVERE ] removing player 1 token from slot 6
[15:54:11.079] [SEVERE ] removing player 1 token from slot 11
[15:54:11.079] [SEVERE ] player 4 placing token on slot 7
[15:54:11.079] [SEVERE ] player 2 placing token on slot 2
[15:54:11.079] [SEVERE ] player 3 placing token on slot 0
[15:54:11.081] [SEVERE ] removing player 2 token from slot 0
[15:54:11.081] [SEVERE ] removing player 3 token from slot 0
[15:54:11.081] [SEVERE ] removing card from slot 0
[15:54:11.082] [SEVERE ] removing player 3 token from slot 1
[15:54:11.082] [SEVERE ] removing card from slot 1
[15:54:11.082] [SEVERE ] removing player 2 token from slot 2
[15:54:11.083] [SEVERE ] removing player 3 token from slot 2
[15:54:11.083] [SEVERE ] removing card from slot 2
[15:54:11.083] [SEVERE ] removing card from slot 3
[15:54:11.084] [SEVERE ] removing card from slot 4
[15:54:11.084] [SEVERE ] removing player 4 token from slot 5
[15:54:11.084] [SEVERE ] removing card from slot 5
[15:54:11.085] [SEVERE ] removing card from slot 6
[15:54:11.085] [SEVERE ] removing player 4 token from slot 7
[15:54:11.085] [SEVERE ] removing card from slot 7
[15:54:11.092] [SEVERE ] removing card from slot 8
[15:54:11.093] [SEVERE ] removing player 2 token from slot 9
[15:54:11.093] [SEVERE ] removing player 4 token from slot 9
[15:54:11.093] [SEVERE ] removing card from slot 9
[15:54:11.093] [SEVERE ] removing player 2 token from slot 10
[15:54:11.093] [SEVERE ] removing card from slot 10
[15:54:11.093] [SEVERE ] removing card from slot 11
[15:54:11.094] [SEVERE ] placing card 25 in slot 0
[15:54:11.094] [SEVERE ] placing card 39 in slot 1
[15:54:11.094] [SEVERE ] placing card 75 in slot 2
[15:54:11.095] [SEVERE ] placing card 45 in slot 3
[15:54:11.095] [SEVERE ] placing card 29 in slot 4
[15:54:11.095] [SEVERE ] placing card 20 in slot 5
[15:54:11.095] [SEVERE ] placing card 17 in slot 6
[15:54:11.096] [SEVERE ] placing card 69 in slot 7
[15:54:11.096] [SEVERE ] placing card 58 in slot 8
[15:54:11.096] [SEVERE ] placing card 35 in slot 9
[15:54:11.097] [SEVERE ] placing card 19 in slot 10
[15:54:11.097] [SEVERE ] placing card 21 in slot 11
[15:54:11.101] [SEVERE ] player 1 placing token on slot 6
[15:54:11.101] [SEVERE ] player 1 placing token on slot 2
[15:54:11.102] [SEVERE ] removing card from slot 0
[15:54:11.120] [INFO   ] thread dealer terminated.
[15:54:13.499] [SEVERE ] exit button pressed
[15:54:16.123] [SEVERE ] thanks for playing... it was fun!
[15:54:16.123] [INFO   ] thread main terminated.
