[12:34:45.785] [INFO   ] thread main starting.
[12:34:45.793] [SEVERE ] cannot read configuration file config.properties trying from resources.
[12:34:45.796] [SEVERE ] configuration file was loaded from resources directory.
[12:34:46.348] [INFO   ] thread dealer starting.
[12:34:46.432] [SEVERE ] placing card 76 in slot 0
[12:34:46.432] [SEVERE ] placing card 39 in slot 1
[12:34:46.433] [SEVERE ] placing card 19 in slot 2
[12:34:46.433] [SEVERE ] placing card 48 in slot 3
[12:34:46.433] [SEVERE ] placing card 69 in slot 4
[12:34:46.433] [SEVERE ] placing card 59 in slot 5
[12:34:46.433] [SEVERE ] placing card 45 in slot 6
[12:34:46.434] [SEVERE ] placing card 65 in slot 7
[12:34:46.435] [SEVERE ] placing card 49 in slot 8
[12:34:46.435] [SEVERE ] placing card 9 in slot 9
[12:34:46.435] [SEVERE ] placing card 6 in slot 10
[12:34:46.435] [SEVERE ] placing card 56 in slot 11
[12:34:46.446] [SEVERE ] player 4 placing token on slot 6
[12:34:46.446] [SEVERE ] player 3 placing token on slot 4
[12:34:46.446] [SEVERE ] player 2 placing token on slot 9
[12:34:46.447] [SEVERE ] player 3 placing token on slot 11
[12:34:46.446] [SEVERE ] player 1 placing token on slot 1
[12:34:46.447] [SEVERE ] removing player 3 token from slot 4
[12:34:46.447] [SEVERE ] player 4 placing token on slot 3
[12:34:46.447] [SEVERE ] player 2 placing token on slot 1
[12:34:46.448] [SEVERE ] player 3 placing token on slot 4
[12:34:46.448] [SEVERE ] player 1 placing token on slot 4
[12:34:46.449] [SEVERE ] removing card from slot 0
[12:34:46.450] [SEVERE ] removing player 1 token from slot 1
[12:34:46.450] [SEVERE ] removing player 2 token from slot 1
[12:34:46.450] [SEVERE ] removing card from slot 1
[12:34:46.450] [SEVERE ] removing card from slot 2
[12:34:46.450] [SEVERE ] removing player 4 token from slot 3
[12:34:46.451] [SEVERE ] removing card from slot 3
[12:34:46.451] [SEVERE ] removing player 1 token from slot 4
[12:34:46.451] [SEVERE ] removing player 3 token from slot 4
[12:34:46.451] [SEVERE ] removing card from slot 4
[12:34:46.452] [SEVERE ] removing card from slot 5
[12:34:46.452] [SEVERE ] removing player 4 token from slot 6
[12:34:46.452] [SEVERE ] removing card from slot 6
[12:34:46.453] [SEVERE ] removing card from slot 7
[12:34:46.453] [SEVERE ] removing card from slot 8
[12:34:46.453] [SEVERE ] removing player 2 token from slot 9
[12:34:46.453] [SEVERE ] removing card from slot 9
[12:34:46.454] [SEVERE ] removing card from slot 10
[12:34:46.454] [SEVERE ] removing player 3 token from slot 11
[12:34:46.454] [SEVERE ] removing card from slot 11
[12:34:46.454] [SEVERE ] placing card 31 in slot 0
[12:34:46.455] [SEVERE ] placing card 70 in slot 1
[12:34:46.455] [SEVERE ] placing card 51 in slot 2
[12:34:46.461] [SEVERE ] placing card 79 in slot 3
[12:34:46.461] [SEVERE ] placing card 5 in slot 4
[12:34:46.462] [SEVERE ] placing card 16 in slot 5
[12:34:46.462] [SEVERE ] placing card 23 in slot 6
[12:34:46.462] [SEVERE ] placing card 50 in slot 7
[12:34:46.462] [SEVERE ] placing card 27 in slot 8
[12:34:46.462] [SEVERE ] placing card 53 in slot 9
[12:34:46.463] [SEVERE ] placing card 0 in slot 10
[12:34:46.463] [SEVERE ] placing card 60 in slot 11
[12:34:46.469] [SEVERE ] player 3 placing token on slot 3
[12:34:46.470] [SEVERE ] player 2 placing token on slot 6
[12:34:46.470] [SEVERE ] player 3 placing token on slot 2
[12:34:46.470] [SEVERE ] player 1 placing token on slot 4
[12:34:46.469] [SEVERE ] player 4 placing token on slot 11
[12:34:46.470] [SEVERE ] player 2 placing token on slot 5
[12:34:46.471] [SEVERE ] removing card from slot 0
[12:34:46.483] [SEVERE ] removing card from slot 1
[12:34:46.484] [SEVERE ] removing player 3 token from slot 2
[12:34:46.484] [SEVERE ] removing card from slot 2
[12:34:46.484] [SEVERE ] removing player 3 token from slot 3
[12:34:46.484] [SEVERE ] removing card from slot 3
[12:34:46.484] [SEVERE ] removing player 1 token from slot 4
[12:34:46.485] [SEVERE ] removing card from slot 4
[12:34:46.485] [SEVERE ] removing player 2 token from slot 5
[12:34:46.485] [SEVERE ] removing card from slot 5
[12:34:46.485] [SEVERE ] removing player 2 token from slot 6
[12:34:46.486] [SEVERE ] removing card from slot 6
[12:34:46.486] [SEVERE ] removing card from slot 7
[12:34:46.486] [SEVERE ] removing card from slot 8
[12:34:46.490] [SEVERE ] removing card from slot 9
[12:34:46.492] [SEVERE ] removing card from slot 10
[12:34:46.492] [SEVERE ] removing player 4 token from slot 11
[12:34:46.492] [SEVERE ] removing card from slot 11
[12:34:46.493] [SEVERE ] placing card 33 in slot 0
[12:34:46.493] [SEVERE ] placing card 56 in slot 1
[12:34:46.493] [SEVERE ] placing card 19 in slot 2
[12:34:46.493] [SEVERE ] placing card 51 in slot 3
[12:34:46.494] [SEVERE ] placing card 39 in slot 4
[12:34:46.494] [SEVERE ] placing card 77 in slot 5
[12:34:46.494] [SEVERE ] placing card 6 in slot 6
[12:34:46.494] [SEVERE ] placing card 35 in slot 7
[12:34:46.494] [SEVERE ] placing card 67 in slot 8
[12:34:46.494] [SEVERE ] placing card 54 in slot 9
[12:34:46.494] [SEVERE ] placing card 73 in slot 10
[12:34:46.495] [SEVERE ] placing card 23 in slot 11
[12:34:46.496] [SEVERE ] player 1 placing token on slot 8
[12:34:46.496] [SEVERE ] player 3 placing token on slot 3
[12:34:46.496] [SEVERE ] player 4 placing token on slot 5
[12:34:46.496] [SEVERE ] player 2 placing token on slot 6
[12:34:46.497] [SEVERE ] player 4 placing token on slot 10
[12:34:46.497] [SEVERE ] player 3 placing token on slot 6
[12:34:46.497] [SEVERE ] player 1 placing token on slot 7
[12:34:46.498] [SEVERE ] player 3 placing token on slot 11
[12:34:46.498] [SEVERE ] player 4 placing token on slot 4
[12:34:46.497] [SEVERE ] player 2 placing token on slot 10
[12:34:46.498] [SEVERE ] player 1 placing token on slot 0
[12:34:46.499] [SEVERE ] removing player 3 token from slot 3
[12:34:46.499] [SEVERE ] removing player 3 token from slot 6
[12:34:46.499] [SEVERE ] removing player 3 token from slot 11
[12:34:46.499] [SEVERE ] player 2 placing token on slot 7
[12:34:46.499] [SEVERE ] removing player 1 token from slot 0
[12:34:46.499] [SEVERE ] removing card from slot 0
[12:34:46.501] [SEVERE ] removing card from slot 1
[12:34:46.501] [SEVERE ] removing card from slot 2
[12:34:46.501] [SEVERE ] removing card from slot 3
[12:34:46.502] [SEVERE ] removing player 4 token from slot 4
[12:34:46.502] [SEVERE ] removing card from slot 4
[12:34:46.502] [SEVERE ] removing player 4 token from slot 5
[12:34:46.503] [SEVERE ] removing card from slot 5
[12:34:46.503] [SEVERE ] removing player 2 token from slot 6
[12:34:46.503] [SEVERE ] removing card from slot 6
[12:34:46.503] [SEVERE ] removing player 1 token from slot 7
[12:34:46.503] [SEVERE ] removing player 2 token from slot 7
[12:34:46.503] [SEVERE ] removing card from slot 7
[12:34:46.503] [SEVERE ] removing player 1 token from slot 8
[12:34:46.503] [SEVERE ] removing card from slot 8
[12:34:46.504] [SEVERE ] removing card from slot 9
[12:34:46.504] [SEVERE ] removing player 2 token from slot 10
[12:34:46.505] [SEVERE ] removing player 4 token from slot 10
[12:34:46.505] [SEVERE ] removing card from slot 10
[12:34:46.508] [SEVERE ] removing card from slot 11
[12:34:46.510] [SEVERE ] placing card 14 in slot 0
[12:34:46.510] [SEVERE ] placing card 4 in slot 1
[12:34:46.510] [SEVERE ] placing card 75 in slot 2
[12:34:46.510] [SEVERE ] placing card 37 in slot 3
[12:34:46.511] [SEVERE ] placing card 15 in slot 4
[12:34:46.511] [SEVERE ] placing card 17 in slot 5
[12:34:46.511] [SEVERE ] placing card 69 in slot 6
[12:34:46.512] [SEVERE ] placing card 35 in slot 7
[12:34:46.512] [SEVERE ] placing card 77 in slot 8
[12:34:46.512] [SEVERE ] placing card 55 in slot 9
[12:34:46.512] [SEVERE ] placing card 9 in slot 10
[12:34:46.512] [SEVERE ] placing card 58 in slot 11
[12:34:46.513] [SEVERE ] removing card from slot 0
[12:34:46.515] [INFO   ] thread dealer terminated.
[12:34:51.525] [SEVERE ] thanks for playing... it was fun!
[12:34:51.525] [INFO   ] thread main terminated.
[12:34:51.525] [SEVERE ] disposing of user interface elements
