[17:13:35.762] [INFO   ] thread main starting.
[17:13:35.788] [SEVERE ] cannot read configuration file config.properties trying from resources.
[17:13:35.794] [SEVERE ] configuration file was loaded from resources directory.
[17:13:37.633] [INFO   ] thread dealer starting.
[17:13:37.739] [SEVERE ] placing card 67 in slot 0
[17:13:37.741] [SEVERE ] placing card 33 in slot 1
[17:13:37.742] [SEVERE ] placing card 43 in slot 2
[17:13:37.743] [SEVERE ] placing card 69 in slot 3
[17:13:37.743] [SEVERE ] placing card 68 in slot 4
[17:13:37.743] [SEVERE ] placing card 57 in slot 5
[17:13:37.744] [SEVERE ] placing card 36 in slot 6
[17:13:37.745] [SEVERE ] placing card 5 in slot 7
[17:13:37.746] [SEVERE ] placing card 38 in slot 8
[17:13:37.746] [SEVERE ] placing card 56 in slot 9
[17:13:37.746] [SEVERE ] placing card 77 in slot 10
[17:13:37.747] [SEVERE ] placing card 37 in slot 11
[17:13:37.766] [SEVERE ] player 2 placing token on slot 5
[17:13:37.767] [SEVERE ] player 4 placing token on slot 7
[17:13:37.767] [SEVERE ] player 3 placing token on slot 2
[17:13:37.768] [SEVERE ] player 2 placing token on slot 8
[17:13:37.767] [SEVERE ] player 1 placing token on slot 5
[17:13:37.769] [SEVERE ] player 2 placing token on slot 7
[17:13:37.768] [SEVERE ] player 4 placing token on slot 2
[17:13:37.768] [SEVERE ] player 3 placing token on slot 1
[17:15:44.707] [SEVERE ] player 4 placing token on slot 4
[17:13:37.769] [SEVERE ] removing player 1 token from slot 5
[17:15:44.711] [SEVERE ] removing player 2 token from slot 5
[17:15:44.711] [SEVERE ] removing player 2 token from slot 7
[17:15:44.711] [SEVERE ] removing player 2 token from slot 8
[17:15:44.711] [SEVERE ] player 3 placing token on slot 6
[17:15:44.711] [SEVERE ] player 1 placing token on slot 4
[17:15:44.712] [SEVERE ] player 1 placing token on slot 5
[17:15:44.712] [SEVERE ] player 1 placing token on slot 2
[17:15:44.712] [SEVERE ] removing card from slot 0
[17:15:44.719] [SEVERE ] removing player 3 token from slot 1
[17:15:44.719] [SEVERE ] removing card from slot 1
[17:15:44.719] [SEVERE ] removing player 1 token from slot 2
[17:15:44.720] [SEVERE ] removing player 3 token from slot 2
[17:15:44.720] [SEVERE ] removing player 4 token from slot 2
[17:15:44.720] [SEVERE ] removing card from slot 2
[17:15:44.720] [SEVERE ] removing card from slot 3
[17:15:44.720] [SEVERE ] removing player 1 token from slot 4
[17:15:44.721] [SEVERE ] removing player 4 token from slot 4
[17:15:44.721] [SEVERE ] removing card from slot 4
[17:15:44.721] [SEVERE ] removing player 1 token from slot 5
[17:15:44.721] [SEVERE ] removing card from slot 5
[17:15:44.721] [SEVERE ] removing player 3 token from slot 6
[17:15:44.722] [SEVERE ] removing card from slot 6
[17:15:44.722] [SEVERE ] removing player 4 token from slot 7
[17:15:44.722] [SEVERE ] removing card from slot 7
[17:15:44.722] [SEVERE ] removing card from slot 8
[17:15:44.722] [SEVERE ] removing card from slot 9
[17:15:44.722] [SEVERE ] removing card from slot 10
[17:15:44.723] [SEVERE ] removing card from slot 11
[17:15:44.723] [SEVERE ] placing card 40 in slot 0
[17:15:44.723] [SEVERE ] placing card 63 in slot 1
[17:15:44.723] [SEVERE ] placing card 14 in slot 2
[17:15:44.723] [SEVERE ] placing card 60 in slot 3
[17:15:44.723] [SEVERE ] placing card 61 in slot 4
[17:15:44.724] [SEVERE ] placing card 76 in slot 5
[17:15:44.724] [SEVERE ] placing card 3 in slot 6
[17:15:44.725] [SEVERE ] placing card 31 in slot 7
[17:15:44.726] [SEVERE ] placing card 21 in slot 8
[17:15:44.726] [SEVERE ] placing card 54 in slot 9
[17:15:44.727] [SEVERE ] placing card 66 in slot 10
[17:15:44.727] [SEVERE ] placing card 8 in slot 11
[17:15:44.730] [SEVERE ] player 2 placing token on slot 2
[17:15:44.730] [SEVERE ] player 4 placing token on slot 4
[17:15:44.730] [SEVERE ] player 3 placing token on slot 1
[17:15:44.731] [SEVERE ] player 4 placing token on slot 5
[17:15:44.730] [SEVERE ] player 1 placing token on slot 7
[17:15:44.732] [SEVERE ] player 4 placing token on slot 1
[17:15:44.732] [SEVERE ] player 3 placing token on slot 5
[17:15:44.732] [SEVERE ] player 1 placing token on slot 6
[17:15:47.015] [SEVERE ] player 3 placing token on slot 2
[17:15:44.731] [SEVERE ] player 2 placing token on slot 6
[17:15:47.015] [SEVERE ] player 1 placing token on slot 11
[17:15:47.016] [SEVERE ] removing player 4 token from slot 1
[17:15:47.016] [SEVERE ] removing player 4 token from slot 4
[17:15:47.017] [SEVERE ] removing player 4 token from slot 5
[17:15:47.017] [SEVERE ] player 2 placing token on slot 1
[17:15:47.017] [SEVERE ] removing card from slot 0
[17:15:47.024] [SEVERE ] removing player 2 token from slot 1
[17:15:47.025] [SEVERE ] removing player 3 token from slot 1
[17:15:47.025] [SEVERE ] removing card from slot 1
[17:15:47.025] [SEVERE ] removing player 2 token from slot 2
[17:15:47.026] [SEVERE ] removing player 3 token from slot 2
[17:15:47.026] [SEVERE ] removing card from slot 2
[17:15:47.026] [SEVERE ] removing card from slot 3
[17:15:47.026] [SEVERE ] removing card from slot 4
[17:15:47.027] [SEVERE ] removing player 3 token from slot 5
[17:15:47.027] [SEVERE ] removing card from slot 5
[17:15:47.027] [SEVERE ] removing player 1 token from slot 6
[17:15:47.028] [SEVERE ] removing player 2 token from slot 6
[17:15:47.028] [SEVERE ] removing card from slot 6
[17:15:47.028] [SEVERE ] removing player 1 token from slot 7
[17:15:47.029] [SEVERE ] removing card from slot 7
[17:15:47.029] [SEVERE ] removing card from slot 8
[17:15:47.029] [SEVERE ] removing card from slot 9
[17:15:47.029] [SEVERE ] removing card from slot 10
[17:15:47.029] [SEVERE ] removing player 1 token from slot 11
[17:15:47.029] [SEVERE ] removing card from slot 11
[17:15:47.030] [SEVERE ] placing card 27 in slot 0
[17:15:47.031] [SEVERE ] placing card 7 in slot 1
[17:15:47.031] [SEVERE ] placing card 16 in slot 2
[17:15:47.031] [SEVERE ] placing card 70 in slot 3
[17:15:47.032] [SEVERE ] placing card 20 in slot 4
[17:15:47.032] [SEVERE ] placing card 50 in slot 5
[17:15:47.032] [SEVERE ] placing card 62 in slot 6
[17:15:47.032] [SEVERE ] placing card 12 in slot 7
[17:15:47.032] [SEVERE ] placing card 3 in slot 8
[17:15:47.033] [SEVERE ] placing card 60 in slot 9
[17:15:47.039] [SEVERE ] placing card 54 in slot 10
[17:15:47.040] [SEVERE ] placing card 29 in slot 11
[17:15:47.044] [SEVERE ] player 2 placing token on slot 5
[17:15:47.044] [SEVERE ] player 1 placing token on slot 2
[17:15:47.044] [SEVERE ] player 4 placing token on slot 8
[17:15:47.044] [SEVERE ] player 3 placing token on slot 3
[17:15:47.045] [SEVERE ] removing player 4 token from slot 8
[17:15:47.045] [SEVERE ] player 1 placing token on slot 11
[17:15:47.045] [SEVERE ] player 2 placing token on slot 4
[17:15:47.046] [SEVERE ] player 1 placing token on slot 0
[17:15:47.045] [SEVERE ] player 4 placing token on slot 6
[17:15:47.045] [SEVERE ] player 3 placing token on slot 11
[17:15:50.811] [SEVERE ] player 3 placing token on slot 10
[17:15:47.046] [SEVERE ] player 4 placing token on slot 7
[17:15:47.046] [SEVERE ] player 2 placing token on slot 0
[17:15:50.812] [SEVERE ] removing player 1 token from slot 0
[17:15:50.812] [SEVERE ] removing player 1 token from slot 2
[17:15:50.812] [SEVERE ] removing player 1 token from slot 11
[17:15:50.814] [SEVERE ] removing player 4 token from slot 7
[17:15:50.814] [SEVERE ] player 4 placing token on slot 3
[17:15:50.814] [SEVERE ] removing player 2 token from slot 0
[17:15:50.814] [SEVERE ] removing card from slot 0
[17:15:50.818] [SEVERE ] removing card from slot 1
[17:15:50.818] [SEVERE ] removing card from slot 2
[17:15:50.818] [SEVERE ] removing player 3 token from slot 3
[17:15:50.818] [SEVERE ] removing player 4 token from slot 3
[17:15:50.818] [SEVERE ] removing card from slot 3
[17:15:50.819] [SEVERE ] removing player 2 token from slot 4
[17:15:50.819] [SEVERE ] removing card from slot 4
[17:15:50.819] [SEVERE ] removing player 2 token from slot 5
[17:15:50.819] [SEVERE ] removing card from slot 5
[17:15:50.819] [SEVERE ] removing player 4 token from slot 6
[17:15:50.820] [SEVERE ] removing card from slot 6
[17:15:50.820] [SEVERE ] removing card from slot 7
[17:15:50.820] [SEVERE ] removing card from slot 8
[17:15:50.820] [SEVERE ] removing card from slot 9
[17:15:50.820] [SEVERE ] removing player 3 token from slot 10
[17:15:50.820] [SEVERE ] removing card from slot 10
[17:15:50.821] [SEVERE ] removing player 3 token from slot 11
[17:15:50.821] [SEVERE ] removing card from slot 11
[17:15:50.821] [SEVERE ] placing card 78 in slot 0
[17:15:50.821] [SEVERE ] placing card 58 in slot 1
[17:15:50.821] [SEVERE ] placing card 38 in slot 2
[17:15:50.821] [SEVERE ] placing card 7 in slot 3
[17:15:50.822] [SEVERE ] placing card 14 in slot 4
[17:15:50.822] [SEVERE ] placing card 22 in slot 5
[17:15:50.822] [SEVERE ] placing card 74 in slot 6
[17:15:50.822] [SEVERE ] placing card 69 in slot 7
[17:15:50.822] [SEVERE ] placing card 56 in slot 8
[17:15:50.828] [SEVERE ] placing card 73 in slot 9
[17:15:50.828] [SEVERE ] placing card 30 in slot 10
[17:15:50.828] [SEVERE ] placing card 59 in slot 11
[17:15:50.830] [SEVERE ] player 3 placing token on slot 7
[17:15:50.830] [SEVERE ] player 2 placing token on slot 11
[17:15:50.830] [SEVERE ] player 1 placing token on slot 1
[17:15:50.830] [SEVERE ] player 4 placing token on slot 1
[17:15:50.831] [SEVERE ] removing player 4 token from slot 1
[17:15:50.831] [SEVERE ] player 1 placing token on slot 5
[17:15:50.831] [SEVERE ] player 2 placing token on slot 0
[17:15:50.830] [SEVERE ] player 3 placing token on slot 4
[17:15:50.831] [SEVERE ] player 2 placing token on slot 5
[17:15:50.831] [SEVERE ] player 1 placing token on slot 0
[17:15:50.831] [SEVERE ] player 4 placing token on slot 8
[17:15:50.831] [SEVERE ] removing player 3 token from slot 4
[17:16:02.189] [SEVERE ] player 4 placing token on slot 6
[17:16:02.189] [SEVERE ] removing player 3 token from slot 7
[17:16:02.190] [SEVERE ] removing player 2 token from slot 0
[17:16:02.190] [SEVERE ] removing player 2 token from slot 5
[17:16:02.190] [SEVERE ] removing player 2 token from slot 11
[17:16:02.190] [SEVERE ] player 4 placing token on slot 10
[17:16:02.190] [SEVERE ] player 3 placing token on slot 11
[17:16:02.190] [SEVERE ] removing player 1 token from slot 0
[17:16:02.191] [SEVERE ] removing card from slot 0
[17:16:02.196] [SEVERE ] removing player 1 token from slot 1
[17:16:02.197] [SEVERE ] removing card from slot 1
[17:16:02.197] [SEVERE ] removing card from slot 2
[17:16:02.197] [SEVERE ] removing card from slot 3
[17:16:02.197] [SEVERE ] removing card from slot 4
[17:16:02.197] [SEVERE ] removing player 1 token from slot 5
[17:16:02.198] [SEVERE ] removing card from slot 5
[17:16:02.198] [SEVERE ] removing player 4 token from slot 6
[17:16:02.198] [SEVERE ] removing card from slot 6
[17:16:02.198] [SEVERE ] removing card from slot 7
[17:16:02.199] [SEVERE ] removing player 4 token from slot 8
[17:16:02.199] [SEVERE ] removing card from slot 8
[17:16:02.199] [SEVERE ] removing card from slot 9
[17:16:02.200] [SEVERE ] removing player 4 token from slot 10
[17:16:02.200] [SEVERE ] removing card from slot 10
[17:16:02.200] [SEVERE ] removing player 3 token from slot 11
[17:16:02.201] [SEVERE ] removing card from slot 11
[17:16:02.204] [SEVERE ] placing card 70 in slot 0
[17:16:02.204] [SEVERE ] placing card 79 in slot 1
[17:16:02.204] [SEVERE ] placing card 57 in slot 2
[17:16:02.205] [SEVERE ] placing card 11 in slot 3
[17:16:02.205] [SEVERE ] placing card 25 in slot 4
[17:16:02.205] [SEVERE ] placing card 43 in slot 5
[17:16:02.205] [SEVERE ] placing card 56 in slot 6
[17:16:02.205] [SEVERE ] placing card 50 in slot 7
[17:16:02.205] [SEVERE ] placing card 1 in slot 8
[17:16:02.205] [SEVERE ] placing card 38 in slot 9
[17:16:02.206] [SEVERE ] placing card 24 in slot 10
[17:16:02.206] [SEVERE ] placing card 59 in slot 11
[17:16:02.209] [SEVERE ] player 1 placing token on slot 11
[17:16:02.209] [SEVERE ] player 4 placing token on slot 11
[17:16:02.209] [SEVERE ] player 2 placing token on slot 10
[17:16:02.209] [SEVERE ] player 3 placing token on slot 2
[17:16:02.210] [SEVERE ] player 2 placing token on slot 1
[17:16:02.209] [SEVERE ] player 4 placing token on slot 2
[17:16:02.209] [SEVERE ] player 1 placing token on slot 3
[17:16:02.210] [SEVERE ] player 4 placing token on slot 8
[17:16:02.210] [SEVERE ] player 2 placing token on slot 7
[17:16:02.210] [SEVERE ] player 3 placing token on slot 5
[17:16:02.210] [SEVERE ] player 1 placing token on slot 10
[17:16:07.467] [SEVERE ] player 3 placing token on slot 0
[17:16:07.467] [SEVERE ] removing player 4 token from slot 2
[17:16:07.468] [SEVERE ] removing player 4 token from slot 8
[17:16:07.468] [SEVERE ] removing player 4 token from slot 11
[17:16:07.468] [SEVERE ] removing player 3 token from slot 0
[17:16:07.469] [SEVERE ] removing card from slot 0
[17:16:07.474] [SEVERE ] removing player 2 token from slot 1
[17:16:07.474] [SEVERE ] removing card from slot 1
[17:16:07.475] [SEVERE ] removing player 3 token from slot 2
[17:16:07.475] [SEVERE ] removing card from slot 2
[17:16:07.475] [SEVERE ] removing player 1 token from slot 3
[17:16:07.475] [SEVERE ] removing card from slot 3
[17:16:07.475] [SEVERE ] removing card from slot 4
[17:16:07.475] [SEVERE ] removing player 3 token from slot 5
[17:16:07.475] [SEVERE ] removing card from slot 5
[17:16:07.475] [SEVERE ] removing card from slot 6
[17:16:07.475] [SEVERE ] removing player 2 token from slot 7
[17:16:07.475] [SEVERE ] removing card from slot 7
[17:16:07.475] [SEVERE ] removing card from slot 8
[17:16:07.476] [SEVERE ] removing card from slot 9
[17:16:07.476] [SEVERE ] removing player 1 token from slot 10
[17:16:07.476] [SEVERE ] removing player 2 token from slot 10
[17:16:07.476] [SEVERE ] removing card from slot 10
[17:16:07.476] [SEVERE ] removing player 1 token from slot 11
[17:16:07.476] [SEVERE ] removing card from slot 11
[17:16:07.477] [SEVERE ] placing card 57 in slot 0
[17:16:07.477] [SEVERE ] placing card 69 in slot 1
[17:16:07.477] [SEVERE ] placing card 42 in slot 2
[17:16:07.478] [SEVERE ] placing card 80 in slot 3
[17:16:07.478] [SEVERE ] placing card 8 in slot 4
[17:16:07.478] [SEVERE ] placing card 59 in slot 5
[17:16:07.478] [SEVERE ] placing card 28 in slot 6
[17:16:07.478] [SEVERE ] placing card 61 in slot 7
[17:16:07.478] [SEVERE ] placing card 67 in slot 8
[17:16:07.479] [SEVERE ] placing card 50 in slot 9
[17:16:07.485] [SEVERE ] placing card 7 in slot 10
[17:16:07.485] [SEVERE ] placing card 22 in slot 11
[17:16:07.487] [SEVERE ] player 2 placing token on slot 0
[17:16:07.487] [SEVERE ] player 1 placing token on slot 0
[17:16:07.487] [SEVERE ] player 4 placing token on slot 6
[17:16:07.487] [SEVERE ] player 3 placing token on slot 2
[17:16:07.487] [SEVERE ] player 4 placing token on slot 0
[17:16:07.487] [SEVERE ] player 1 placing token on slot 4
[17:16:07.487] [SEVERE ] removing player 2 token from slot 0
[17:16:07.488] [SEVERE ] player 2 placing token on slot 6
[17:16:07.488] [SEVERE ] player 1 placing token on slot 7
[17:16:07.488] [SEVERE ] player 4 placing token on slot 9
[17:16:07.488] [SEVERE ] player 3 placing token on slot 0
[17:16:07.488] [SEVERE ] player 2 placing token on slot 9
[17:16:12.145] [SEVERE ] player 2 placing token on slot 1
[17:16:12.145] [SEVERE ] player 3 placing token on slot 7
[17:16:12.145] [SEVERE ] removing player 1 token from slot 0
[17:16:12.145] [SEVERE ] removing player 1 token from slot 4
[17:16:12.145] [SEVERE ] removing player 1 token from slot 7
[17:16:12.146] [SEVERE ] removing player 3 token from slot 0
[17:16:12.146] [SEVERE ] removing player 4 token from slot 0
[17:16:12.146] [SEVERE ] removing card from slot 0
[17:16:12.157] [SEVERE ] removing player 2 token from slot 1
[17:16:12.157] [SEVERE ] removing card from slot 1
[17:16:12.157] [SEVERE ] removing player 3 token from slot 2
[17:16:12.158] [SEVERE ] removing card from slot 2
[17:16:12.158] [SEVERE ] removing card from slot 3
[17:16:12.158] [SEVERE ] removing card from slot 4
[17:16:12.158] [SEVERE ] removing card from slot 5
[17:16:12.158] [SEVERE ] removing player 2 token from slot 6
[17:16:12.158] [SEVERE ] removing player 4 token from slot 6
[17:16:12.158] [SEVERE ] removing card from slot 6
[17:16:12.158] [SEVERE ] removing player 3 token from slot 7
[17:16:12.159] [SEVERE ] removing card from slot 7
[17:16:12.159] [SEVERE ] removing card from slot 8
[17:16:12.159] [SEVERE ] removing player 2 token from slot 9
[17:16:12.159] [SEVERE ] removing player 4 token from slot 9
[17:16:12.159] [SEVERE ] removing card from slot 9
[17:16:12.159] [SEVERE ] removing card from slot 10
[17:16:12.159] [SEVERE ] removing card from slot 11
[17:16:12.159] [SEVERE ] placing card 66 in slot 0
[17:16:12.159] [SEVERE ] placing card 23 in slot 1
[17:16:12.159] [SEVERE ] placing card 4 in slot 2
[17:16:12.159] [SEVERE ] placing card 50 in slot 3
[17:16:12.159] [SEVERE ] placing card 8 in slot 4
[17:16:12.160] [SEVERE ] placing card 67 in slot 5
[17:16:12.160] [SEVERE ] placing card 14 in slot 6
[17:16:12.160] [SEVERE ] placing card 30 in slot 7
[17:16:12.160] [SEVERE ] placing card 60 in slot 8
[17:16:12.160] [SEVERE ] placing card 0 in slot 9
[17:16:12.161] [SEVERE ] placing card 40 in slot 10
[17:16:12.161] [SEVERE ] placing card 79 in slot 11
[17:16:12.171] [SEVERE ] player 2 placing token on slot 11
[17:16:12.171] [SEVERE ] player 4 placing token on slot 3
[17:16:12.172] [SEVERE ] player 2 placing token on slot 9
[17:16:12.172] [SEVERE ] player 4 placing token on slot 4
[17:16:12.171] [SEVERE ] player 3 placing token on slot 4
[17:16:12.171] [SEVERE ] player 1 placing token on slot 5
[17:16:12.172] [SEVERE ] player 3 placing token on slot 5
[17:16:12.172] [SEVERE ] player 4 placing token on slot 1
[17:16:12.172] [SEVERE ] player 2 placing token on slot 7
[17:16:12.173] [SEVERE ] player 3 placing token on slot 6
[17:16:12.172] [SEVERE ] player 1 placing token on slot 8
[17:16:13.889] [SEVERE ] removing player 1 token from slot 5
[17:16:13.889] [SEVERE ] player 1 placing token on slot 11
[17:16:13.889] [SEVERE ] player 1 placing token on slot 2
[17:16:13.890] [SEVERE ] removing player 4 token from slot 1
[17:16:13.890] [SEVERE ] removing player 4 token from slot 3
[17:16:13.890] [SEVERE ] removing player 4 token from slot 4
[17:16:13.891] [SEVERE ] removing card from slot 0
[17:16:13.897] [SEVERE ] removing card from slot 1
[17:16:13.898] [SEVERE ] removing player 1 token from slot 2
[17:16:13.898] [SEVERE ] removing card from slot 2
[17:16:13.898] [SEVERE ] removing card from slot 3
[17:16:13.898] [SEVERE ] removing player 3 token from slot 4
[17:16:13.898] [SEVERE ] removing card from slot 4
[17:16:13.898] [SEVERE ] removing player 3 token from slot 5
[17:16:13.898] [SEVERE ] removing card from slot 5
[17:16:13.898] [SEVERE ] removing player 3 token from slot 6
[17:16:13.898] [SEVERE ] removing card from slot 6
[17:16:13.899] [SEVERE ] removing player 2 token from slot 7
[17:16:13.899] [SEVERE ] removing card from slot 7
[17:16:13.899] [SEVERE ] removing player 1 token from slot 8
[17:16:13.899] [SEVERE ] removing card from slot 8
[17:16:13.899] [SEVERE ] removing player 2 token from slot 9
[17:16:13.899] [SEVERE ] removing card from slot 9
[17:16:13.899] [SEVERE ] removing card from slot 10
[17:16:13.900] [SEVERE ] removing player 1 token from slot 11
[17:16:13.900] [SEVERE ] removing player 2 token from slot 11
[17:16:13.900] [SEVERE ] removing card from slot 11
[17:16:13.900] [SEVERE ] placing card 41 in slot 0
[17:16:13.900] [SEVERE ] placing card 76 in slot 1
[17:16:13.904] [SEVERE ] placing card 18 in slot 2
[17:16:13.905] [SEVERE ] placing card 55 in slot 3
[17:16:13.905] [SEVERE ] placing card 29 in slot 4
[17:16:13.905] [SEVERE ] placing card 35 in slot 5
[17:16:13.905] [SEVERE ] placing card 12 in slot 6
[17:16:13.906] [SEVERE ] placing card 6 in slot 7
[17:16:13.906] [SEVERE ] placing card 77 in slot 8
[17:16:13.906] [SEVERE ] placing card 1 in slot 9
[17:16:13.906] [SEVERE ] placing card 39 in slot 10
[17:16:13.906] [SEVERE ] placing card 33 in slot 11
[17:16:13.908] [SEVERE ] player 3 placing token on slot 2
[17:16:13.908] [SEVERE ] player 4 placing token on slot 5
[17:16:13.908] [SEVERE ] player 1 placing token on slot 4
[17:16:13.908] [SEVERE ] player 2 placing token on slot 8
[17:16:13.908] [SEVERE ] player 1 placing token on slot 2
[17:16:13.908] [SEVERE ] player 3 placing token on slot 6
[17:16:13.908] [SEVERE ] player 4 placing token on slot 11
[17:16:13.908] [SEVERE ] player 3 placing token on slot 1
[17:16:13.908] [SEVERE ] player 1 placing token on slot 1
[17:16:13.908] [SEVERE ] player 2 placing token on slot 10
[17:16:13.909] [SEVERE ] player 4 placing token on slot 6
[17:16:15.309] [SEVERE ] removing player 2 token from slot 8
[17:16:15.309] [SEVERE ] removing player 3 token from slot 1
[17:16:15.309] [SEVERE ] removing player 3 token from slot 2
[17:16:15.311] [SEVERE ] removing player 3 token from slot 6
[17:16:15.311] [SEVERE ] player 2 placing token on slot 7
[17:16:15.311] [SEVERE ] removing card from slot 0
[17:16:15.321] [SEVERE ] removing player 1 token from slot 1
[17:16:15.322] [SEVERE ] removing card from slot 1
[17:16:15.322] [SEVERE ] removing player 1 token from slot 2
[17:16:15.322] [SEVERE ] removing card from slot 2
[17:16:15.322] [SEVERE ] removing card from slot 3
[17:16:15.322] [SEVERE ] removing player 1 token from slot 4
[17:16:15.322] [SEVERE ] removing card from slot 4
[17:16:15.322] [SEVERE ] removing player 4 token from slot 5
[17:16:15.322] [SEVERE ] removing card from slot 5
[17:16:15.323] [SEVERE ] removing player 4 token from slot 6
[17:16:15.323] [SEVERE ] removing card from slot 6
[17:16:15.323] [SEVERE ] removing player 2 token from slot 7
[17:16:15.323] [SEVERE ] removing card from slot 7
[17:16:15.324] [SEVERE ] removing card from slot 8
[17:16:15.324] [SEVERE ] removing card from slot 9
[17:16:15.324] [SEVERE ] removing player 2 token from slot 10
[17:16:15.324] [SEVERE ] removing card from slot 10
[17:16:15.324] [SEVERE ] removing player 4 token from slot 11
[17:16:15.324] [SEVERE ] removing card from slot 11
[17:16:15.324] [SEVERE ] placing card 41 in slot 0
[17:16:15.324] [SEVERE ] placing card 64 in slot 1
[17:16:15.324] [SEVERE ] placing card 63 in slot 2
[17:16:15.324] [SEVERE ] placing card 23 in slot 3
[17:16:15.324] [SEVERE ] placing card 77 in slot 4
[17:16:15.325] [SEVERE ] placing card 66 in slot 5
[17:16:15.325] [SEVERE ] placing card 50 in slot 6
[17:16:15.325] [SEVERE ] placing card 3 in slot 7
[17:16:15.325] [SEVERE ] placing card 58 in slot 8
[17:16:15.325] [SEVERE ] placing card 34 in slot 9
[17:16:15.325] [SEVERE ] placing card 24 in slot 10
[17:16:15.325] [SEVERE ] placing card 30 in slot 11
[17:16:15.326] [SEVERE ] player 3 placing token on slot 1
[17:16:15.326] [SEVERE ] player 2 placing token on slot 11
[17:16:15.326] [SEVERE ] player 1 placing token on slot 4
[17:16:15.327] [SEVERE ] player 2 placing token on slot 0
[17:16:15.328] [SEVERE ] player 2 placing token on slot 10
[17:16:15.326] [SEVERE ] player 4 placing token on slot 10
[17:16:15.328] [SEVERE ] player 1 placing token on slot 1
[17:16:16.506] [SEVERE ] player 4 placing token on slot 6
[17:16:15.327] [SEVERE ] player 3 placing token on slot 3
[17:16:16.506] [SEVERE ] player 1 placing token on slot 3
[17:16:16.507] [SEVERE ] removing player 2 token from slot 0
[17:16:16.507] [SEVERE ] removing player 2 token from slot 10
[17:16:16.507] [SEVERE ] removing player 2 token from slot 11
[17:16:16.507] [SEVERE ] removing player 4 token from slot 10
[17:16:16.507] [SEVERE ] player 4 placing token on slot 4
[17:16:16.507] [SEVERE ] player 3 placing token on slot 6
[17:16:16.508] [SEVERE ] removing card from slot 0
[17:16:16.512] [SEVERE ] removing player 1 token from slot 1
[17:16:16.512] [SEVERE ] removing player 3 token from slot 1
[17:16:16.513] [SEVERE ] removing card from slot 1
[17:16:16.513] [SEVERE ] removing card from slot 2
[17:16:16.513] [SEVERE ] removing player 1 token from slot 3
[17:16:16.513] [SEVERE ] removing player 3 token from slot 3
[17:16:16.513] [SEVERE ] removing card from slot 3
[17:16:16.513] [SEVERE ] removing player 1 token from slot 4
[17:16:16.513] [SEVERE ] removing player 4 token from slot 4
[17:16:16.513] [SEVERE ] removing card from slot 4
[17:16:16.514] [SEVERE ] removing card from slot 5
[17:16:16.514] [SEVERE ] removing player 3 token from slot 6
[17:16:16.514] [SEVERE ] removing player 4 token from slot 6
[17:16:16.514] [SEVERE ] removing card from slot 6
[17:16:16.514] [SEVERE ] removing card from slot 7
[17:16:16.514] [SEVERE ] removing card from slot 8
[17:16:16.514] [SEVERE ] removing card from slot 9
[17:16:16.514] [SEVERE ] removing card from slot 10
[17:16:16.514] [SEVERE ] removing card from slot 11
[17:16:16.515] [SEVERE ] placing card 53 in slot 0
[17:16:16.515] [SEVERE ] placing card 51 in slot 1
[17:16:16.515] [SEVERE ] placing card 46 in slot 2
[17:16:16.515] [SEVERE ] placing card 0 in slot 3
[17:16:16.521] [SEVERE ] placing card 79 in slot 4
[17:16:16.521] [SEVERE ] placing card 73 in slot 5
[17:16:16.521] [SEVERE ] placing card 34 in slot 6
[17:16:16.521] [SEVERE ] placing card 80 in slot 7
[17:16:16.521] [SEVERE ] placing card 9 in slot 8
[17:16:16.522] [SEVERE ] placing card 37 in slot 9
[17:16:16.522] [SEVERE ] placing card 70 in slot 10
[17:16:16.522] [SEVERE ] placing card 35 in slot 11
[17:16:16.523] [SEVERE ] player 4 placing token on slot 2
[17:16:16.523] [SEVERE ] player 3 placing token on slot 0
[17:16:16.523] [SEVERE ] player 2 placing token on slot 5
[17:16:16.523] [SEVERE ] player 1 placing token on slot 10
[17:16:16.523] [SEVERE ] player 2 placing token on slot 10
[17:16:16.523] [SEVERE ] player 3 placing token on slot 10
[17:16:16.523] [SEVERE ] player 4 placing token on slot 5
[17:16:16.524] [SEVERE ] removing player 3 token from slot 10
[17:16:16.524] [SEVERE ] player 2 placing token on slot 7
[17:16:16.523] [SEVERE ] player 1 placing token on slot 11
[17:16:16.524] [SEVERE ] player 3 placing token on slot 6
[17:16:16.524] [SEVERE ] removing player 4 token from slot 2
[17:16:18.567] [SEVERE ] player 3 placing token on slot 5
[17:16:16.524] [SEVERE ] player 1 placing token on slot 8
[17:16:18.567] [SEVERE ] player 4 placing token on slot 0
[17:16:18.568] [SEVERE ] removing player 2 token from slot 5
[17:16:18.568] [SEVERE ] removing player 2 token from slot 7
[17:16:18.568] [SEVERE ] removing player 2 token from slot 10
[17:16:18.569] [SEVERE ] player 4 placing token on slot 9
[17:16:18.569] [SEVERE ] removing player 3 token from slot 0
[17:16:18.569] [SEVERE ] removing player 4 token from slot 0
[17:16:18.569] [SEVERE ] removing card from slot 0
[17:16:18.573] [SEVERE ] removing card from slot 1
[17:16:18.573] [SEVERE ] removing card from slot 2
[17:16:18.573] [SEVERE ] removing card from slot 3
[17:16:18.574] [SEVERE ] removing card from slot 4
[17:16:18.574] [SEVERE ] removing player 3 token from slot 5
[17:16:18.574] [SEVERE ] removing player 4 token from slot 5
[17:16:18.574] [SEVERE ] removing card from slot 5
[17:16:18.574] [SEVERE ] removing player 3 token from slot 6
[17:16:18.574] [SEVERE ] removing card from slot 6
[17:16:18.574] [SEVERE ] removing card from slot 7
[17:16:18.575] [SEVERE ] removing player 1 token from slot 8
[17:16:18.575] [SEVERE ] removing card from slot 8
[17:16:18.575] [SEVERE ] removing player 4 token from slot 9
[17:16:18.575] [SEVERE ] removing card from slot 9
[17:16:18.575] [SEVERE ] removing player 1 token from slot 10
[17:16:18.575] [SEVERE ] removing card from slot 10
[17:16:18.575] [SEVERE ] removing player 1 token from slot 11
[17:16:18.575] [SEVERE ] removing card from slot 11
[17:16:18.575] [SEVERE ] placing card 59 in slot 0
[17:16:18.576] [SEVERE ] placing card 34 in slot 1
[17:16:18.576] [SEVERE ] placing card 25 in slot 2
[17:16:18.576] [SEVERE ] placing card 11 in slot 3
[17:16:18.576] [SEVERE ] placing card 48 in slot 4
[17:16:18.576] [SEVERE ] placing card 65 in slot 5
[17:16:18.576] [SEVERE ] placing card 4 in slot 6
[17:16:18.577] [SEVERE ] placing card 50 in slot 7
[17:16:18.577] [SEVERE ] placing card 40 in slot 8
[17:16:18.577] [SEVERE ] placing card 80 in slot 9
[17:16:18.577] [SEVERE ] placing card 39 in slot 10
[17:16:18.577] [SEVERE ] placing card 74 in slot 11
[17:16:18.578] [SEVERE ] player 3 placing token on slot 11
[17:16:18.578] [SEVERE ] player 2 placing token on slot 1
[17:16:18.578] [SEVERE ] player 4 placing token on slot 10
[17:16:18.578] [SEVERE ] player 1 placing token on slot 0
[17:16:18.578] [SEVERE ] player 4 placing token on slot 11
[17:16:18.578] [SEVERE ] player 2 placing token on slot 6
[17:16:18.578] [SEVERE ] player 3 placing token on slot 5
[17:16:18.579] [SEVERE ] player 2 placing token on slot 10
[17:16:18.579] [SEVERE ] player 4 placing token on slot 4
[17:16:18.579] [SEVERE ] player 1 placing token on slot 10
[17:16:18.580] [SEVERE ] player 3 placing token on slot 0
[17:16:19.940] [SEVERE ] player 1 placing token on slot 11
[17:16:19.940] [SEVERE ] removing player 2 token from slot 1
[17:16:19.940] [SEVERE ] removing player 2 token from slot 6
[17:16:19.940] [SEVERE ] removing player 2 token from slot 10
[17:16:19.941] [SEVERE ] removing player 1 token from slot 0
[17:16:19.941] [SEVERE ] removing player 3 token from slot 0
[17:16:19.941] [SEVERE ] removing card from slot 0
[17:16:19.950] [SEVERE ] removing card from slot 1
[17:16:19.951] [SEVERE ] removing card from slot 2
[17:16:19.951] [SEVERE ] removing card from slot 3
[17:16:19.951] [SEVERE ] removing player 4 token from slot 4
[17:16:19.951] [SEVERE ] removing card from slot 4
[17:16:19.951] [SEVERE ] removing player 3 token from slot 5
[17:16:19.951] [SEVERE ] removing card from slot 5
[17:16:19.951] [SEVERE ] removing card from slot 6
[17:16:19.951] [SEVERE ] removing card from slot 7
[17:16:19.951] [SEVERE ] removing card from slot 8
[17:16:19.951] [SEVERE ] removing card from slot 9
[17:16:19.951] [SEVERE ] removing player 1 token from slot 10
[17:16:19.952] [SEVERE ] removing player 4 token from slot 10
[17:16:19.952] [SEVERE ] removing card from slot 10
[17:16:19.952] [SEVERE ] removing player 1 token from slot 11
[17:16:19.952] [SEVERE ] removing player 3 token from slot 11
[17:16:19.952] [SEVERE ] removing player 4 token from slot 11
[17:16:19.953] [SEVERE ] removing card from slot 11
[17:16:19.953] [SEVERE ] placing card 34 in slot 0
[17:16:19.953] [SEVERE ] placing card 20 in slot 1
[17:16:19.953] [SEVERE ] placing card 8 in slot 2
[17:16:19.953] [SEVERE ] placing card 50 in slot 3
[17:16:19.953] [SEVERE ] placing card 80 in slot 4
[17:16:19.954] [SEVERE ] placing card 2 in slot 5
[17:16:19.954] [SEVERE ] placing card 72 in slot 6
[17:16:19.954] [SEVERE ] placing card 15 in slot 7
[17:16:19.954] [SEVERE ] placing card 69 in slot 8
[17:16:19.954] [SEVERE ] placing card 31 in slot 9
[17:16:19.954] [SEVERE ] placing card 42 in slot 10
[17:16:19.955] [SEVERE ] placing card 63 in slot 11
[17:16:19.957] [SEVERE ] player 2 placing token on slot 4
[17:16:19.957] [SEVERE ] player 4 placing token on slot 6
[17:16:19.957] [SEVERE ] player 1 placing token on slot 9
[17:16:19.957] [SEVERE ] player 3 placing token on slot 1
[17:16:19.958] [SEVERE ] player 1 placing token on slot 0
[17:16:19.957] [SEVERE ] removing player 2 token from slot 4
[17:16:19.957] [SEVERE ] player 4 placing token on slot 5
[17:16:19.958] [SEVERE ] player 2 placing token on slot 5
[17:16:19.958] [SEVERE ] removing player 1 token from slot 9
[17:16:19.958] [SEVERE ] player 3 placing token on slot 3
[17:16:19.958] [SEVERE ] player 1 placing token on slot 4
[17:16:19.958] [SEVERE ] player 2 placing token on slot 7
[17:16:19.958] [SEVERE ] removing player 4 token from slot 5
[17:16:19.959] [SEVERE ] player 4 placing token on slot 11
[17:16:19.959] [SEVERE ] player 2 placing token on slot 6
[17:16:19.959] [SEVERE ] removing player 1 token from slot 4
[17:16:19.959] [SEVERE ] player 3 placing token on slot 0
[17:16:19.960] [SEVERE ] removing player 1 token from slot 0
[17:16:19.959] [SEVERE ] player 4 placing token on slot 8
[17:16:27.911] [SEVERE ] player 1 placing token on slot 0
[17:16:27.911] [SEVERE ] removing player 2 token from slot 5
[17:16:27.911] [SEVERE ] removing player 2 token from slot 6
[17:16:27.911] [SEVERE ] removing player 2 token from slot 7
[17:16:27.911] [SEVERE ] player 1 placing token on slot 10
[17:16:27.911] [SEVERE ] removing player 1 token from slot 0
[17:16:27.912] [SEVERE ] removing player 3 token from slot 0
[17:16:27.912] [SEVERE ] removing card from slot 0
[17:16:27.916] [SEVERE ] removing player 3 token from slot 1
[17:16:27.916] [SEVERE ] removing card from slot 1
[17:16:27.916] [SEVERE ] removing card from slot 2
[17:16:27.916] [SEVERE ] removing player 3 token from slot 3
[17:16:27.916] [SEVERE ] removing card from slot 3
[17:16:27.916] [SEVERE ] removing card from slot 4
[17:16:27.916] [SEVERE ] removing card from slot 5
[17:16:27.916] [SEVERE ] removing player 4 token from slot 6
[17:16:27.916] [SEVERE ] removing card from slot 6
[17:16:27.917] [SEVERE ] removing card from slot 7
[17:16:27.917] [SEVERE ] removing player 4 token from slot 8
[17:16:27.917] [SEVERE ] removing card from slot 8
[17:16:27.917] [SEVERE ] removing card from slot 9
[17:16:27.917] [SEVERE ] removing player 1 token from slot 10
[17:16:27.917] [SEVERE ] removing card from slot 10
[17:16:27.917] [SEVERE ] removing player 4 token from slot 11
[17:16:27.917] [SEVERE ] removing card from slot 11
[17:16:27.917] [SEVERE ] placing card 37 in slot 0
[17:16:27.917] [SEVERE ] placing card 18 in slot 1
[17:16:27.917] [SEVERE ] placing card 36 in slot 2
[17:16:27.918] [SEVERE ] placing card 15 in slot 3
[17:16:27.918] [SEVERE ] placing card 8 in slot 4
[17:16:27.918] [SEVERE ] placing card 39 in slot 5
[17:16:27.918] [SEVERE ] placing card 23 in slot 6
[17:16:27.918] [SEVERE ] placing card 42 in slot 7
[17:16:27.918] [SEVERE ] placing card 70 in slot 8
[17:16:27.918] [SEVERE ] placing card 72 in slot 9
[17:16:27.918] [SEVERE ] placing card 58 in slot 10
[17:16:27.918] [SEVERE ] placing card 78 in slot 11
[17:16:27.919] [SEVERE ] player 1 placing token on slot 10
[17:16:27.919] [SEVERE ] player 3 placing token on slot 4
[17:16:27.919] [SEVERE ] player 4 placing token on slot 4
[17:16:27.919] [SEVERE ] player 3 placing token on slot 11
[17:16:27.919] [SEVERE ] player 2 placing token on slot 3
[17:16:27.919] [SEVERE ] player 3 placing token on slot 2
[17:16:27.919] [SEVERE ] player 4 placing token on slot 9
[17:16:27.919] [SEVERE ] player 1 placing token on slot 11
[17:16:28.693] [SEVERE ] player 4 placing token on slot 5
[17:16:27.919] [SEVERE ] player 2 placing token on slot 9
[17:16:28.693] [SEVERE ] removing player 3 token from slot 2
[17:16:28.694] [SEVERE ] removing player 3 token from slot 4
[17:16:28.694] [SEVERE ] removing player 3 token from slot 11
[17:16:28.694] [SEVERE ] player 1 placing token on slot 3
[17:16:28.694] [SEVERE ] player 2 placing token on slot 0
[17:16:28.694] [SEVERE ] removing player 2 token from slot 0
[17:16:28.695] [SEVERE ] removing card from slot 0
[17:16:28.699] [SEVERE ] removing card from slot 1
[17:16:28.699] [SEVERE ] removing card from slot 2
[17:16:28.700] [SEVERE ] removing player 1 token from slot 3
[17:16:28.700] [SEVERE ] removing player 2 token from slot 3
[17:16:28.700] [SEVERE ] removing card from slot 3
[17:16:28.700] [SEVERE ] removing player 4 token from slot 4
[17:16:28.700] [SEVERE ] removing card from slot 4
[17:16:28.700] [SEVERE ] removing player 4 token from slot 5
[17:16:28.700] [SEVERE ] removing card from slot 5
[17:16:28.700] [SEVERE ] removing card from slot 6
[17:16:28.701] [SEVERE ] removing card from slot 7
[17:16:28.701] [SEVERE ] removing card from slot 8
[17:16:28.701] [SEVERE ] removing player 2 token from slot 9
[17:16:28.701] [SEVERE ] removing player 4 token from slot 9
[17:16:28.701] [SEVERE ] removing card from slot 9
[17:16:28.701] [SEVERE ] removing player 1 token from slot 10
[17:16:28.702] [SEVERE ] removing card from slot 10
[17:16:28.702] [SEVERE ] removing player 1 token from slot 11
[17:16:28.702] [SEVERE ] removing card from slot 11
[17:16:28.703] [SEVERE ] placing card 26 in slot 0
[17:16:28.705] [SEVERE ] placing card 76 in slot 1
[17:16:28.706] [SEVERE ] placing card 70 in slot 2
[17:16:28.706] [SEVERE ] placing card 5 in slot 3
[17:16:28.706] [SEVERE ] placing card 42 in slot 4
[17:16:28.706] [SEVERE ] placing card 15 in slot 5
[17:16:28.706] [SEVERE ] placing card 58 in slot 6
[17:16:28.706] [SEVERE ] placing card 55 in slot 7
[17:16:28.706] [SEVERE ] placing card 3 in slot 8
[17:16:28.706] [SEVERE ] placing card 28 in slot 9
[17:16:28.707] [SEVERE ] placing card 72 in slot 10
[17:16:28.707] [SEVERE ] placing card 14 in slot 11
[17:16:28.708] [SEVERE ] player 4 placing token on slot 8
[17:16:28.708] [SEVERE ] player 1 placing token on slot 8
[17:16:28.708] [SEVERE ] player 2 placing token on slot 5
[17:16:28.708] [SEVERE ] player 3 placing token on slot 10
[17:16:28.709] [SEVERE ] player 1 placing token on slot 10
[17:16:28.709] [SEVERE ] player 4 placing token on slot 5
[17:16:28.709] [SEVERE ] removing player 1 token from slot 10
[17:16:28.709] [SEVERE ] player 3 placing token on slot 8
[17:16:28.709] [SEVERE ] player 2 placing token on slot 7
[17:16:28.710] [SEVERE ] player 3 placing token on slot 4
[17:16:28.710] [SEVERE ] player 1 placing token on slot 0
[17:16:28.710] [SEVERE ] player 4 placing token on slot 7
[17:16:28.711] [SEVERE ] player 1 placing token on slot 10
[17:16:28.710] [SEVERE ] player 2 placing token on slot 0
[17:16:29.810] [SEVERE ] removing player 3 token from slot 4
[17:16:29.810] [SEVERE ] removing card from slot 4
[17:16:29.814] [SEVERE ] removing player 1 token from slot 8
[17:16:29.815] [SEVERE ] removing player 3 token from slot 8
[17:16:29.815] [SEVERE ] removing player 4 token from slot 8
[17:16:29.815] [SEVERE ] removing card from slot 8
[17:16:29.815] [SEVERE ] removing player 1 token from slot 10
[17:16:29.815] [SEVERE ] removing player 3 token from slot 10
[17:16:29.815] [SEVERE ] removing card from slot 10
[17:16:29.815] [SEVERE ] placing card 39 in slot 4
[17:16:29.815] [SEVERE ] placing card 40 in slot 8
[17:16:29.815] [SEVERE ] placing card 50 in slot 10
[17:16:29.816] [SEVERE ] setting player 3 score to 1
