[15:56:13.698] [INFO   ] thread main starting.
[15:56:13.715] [SEVERE ] cannot read configuration file config.properties trying from resources.
[15:56:13.722] [SEVERE ] configuration file was loaded from resources directory.
[15:56:15.368] [INFO   ] thread dealer starting.
[15:56:15.468] [SEVERE ] placing card 62 in slot 0
[15:56:15.470] [SEVERE ] placing card 43 in slot 1
[15:56:15.471] [SEVERE ] placing card 46 in slot 2
[15:56:15.472] [SEVERE ] placing card 13 in slot 3
[15:56:15.473] [SEVERE ] placing card 68 in slot 4
[15:56:15.474] [SEVERE ] placing card 35 in slot 5
[15:56:15.475] [SEVERE ] placing card 57 in slot 6
[15:56:15.476] [SEVERE ] placing card 41 in slot 7
[15:56:15.545] [SEVERE ] placing card 76 in slot 8
[15:56:15.546] [SEVERE ] placing card 60 in slot 9
[15:56:15.546] [SEVERE ] placing card 32 in slot 10
[15:56:15.547] [SEVERE ] placing card 16 in slot 11
[15:56:15.567] [SEVERE ] player 1 placing token on slot 4
[15:56:15.568] [SEVERE ] player 2 placing token on slot 5
[15:56:15.569] [SEVERE ] player 1 placing token on slot 7
[15:56:15.568] [SEVERE ] player 4 placing token on slot 3
[15:56:15.568] [SEVERE ] player 3 placing token on slot 10
[15:56:15.575] [SEVERE ] player 3 placing token on slot 8
[15:56:15.576] [SEVERE ] player 3 placing token on slot 2
[15:56:15.570] [SEVERE ] player 1 placing token on slot 10
[15:56:15.571] [SEVERE ] player 2 placing token on slot 6
[15:56:15.571] [SEVERE ] player 4 placing token on slot 2
[15:56:15.585] [SEVERE ] removing card from slot 0
[15:56:15.586] [SEVERE ] removing card from slot 1
[15:56:15.587] [SEVERE ] removing player 3 token from slot 2
[15:56:15.588] [SEVERE ] removing player 4 token from slot 2
[15:56:15.589] [SEVERE ] removing card from slot 2
[15:56:15.589] [SEVERE ] removing player 4 token from slot 3
[15:56:15.590] [SEVERE ] removing card from slot 3
[15:56:15.592] [SEVERE ] removing player 1 token from slot 4
[15:56:15.593] [SEVERE ] removing card from slot 4
[15:56:15.593] [SEVERE ] removing player 2 token from slot 5
[15:56:15.594] [SEVERE ] removing card from slot 5
[15:56:15.595] [SEVERE ] removing player 2 token from slot 6
[15:56:15.596] [SEVERE ] removing card from slot 6
[15:56:15.597] [SEVERE ] removing player 1 token from slot 7
[15:56:15.598] [SEVERE ] removing card from slot 7
[15:56:15.599] [SEVERE ] removing player 3 token from slot 8
[15:56:15.600] [SEVERE ] removing card from slot 8
[15:56:15.639] [SEVERE ] removing card from slot 9
[15:56:15.641] [SEVERE ] removing player 1 token from slot 10
[15:56:15.644] [SEVERE ] removing player 3 token from slot 10
[15:56:15.644] [SEVERE ] removing card from slot 10
[15:56:15.646] [SEVERE ] removing card from slot 11
[15:56:15.648] [SEVERE ] placing card 73 in slot 0
[15:56:15.649] [SEVERE ] placing card 17 in slot 1
[15:56:15.650] [SEVERE ] placing card 76 in slot 2
[15:56:15.650] [SEVERE ] placing card 77 in slot 3
[15:56:15.651] [SEVERE ] placing card 60 in slot 4
[15:56:15.652] [SEVERE ] placing card 67 in slot 5
[15:56:15.652] [SEVERE ] placing card 43 in slot 6
[15:56:15.655] [SEVERE ] placing card 21 in slot 7
[15:56:15.659] [SEVERE ] placing card 5 in slot 8
[15:56:15.660] [SEVERE ] placing card 28 in slot 9
[15:56:15.661] [SEVERE ] placing card 31 in slot 10
[15:56:15.661] [SEVERE ] placing card 19 in slot 11
[15:56:15.673] [SEVERE ] player 1 placing token on slot 11
[15:56:15.674] [SEVERE ] player 4 placing token on slot 11
[15:56:15.674] [SEVERE ] player 1 placing token on slot 4
[15:56:15.675] [SEVERE ] player 4 placing token on slot 5
[15:56:15.676] [SEVERE ] player 1 placing token on slot 8
[15:56:15.677] [SEVERE ] player 4 placing token on slot 3
[15:56:15.678] [SEVERE ] removing player 1 token from slot 4
[15:56:15.679] [SEVERE ] removing player 1 token from slot 8
[15:56:15.679] [SEVERE ] removing player 1 token from slot 11
[15:56:15.680] [SEVERE ] player 2 placing token on slot 9
[15:56:15.680] [SEVERE ] player 3 placing token on slot 1
[15:56:15.680] [SEVERE ] player 1 placing token on slot 1
[15:56:15.683] [SEVERE ] removing player 4 token from slot 3
[15:56:15.684] [SEVERE ] removing player 4 token from slot 5
[15:56:15.686] [SEVERE ] removing player 4 token from slot 11
[15:56:15.687] [SEVERE ] player 2 placing token on slot 2
[15:56:15.687] [SEVERE ] player 1 placing token on slot 10
[15:56:15.687] [SEVERE ] player 3 placing token on slot 0
[15:56:15.689] [SEVERE ] player 1 placing token on slot 4
[15:56:15.688] [SEVERE ] player 2 placing token on slot 1
[15:56:15.690] [SEVERE ] player 3 placing token on slot 2
[15:56:15.692] [SEVERE ] removing player 3 token from slot 0
[15:56:15.693] [SEVERE ] removing card from slot 0
[15:56:15.698] [SEVERE ] removing player 1 token from slot 1
[15:56:15.699] [SEVERE ] removing player 2 token from slot 1
[15:56:15.700] [SEVERE ] removing player 3 token from slot 1
[15:56:15.700] [SEVERE ] removing card from slot 1
[15:56:15.702] [SEVERE ] removing player 2 token from slot 2
[15:56:15.702] [SEVERE ] removing player 3 token from slot 2
[15:56:15.703] [SEVERE ] removing card from slot 2
[15:56:15.703] [SEVERE ] removing card from slot 3
[15:56:15.704] [SEVERE ] removing player 1 token from slot 4
[15:56:15.705] [SEVERE ] removing card from slot 4
[15:56:15.705] [SEVERE ] removing card from slot 5
[15:56:15.711] [SEVERE ] removing card from slot 6
[15:56:15.729] [SEVERE ] removing card from slot 7
[15:56:15.732] [SEVERE ] removing card from slot 8
[15:56:15.732] [SEVERE ] removing player 2 token from slot 9
[15:56:15.733] [SEVERE ] removing card from slot 9
[15:56:15.734] [SEVERE ] removing player 1 token from slot 10
[15:56:15.735] [SEVERE ] removing card from slot 10
[15:56:15.737] [SEVERE ] removing card from slot 11
[15:56:15.741] [SEVERE ] placing card 41 in slot 0
[15:56:15.742] [SEVERE ] placing card 39 in slot 1
[15:56:15.742] [SEVERE ] placing card 51 in slot 2
[15:56:15.743] [SEVERE ] placing card 72 in slot 3
[15:56:15.743] [SEVERE ] placing card 62 in slot 4
[15:56:15.755] [SEVERE ] placing card 28 in slot 5
[15:56:15.755] [SEVERE ] placing card 44 in slot 6
[15:56:15.756] [SEVERE ] placing card 2 in slot 7
[15:56:15.757] [SEVERE ] placing card 49 in slot 8
[15:56:15.757] [SEVERE ] placing card 48 in slot 9
[15:56:15.758] [SEVERE ] placing card 54 in slot 10
[15:56:15.759] [SEVERE ] placing card 78 in slot 11
[15:56:15.774] [SEVERE ] player 1 placing token on slot 6
[15:56:15.775] [SEVERE ] player 4 placing token on slot 7
[15:56:15.776] [SEVERE ] player 2 placing token on slot 3
[15:56:15.776] [SEVERE ] player 1 placing token on slot 0
[15:56:15.778] [SEVERE ] player 1 placing token on slot 8
[15:56:15.777] [SEVERE ] player 2 placing token on slot 8
[15:56:15.777] [SEVERE ] player 3 placing token on slot 11
[15:56:15.776] [SEVERE ] player 4 placing token on slot 4
[15:56:15.783] [SEVERE ] removing player 1 token from slot 0
[15:56:15.784] [SEVERE ] removing player 1 token from slot 6
[15:56:15.784] [SEVERE ] removing player 1 token from slot 8
[15:56:15.785] [SEVERE ] player 1 placing token on slot 6
[15:56:15.785] [SEVERE ] removing player 2 token from slot 8
[15:56:15.785] [SEVERE ] player 4 placing token on slot 8
[15:56:15.788] [SEVERE ] player 2 placing token on slot 10
[15:56:15.785] [SEVERE ] player 3 placing token on slot 6
[15:56:15.786] [SEVERE ] player 1 placing token on slot 3
[15:56:15.793] [SEVERE ] removing card from slot 0
[15:56:15.793] [SEVERE ] removing card from slot 1
[15:56:15.798] [SEVERE ] removing card from slot 2
[15:56:15.799] [SEVERE ] removing player 1 token from slot 3
[15:56:15.800] [SEVERE ] removing player 2 token from slot 3
[15:56:15.800] [SEVERE ] removing card from slot 3
[15:56:15.819] [SEVERE ] removing player 4 token from slot 4
[15:56:15.821] [SEVERE ] removing card from slot 4
[15:56:15.822] [SEVERE ] removing card from slot 5
[15:56:15.822] [SEVERE ] removing player 1 token from slot 6
[15:56:15.823] [SEVERE ] removing player 3 token from slot 6
[15:56:15.824] [SEVERE ] removing card from slot 6
[15:56:15.825] [SEVERE ] removing player 4 token from slot 7
[15:56:15.827] [SEVERE ] removing card from slot 7
[15:56:15.827] [SEVERE ] removing player 4 token from slot 8
[15:56:15.828] [SEVERE ] removing card from slot 8
[15:56:15.829] [SEVERE ] removing card from slot 9
[15:56:15.829] [SEVERE ] removing player 2 token from slot 10
[15:56:15.830] [SEVERE ] removing card from slot 10
[15:56:15.831] [SEVERE ] removing player 3 token from slot 11
[15:56:15.831] [SEVERE ] removing card from slot 11
[15:56:15.839] [SEVERE ] placing card 67 in slot 0
[15:56:15.840] [SEVERE ] placing card 55 in slot 1
[15:56:15.841] [SEVERE ] placing card 24 in slot 2
[15:56:15.842] [SEVERE ] placing card 31 in slot 3
[15:56:15.843] [SEVERE ] placing card 50 in slot 4
[15:56:15.844] [SEVERE ] placing card 32 in slot 5
[15:56:15.845] [SEVERE ] placing card 69 in slot 6
[15:56:15.847] [SEVERE ] placing card 25 in slot 7
[15:56:15.847] [SEVERE ] placing card 63 in slot 8
[15:56:15.848] [SEVERE ] placing card 68 in slot 9
[15:56:15.848] [SEVERE ] placing card 38 in slot 10
[15:56:15.867] [SEVERE ] placing card 44 in slot 11
[15:56:15.877] [SEVERE ] player 2 placing token on slot 6
[15:56:15.877] [SEVERE ] player 3 placing token on slot 7
[15:56:15.877] [SEVERE ] player 4 placing token on slot 4
[15:56:15.877] [SEVERE ] player 1 placing token on slot 2
[15:56:15.880] [SEVERE ] player 4 placing token on slot 2
[15:56:15.879] [SEVERE ] player 3 placing token on slot 10
[15:56:15.878] [SEVERE ] player 2 placing token on slot 10
[15:56:15.882] [SEVERE ] player 3 placing token on slot 8
[15:56:15.881] [SEVERE ] player 4 placing token on slot 11
[15:56:15.881] [SEVERE ] player 1 placing token on slot 11
[15:56:15.883] [SEVERE ] player 2 placing token on slot 8
[15:56:15.885] [SEVERE ] removing player 3 token from slot 7
[15:56:15.886] [SEVERE ] removing player 3 token from slot 8
[15:56:15.888] [SEVERE ] removing player 3 token from slot 10
[15:56:15.889] [SEVERE ] player 1 placing token on slot 9
[15:56:15.893] [SEVERE ] removing card from slot 0
[15:56:15.901] [SEVERE ] removing card from slot 1
[15:56:15.902] [SEVERE ] removing player 1 token from slot 2
[15:56:15.902] [SEVERE ] removing player 4 token from slot 2
[15:56:15.903] [SEVERE ] removing card from slot 2
[15:56:15.903] [SEVERE ] removing card from slot 3
[15:56:15.904] [SEVERE ] removing player 4 token from slot 4
[15:56:15.905] [SEVERE ] removing card from slot 4
[15:56:15.905] [SEVERE ] removing card from slot 5
[15:56:15.906] [SEVERE ] removing player 2 token from slot 6
[15:56:15.906] [SEVERE ] removing card from slot 6
[15:56:15.907] [SEVERE ] removing card from slot 7
[15:56:15.907] [SEVERE ] removing player 2 token from slot 8
[15:56:15.908] [SEVERE ] removing card from slot 8
[15:56:15.910] [SEVERE ] removing player 1 token from slot 9
[15:56:15.911] [SEVERE ] removing card from slot 9
[15:56:15.911] [SEVERE ] removing player 2 token from slot 10
[15:56:15.912] [SEVERE ] removing card from slot 10
[15:56:15.923] [SEVERE ] removing player 1 token from slot 11
[15:56:15.924] [SEVERE ] removing player 4 token from slot 11
[15:56:15.924] [SEVERE ] removing card from slot 11
[15:56:15.925] [SEVERE ] placing card 78 in slot 0
[15:56:15.926] [SEVERE ] placing card 35 in slot 1
[15:56:15.927] [SEVERE ] placing card 64 in slot 2
[15:56:15.927] [SEVERE ] placing card 71 in slot 3
[15:56:15.928] [SEVERE ] placing card 26 in slot 4
[15:56:15.928] [SEVERE ] placing card 37 in slot 5
[15:56:15.929] [SEVERE ] placing card 54 in slot 6
[15:56:15.929] [SEVERE ] placing card 28 in slot 7
[15:56:15.930] [SEVERE ] placing card 9 in slot 8
[15:56:15.931] [SEVERE ] placing card 76 in slot 9
[15:56:15.933] [SEVERE ] placing card 10 in slot 10
[15:56:15.933] [SEVERE ] placing card 45 in slot 11
[15:56:15.938] [SEVERE ] player 2 placing token on slot 8
[15:56:15.938] [SEVERE ] player 3 placing token on slot 8
[15:56:15.939] [SEVERE ] player 2 placing token on slot 10
[15:56:15.938] [SEVERE ] player 4 placing token on slot 2
[15:56:15.938] [SEVERE ] player 1 placing token on slot 11
[15:56:15.940] [SEVERE ] player 4 placing token on slot 0
[15:56:15.940] [SEVERE ] removing player 2 token from slot 8
[15:56:15.939] [SEVERE ] player 3 placing token on slot 2
[15:56:15.942] [SEVERE ] player 3 placing token on slot 0
[15:56:15.941] [SEVERE ] player 2 placing token on slot 4
[15:56:15.941] [SEVERE ] removing player 4 token from slot 0
[15:56:15.940] [SEVERE ] player 1 placing token on slot 8
[15:56:15.944] [SEVERE ] removing player 3 token from slot 0
[15:56:15.944] [SEVERE ] removing player 3 token from slot 2
[15:56:15.945] [SEVERE ] removing player 3 token from slot 8
[15:56:15.945] [SEVERE ] player 2 placing token on slot 5
[15:56:15.946] [SEVERE ] player 1 placing token on slot 10
[15:56:15.946] [SEVERE ] player 3 placing token on slot 0
[15:56:15.946] [SEVERE ] player 4 placing token on slot 10
[15:56:15.948] [SEVERE ] removing player 2 token from slot 4
[15:56:15.949] [SEVERE ] removing player 2 token from slot 5
[15:56:15.949] [SEVERE ] removing player 2 token from slot 10
[15:56:15.950] [SEVERE ] player 3 placing token on slot 3
[15:56:15.951] [SEVERE ] player 4 placing token on slot 11
[15:56:15.951] [SEVERE ] removing player 3 token from slot 0
[15:56:15.952] [SEVERE ] removing card from slot 0
[15:56:15.959] [SEVERE ] removing card from slot 1
[15:56:15.961] [SEVERE ] removing player 4 token from slot 2
[15:56:15.961] [SEVERE ] removing card from slot 2
[15:56:15.962] [SEVERE ] removing player 3 token from slot 3
[15:56:15.962] [SEVERE ] removing card from slot 3
[15:56:15.963] [SEVERE ] removing card from slot 4
[15:56:15.963] [SEVERE ] removing card from slot 5
[15:56:15.963] [SEVERE ] removing card from slot 6
[15:56:15.964] [SEVERE ] removing card from slot 7
[15:56:15.966] [SEVERE ] removing player 1 token from slot 8
[15:56:15.967] [SEVERE ] removing card from slot 8
[15:56:15.968] [SEVERE ] removing card from slot 9
[15:56:15.978] [SEVERE ] removing player 1 token from slot 10
[15:56:15.979] [SEVERE ] removing player 4 token from slot 10
[15:56:15.980] [SEVERE ] removing card from slot 10
[15:56:15.980] [SEVERE ] removing player 1 token from slot 11
[15:56:15.981] [SEVERE ] removing player 4 token from slot 11
[15:56:15.981] [SEVERE ] removing card from slot 11
[15:56:15.982] [SEVERE ] placing card 48 in slot 0
[15:56:15.983] [SEVERE ] placing card 29 in slot 1
[15:56:15.984] [SEVERE ] placing card 35 in slot 2
[15:56:15.985] [SEVERE ] placing card 71 in slot 3
[15:56:15.988] [SEVERE ] placing card 42 in slot 4
[15:56:15.988] [SEVERE ] placing card 57 in slot 5
[15:56:15.989] [SEVERE ] placing card 65 in slot 6
[15:56:15.989] [SEVERE ] placing card 12 in slot 7
[15:56:16.000] [SEVERE ] placing card 3 in slot 8
[15:56:16.001] [SEVERE ] placing card 1 in slot 9
[15:56:16.001] [SEVERE ] placing card 18 in slot 10
[15:56:16.002] [SEVERE ] placing card 37 in slot 11
[15:56:16.006] [SEVERE ] player 2 placing token on slot 1
[15:56:16.007] [SEVERE ] player 4 placing token on slot 5
[15:56:16.007] [SEVERE ] player 1 placing token on slot 1
[15:56:16.013] [SEVERE ] removing player 1 token from slot 1
[15:56:16.011] [SEVERE ] player 2 placing token on slot 7
[15:56:16.013] [SEVERE ] player 1 placing token on slot 2
[15:56:16.006] [SEVERE ] player 3 placing token on slot 8
[15:56:16.013] [SEVERE ] player 4 placing token on slot 2
[15:56:16.016] [SEVERE ] player 3 placing token on slot 11
[15:56:16.016] [SEVERE ] player 4 placing token on slot 11
[15:56:16.014] [SEVERE ] player 1 placing token on slot 10
[15:56:16.014] [SEVERE ] player 2 placing token on slot 9
[15:56:16.018] [SEVERE ] removing card from slot 0
[15:56:16.032] [SEVERE ] removing player 2 token from slot 1
[15:56:16.033] [SEVERE ] removing card from slot 1
[15:56:16.034] [SEVERE ] removing player 1 token from slot 2
[15:56:16.035] [SEVERE ] removing player 4 token from slot 2
[15:56:16.036] [SEVERE ] removing card from slot 2
[15:56:16.036] [SEVERE ] removing card from slot 3
[15:56:16.037] [SEVERE ] removing card from slot 4
[15:56:16.038] [SEVERE ] removing player 4 token from slot 5
[15:56:16.038] [SEVERE ] removing card from slot 5
[15:56:16.039] [SEVERE ] removing card from slot 6
[15:56:16.040] [SEVERE ] removing player 2 token from slot 7
[15:56:16.040] [SEVERE ] removing card from slot 7
[15:56:16.041] [SEVERE ] removing player 3 token from slot 8
[15:56:16.041] [SEVERE ] removing card from slot 8
[15:56:16.053] [SEVERE ] removing player 2 token from slot 9
[15:56:16.055] [SEVERE ] removing card from slot 9
[15:56:16.056] [SEVERE ] removing player 1 token from slot 10
[15:56:16.056] [SEVERE ] removing card from slot 10
[15:56:16.057] [SEVERE ] removing player 3 token from slot 11
[15:56:16.057] [SEVERE ] removing player 4 token from slot 11
[15:56:16.057] [SEVERE ] removing card from slot 11
[15:56:16.058] [SEVERE ] placing card 33 in slot 0
[15:56:16.058] [SEVERE ] placing card 22 in slot 1
[15:56:16.058] [SEVERE ] placing card 76 in slot 2
[15:56:16.059] [SEVERE ] placing card 48 in slot 3
[15:56:16.061] [SEVERE ] placing card 20 in slot 4
[15:56:16.062] [SEVERE ] placing card 49 in slot 5
[15:56:16.064] [SEVERE ] placing card 74 in slot 6
[15:56:16.064] [SEVERE ] placing card 38 in slot 7
[15:56:16.064] [SEVERE ] placing card 56 in slot 8
[15:56:16.065] [SEVERE ] placing card 72 in slot 9
[15:56:16.086] [SEVERE ] placing card 34 in slot 10
[15:56:16.087] [SEVERE ] placing card 30 in slot 11
[15:56:16.091] [SEVERE ] player 1 placing token on slot 9
[15:56:16.091] [SEVERE ] player 4 placing token on slot 6
[15:56:16.092] [SEVERE ] player 1 placing token on slot 2
[15:56:16.092] [SEVERE ] player 4 placing token on slot 5
[15:56:16.092] [SEVERE ] removing player 1 token from slot 9
[15:56:16.093] [SEVERE ] player 4 placing token on slot 10
[15:56:16.093] [SEVERE ] player 1 placing token on slot 8
[15:56:16.094] [SEVERE ] removing player 4 token from slot 5
[15:56:16.095] [SEVERE ] removing player 4 token from slot 6
[15:56:16.095] [SEVERE ] removing player 4 token from slot 10
[15:56:16.096] [SEVERE ] player 1 placing token on slot 3
[15:56:16.097] [SEVERE ] player 2 placing token on slot 0
[15:56:16.096] [SEVERE ] player 4 placing token on slot 9
[15:56:16.096] [SEVERE ] player 3 placing token on slot 1
[15:56:16.099] [SEVERE ] removing player 1 token from slot 2
[15:56:16.100] [SEVERE ] removing player 1 token from slot 3
[15:56:16.100] [SEVERE ] removing player 1 token from slot 8
[15:56:16.100] [SEVERE ] removing player 2 token from slot 0
[15:56:16.101] [SEVERE ] player 3 placing token on slot 10
[15:56:16.101] [SEVERE ] player 4 placing token on slot 8
[15:56:16.102] [SEVERE ] player 4 placing token on slot 5
[15:56:16.101] [SEVERE ] player 1 placing token on slot 3
[15:56:16.104] [SEVERE ] player 1 placing token on slot 2
[15:56:16.104] [SEVERE ] player 1 placing token on slot 0
[15:56:16.102] [SEVERE ] player 3 placing token on slot 5
[15:56:16.101] [SEVERE ] player 2 placing token on slot 4
[15:56:16.110] [SEVERE ] removing player 1 token from slot 0
[15:56:16.110] [SEVERE ] removing card from slot 0
[15:56:16.120] [SEVERE ] removing player 3 token from slot 1
[15:56:16.121] [SEVERE ] removing card from slot 1
[15:56:16.121] [SEVERE ] removing player 1 token from slot 2
[15:56:16.122] [SEVERE ] removing card from slot 2
[15:56:16.123] [SEVERE ] removing player 1 token from slot 3
[15:56:16.123] [SEVERE ] removing card from slot 3
[15:56:16.123] [SEVERE ] removing player 2 token from slot 4
[15:56:16.124] [SEVERE ] removing card from slot 4
[15:56:16.124] [SEVERE ] removing player 3 token from slot 5
[15:56:16.125] [SEVERE ] removing player 4 token from slot 5
[15:56:16.125] [SEVERE ] removing card from slot 5
[15:56:16.126] [SEVERE ] removing card from slot 6
[15:56:16.126] [SEVERE ] removing card from slot 7
[15:56:16.128] [SEVERE ] removing player 4 token from slot 8
[15:56:16.129] [SEVERE ] removing card from slot 8
[15:56:16.132] [SEVERE ] removing player 4 token from slot 9
[15:56:16.132] [SEVERE ] removing card from slot 9
[15:56:16.144] [SEVERE ] removing player 3 token from slot 10
[15:56:16.144] [SEVERE ] removing card from slot 10
[15:56:16.146] [SEVERE ] removing card from slot 11
[15:56:16.146] [SEVERE ] placing card 15 in slot 0
[15:56:16.147] [SEVERE ] placing card 67 in slot 1
[15:56:16.148] [SEVERE ] placing card 39 in slot 2
[15:56:16.148] [SEVERE ] placing card 66 in slot 3
[15:56:16.148] [SEVERE ] placing card 72 in slot 4
[15:56:16.149] [SEVERE ] placing card 33 in slot 5
[15:56:16.149] [SEVERE ] placing card 1 in slot 6
[15:56:16.149] [SEVERE ] placing card 41 in slot 7
[15:56:16.150] [SEVERE ] placing card 18 in slot 8
[15:56:16.152] [SEVERE ] placing card 78 in slot 9
[15:56:16.153] [SEVERE ] placing card 20 in slot 10
[15:56:16.153] [SEVERE ] placing card 59 in slot 11
[15:56:16.157] [SEVERE ] player 1 placing token on slot 5
[15:56:16.158] [SEVERE ] player 1 placing token on slot 9
[15:56:16.158] [SEVERE ] player 4 placing token on slot 0
[15:56:16.158] [SEVERE ] player 1 placing token on slot 4
[15:56:16.159] [SEVERE ] player 4 placing token on slot 9
[15:56:16.159] [SEVERE ] removing player 1 token from slot 4
[15:56:16.160] [SEVERE ] removing player 1 token from slot 5
[15:56:16.161] [SEVERE ] removing player 1 token from slot 9
[15:56:16.161] [SEVERE ] player 4 placing token on slot 1
[15:56:16.161] [SEVERE ] player 1 placing token on slot 4
[15:56:16.164] [SEVERE ] removing player 4 token from slot 0
[15:56:16.164] [SEVERE ] removing player 4 token from slot 1
[15:56:16.164] [SEVERE ] removing player 4 token from slot 9
[15:56:16.165] [SEVERE ] player 1 placing token on slot 2
[15:56:16.165] [SEVERE ] player 4 placing token on slot 11
[15:56:16.165] [SEVERE ] player 1 placing token on slot 0
[15:56:16.166] [SEVERE ] player 4 placing token on slot 0
[15:56:16.167] [SEVERE ] removing player 1 token from slot 0
[15:56:16.167] [SEVERE ] removing player 1 token from slot 2
[15:56:16.168] [SEVERE ] removing player 1 token from slot 4
[15:56:16.168] [SEVERE ] player 4 placing token on slot 3
[15:56:16.169] [SEVERE ] removing player 4 token from slot 0
[15:56:16.170] [SEVERE ] removing card from slot 0
[15:56:16.170] [SEVERE ] removing card from slot 1
[15:56:16.171] [SEVERE ] removing card from slot 2
[15:56:16.171] [SEVERE ] removing player 4 token from slot 3
[15:56:16.172] [SEVERE ] removing card from slot 3
[15:56:16.172] [SEVERE ] removing card from slot 4
[15:56:16.173] [SEVERE ] removing card from slot 5
[15:56:16.173] [SEVERE ] removing card from slot 6
[15:56:16.174] [SEVERE ] removing card from slot 7
[15:56:16.174] [SEVERE ] removing card from slot 8
[15:56:16.174] [SEVERE ] removing card from slot 9
[15:56:16.175] [SEVERE ] removing card from slot 10
[15:56:16.175] [SEVERE ] removing player 4 token from slot 11
[15:56:16.175] [SEVERE ] removing card from slot 11
[15:56:16.176] [SEVERE ] placing card 60 in slot 0
[15:56:16.176] [SEVERE ] placing card 50 in slot 1
[15:56:16.176] [SEVERE ] placing card 79 in slot 2
[15:56:16.177] [SEVERE ] placing card 1 in slot 3
[15:56:16.178] [SEVERE ] placing card 64 in slot 4
[15:56:16.179] [SEVERE ] placing card 31 in slot 5
[15:56:16.179] [SEVERE ] placing card 44 in slot 6
[15:56:16.196] [SEVERE ] placing card 6 in slot 7
[15:56:16.197] [SEVERE ] placing card 58 in slot 8
[15:56:16.197] [SEVERE ] placing card 7 in slot 9
[15:56:16.198] [SEVERE ] placing card 52 in slot 10
[15:56:16.198] [SEVERE ] placing card 24 in slot 11
[15:56:16.203] [SEVERE ] player 1 placing token on slot 1
[15:56:16.203] [SEVERE ] player 4 placing token on slot 7
[15:56:16.204] [SEVERE ] player 1 placing token on slot 10
[15:56:16.204] [SEVERE ] player 4 placing token on slot 11
[15:56:16.205] [SEVERE ] player 4 placing token on slot 3
[15:56:16.204] [SEVERE ] player 1 placing token on slot 5
[15:56:16.206] [SEVERE ] removing player 4 token from slot 3
[15:56:16.206] [SEVERE ] removing player 4 token from slot 7
[15:56:16.206] [SEVERE ] removing player 4 token from slot 11
[15:56:16.207] [SEVERE ] removing player 1 token from slot 1
[15:56:16.207] [SEVERE ] removing player 1 token from slot 5
[15:56:16.208] [SEVERE ] removing player 1 token from slot 10
[15:56:16.208] [SEVERE ] player 1 placing token on slot 2
[15:56:16.209] [SEVERE ] player 1 placing token on slot 3
[15:56:16.209] [SEVERE ] removing player 1 token from slot 2
[15:56:16.210] [SEVERE ] player 1 placing token on slot 10
[15:56:16.210] [SEVERE ] player 1 placing token on slot 4
[15:56:16.211] [SEVERE ] removing player 1 token from slot 3
[15:56:16.212] [SEVERE ] removing player 1 token from slot 4
[15:56:16.215] [SEVERE ] removing player 1 token from slot 10
[15:56:16.215] [SEVERE ] removing card from slot 0
[15:56:16.216] [SEVERE ] removing card from slot 1
[15:56:16.217] [SEVERE ] removing card from slot 2
[15:56:16.217] [SEVERE ] removing card from slot 3
[15:56:16.217] [SEVERE ] removing card from slot 4
[15:56:16.218] [SEVERE ] removing card from slot 5
[15:56:16.218] [SEVERE ] removing card from slot 6
[15:56:16.218] [SEVERE ] removing card from slot 7
[15:56:16.219] [SEVERE ] removing card from slot 8
[15:56:16.219] [SEVERE ] removing card from slot 9
[15:56:16.219] [SEVERE ] removing card from slot 10
[15:56:16.219] [SEVERE ] removing card from slot 11
[15:56:16.220] [SEVERE ] placing card 14 in slot 0
[15:56:16.220] [SEVERE ] placing card 49 in slot 1
[15:56:16.221] [SEVERE ] placing card 13 in slot 2
[15:56:16.221] [SEVERE ] placing card 31 in slot 3
[15:56:16.222] [SEVERE ] placing card 57 in slot 4
[15:56:16.222] [SEVERE ] placing card 6 in slot 5
[15:56:16.222] [SEVERE ] placing card 29 in slot 6
[15:56:16.248] [SEVERE ] placing card 77 in slot 7
[15:56:16.250] [SEVERE ] placing card 26 in slot 8
[15:56:16.250] [SEVERE ] placing card 56 in slot 9
[15:56:16.251] [SEVERE ] placing card 79 in slot 10
[15:56:16.251] [SEVERE ] placing card 39 in slot 11
[15:56:16.255] [SEVERE ] player 1 placing token on slot 8
[15:56:16.256] [SEVERE ] player 1 placing token on slot 7
[15:56:16.257] [SEVERE ] removing player 1 token from slot 7
[15:56:16.257] [SEVERE ] player 1 placing token on slot 7
[15:56:16.257] [SEVERE ] player 1 placing token on slot 11
[15:56:16.258] [SEVERE ] removing player 1 token from slot 7
[15:56:16.259] [SEVERE ] removing player 1 token from slot 8
[15:56:16.259] [SEVERE ] removing player 1 token from slot 11
[15:56:16.259] [SEVERE ] player 1 placing token on slot 3
[15:56:16.260] [SEVERE ] player 1 placing token on slot 8
[15:56:16.260] [SEVERE ] removing player 1 token from slot 8
[15:56:16.261] [SEVERE ] player 1 placing token on slot 1
[15:56:16.261] [SEVERE ] player 1 placing token on slot 2
[15:56:16.264] [SEVERE ] removing player 1 token from slot 1
[15:56:16.265] [SEVERE ] removing player 1 token from slot 2
[15:56:16.265] [SEVERE ] removing player 1 token from slot 3
[15:56:16.266] [SEVERE ] removing card from slot 0
[15:56:16.336] [SEVERE ] removing card from slot 1
[15:56:16.337] [SEVERE ] removing card from slot 2
[15:56:16.338] [SEVERE ] removing card from slot 3
[15:56:16.338] [SEVERE ] removing card from slot 4
[15:56:16.339] [SEVERE ] removing card from slot 5
[15:56:16.339] [SEVERE ] removing card from slot 6
[15:56:16.339] [SEVERE ] removing card from slot 7
[15:56:16.339] [SEVERE ] removing card from slot 8
[15:56:16.340] [SEVERE ] removing card from slot 9
[15:56:16.340] [SEVERE ] removing card from slot 10
[15:56:16.340] [SEVERE ] removing card from slot 11
[15:56:16.340] [SEVERE ] placing card 4 in slot 0
[15:56:16.341] [SEVERE ] placing card 14 in slot 1
[15:56:16.341] [SEVERE ] placing card 68 in slot 2
[15:56:16.341] [SEVERE ] placing card 13 in slot 3
[15:56:16.348] [SEVERE ] placing card 79 in slot 4
[15:56:16.348] [SEVERE ] placing card 47 in slot 5
[15:56:16.348] [SEVERE ] placing card 43 in slot 6
[15:56:16.373] [SEVERE ] placing card 35 in slot 7
[15:56:16.374] [SEVERE ] placing card 72 in slot 8
[15:56:16.374] [SEVERE ] placing card 5 in slot 9
[15:56:16.375] [SEVERE ] placing card 0 in slot 10
[15:56:16.375] [SEVERE ] placing card 7 in slot 11
[15:56:16.379] [SEVERE ] player 1 placing token on slot 10
[15:56:16.380] [SEVERE ] player 1 placing token on slot 2
[15:56:16.380] [SEVERE ] player 1 placing token on slot 7
[15:56:16.381] [SEVERE ] removing player 1 token from slot 2
[15:56:16.381] [SEVERE ] removing player 1 token from slot 7
[15:56:16.381] [SEVERE ] removing player 1 token from slot 10
[15:56:16.382] [SEVERE ] player 1 placing token on slot 11
[15:56:16.382] [SEVERE ] player 1 placing token on slot 2
[15:56:16.383] [SEVERE ] player 1 placing token on slot 6
[15:56:16.383] [SEVERE ] removing player 1 token from slot 2
[15:56:16.383] [SEVERE ] removing player 1 token from slot 6
[15:56:16.393] [SEVERE ] removing player 1 token from slot 11
[15:56:16.394] [SEVERE ] removing card from slot 0
[15:56:16.406] [SEVERE ] removing card from slot 1
[15:56:16.407] [SEVERE ] removing card from slot 2
[15:56:16.409] [SEVERE ] removing card from slot 3
[15:56:16.410] [SEVERE ] removing card from slot 4
[15:56:16.411] [SEVERE ] removing card from slot 5
[15:56:16.412] [SEVERE ] removing card from slot 6
[15:56:16.413] [SEVERE ] removing card from slot 7
[15:56:16.413] [SEVERE ] removing card from slot 8
[15:56:16.414] [SEVERE ] removing card from slot 9
[15:56:16.414] [SEVERE ] removing card from slot 10
[15:56:16.414] [SEVERE ] removing card from slot 11
[15:56:16.414] [SEVERE ] placing card 45 in slot 0
[15:56:16.415] [SEVERE ] placing card 70 in slot 1
[15:56:16.415] [SEVERE ] placing card 39 in slot 2
[15:56:16.415] [SEVERE ] placing card 64 in slot 3
[15:56:16.416] [SEVERE ] placing card 12 in slot 4
[15:56:16.416] [SEVERE ] placing card 8 in slot 5
[15:56:16.417] [SEVERE ] placing card 6 in slot 6
[15:56:16.417] [SEVERE ] placing card 30 in slot 7
[15:56:16.418] [SEVERE ] placing card 54 in slot 8
[15:56:16.418] [SEVERE ] placing card 18 in slot 9
[15:56:16.418] [SEVERE ] placing card 3 in slot 10
[15:56:16.418] [SEVERE ] placing card 2 in slot 11
[15:56:16.422] [SEVERE ] player 1 placing token on slot 8
[15:56:16.423] [SEVERE ] player 1 placing token on slot 9
[15:56:16.423] [SEVERE ] player 1 placing token on slot 0
[15:56:16.424] [SEVERE ] removing player 1 token from slot 0
[15:56:16.424] [SEVERE ] removing player 1 token from slot 8
[15:56:16.424] [SEVERE ] removing player 1 token from slot 9
[15:56:16.425] [SEVERE ] player 1 placing token on slot 2
[15:56:16.426] [SEVERE ] player 1 placing token on slot 3
[15:56:16.426] [SEVERE ] player 1 placing token on slot 10
[15:56:16.426] [SEVERE ] removing player 1 token from slot 2
[15:56:16.427] [SEVERE ] removing player 1 token from slot 3
[15:56:16.427] [SEVERE ] removing player 1 token from slot 10
[15:56:16.428] [SEVERE ] player 1 placing token on slot 6
[15:56:16.428] [SEVERE ] player 1 placing token on slot 10
[15:56:16.430] [SEVERE ] player 1 placing token on slot 11
[15:56:16.429] [SEVERE ] player 2 placing token on slot 3
[15:56:16.431] [SEVERE ] removing player 2 token from slot 3
[15:56:16.432] [SEVERE ] player 2 placing token on slot 4
[15:56:16.432] [SEVERE ] player 2 placing token on slot 3
[15:56:16.433] [SEVERE ] player 2 placing token on slot 2
[15:56:16.434] [SEVERE ] player 3 placing token on slot 7
[15:56:16.434] [SEVERE ] player 4 placing token on slot 8
[15:56:16.434] [SEVERE ] removing player 1 token from slot 6
[15:56:16.435] [SEVERE ] removing player 1 token from slot 10
[15:56:16.435] [SEVERE ] removing player 1 token from slot 11
[15:56:16.436] [SEVERE ] removing card from slot 0
[15:56:16.445] [SEVERE ] removing card from slot 1
[15:56:16.446] [SEVERE ] removing player 2 token from slot 2
[15:56:16.446] [SEVERE ] removing card from slot 2
[15:56:16.446] [SEVERE ] removing player 2 token from slot 3
[15:56:16.447] [SEVERE ] removing card from slot 3
[15:56:16.447] [SEVERE ] removing player 2 token from slot 4
[15:56:16.448] [SEVERE ] removing card from slot 4
[15:56:16.448] [SEVERE ] removing card from slot 5
[15:56:16.449] [SEVERE ] removing card from slot 6
[15:56:16.449] [SEVERE ] removing player 3 token from slot 7
[15:56:16.450] [SEVERE ] removing card from slot 7
[15:56:16.450] [SEVERE ] removing player 4 token from slot 8
[15:56:16.451] [SEVERE ] removing card from slot 8
[15:56:16.451] [SEVERE ] removing card from slot 9
[15:56:16.452] [SEVERE ] removing card from slot 10
[15:56:16.452] [SEVERE ] removing card from slot 11
[15:56:16.452] [SEVERE ] placing card 63 in slot 0
[15:56:16.453] [SEVERE ] placing card 56 in slot 1
[15:56:16.453] [SEVERE ] placing card 65 in slot 2
[15:56:16.453] [SEVERE ] placing card 42 in slot 3
[15:56:16.454] [SEVERE ] placing card 49 in slot 4
[15:56:16.456] [SEVERE ] placing card 29 in slot 5
[15:56:16.456] [SEVERE ] placing card 19 in slot 6
[15:56:16.456] [SEVERE ] placing card 37 in slot 7
[15:56:16.457] [SEVERE ] placing card 33 in slot 8
[15:56:16.457] [SEVERE ] placing card 64 in slot 9
[15:56:16.457] [SEVERE ] placing card 72 in slot 10
[15:56:16.457] [SEVERE ] placing card 39 in slot 11
[15:56:16.478] [SEVERE ] player 1 placing token on slot 8
[15:56:16.479] [SEVERE ] player 1 placing token on slot 1
[15:56:16.479] [SEVERE ] player 4 placing token on slot 4
[15:56:16.479] [SEVERE ] player 3 placing token on slot 6
[15:56:16.479] [SEVERE ] player 2 placing token on slot 4
[15:56:16.482] [SEVERE ] player 2 placing token on slot 1
[15:56:16.482] [SEVERE ] player 2 placing token on slot 9
[15:56:16.481] [SEVERE ] player 3 placing token on slot 10
[15:56:16.481] [SEVERE ] player 4 placing token on slot 7
[15:56:16.480] [SEVERE ] removing player 1 token from slot 1
[15:56:16.484] [SEVERE ] removing player 2 token from slot 1
[15:56:16.484] [SEVERE ] removing player 2 token from slot 4
[15:56:16.484] [SEVERE ] removing player 2 token from slot 9
[15:56:16.485] [SEVERE ] player 3 placing token on slot 4
[15:56:16.485] [SEVERE ] player 1 placing token on slot 6
[15:56:16.485] [SEVERE ] player 4 placing token on slot 0
[15:56:16.485] [SEVERE ] player 3 placing token on slot 9
[15:56:16.490] [SEVERE ] removing player 3 token from slot 4
[15:56:16.491] [SEVERE ] removing player 3 token from slot 6
[15:56:16.493] [SEVERE ] removing player 3 token from slot 9
[15:56:16.495] [SEVERE ] removing player 4 token from slot 0
[15:56:16.495] [SEVERE ] removing card from slot 0
[15:56:16.512] [SEVERE ] removing card from slot 1
[15:56:16.513] [SEVERE ] removing card from slot 2
[15:56:16.513] [SEVERE ] removing card from slot 3
[15:56:16.514] [SEVERE ] removing player 4 token from slot 4
[15:56:16.514] [SEVERE ] removing card from slot 4
[15:56:16.514] [SEVERE ] removing card from slot 5
[15:56:16.515] [SEVERE ] removing player 1 token from slot 6
[15:56:16.515] [SEVERE ] removing card from slot 6
[15:56:16.515] [SEVERE ] removing player 4 token from slot 7
[15:56:16.516] [SEVERE ] removing card from slot 7
[15:56:16.518] [SEVERE ] removing player 1 token from slot 8
[15:56:16.519] [SEVERE ] removing card from slot 8
[15:56:16.519] [SEVERE ] removing card from slot 9
[15:56:16.520] [SEVERE ] removing player 3 token from slot 10
[15:56:16.520] [SEVERE ] removing card from slot 10
[15:56:16.521] [SEVERE ] removing card from slot 11
[15:56:16.523] [SEVERE ] placing card 4 in slot 0
[15:56:16.530] [SEVERE ] placing card 28 in slot 1
[15:56:16.532] [SEVERE ] placing card 7 in slot 2
[15:56:16.533] [SEVERE ] placing card 1 in slot 3
[15:56:16.533] [SEVERE ] placing card 17 in slot 4
[15:56:16.534] [SEVERE ] placing card 37 in slot 5
[15:56:16.534] [SEVERE ] placing card 33 in slot 6
[15:56:16.534] [SEVERE ] placing card 23 in slot 7
[15:56:16.535] [SEVERE ] placing card 22 in slot 8
[15:56:16.535] [SEVERE ] placing card 38 in slot 9
[15:56:16.536] [SEVERE ] placing card 44 in slot 10
[15:56:16.536] [SEVERE ] placing card 77 in slot 11
[15:56:16.539] [SEVERE ] player 1 placing token on slot 9
[15:56:16.539] [SEVERE ] player 4 placing token on slot 4
[15:56:16.540] [SEVERE ] player 2 placing token on slot 0
[15:56:16.540] [SEVERE ] player 1 placing token on slot 10
[15:56:16.540] [SEVERE ] player 3 placing token on slot 10
[15:56:16.541] [SEVERE ] player 1 placing token on slot 1
[15:56:16.541] [SEVERE ] player 2 placing token on slot 4
[15:56:16.540] [SEVERE ] player 4 placing token on slot 7
[15:56:16.542] [SEVERE ] player 3 placing token on slot 11
[15:56:16.562] [SEVERE ] removing player 1 token from slot 1
[15:56:16.562] [SEVERE ] removing player 1 token from slot 9
[15:56:16.563] [SEVERE ] removing player 1 token from slot 10
[15:56:16.564] [SEVERE ] player 4 placing token on slot 9
[15:56:16.567] [SEVERE ] player 2 placing token on slot 7
[15:56:16.567] [SEVERE ] player 3 placing token on slot 6
[15:56:16.568] [SEVERE ] removing player 2 token from slot 0
[15:56:16.568] [SEVERE ] removing card from slot 0
[15:56:16.582] [SEVERE ] removing card from slot 1
[15:56:16.584] [SEVERE ] removing card from slot 2
[15:56:16.586] [SEVERE ] removing card from slot 3
[15:56:16.590] [SEVERE ] removing player 2 token from slot 4
[15:56:16.590] [SEVERE ] removing player 4 token from slot 4
[15:56:16.591] [SEVERE ] removing card from slot 4
[15:56:16.593] [SEVERE ] removing card from slot 5
[15:56:16.594] [SEVERE ] removing player 3 token from slot 6
[15:56:16.595] [SEVERE ] removing card from slot 6
[15:56:16.595] [SEVERE ] removing player 2 token from slot 7
[15:56:16.595] [SEVERE ] removing player 4 token from slot 7
[15:56:16.596] [SEVERE ] removing card from slot 7
[15:56:16.596] [SEVERE ] removing card from slot 8
[15:56:16.596] [SEVERE ] removing player 4 token from slot 9
[15:56:16.596] [SEVERE ] removing card from slot 9
[15:56:16.597] [SEVERE ] removing player 3 token from slot 10
[15:56:16.597] [SEVERE ] removing card from slot 10
[15:56:16.597] [SEVERE ] removing player 3 token from slot 11
[15:56:16.597] [SEVERE ] removing card from slot 11
[15:56:16.598] [SEVERE ] placing card 57 in slot 0
[15:56:16.598] [SEVERE ] placing card 60 in slot 1
[15:56:16.598] [SEVERE ] placing card 44 in slot 2
[15:56:16.598] [SEVERE ] placing card 12 in slot 3
[15:56:16.599] [SEVERE ] placing card 33 in slot 4
[15:56:16.599] [SEVERE ] placing card 55 in slot 5
[15:56:16.599] [SEVERE ] placing card 3 in slot 6
[15:56:16.599] [SEVERE ] placing card 0 in slot 7
[15:56:16.600] [SEVERE ] placing card 54 in slot 8
[15:56:16.603] [SEVERE ] placing card 23 in slot 9
[15:56:16.618] [SEVERE ] placing card 72 in slot 10
[15:56:16.619] [SEVERE ] placing card 61 in slot 11
[15:56:16.623] [SEVERE ] player 1 placing token on slot 0
[15:56:16.624] [SEVERE ] player 1 placing token on slot 10
[15:56:16.624] [SEVERE ] player 1 placing token on slot 3
[15:56:16.625] [SEVERE ] player 4 placing token on slot 5
[15:56:16.625] [SEVERE ] player 4 placing token on slot 8
[15:56:16.625] [SEVERE ] player 4 placing token on slot 2
[15:56:16.626] [SEVERE ] removing player 1 token from slot 0
[15:56:16.626] [SEVERE ] removing player 1 token from slot 3
[15:56:16.627] [SEVERE ] removing player 1 token from slot 10
[15:56:16.628] [SEVERE ] removing player 4 token from slot 2
[15:56:16.628] [SEVERE ] removing player 4 token from slot 5
[15:56:16.628] [SEVERE ] removing player 4 token from slot 8
[15:56:16.629] [SEVERE ] player 1 placing token on slot 0
[15:56:16.629] [SEVERE ] player 3 placing token on slot 5
[15:56:16.629] [SEVERE ] player 2 placing token on slot 10
[15:56:16.631] [SEVERE ] player 2 placing token on slot 3
[15:56:16.632] [SEVERE ] player 2 placing token on slot 2
[15:56:16.630] [SEVERE ] player 3 placing token on slot 10
[15:56:16.630] [SEVERE ] player 4 placing token on slot 2
[15:56:16.629] [SEVERE ] player 1 placing token on slot 10
[15:56:16.633] [SEVERE ] removing player 2 token from slot 2
[15:56:16.634] [SEVERE ] removing player 2 token from slot 3
[15:56:16.634] [SEVERE ] removing player 2 token from slot 10
[15:56:16.634] [SEVERE ] player 3 placing token on slot 7
[15:56:16.635] [SEVERE ] player 1 placing token on slot 8
[15:56:16.635] [SEVERE ] player 4 placing token on slot 6
[15:56:16.637] [SEVERE ] removing player 1 token from slot 0
[15:56:16.637] [SEVERE ] removing card from slot 0
[15:56:16.645] [SEVERE ] removing card from slot 1
[15:56:16.648] [SEVERE ] removing player 4 token from slot 2
[15:56:16.648] [SEVERE ] removing card from slot 2
[15:56:16.651] [SEVERE ] removing card from slot 3
[15:56:16.652] [SEVERE ] removing card from slot 4
[15:56:16.653] [SEVERE ] removing player 3 token from slot 5
[15:56:16.653] [SEVERE ] removing card from slot 5
[15:56:16.654] [SEVERE ] removing player 4 token from slot 6
[15:56:16.655] [SEVERE ] removing card from slot 6
[15:56:16.656] [SEVERE ] removing player 3 token from slot 7
[15:56:16.656] [SEVERE ] removing card from slot 7
[15:56:16.656] [SEVERE ] removing player 1 token from slot 8
[15:56:16.657] [SEVERE ] removing card from slot 8
[15:56:16.657] [SEVERE ] removing card from slot 9
[15:56:16.657] [SEVERE ] removing player 1 token from slot 10
[15:56:16.658] [SEVERE ] removing player 3 token from slot 10
[15:56:16.658] [SEVERE ] removing card from slot 10
[15:56:16.658] [SEVERE ] removing card from slot 11
[15:56:16.659] [SEVERE ] placing card 55 in slot 0
[15:56:16.659] [SEVERE ] placing card 30 in slot 1
[15:56:16.660] [SEVERE ] placing card 65 in slot 2
[15:56:16.660] [SEVERE ] placing card 80 in slot 3
[15:56:16.660] [SEVERE ] placing card 59 in slot 4
[15:56:16.662] [SEVERE ] placing card 53 in slot 5
[15:56:16.662] [SEVERE ] placing card 18 in slot 6
[15:56:16.663] [SEVERE ] placing card 41 in slot 7
[15:56:16.663] [SEVERE ] placing card 77 in slot 8
[15:56:16.663] [SEVERE ] placing card 39 in slot 9
[15:56:16.676] [SEVERE ] placing card 60 in slot 10
[15:56:16.678] [SEVERE ] placing card 43 in slot 11
[15:56:16.702] [SEVERE ] player 1 placing token on slot 9
[15:56:16.703] [SEVERE ] player 4 placing token on slot 6
[15:56:16.703] [SEVERE ] player 1 placing token on slot 10
[15:56:16.704] [SEVERE ] player 4 placing token on slot 9
[15:56:16.705] [SEVERE ] player 1 placing token on slot 4
[15:56:16.705] [SEVERE ] player 4 placing token on slot 2
[15:56:16.706] [SEVERE ] removing player 1 token from slot 4
[15:56:16.707] [SEVERE ] removing player 1 token from slot 9
[15:56:16.707] [SEVERE ] removing player 1 token from slot 10
[15:56:16.707] [SEVERE ] removing player 4 token from slot 2
[15:56:16.708] [SEVERE ] removing player 4 token from slot 6
[15:56:16.708] [SEVERE ] removing player 4 token from slot 9
[15:56:16.708] [SEVERE ] player 1 placing token on slot 11
[15:56:16.709] [SEVERE ] player 1 placing token on slot 6
[15:56:16.709] [SEVERE ] player 1 placing token on slot 10
[15:56:16.709] [SEVERE ] player 4 placing token on slot 9
[15:56:16.709] [SEVERE ] player 3 placing token on slot 7
[15:56:16.715] [SEVERE ] removing player 1 token from slot 6
[15:56:16.715] [SEVERE ] removing player 1 token from slot 10
[15:56:16.716] [SEVERE ] removing player 1 token from slot 11
[15:56:16.716] [SEVERE ] player 2 placing token on slot 2
[15:56:16.717] [SEVERE ] player 4 placing token on slot 5
[15:56:16.717] [SEVERE ] player 3 placing token on slot 9
[15:56:16.720] [SEVERE ] removing card from slot 0
[15:56:16.738] [SEVERE ] removing card from slot 1
[15:56:16.738] [SEVERE ] removing player 2 token from slot 2
[15:56:16.738] [SEVERE ] removing card from slot 2
[15:56:16.739] [SEVERE ] removing card from slot 3
[15:56:16.739] [SEVERE ] removing card from slot 4
[15:56:16.739] [SEVERE ] removing player 4 token from slot 5
[15:56:16.739] [SEVERE ] removing card from slot 5
[15:56:16.740] [SEVERE ] removing card from slot 6
[15:56:16.740] [SEVERE ] removing player 3 token from slot 7
[15:56:16.740] [SEVERE ] removing card from slot 7
[15:56:16.740] [SEVERE ] removing card from slot 8
[15:56:16.741] [SEVERE ] removing player 3 token from slot 9
[15:56:16.741] [SEVERE ] removing player 4 token from slot 9
[15:56:16.742] [SEVERE ] removing card from slot 9
[15:56:16.742] [SEVERE ] removing card from slot 10
[15:56:16.742] [SEVERE ] removing card from slot 11
[15:56:16.743] [SEVERE ] placing card 78 in slot 0
[15:56:16.743] [SEVERE ] placing card 33 in slot 1
[15:56:16.743] [SEVERE ] placing card 75 in slot 2
[15:56:16.743] [SEVERE ] placing card 3 in slot 3
[15:56:16.744] [SEVERE ] placing card 50 in slot 4
[15:56:16.745] [SEVERE ] placing card 29 in slot 5
[15:56:16.747] [SEVERE ] placing card 12 in slot 6
[15:56:16.747] [SEVERE ] placing card 69 in slot 7
[15:56:16.747] [SEVERE ] placing card 4 in slot 8
[15:56:16.748] [SEVERE ] placing card 25 in slot 9
[15:56:16.748] [SEVERE ] placing card 43 in slot 10
[15:56:16.748] [SEVERE ] placing card 73 in slot 11
[15:56:16.769] [SEVERE ] player 1 placing token on slot 8
[15:56:16.769] [SEVERE ] player 4 placing token on slot 2
[15:56:16.770] [SEVERE ] player 1 placing token on slot 11
[15:56:16.770] [SEVERE ] player 4 placing token on slot 0
[15:56:16.771] [SEVERE ] removing player 1 token from slot 11
[15:56:16.771] [SEVERE ] player 4 placing token on slot 3
[15:56:16.771] [SEVERE ] player 1 placing token on slot 1
[15:56:16.772] [SEVERE ] removing player 4 token from slot 0
[15:56:16.772] [SEVERE ] removing player 4 token from slot 2
[15:56:16.773] [SEVERE ] removing player 4 token from slot 3
[15:56:16.773] [SEVERE ] removing player 1 token from slot 8
[15:56:16.773] [SEVERE ] player 4 placing token on slot 11
[15:56:16.773] [SEVERE ] player 1 placing token on slot 0
[15:56:16.774] [SEVERE ] player 4 placing token on slot 5
[15:56:16.774] [SEVERE ] removing player 1 token from slot 0
[15:56:16.775] [SEVERE ] player 4 placing token on slot 4
[15:56:16.775] [SEVERE ] player 1 placing token on slot 6
[15:56:16.775] [SEVERE ] removing player 4 token from slot 4
[15:56:16.776] [SEVERE ] removing player 4 token from slot 5
[15:56:16.776] [SEVERE ] removing player 4 token from slot 11
[15:56:16.776] [SEVERE ] player 1 placing token on slot 4
[15:56:16.777] [SEVERE ] player 4 placing token on slot 4
[15:56:16.777] [SEVERE ] player 2 placing token on slot 10
[15:56:16.777] [SEVERE ] player 3 placing token on slot 0
[15:56:16.780] [SEVERE ] removing player 1 token from slot 1
[15:56:16.781] [SEVERE ] removing player 1 token from slot 4
[15:56:16.781] [SEVERE ] removing player 1 token from slot 6
[15:56:16.781] [SEVERE ] player 4 placing token on slot 11
[15:56:16.782] [SEVERE ] player 4 placing token on slot 10
[15:56:16.782] [SEVERE ] player 1 placing token on slot 1
[15:56:16.783] [SEVERE ] removing player 3 token from slot 0
[15:56:16.784] [SEVERE ] removing card from slot 0
[15:56:16.796] [SEVERE ] removing player 1 token from slot 1
[15:56:16.797] [SEVERE ] removing card from slot 1
[15:56:16.797] [SEVERE ] removing card from slot 2
[15:56:16.798] [SEVERE ] removing card from slot 3
[15:56:16.799] [SEVERE ] removing player 4 token from slot 4
[15:56:16.800] [SEVERE ] removing card from slot 4
[15:56:16.800] [SEVERE ] removing card from slot 5
[15:56:16.800] [SEVERE ] removing card from slot 6
[15:56:16.801] [SEVERE ] removing card from slot 7
[15:56:16.801] [SEVERE ] removing card from slot 8
[15:56:16.801] [SEVERE ] removing card from slot 9
[15:56:16.802] [SEVERE ] removing player 2 token from slot 10
[15:56:16.802] [SEVERE ] removing player 4 token from slot 10
[15:56:16.802] [SEVERE ] removing card from slot 10
[15:56:16.803] [SEVERE ] removing player 4 token from slot 11
[15:56:16.803] [SEVERE ] removing card from slot 11
[15:56:16.804] [SEVERE ] placing card 18 in slot 0
[15:56:16.806] [SEVERE ] placing card 19 in slot 1
[15:56:16.808] [SEVERE ] placing card 68 in slot 2
[15:56:16.808] [SEVERE ] placing card 16 in slot 3
[15:56:16.808] [SEVERE ] placing card 10 in slot 4
[15:56:16.809] [SEVERE ] placing card 48 in slot 5
[15:56:16.809] [SEVERE ] placing card 13 in slot 6
[15:56:16.809] [SEVERE ] placing card 53 in slot 7
[15:56:16.809] [SEVERE ] placing card 30 in slot 8
[15:56:16.810] [SEVERE ] placing card 3 in slot 9
[15:56:16.810] [SEVERE ] placing card 36 in slot 10
[15:56:16.810] [SEVERE ] placing card 46 in slot 11
[15:56:16.814] [SEVERE ] player 2 placing token on slot 9
[15:56:16.817] [SEVERE ] removing player 2 token from slot 9
[15:56:16.818] [SEVERE ] player 2 placing token on slot 3
[15:56:16.818] [SEVERE ] player 2 placing token on slot 1
[15:56:16.819] [SEVERE ] player 2 placing token on slot 0
[15:56:16.827] [SEVERE ] player 2 placing token on slot 4
[15:56:16.817] [SEVERE ] player 3 placing token on slot 3
[15:56:16.828] [SEVERE ] player 3 placing token on slot 8
[15:56:16.815] [SEVERE ] player 4 placing token on slot 9
[15:56:16.815] [SEVERE ] player 1 placing token on slot 10
[15:56:16.827] [SEVERE ] player 2 placing token on slot 8
[15:56:16.835] [SEVERE ] removing player 2 token from slot 0
[15:56:16.836] [SEVERE ] removing player 2 token from slot 1
[15:56:16.836] [SEVERE ] removing player 2 token from slot 3
[15:56:16.837] [SEVERE ] removing card from slot 0
[15:56:16.838] [SEVERE ] removing card from slot 1
[15:56:16.840] [SEVERE ] removing card from slot 2
[15:56:16.840] [SEVERE ] removing player 3 token from slot 3
[15:56:16.840] [SEVERE ] removing card from slot 3
[15:56:16.841] [SEVERE ] removing player 2 token from slot 4
[15:56:16.841] [SEVERE ] removing card from slot 4
[15:56:16.845] [SEVERE ] removing card from slot 5
[15:56:16.846] [SEVERE ] removing card from slot 6
[15:56:16.860] [SEVERE ] removing card from slot 7
[15:56:16.862] [SEVERE ] removing player 2 token from slot 8
[15:56:16.863] [SEVERE ] removing player 3 token from slot 8
[15:56:16.864] [SEVERE ] removing card from slot 8
[15:56:16.864] [SEVERE ] removing player 4 token from slot 9
[15:56:16.865] [SEVERE ] removing card from slot 9
[15:56:16.866] [SEVERE ] removing player 1 token from slot 10
[15:56:16.866] [SEVERE ] removing card from slot 10
[15:56:16.867] [SEVERE ] removing card from slot 11
[15:56:16.878] [SEVERE ] placing card 80 in slot 0
[15:56:16.879] [SEVERE ] placing card 26 in slot 1
[15:56:16.879] [SEVERE ] placing card 24 in slot 2
[15:56:16.879] [SEVERE ] placing card 40 in slot 3
[15:56:16.880] [SEVERE ] placing card 48 in slot 4
[15:56:16.880] [SEVERE ] placing card 30 in slot 5
[15:56:16.880] [SEVERE ] placing card 44 in slot 6
[15:56:16.880] [SEVERE ] placing card 78 in slot 7
[15:56:16.882] [SEVERE ] placing card 71 in slot 8
[15:56:16.883] [SEVERE ] placing card 8 in slot 9
[15:56:16.885] [SEVERE ] placing card 39 in slot 10
[15:56:16.885] [SEVERE ] placing card 38 in slot 11
[15:56:16.890] [SEVERE ] player 3 placing token on slot 11
[15:56:16.890] [SEVERE ] player 4 placing token on slot 8
[15:56:16.890] [SEVERE ] player 1 placing token on slot 1
[15:56:16.892] [SEVERE ] player 4 placing token on slot 5
[15:56:16.893] [SEVERE ] player 4 placing token on slot 3
[15:56:16.894] [SEVERE ] player 4 placing token on slot 1
[15:56:16.894] [SEVERE ] player 4 placing token on slot 9
[15:56:16.895] [SEVERE ] player 4 placing token on slot 11
[15:56:16.895] [SEVERE ] removing player 4 token from slot 8
[15:56:16.896] [SEVERE ] removing player 4 token from slot 5
[15:56:16.896] [SEVERE ] player 4 placing token on slot 5
[15:56:16.896] [SEVERE ] removing player 4 token from slot 11
[15:56:16.897] [SEVERE ] player 4 placing token on slot 2
[15:56:16.897] [SEVERE ] player 4 placing token on slot 6
[15:56:16.898] [SEVERE ] player 4 placing token on slot 4
[15:56:16.899] [SEVERE ] player 2 placing token on slot 10
[15:56:16.892] [SEVERE ] removing player 3 token from slot 11
[15:56:16.892] [SEVERE ] player 1 placing token on slot 3
[15:56:16.912] [SEVERE ] removing player 4 token from slot 3
[15:56:16.912] [SEVERE ] removing player 4 token from slot 5
[15:56:16.912] [SEVERE ] removing player 4 token from slot 8
[15:56:16.913] [SEVERE ] removing card from slot 0
[15:56:16.922] [SEVERE ] removing player 1 token from slot 1
[15:56:16.922] [SEVERE ] removing player 4 token from slot 1
[15:56:16.923] [SEVERE ] removing card from slot 1
[15:56:16.924] [SEVERE ] removing player 4 token from slot 2
[15:56:16.925] [SEVERE ] removing card from slot 2
[15:56:16.925] [SEVERE ] removing player 1 token from slot 3
[15:56:16.926] [SEVERE ] removing card from slot 3
[15:56:16.927] [SEVERE ] removing player 4 token from slot 4
[15:56:16.927] [SEVERE ] removing card from slot 4
[15:56:16.928] [SEVERE ] removing card from slot 5
[15:56:16.928] [SEVERE ] removing player 4 token from slot 6
[15:56:16.930] [SEVERE ] removing card from slot 6
[15:56:16.932] [SEVERE ] removing card from slot 7
[15:56:16.935] [SEVERE ] removing card from slot 8
[15:56:16.936] [SEVERE ] removing player 4 token from slot 9
[15:56:16.936] [SEVERE ] removing card from slot 9
[15:56:16.937] [SEVERE ] removing player 2 token from slot 10
[15:56:16.937] [SEVERE ] removing card from slot 10
[15:56:16.937] [SEVERE ] removing card from slot 11
[15:56:16.937] [SEVERE ] placing card 67 in slot 0
[15:56:16.938] [SEVERE ] placing card 2 in slot 1
[15:56:16.938] [SEVERE ] placing card 17 in slot 2
[15:56:16.938] [SEVERE ] placing card 28 in slot 3
[15:56:16.938] [SEVERE ] placing card 21 in slot 4
[15:56:16.939] [SEVERE ] placing card 29 in slot 5
[15:56:16.940] [SEVERE ] placing card 68 in slot 6
[15:56:16.940] [SEVERE ] placing card 36 in slot 7
[15:56:16.940] [SEVERE ] placing card 25 in slot 8
[15:56:16.941] [SEVERE ] placing card 11 in slot 9
[15:56:16.941] [SEVERE ] placing card 60 in slot 10
[15:56:16.941] [SEVERE ] placing card 23 in slot 11
[15:56:16.944] [SEVERE ] player 4 placing token on slot 0
[15:56:16.946] [SEVERE ] player 4 placing token on slot 9
[15:56:16.946] [SEVERE ] player 4 placing token on slot 5
[15:56:16.946] [SEVERE ] player 4 placing token on slot 2
[15:56:16.947] [SEVERE ] removing player 4 token from slot 5
[15:56:16.947] [SEVERE ] removing player 4 token from slot 0
[15:56:16.947] [SEVERE ] player 4 placing token on slot 5
[15:56:16.948] [SEVERE ] removing player 4 token from slot 9
[15:56:16.948] [SEVERE ] player 4 placing token on slot 10
[15:56:16.948] [SEVERE ] player 4 placing token on slot 3
[15:56:16.949] [SEVERE ] player 2 placing token on slot 7
[15:56:16.949] [SEVERE ] player 3 placing token on slot 11
[15:56:16.949] [SEVERE ] player 1 placing token on slot 6
[15:56:16.951] [SEVERE ] removing player 4 token from slot 0
[15:56:16.951] [SEVERE ] removing player 4 token from slot 2
[15:56:16.951] [SEVERE ] removing player 4 token from slot 9
[15:56:16.952] [SEVERE ] removing player 4 token from slot 3
[15:56:16.952] [SEVERE ] removing player 4 token from slot 5
[15:56:16.952] [SEVERE ] removing player 4 token from slot 10
[15:56:16.957] [SEVERE ] removing card from slot 0
[15:56:16.977] [SEVERE ] removing card from slot 1
[15:56:16.981] [SEVERE ] removing card from slot 2
[15:56:16.982] [SEVERE ] removing card from slot 3
[15:56:16.982] [SEVERE ] removing card from slot 4
[15:56:16.983] [SEVERE ] removing card from slot 5
[15:56:16.985] [SEVERE ] removing player 1 token from slot 6
[15:56:16.985] [SEVERE ] removing card from slot 6
[15:56:16.986] [SEVERE ] removing player 2 token from slot 7
[15:56:16.986] [SEVERE ] removing card from slot 7
[15:56:16.989] [SEVERE ] removing card from slot 8
[15:56:16.990] [SEVERE ] removing card from slot 9
[15:56:16.998] [SEVERE ] removing card from slot 10
[15:56:16.999] [SEVERE ] removing player 3 token from slot 11
[15:56:17.000] [SEVERE ] removing card from slot 11
[15:56:17.000] [SEVERE ] placing card 71 in slot 0
[15:56:17.000] [SEVERE ] placing card 25 in slot 1
[15:56:17.000] [SEVERE ] placing card 50 in slot 2
[15:56:17.000] [SEVERE ] placing card 48 in slot 3
[15:56:17.001] [SEVERE ] placing card 80 in slot 4
[15:56:17.002] [SEVERE ] placing card 62 in slot 5
[15:56:17.002] [SEVERE ] placing card 45 in slot 6
[15:56:17.005] [SEVERE ] placing card 22 in slot 7
[15:56:17.006] [SEVERE ] placing card 43 in slot 8
[15:56:17.007] [SEVERE ] placing card 70 in slot 9
[15:56:17.008] [SEVERE ] placing card 41 in slot 10
[15:56:17.008] [SEVERE ] placing card 17 in slot 11
[15:56:17.011] [SEVERE ] player 2 placing token on slot 6
[15:56:17.012] [SEVERE ] player 2 placing token on slot 1
[15:56:17.012] [SEVERE ] player 2 placing token on slot 7
[15:56:17.012] [SEVERE ] player 2 placing token on slot 0
[15:56:17.013] [SEVERE ] removing player 2 token from slot 7
[15:56:17.013] [SEVERE ] player 3 placing token on slot 11
[15:56:17.013] [SEVERE ] player 4 placing token on slot 5
[15:56:17.013] [SEVERE ] player 1 placing token on slot 10
[15:56:17.014] [SEVERE ] removing player 2 token from slot 0
[15:56:17.015] [SEVERE ] removing player 2 token from slot 1
[15:56:17.015] [SEVERE ] removing player 2 token from slot 6
[15:56:17.015] [SEVERE ] removing card from slot 0
[15:56:17.015] [SEVERE ] setting player 2 score to 1
[15:56:17.036] [INFO   ] thread dealer terminated.
[15:56:18.740] [SEVERE ] exit button pressed
[15:56:22.040] [SEVERE ] thanks for playing... it was fun!
[15:56:22.040] [INFO   ] thread main terminated.
