[13:17:00.597] [INFO   ] thread main starting.
[13:17:00.606] [SEVERE ] cannot read configuration file config.properties trying from resources.
[13:17:00.609] [SEVERE ] configuration file was loaded from resources directory.
[13:17:01.280] [INFO   ] thread dealer starting.
[13:17:01.374] [SEVERE ] placing card 29 in slot 0
[13:17:01.375] [SEVERE ] placing card 70 in slot 1
[13:17:01.375] [SEVERE ] placing card 18 in slot 2
[13:17:01.375] [SEVERE ] placing card 35 in slot 3
[13:17:01.376] [SEVERE ] placing card 51 in slot 4
[13:17:01.388] [SEVERE ] placing card 28 in slot 5
[13:17:01.388] [SEVERE ] placing card 25 in slot 6
[13:17:01.389] [SEVERE ] placing card 68 in slot 7
[13:17:01.394] [SEVERE ] placing card 14 in slot 8
[13:17:01.394] [SEVERE ] placing card 73 in slot 9
[13:17:01.394] [SEVERE ] placing card 37 in slot 10
[13:17:01.395] [SEVERE ] placing card 36 in slot 11
[13:17:01.401] [SEVERE ] player 4 placing token on slot 6
[13:17:01.401] [SEVERE ] player 2 placing token on slot 3
[13:17:01.401] [SEVERE ] player 1 placing token on slot 4
[13:17:01.402] [SEVERE ] player 4 placing token on slot 7
[13:17:01.401] [SEVERE ] player 3 placing token on slot 11
[13:17:01.402] [SEVERE ] removing player 4 token from slot 7
[13:17:01.402] [SEVERE ] player 2 placing token on slot 4
[13:17:01.402] [SEVERE ] player 1 placing token on slot 1
[13:17:01.403] [SEVERE ] player 2 placing token on slot 6
[13:17:01.403] [SEVERE ] player 4 placing token on slot 10
[13:17:01.402] [SEVERE ] player 3 placing token on slot 5
[13:17:01.403] [SEVERE ] player 1 placing token on slot 5
[13:17:01.404] [SEVERE ] removing player 2 token from slot 3
[13:17:01.405] [SEVERE ] removing player 2 token from slot 4
[13:17:01.405] [SEVERE ] removing player 2 token from slot 6
[13:17:01.406] [SEVERE ] player 4 placing token on slot 8
[13:17:01.406] [SEVERE ] player 3 placing token on slot 4
[13:17:01.406] [SEVERE ] removing player 1 token from slot 1
[13:17:01.406] [SEVERE ] removing player 1 token from slot 4
[13:17:01.406] [SEVERE ] removing player 1 token from slot 5
[13:17:01.407] [SEVERE ] player 2 placing token on slot 3
[13:17:01.407] [SEVERE ] removing player 4 token from slot 6
[13:17:01.407] [SEVERE ] removing player 4 token from slot 8
[13:17:01.407] [SEVERE ] removing player 4 token from slot 10
[13:17:01.408] [SEVERE ] player 1 placing token on slot 2
[13:17:01.408] [SEVERE ] player 2 placing token on slot 9
[13:17:01.408] [SEVERE ] removing player 3 token from slot 4
[13:17:01.408] [SEVERE ] removing player 3 token from slot 5
[13:17:01.408] [SEVERE ] removing player 3 token from slot 11
[13:17:01.409] [SEVERE ] player 4 placing token on slot 4
[13:17:01.409] [SEVERE ] player 3 placing token on slot 4
[13:17:01.409] [SEVERE ] player 2 placing token on slot 2
[13:17:01.409] [SEVERE ] player 1 placing token on slot 10
[13:17:01.409] [SEVERE ] player 3 placing token on slot 1
[13:17:01.409] [SEVERE ] removing player 4 token from slot 4
[13:17:01.410] [SEVERE ] removing player 2 token from slot 2
[13:17:01.410] [SEVERE ] removing player 2 token from slot 3
[13:17:01.410] [SEVERE ] removing player 2 token from slot 9
[13:17:01.411] [SEVERE ] player 1 placing token on slot 3
[13:17:01.411] [SEVERE ] player 2 placing token on slot 6
[13:17:01.411] [SEVERE ] player 4 placing token on slot 7
[13:17:01.411] [SEVERE ] player 3 placing token on slot 6
[13:17:01.411] [SEVERE ] removing player 1 token from slot 2
[13:17:01.412] [SEVERE ] removing player 1 token from slot 3
[13:17:01.412] [SEVERE ] removing player 1 token from slot 10
[13:17:01.412] [SEVERE ] removing player 2 token from slot 6
[13:17:01.412] [SEVERE ] player 4 placing token on slot 5
[13:17:01.413] [SEVERE ] removing player 3 token from slot 1
[13:17:01.413] [SEVERE ] removing player 3 token from slot 4
[13:17:01.413] [SEVERE ] removing player 3 token from slot 6
[13:17:01.413] [SEVERE ] player 1 placing token on slot 7
[13:17:01.414] [SEVERE ] player 3 placing token on slot 2
[13:17:01.414] [SEVERE ] player 4 placing token on slot 0
[13:17:01.414] [SEVERE ] player 2 placing token on slot 8
[13:17:01.414] [SEVERE ] player 3 placing token on slot 0
[13:17:01.414] [SEVERE ] player 1 placing token on slot 0
[13:17:01.415] [SEVERE ] removing player 4 token from slot 0
[13:17:01.415] [SEVERE ] removing player 4 token from slot 5
[13:17:01.416] [SEVERE ] removing player 4 token from slot 7
[13:17:01.417] [SEVERE ] player 4 placing token on slot 7
[13:17:01.417] [SEVERE ] player 4 placing token on slot 8
[13:17:01.417] [SEVERE ] player 4 placing token on slot 2
[13:17:01.417] [SEVERE ] removing player 4 token from slot 2
[13:17:01.418] [SEVERE ] removing player 4 token from slot 7
[13:17:01.418] [SEVERE ] removing player 4 token from slot 8
[13:17:01.418] [SEVERE ] player 4 placing token on slot 10
[13:17:01.418] [SEVERE ] player 4 placing token on slot 2
[13:17:01.418] [SEVERE ] player 4 placing token on slot 4
[13:17:01.419] [SEVERE ] removing player 4 token from slot 2
[13:17:01.419] [SEVERE ] removing player 4 token from slot 4
[13:17:01.419] [SEVERE ] removing player 4 token from slot 10
[13:17:01.419] [SEVERE ] player 2 placing token on slot 6
[13:17:01.420] [SEVERE ] player 4 placing token on slot 10
[13:17:01.420] [SEVERE ] player 1 placing token on slot 10
[13:17:01.420] [SEVERE ] player 3 placing token on slot 8
[13:17:01.420] [SEVERE ] removing player 2 token from slot 8
[13:17:01.420] [SEVERE ] player 4 placing token on slot 6
[13:17:01.421] [SEVERE ] removing player 1 token from slot 0
[13:17:01.421] [SEVERE ] removing player 1 token from slot 7
[13:17:01.421] [SEVERE ] removing player 1 token from slot 10
[13:17:01.421] [SEVERE ] player 2 placing token on slot 10
[13:17:01.421] [SEVERE ] player 4 placing token on slot 1
[13:17:01.424] [SEVERE ] removing player 3 token from slot 0
[13:17:01.424] [SEVERE ] removing player 3 token from slot 2
[13:17:01.424] [SEVERE ] removing player 3 token from slot 8
[13:17:01.425] [SEVERE ] player 1 placing token on slot 7
[13:17:01.425] [SEVERE ] player 2 placing token on slot 11
[13:17:01.425] [SEVERE ] removing player 4 token from slot 1
[13:17:01.425] [SEVERE ] removing player 4 token from slot 6
[13:17:01.426] [SEVERE ] removing player 4 token from slot 10
[13:17:01.426] [SEVERE ] player 3 placing token on slot 5
[13:17:01.426] [SEVERE ] player 1 placing token on slot 0
[13:17:01.426] [SEVERE ] removing player 2 token from slot 6
[13:17:01.426] [SEVERE ] removing player 2 token from slot 10
[13:17:01.427] [SEVERE ] removing player 2 token from slot 11
[13:17:01.427] [SEVERE ] player 4 placing token on slot 4
[13:17:01.427] [SEVERE ] player 2 placing token on slot 9
[13:17:01.427] [SEVERE ] removing player 1 token from slot 0
[13:17:01.427] [SEVERE ] player 3 placing token on slot 7
[13:17:01.427] [SEVERE ] player 1 placing token on slot 6
[13:17:01.427] [SEVERE ] player 2 placing token on slot 2
[13:17:01.427] [SEVERE ] player 4 placing token on slot 11
[13:17:01.428] [SEVERE ] player 2 placing token on slot 11
[13:17:01.428] [SEVERE ] removing player 1 token from slot 6
[13:17:01.428] [SEVERE ] player 3 placing token on slot 6
[13:17:01.428] [SEVERE ] player 4 placing token on slot 3
[13:17:01.429] [SEVERE ] removing player 2 token from slot 2
[13:17:01.429] [SEVERE ] removing player 2 token from slot 9
[13:17:01.429] [SEVERE ] removing player 2 token from slot 11
[13:17:01.429] [SEVERE ] player 1 placing token on slot 10
[13:17:01.429] [SEVERE ] removing player 3 token from slot 5
[13:17:01.430] [SEVERE ] removing player 3 token from slot 6
[13:17:01.430] [SEVERE ] removing player 3 token from slot 7
[13:17:01.430] [SEVERE ] player 2 placing token on slot 2
[13:17:01.430] [SEVERE ] player 1 placing token on slot 3
[13:17:01.431] [SEVERE ] removing player 4 token from slot 3
[13:17:01.431] [SEVERE ] removing player 4 token from slot 4
[13:17:01.431] [SEVERE ] removing player 4 token from slot 11
[13:17:01.431] [SEVERE ] player 3 placing token on slot 2
[13:17:01.431] [SEVERE ] player 2 placing token on slot 9
[13:17:01.432] [SEVERE ] removing player 1 token from slot 3
[13:17:01.432] [SEVERE ] removing player 1 token from slot 7
[13:17:01.432] [SEVERE ] removing player 1 token from slot 10
[13:17:01.432] [SEVERE ] player 4 placing token on slot 9
[13:17:01.432] [SEVERE ] player 1 placing token on slot 2
[13:17:01.432] [SEVERE ] player 2 placing token on slot 0
[13:17:01.432] [SEVERE ] player 3 placing token on slot 3
[13:17:01.433] [SEVERE ] player 1 placing token on slot 7
[13:17:01.433] [SEVERE ] removing player 4 token from slot 9
[13:17:01.434] [SEVERE ] removing player 2 token from slot 0
[13:17:01.434] [SEVERE ] removing player 2 token from slot 2
[13:17:01.434] [SEVERE ] removing player 2 token from slot 9
[13:17:01.434] [SEVERE ] player 3 placing token on slot 7
[13:17:01.434] [SEVERE ] player 2 placing token on slot 9
[13:17:01.434] [SEVERE ] player 4 placing token on slot 1
[13:17:01.434] [SEVERE ] player 1 placing token on slot 4
[13:17:01.435] [SEVERE ] removing player 3 token from slot 2
[13:17:01.435] [SEVERE ] removing player 3 token from slot 3
[13:17:01.435] [SEVERE ] removing player 3 token from slot 7
[13:17:01.436] [SEVERE ] player 2 placing token on slot 2
[13:17:01.436] [SEVERE ] player 4 placing token on slot 3
[13:17:01.436] [SEVERE ] removing player 1 token from slot 2
[13:17:01.436] [SEVERE ] removing player 1 token from slot 4
[13:17:01.436] [SEVERE ] removing player 1 token from slot 7
[13:17:01.436] [SEVERE ] player 3 placing token on slot 10
[13:17:01.436] [SEVERE ] player 1 placing token on slot 4
[13:17:01.436] [SEVERE ] player 4 placing token on slot 4
[13:17:01.436] [SEVERE ] player 2 placing token on slot 10
[13:17:01.437] [SEVERE ] player 1 placing token on slot 7
[13:17:01.437] [SEVERE ] player 3 placing token on slot 1
[13:17:01.439] [SEVERE ] removing player 4 token from slot 1
[13:17:01.440] [SEVERE ] removing player 4 token from slot 3
[13:17:01.440] [SEVERE ] removing player 4 token from slot 4
[13:17:01.440] [SEVERE ] player 3 placing token on slot 5
[13:17:01.440] [SEVERE ] player 1 placing token on slot 5
[13:17:01.441] [SEVERE ] removing player 2 token from slot 2
[13:17:01.441] [SEVERE ] removing player 2 token from slot 9
[13:17:01.441] [SEVERE ] removing player 2 token from slot 10
[13:17:01.442] [SEVERE ] player 4 placing token on slot 6
[13:17:01.442] [SEVERE ] removing player 3 token from slot 1
[13:17:01.442] [SEVERE ] removing player 3 token from slot 5
[13:17:01.442] [SEVERE ] removing player 3 token from slot 10
[13:17:01.442] [SEVERE ] player 2 placing token on slot 7
[13:17:01.442] [SEVERE ] player 4 placing token on slot 5
[13:17:01.443] [SEVERE ] removing player 1 token from slot 4
[13:17:01.443] [SEVERE ] removing player 1 token from slot 5
[13:17:01.443] [SEVERE ] removing player 1 token from slot 7
[13:17:01.443] [SEVERE ] player 3 placing token on slot 10
[13:17:01.443] [SEVERE ] removing player 4 token from slot 5
[13:17:01.443] [SEVERE ] player 1 placing token on slot 7
[13:17:01.443] [SEVERE ] player 2 placing token on slot 3
[13:17:01.444] [SEVERE ] player 1 placing token on slot 9
[13:17:01.444] [SEVERE ] player 4 placing token on slot 10
[13:17:01.444] [SEVERE ] player 3 placing token on slot 0
[13:17:01.444] [SEVERE ] player 4 placing token on slot 7
[13:17:01.444] [SEVERE ] player 1 placing token on slot 0
[13:17:01.444] [SEVERE ] player 2 placing token on slot 1
[13:17:01.444] [SEVERE ] player 3 placing token on slot 8
[13:17:01.445] [SEVERE ] removing player 4 token from slot 6
[13:17:01.445] [SEVERE ] removing player 4 token from slot 7
[13:17:01.445] [SEVERE ] removing player 4 token from slot 10
[13:17:01.445] [SEVERE ] removing player 1 token from slot 0
[13:17:01.445] [SEVERE ] removing player 1 token from slot 7
[13:17:01.446] [SEVERE ] removing player 1 token from slot 9
[13:17:01.446] [SEVERE ] player 4 placing token on slot 10
[13:17:01.446] [SEVERE ] removing player 2 token from slot 1
[13:17:01.446] [SEVERE ] removing player 2 token from slot 3
[13:17:01.446] [SEVERE ] removing player 2 token from slot 7
[13:17:01.447] [SEVERE ] player 1 placing token on slot 7
[13:17:01.447] [SEVERE ] player 4 placing token on slot 7
[13:17:01.447] [SEVERE ] removing player 3 token from slot 0
[13:17:01.447] [SEVERE ] removing player 3 token from slot 8
[13:17:01.447] [SEVERE ] removing player 3 token from slot 10
[13:17:01.447] [SEVERE ] player 2 placing token on slot 1
[13:17:01.448] [SEVERE ] player 4 placing token on slot 8
[13:17:01.447] [SEVERE ] player 1 placing token on slot 6
[13:17:01.448] [SEVERE ] player 2 placing token on slot 7
[13:17:01.448] [SEVERE ] player 3 placing token on slot 2
[13:17:01.448] [SEVERE ] removing player 4 token from slot 7
[13:17:01.449] [SEVERE ] removing player 4 token from slot 8
[13:17:01.449] [SEVERE ] removing player 4 token from slot 10
[13:17:01.449] [SEVERE ] player 1 placing token on slot 3
[13:17:01.449] [SEVERE ] player 4 placing token on slot 8
[13:17:01.449] [SEVERE ] player 4 placing token on slot 11
[13:17:01.449] [SEVERE ] player 4 placing token on slot 2
[13:17:01.451] [SEVERE ] player 3 placing token on slot 5
[13:17:01.449] [SEVERE ] player 2 placing token on slot 3
[13:17:01.454] [SEVERE ] removing player 1 token from slot 3
[13:17:01.456] [SEVERE ] removing player 1 token from slot 6
[13:17:01.456] [SEVERE ] removing player 1 token from slot 7
[13:17:01.457] [SEVERE ] removing player 4 token from slot 2
[13:17:01.457] [SEVERE ] removing player 4 token from slot 8
[13:17:01.457] [SEVERE ] removing player 4 token from slot 11
[13:17:01.457] [SEVERE ] removing player 2 token from slot 1
[13:17:01.458] [SEVERE ] removing player 2 token from slot 3
[13:17:01.458] [SEVERE ] removing player 2 token from slot 7
[13:17:01.459] [SEVERE ] player 3 placing token on slot 3
[13:17:01.459] [SEVERE ] player 4 placing token on slot 1
[13:17:01.459] [SEVERE ] player 1 placing token on slot 3
[13:17:01.459] [SEVERE ] player 2 placing token on slot 10
[13:17:01.459] [SEVERE ] removing player 3 token from slot 2
[13:17:01.460] [SEVERE ] removing player 3 token from slot 3
[13:17:01.460] [SEVERE ] removing player 3 token from slot 5
[13:17:01.460] [SEVERE ] player 4 placing token on slot 5
[13:17:01.460] [SEVERE ] player 2 placing token on slot 2
[13:17:01.460] [SEVERE ] player 2 placing token on slot 7
[13:17:01.460] [SEVERE ] player 3 placing token on slot 8
[13:17:01.460] [SEVERE ] player 1 placing token on slot 5
[13:17:01.461] [SEVERE ] player 3 placing token on slot 5
[13:17:01.460] [SEVERE ] player 4 placing token on slot 8
[13:17:01.461] [SEVERE ] removing player 2 token from slot 2
[13:17:01.461] [SEVERE ] removing player 2 token from slot 7
[13:17:01.461] [SEVERE ] removing player 2 token from slot 10
[13:17:01.462] [SEVERE ] player 1 placing token on slot 10
[13:17:01.462] [SEVERE ] player 3 placing token on slot 9
[13:17:01.462] [SEVERE ] player 2 placing token on slot 8
[13:17:01.462] [SEVERE ] removing player 4 token from slot 1
[13:17:01.462] [SEVERE ] removing player 4 token from slot 5
[13:17:01.462] [SEVERE ] removing player 4 token from slot 8
[13:17:01.463] [SEVERE ] removing player 1 token from slot 3
[13:17:01.463] [SEVERE ] removing player 1 token from slot 5
[13:17:01.463] [SEVERE ] removing player 1 token from slot 10
[13:17:01.463] [SEVERE ] player 2 placing token on slot 9
[13:17:01.463] [SEVERE ] player 4 placing token on slot 4
[13:17:01.464] [SEVERE ] removing player 3 token from slot 5
[13:17:01.464] [SEVERE ] removing player 3 token from slot 8
[13:17:01.464] [SEVERE ] removing player 3 token from slot 9
[13:17:01.464] [SEVERE ] player 1 placing token on slot 8
[13:17:01.464] [SEVERE ] player 4 placing token on slot 11
[13:17:01.464] [SEVERE ] player 2 placing token on slot 1
[13:17:01.464] [SEVERE ] player 3 placing token on slot 1
[13:17:01.465] [SEVERE ] player 4 placing token on slot 2
[13:17:01.465] [SEVERE ] player 1 placing token on slot 9
[13:17:01.467] [SEVERE ] removing player 2 token from slot 1
[13:17:01.467] [SEVERE ] removing player 2 token from slot 8
[13:17:01.467] [SEVERE ] removing player 2 token from slot 9
[13:17:01.468] [SEVERE ] removing player 4 token from slot 2
[13:17:01.468] [SEVERE ] removing player 4 token from slot 4
[13:17:01.468] [SEVERE ] removing player 4 token from slot 11
[13:17:01.468] [SEVERE ] player 4 placing token on slot 9
[13:17:01.468] [SEVERE ] removing player 4 token from slot 9
[13:17:01.468] [SEVERE ] player 4 placing token on slot 1
[13:17:01.469] [SEVERE ] player 4 placing token on slot 10
[13:17:01.469] [SEVERE ] player 4 placing token on slot 7
[13:17:01.469] [SEVERE ] player 3 placing token on slot 2
[13:17:01.469] [SEVERE ] player 1 placing token on slot 6
[13:17:01.469] [SEVERE ] removing player 4 token from slot 1
[13:17:01.470] [SEVERE ] removing player 4 token from slot 7
[13:17:01.470] [SEVERE ] removing player 4 token from slot 10
[13:17:01.470] [SEVERE ] player 4 placing token on slot 3
[13:17:01.470] [SEVERE ] player 3 placing token on slot 10
[13:17:01.470] [SEVERE ] player 2 placing token on slot 5
[13:17:01.472] [SEVERE ] removing player 1 token from slot 6
[13:17:01.472] [SEVERE ] removing player 1 token from slot 8
[13:17:01.473] [SEVERE ] removing player 1 token from slot 9
[13:17:01.473] [SEVERE ] player 4 placing token on slot 6
[13:17:01.473] [SEVERE ] player 2 placing token on slot 3
[13:17:01.473] [SEVERE ] removing player 3 token from slot 1
[13:17:01.474] [SEVERE ] removing player 3 token from slot 2
[13:17:01.474] [SEVERE ] removing player 3 token from slot 10
[13:17:01.474] [SEVERE ] player 1 placing token on slot 2
[13:17:01.474] [SEVERE ] player 3 placing token on slot 4
[13:17:01.474] [SEVERE ] removing player 2 token from slot 5
[13:17:01.474] [SEVERE ] removing player 4 token from slot 3
[13:17:01.475] [SEVERE ] player 2 placing token on slot 1
[13:17:01.474] [SEVERE ] player 3 placing token on slot 7
[13:17:01.474] [SEVERE ] player 1 placing token on slot 0
[13:17:01.475] [SEVERE ] player 3 placing token on slot 6
[13:17:01.475] [SEVERE ] player 2 placing token on slot 10
[13:17:01.475] [SEVERE ] player 4 placing token on slot 3
[13:17:01.475] [SEVERE ] player 1 placing token on slot 6
[13:17:01.476] [SEVERE ] removing player 3 token from slot 4
[13:17:01.476] [SEVERE ] removing player 3 token from slot 6
[13:17:01.476] [SEVERE ] removing player 3 token from slot 7
[13:17:01.476] [SEVERE ] player 4 placing token on slot 8
[13:17:01.476] [SEVERE ] removing player 2 token from slot 1
[13:17:01.477] [SEVERE ] removing player 2 token from slot 3
[13:17:01.477] [SEVERE ] removing player 2 token from slot 10
[13:17:01.477] [SEVERE ] player 3 placing token on slot 2
[13:17:01.477] [SEVERE ] removing player 1 token from slot 0
[13:17:01.477] [SEVERE ] removing player 1 token from slot 2
[13:17:01.477] [SEVERE ] removing player 1 token from slot 6
[13:17:01.477] [SEVERE ] player 2 placing token on slot 6
[13:17:01.478] [SEVERE ] removing player 3 token from slot 2
[13:17:01.477] [SEVERE ] player 1 placing token on slot 3
[13:17:01.478] [SEVERE ] removing player 4 token from slot 3
[13:17:01.478] [SEVERE ] removing player 4 token from slot 6
[13:17:01.478] [SEVERE ] removing player 4 token from slot 8
[13:17:01.479] [SEVERE ] removing player 2 token from slot 6
[13:17:01.479] [SEVERE ] player 3 placing token on slot 10
[13:17:01.479] [SEVERE ] player 4 placing token on slot 8
[13:17:01.479] [SEVERE ] player 1 placing token on slot 11
[13:17:01.479] [SEVERE ] player 4 placing token on slot 1
[13:17:01.479] [SEVERE ] player 4 placing token on slot 3
[13:17:01.479] [SEVERE ] removing player 3 token from slot 10
[13:17:01.479] [SEVERE ] player 2 placing token on slot 1
[13:17:01.479] [SEVERE ] player 1 placing token on slot 5
[13:17:01.480] [SEVERE ] removing player 4 token from slot 1
[13:17:01.480] [SEVERE ] removing player 4 token from slot 3
[13:17:01.480] [SEVERE ] removing player 4 token from slot 8
[13:17:01.480] [SEVERE ] removing player 1 token from slot 3
[13:17:01.481] [SEVERE ] removing player 1 token from slot 5
[13:17:01.481] [SEVERE ] removing player 1 token from slot 11
[13:17:01.481] [SEVERE ] player 3 placing token on slot 9
[13:17:01.481] [SEVERE ] player 1 placing token on slot 7
[13:17:01.481] [SEVERE ] player 2 placing token on slot 9
[13:17:01.483] [SEVERE ] removing player 2 token from slot 9
[13:17:01.484] [SEVERE ] player 2 placing token on slot 5
[13:17:01.484] [SEVERE ] removing player 2 token from slot 5
[13:17:01.481] [SEVERE ] player 3 placing token on slot 3
[13:17:01.484] [SEVERE ] player 3 placing token on slot 8
[13:17:01.484] [SEVERE ] player 2 placing token on slot 8
[13:17:01.481] [SEVERE ] player 4 placing token on slot 5
[13:17:01.481] [SEVERE ] player 1 placing token on slot 4
[13:17:01.485] [SEVERE ] removing player 3 token from slot 3
[13:17:01.485] [SEVERE ] removing player 3 token from slot 8
[13:17:01.485] [SEVERE ] removing player 3 token from slot 9
[13:17:01.485] [SEVERE ] removing player 2 token from slot 1
[13:17:01.485] [SEVERE ] removing player 1 token from slot 4
[13:17:01.485] [SEVERE ] player 4 placing token on slot 4
[13:17:01.486] [SEVERE ] player 1 placing token on slot 5
[13:17:01.486] [SEVERE ] player 1 placing token on slot 11
[13:17:01.485] [SEVERE ] player 2 placing token on slot 1
[13:17:01.486] [SEVERE ] player 3 placing token on slot 2
[13:17:01.486] [SEVERE ] player 4 placing token on slot 3
[13:17:01.488] [SEVERE ] removing player 1 token from slot 5
[13:17:01.490] [SEVERE ] removing player 1 token from slot 7
[13:17:01.491] [SEVERE ] removing player 1 token from slot 11
[13:17:01.491] [SEVERE ] removing player 4 token from slot 3
[13:17:01.491] [SEVERE ] removing player 4 token from slot 4
[13:17:01.491] [SEVERE ] removing player 4 token from slot 5
[13:17:01.491] [SEVERE ] player 4 placing token on slot 1
[13:17:01.492] [SEVERE ] player 4 placing token on slot 11
[13:17:01.492] [SEVERE ] player 4 placing token on slot 10
[13:17:01.492] [SEVERE ] removing player 4 token from slot 1
[13:17:01.492] [SEVERE ] removing player 4 token from slot 10
[13:17:01.492] [SEVERE ] removing player 4 token from slot 11
[13:17:01.492] [SEVERE ] player 4 placing token on slot 4
[13:17:01.493] [SEVERE ] player 4 placing token on slot 11
[13:17:01.493] [SEVERE ] player 4 placing token on slot 10
[13:17:01.493] [SEVERE ] removing player 4 token from slot 4
[13:17:01.493] [SEVERE ] removing player 4 token from slot 10
[13:17:01.494] [SEVERE ] removing player 4 token from slot 11
[13:17:01.494] [SEVERE ] player 4 placing token on slot 0
[13:17:01.494] [SEVERE ] player 4 placing token on slot 2
[13:17:01.494] [SEVERE ] removing player 4 token from slot 2
[13:17:01.494] [SEVERE ] player 4 placing token on slot 11
[13:17:01.494] [SEVERE ] player 4 placing token on slot 3
[13:17:01.495] [SEVERE ] removing player 4 token from slot 0
[13:17:01.495] [SEVERE ] removing player 4 token from slot 3
[13:17:01.495] [SEVERE ] removing player 4 token from slot 11
[13:17:01.495] [SEVERE ] player 4 placing token on slot 5
[13:17:01.495] [SEVERE ] player 4 placing token on slot 1
[13:17:01.495] [SEVERE ] removing player 4 token from slot 1
[13:17:01.495] [SEVERE ] player 4 placing token on slot 1
[13:17:01.496] [SEVERE ] removing player 4 token from slot 1
[13:17:01.496] [SEVERE ] player 4 placing token on slot 0
[13:17:01.496] [SEVERE ] player 4 placing token on slot 4
[13:17:01.496] [SEVERE ] removing player 4 token from slot 0
[13:17:01.496] [SEVERE ] removing player 4 token from slot 4
[13:17:01.496] [SEVERE ] removing player 4 token from slot 5
[13:17:01.497] [SEVERE ] removing player 2 token from slot 1
[13:17:01.497] [SEVERE ] player 4 placing token on slot 3
[13:17:01.497] [SEVERE ] player 1 placing token on slot 7
[13:17:01.497] [SEVERE ] player 3 placing token on slot 4
[13:17:01.497] [SEVERE ] player 3 placing token on slot 9
[13:17:01.497] [SEVERE ] player 2 placing token on slot 5
[13:17:01.497] [SEVERE ] removing player 1 token from slot 7
[13:17:01.497] [SEVERE ] player 4 placing token on slot 11
[13:17:01.498] [SEVERE ] player 1 placing token on slot 8
[13:17:01.498] [SEVERE ] player 2 placing token on slot 10
[13:17:01.498] [SEVERE ] removing player 3 token from slot 2
[13:17:01.498] [SEVERE ] removing player 3 token from slot 4
[13:17:01.498] [SEVERE ] removing player 3 token from slot 9
[13:17:01.499] [SEVERE ] player 4 placing token on slot 9
[13:17:01.499] [SEVERE ] player 1 placing token on slot 0
[13:17:01.499] [SEVERE ] removing player 2 token from slot 5
[13:17:01.499] [SEVERE ] removing player 2 token from slot 8
[13:17:01.499] [SEVERE ] removing player 2 token from slot 10
[13:17:01.499] [SEVERE ] player 1 placing token on slot 1
[13:17:01.499] [SEVERE ] removing player 4 token from slot 3
[13:17:01.506] [SEVERE ] removing player 4 token from slot 9
[13:17:01.506] [SEVERE ] removing player 4 token from slot 11
[13:17:01.506] [SEVERE ] removing player 1 token from slot 0
[13:17:01.506] [SEVERE ] removing player 1 token from slot 1
[13:17:01.506] [SEVERE ] removing player 1 token from slot 8
[13:17:01.506] [SEVERE ] player 3 placing token on slot 8
[13:17:01.506] [SEVERE ] player 1 placing token on slot 7
[13:17:01.507] [SEVERE ] player 2 placing token on slot 3
[13:17:01.507] [SEVERE ] player 2 placing token on slot 7
[13:17:01.507] [SEVERE ] player 2 placing token on slot 1
[13:17:01.507] [SEVERE ] player 3 placing token on slot 7
[13:17:01.507] [SEVERE ] player 1 placing token on slot 3
[13:17:01.507] [SEVERE ] player 4 placing token on slot 4
[13:17:01.508] [SEVERE ] removing player 2 token from slot 1
[13:17:01.508] [SEVERE ] removing player 2 token from slot 3
[13:17:01.508] [SEVERE ] removing player 2 token from slot 7
[13:17:01.508] [SEVERE ] player 1 placing token on slot 4
[13:17:01.508] [SEVERE ] player 4 placing token on slot 8
[13:17:01.508] [SEVERE ] player 3 placing token on slot 2
[13:17:01.511] [SEVERE ] removing player 1 token from slot 3
[13:17:01.511] [SEVERE ] removing player 1 token from slot 4
[13:17:01.511] [SEVERE ] removing player 1 token from slot 7
[13:17:01.511] [SEVERE ] player 4 placing token on slot 9
[13:17:01.511] [SEVERE ] player 1 placing token on slot 3
[13:17:01.512] [SEVERE ] player 2 placing token on slot 9
[13:17:01.512] [SEVERE ] removing player 3 token from slot 2
[13:17:01.512] [SEVERE ] removing player 3 token from slot 7
[13:17:01.512] [SEVERE ] removing player 3 token from slot 8
[13:17:01.512] [SEVERE ] player 1 placing token on slot 5
[13:17:01.512] [SEVERE ] player 2 placing token on slot 2
[13:17:01.512] [SEVERE ] player 3 placing token on slot 8
[13:17:01.513] [SEVERE ] removing player 4 token from slot 4
[13:17:01.513] [SEVERE ] removing player 4 token from slot 8
[13:17:01.513] [SEVERE ] removing player 4 token from slot 9
[13:17:01.513] [SEVERE ] player 1 placing token on slot 8
[13:17:01.513] [SEVERE ] player 3 placing token on slot 4
[13:17:01.513] [SEVERE ] player 4 placing token on slot 3
[13:17:01.513] [SEVERE ] player 2 placing token on slot 8
[13:17:01.517] [SEVERE ] removing player 1 token from slot 3
[13:17:01.517] [SEVERE ] removing player 1 token from slot 5
[13:17:01.517] [SEVERE ] removing player 1 token from slot 8
[13:17:01.517] [SEVERE ] removing player 2 token from slot 2
[13:17:01.517] [SEVERE ] removing player 2 token from slot 8
[13:17:01.517] [SEVERE ] removing player 2 token from slot 9
[13:17:01.518] [SEVERE ] player 2 placing token on slot 7
[13:17:01.518] [SEVERE ] player 2 placing token on slot 6
[13:17:01.518] [SEVERE ] player 2 placing token on slot 11
[13:17:01.518] [SEVERE ] player 1 placing token on slot 6
[13:17:01.518] [SEVERE ] player 4 placing token on slot 5
[13:17:01.518] [SEVERE ] player 3 placing token on slot 3
[13:17:01.519] [SEVERE ] removing player 2 token from slot 6
[13:17:01.520] [SEVERE ] removing player 2 token from slot 7
[13:17:01.520] [SEVERE ] removing player 2 token from slot 11
[13:17:01.520] [SEVERE ] player 1 placing token on slot 3
[13:17:01.520] [SEVERE ] removing player 4 token from slot 5
[13:17:01.520] [SEVERE ] removing player 3 token from slot 3
[13:17:01.524] [SEVERE ] removing player 3 token from slot 4
[13:17:01.524] [SEVERE ] removing player 3 token from slot 8
[13:17:01.524] [SEVERE ] player 1 placing token on slot 4
[13:17:01.525] [SEVERE ] removing player 1 token from slot 3
[13:17:01.525] [SEVERE ] removing player 1 token from slot 4
[13:17:01.525] [SEVERE ] removing player 1 token from slot 6
[13:17:01.525] [SEVERE ] player 1 placing token on slot 5
[13:17:01.525] [SEVERE ] player 1 placing token on slot 8
[13:17:01.525] [SEVERE ] player 1 placing token on slot 4
[13:17:01.525] [SEVERE ] removing player 1 token from slot 4
[13:17:01.526] [SEVERE ] removing player 1 token from slot 5
[13:17:01.526] [SEVERE ] removing player 1 token from slot 8
[13:17:01.526] [SEVERE ] player 1 placing token on slot 8
[13:17:01.526] [SEVERE ] player 1 placing token on slot 11
[13:17:01.526] [SEVERE ] player 1 placing token on slot 4
[13:17:01.526] [SEVERE ] removing player 1 token from slot 4
[13:17:01.526] [SEVERE ] removing player 1 token from slot 8
[13:17:01.526] [SEVERE ] removing player 1 token from slot 11
[13:17:01.527] [SEVERE ] player 1 placing token on slot 8
[13:17:01.529] [SEVERE ] player 4 placing token on slot 7
[13:17:01.529] [SEVERE ] player 2 placing token on slot 1
[13:17:01.530] [SEVERE ] player 2 placing token on slot 6
[13:17:01.530] [SEVERE ] player 2 placing token on slot 10
[13:17:01.529] [SEVERE ] player 3 placing token on slot 2
[13:17:01.529] [SEVERE ] player 4 placing token on slot 8
[13:17:01.529] [SEVERE ] player 1 placing token on slot 3
[13:17:01.531] [SEVERE ] removing player 2 token from slot 1
[13:17:01.531] [SEVERE ] removing player 2 token from slot 6
[13:17:01.531] [SEVERE ] removing player 2 token from slot 10
[13:17:01.531] [SEVERE ] removing player 4 token from slot 3
[13:17:01.531] [SEVERE ] removing player 4 token from slot 7
[13:17:01.532] [SEVERE ] removing player 4 token from slot 8
[13:17:01.532] [SEVERE ] player 4 placing token on slot 1
[13:17:01.532] [SEVERE ] player 4 placing token on slot 11
[13:17:01.532] [SEVERE ] player 4 placing token on slot 4
[13:17:01.532] [SEVERE ] removing player 4 token from slot 1
[13:17:01.533] [SEVERE ] removing player 4 token from slot 4
[13:17:01.533] [SEVERE ] removing player 4 token from slot 11
[13:17:01.539] [SEVERE ] player 4 placing token on slot 9
[13:17:01.539] [SEVERE ] removing player 4 token from slot 9
[13:17:01.540] [SEVERE ] player 4 placing token on slot 3
[13:17:01.540] [SEVERE ] player 4 placing token on slot 2
[13:17:01.540] [SEVERE ] player 4 placing token on slot 6
[13:17:01.540] [SEVERE ] player 2 placing token on slot 5
[13:17:01.541] [SEVERE ] player 2 placing token on slot 3
[13:17:01.541] [SEVERE ] player 2 placing token on slot 8
[13:17:01.541] [SEVERE ] player 3 placing token on slot 10
[13:17:01.541] [SEVERE ] player 1 placing token on slot 10
[13:17:01.542] [SEVERE ] removing player 4 token from slot 2
[13:17:01.542] [SEVERE ] removing player 4 token from slot 3
[13:17:01.542] [SEVERE ] removing player 4 token from slot 6
[13:17:01.542] [SEVERE ] player 3 placing token on slot 4
[13:17:01.542] [SEVERE ] removing player 2 token from slot 3
[13:17:01.542] [SEVERE ] removing player 2 token from slot 5
[13:17:01.542] [SEVERE ] removing player 2 token from slot 8
[13:17:01.542] [SEVERE ] player 4 placing token on slot 11
[13:17:01.543] [SEVERE ] removing player 1 token from slot 3
[13:17:01.543] [SEVERE ] removing player 1 token from slot 8
[13:17:01.543] [SEVERE ] removing player 1 token from slot 10
[13:17:01.543] [SEVERE ] player 4 placing token on slot 3
[13:17:01.543] [SEVERE ] player 2 placing token on slot 8
[13:17:01.543] [SEVERE ] player 1 placing token on slot 8
[13:17:01.544] [SEVERE ] removing player 3 token from slot 2
[13:17:01.544] [SEVERE ] removing player 3 token from slot 4
[13:17:01.544] [SEVERE ] removing player 3 token from slot 10
[13:17:01.544] [SEVERE ] player 4 placing token on slot 1
[13:17:01.544] [SEVERE ] player 3 placing token on slot 9
[13:17:01.544] [SEVERE ] player 2 placing token on slot 1
[13:17:01.544] [SEVERE ] player 1 placing token on slot 1
[13:17:01.544] [SEVERE ] removing player 4 token from slot 1
[13:17:01.545] [SEVERE ] removing player 4 token from slot 3
[13:17:01.545] [SEVERE ] removing player 4 token from slot 11
[13:17:01.545] [SEVERE ] player 3 placing token on slot 8
[13:17:01.545] [SEVERE ] player 4 placing token on slot 11
[13:17:01.545] [SEVERE ] player 3 placing token on slot 3
[13:17:01.545] [SEVERE ] player 1 placing token on slot 0
[13:17:01.545] [SEVERE ] player 2 placing token on slot 7
[13:17:01.545] [SEVERE ] player 4 placing token on slot 2
[13:17:01.545] [SEVERE ] removing player 3 token from slot 3
[13:17:01.545] [SEVERE ] removing player 3 token from slot 8
[13:17:01.547] [SEVERE ] removing player 3 token from slot 9
[13:17:01.547] [SEVERE ] removing player 4 token from slot 11
[13:17:01.547] [SEVERE ] removing player 1 token from slot 0
[13:17:01.547] [SEVERE ] removing player 1 token from slot 1
[13:17:01.547] [SEVERE ] removing player 1 token from slot 8
[13:17:01.547] [SEVERE ] player 4 placing token on slot 11
[13:17:01.547] [SEVERE ] removing player 2 token from slot 1
[13:17:01.547] [SEVERE ] removing player 2 token from slot 7
[13:17:01.548] [SEVERE ] removing player 2 token from slot 8
[13:17:01.548] [SEVERE ] player 1 placing token on slot 4
[13:17:01.548] [SEVERE ] player 4 placing token on slot 6
[13:17:01.548] [SEVERE ] player 1 placing token on slot 0
[13:17:01.548] [SEVERE ] removing player 4 token from slot 2
[13:17:01.548] [SEVERE ] removing player 4 token from slot 6
[13:17:01.548] [SEVERE ] removing player 4 token from slot 11
[13:17:01.548] [SEVERE ] player 1 placing token on slot 7
[13:17:01.550] [SEVERE ] player 3 placing token on slot 9
[13:17:01.550] [SEVERE ] player 2 placing token on slot 6
[13:17:01.548] [SEVERE ] player 4 placing token on slot 8
[13:17:01.550] [SEVERE ] removing player 1 token from slot 0
[13:17:01.551] [SEVERE ] removing player 1 token from slot 4
[13:17:01.551] [SEVERE ] removing player 1 token from slot 7
[13:17:01.551] [SEVERE ] player 3 placing token on slot 1
[13:17:01.551] [SEVERE ] player 4 placing token on slot 3
[13:17:01.551] [SEVERE ] player 4 placing token on slot 9
[13:17:01.551] [SEVERE ] player 2 placing token on slot 5
[13:17:01.551] [SEVERE ] player 1 placing token on slot 9
[13:17:01.551] [SEVERE ] player 3 placing token on slot 5
[13:17:01.552] [SEVERE ] removing player 4 token from slot 3
[13:17:01.552] [SEVERE ] removing player 4 token from slot 8
[13:17:01.552] [SEVERE ] removing player 4 token from slot 9
[13:17:01.552] [SEVERE ] removing player 3 token from slot 1
[13:17:01.552] [SEVERE ] removing player 3 token from slot 5
[13:17:01.552] [SEVERE ] removing player 3 token from slot 9
[13:17:01.552] [SEVERE ] removing player 2 token from slot 5
[13:17:01.553] [SEVERE ] player 3 placing token on slot 0
[13:17:01.555] [SEVERE ] player 3 placing token on slot 9
[13:17:01.552] [SEVERE ] player 4 placing token on slot 4
[13:17:01.552] [SEVERE ] player 1 placing token on slot 10
[13:17:01.555] [SEVERE ] player 4 placing token on slot 7
[13:17:01.555] [SEVERE ] removing player 3 token from slot 9
[13:17:01.553] [SEVERE ] player 2 placing token on slot 1
[13:17:01.555] [SEVERE ] player 3 placing token on slot 3
[13:17:01.555] [SEVERE ] player 4 placing token on slot 5
[13:17:01.555] [SEVERE ] player 1 placing token on slot 6
[13:17:01.556] [SEVERE ] player 3 placing token on slot 11
[13:17:01.556] [SEVERE ] player 2 placing token on slot 5
[13:17:01.556] [SEVERE ] removing player 4 token from slot 4
[13:17:01.556] [SEVERE ] removing player 4 token from slot 5
[13:17:01.556] [SEVERE ] removing player 4 token from slot 7
[13:17:01.557] [SEVERE ] removing player 1 token from slot 6
[13:17:01.557] [SEVERE ] removing player 1 token from slot 9
[13:17:01.557] [SEVERE ] removing player 1 token from slot 10
[13:17:01.557] [SEVERE ] removing player 3 token from slot 0
[13:17:01.557] [SEVERE ] removing player 3 token from slot 3
[13:17:01.557] [SEVERE ] removing player 3 token from slot 11
[13:17:01.557] [SEVERE ] player 4 placing token on slot 2
[13:17:01.557] [SEVERE ] player 1 placing token on slot 2
[13:17:01.558] [SEVERE ] removing player 2 token from slot 1
[13:17:01.558] [SEVERE ] removing player 2 token from slot 5
[13:17:01.558] [SEVERE ] removing player 2 token from slot 6
[13:17:01.558] [SEVERE ] player 4 placing token on slot 11
[13:17:01.558] [SEVERE ] removing player 4 token from slot 11
[13:17:01.558] [SEVERE ] player 4 placing token on slot 4
[13:17:01.558] [SEVERE ] player 4 placing token on slot 10
[13:17:01.559] [SEVERE ] removing player 4 token from slot 2
[13:17:01.559] [SEVERE ] removing player 4 token from slot 4
[13:17:01.559] [SEVERE ] removing player 4 token from slot 10
[13:17:01.559] [SEVERE ] player 4 placing token on slot 10
[13:17:01.559] [SEVERE ] player 4 placing token on slot 5
[13:17:01.559] [SEVERE ] player 1 placing token on slot 5
[13:17:01.559] [SEVERE ] player 1 placing token on slot 4
[13:17:01.559] [SEVERE ] player 3 placing token on slot 10
[13:17:01.559] [SEVERE ] player 2 placing token on slot 11
[13:17:01.559] [SEVERE ] player 4 placing token on slot 4
[13:17:01.560] [SEVERE ] removing player 1 token from slot 2
[13:17:01.560] [SEVERE ] removing player 1 token from slot 4
[13:17:01.560] [SEVERE ] removing player 1 token from slot 5
[13:17:01.560] [SEVERE ] removing player 4 token from slot 4
[13:17:01.561] [SEVERE ] removing player 4 token from slot 5
[13:17:01.561] [SEVERE ] removing player 4 token from slot 10
[13:17:01.561] [SEVERE ] player 4 placing token on slot 3
[13:17:01.561] [SEVERE ] player 4 placing token on slot 10
[13:17:01.561] [SEVERE ] removing player 4 token from slot 3
[13:17:01.561] [SEVERE ] player 4 placing token on slot 11
[13:17:01.561] [SEVERE ] removing player 4 token from slot 10
[13:17:01.561] [SEVERE ] player 4 placing token on slot 0
[13:17:01.561] [SEVERE ] player 4 placing token on slot 5
[13:17:01.562] [SEVERE ] removing player 4 token from slot 0
[13:17:01.562] [SEVERE ] removing player 4 token from slot 5
[13:17:01.562] [SEVERE ] removing player 4 token from slot 11
[13:17:01.562] [SEVERE ] player 4 placing token on slot 9
[13:17:01.562] [SEVERE ] player 4 placing token on slot 5
[13:17:01.562] [SEVERE ] removing player 4 token from slot 9
[13:17:01.563] [SEVERE ] player 4 placing token on slot 0
[13:17:01.563] [SEVERE ] player 4 placing token on slot 6
[13:17:01.563] [SEVERE ] removing player 4 token from slot 0
[13:17:01.563] [SEVERE ] removing player 4 token from slot 5
[13:17:01.563] [SEVERE ] removing player 4 token from slot 6
[13:17:01.563] [SEVERE ] player 4 placing token on slot 0
[13:17:01.563] [SEVERE ] player 4 placing token on slot 1
[13:17:01.563] [SEVERE ] player 4 placing token on slot 11
[13:17:01.563] [SEVERE ] player 1 placing token on slot 8
[13:17:01.563] [SEVERE ] player 3 placing token on slot 3
[13:17:01.564] [SEVERE ] player 2 placing token on slot 10
[13:17:01.564] [SEVERE ] removing player 4 token from slot 0
[13:17:01.564] [SEVERE ] removing player 4 token from slot 1
[13:17:01.564] [SEVERE ] removing player 4 token from slot 11
[13:17:01.565] [SEVERE ] player 1 placing token on slot 4
[13:17:01.565] [SEVERE ] player 1 placing token on slot 2
[13:17:01.565] [SEVERE ] player 2 placing token on slot 7
[13:17:01.565] [SEVERE ] player 4 placing token on slot 7
[13:17:01.565] [SEVERE ] player 3 placing token on slot 0
[13:17:01.567] [SEVERE ] removing player 1 token from slot 2
[13:17:01.568] [SEVERE ] removing player 1 token from slot 4
[13:17:01.568] [SEVERE ] removing player 1 token from slot 8
[13:17:01.568] [SEVERE ] player 4 placing token on slot 8
[13:17:01.568] [SEVERE ] removing player 2 token from slot 7
[13:17:01.568] [SEVERE ] removing player 2 token from slot 10
[13:17:01.568] [SEVERE ] removing player 2 token from slot 11
[13:17:01.568] [SEVERE ] player 4 placing token on slot 0
[13:17:01.568] [SEVERE ] player 1 placing token on slot 11
[13:17:01.569] [SEVERE ] removing player 3 token from slot 0
[13:17:01.569] [SEVERE ] removing player 3 token from slot 3
[13:17:01.569] [SEVERE ] removing player 3 token from slot 10
[13:17:01.569] [SEVERE ] player 2 placing token on slot 6
[13:17:01.569] [SEVERE ] player 1 placing token on slot 6
[13:17:01.569] [SEVERE ] removing player 4 token from slot 0
[13:17:01.569] [SEVERE ] removing player 4 token from slot 7
[13:17:01.570] [SEVERE ] removing player 4 token from slot 8
[13:17:01.570] [SEVERE ] player 3 placing token on slot 3
[13:17:01.570] [SEVERE ] player 4 placing token on slot 3
[13:17:01.570] [SEVERE ] player 1 placing token on slot 1
[13:17:01.570] [SEVERE ] player 3 placing token on slot 0
[13:17:01.570] [SEVERE ] player 2 placing token on slot 8
[13:17:01.570] [SEVERE ] player 4 placing token on slot 8
[13:17:01.571] [SEVERE ] removing player 1 token from slot 1
[13:17:01.571] [SEVERE ] removing player 1 token from slot 6
[13:17:01.571] [SEVERE ] removing player 1 token from slot 11
[13:17:01.571] [SEVERE ] player 1 placing token on slot 7
[13:17:01.572] [SEVERE ] player 1 placing token on slot 11
[13:17:01.572] [SEVERE ] player 1 placing token on slot 0
[13:17:01.572] [SEVERE ] removing player 1 token from slot 0
[13:17:01.572] [SEVERE ] removing player 1 token from slot 7
[13:17:01.572] [SEVERE ] removing player 1 token from slot 11
[13:17:01.572] [SEVERE ] player 1 placing token on slot 5
[13:17:01.572] [SEVERE ] player 1 placing token on slot 9
[13:17:01.572] [SEVERE ] player 1 placing token on slot 7
[13:17:01.573] [SEVERE ] removing player 1 token from slot 5
[13:17:01.573] [SEVERE ] removing player 1 token from slot 7
[13:17:01.573] [SEVERE ] removing player 1 token from slot 9
[13:17:01.573] [SEVERE ] player 1 placing token on slot 9
[13:17:01.573] [SEVERE ] player 1 placing token on slot 11
[13:17:01.576] [SEVERE ] player 4 placing token on slot 2
[13:17:01.576] [SEVERE ] removing player 1 token from slot 9
[13:17:01.576] [SEVERE ] player 2 placing token on slot 4
[13:17:01.576] [SEVERE ] removing player 3 token from slot 0
[13:17:01.576] [SEVERE ] player 1 placing token on slot 4
[13:17:01.576] [SEVERE ] removing player 4 token from slot 2
[13:17:01.576] [SEVERE ] removing player 4 token from slot 3
[13:17:01.577] [SEVERE ] removing player 4 token from slot 8
[13:17:01.577] [SEVERE ] player 3 placing token on slot 7
[13:17:01.577] [SEVERE ] removing player 1 token from slot 4
[13:17:01.577] [SEVERE ] removing player 2 token from slot 4
[13:17:01.577] [SEVERE ] removing player 2 token from slot 6
[13:17:01.577] [SEVERE ] removing player 2 token from slot 8
[13:17:01.577] [SEVERE ] player 4 placing token on slot 8
[13:17:01.577] [SEVERE ] player 1 placing token on slot 7
[13:17:01.577] [SEVERE ] player 3 placing token on slot 0
[13:17:01.577] [SEVERE ] player 2 placing token on slot 7
[13:17:01.578] [SEVERE ] player 1 placing token on slot 5
[13:17:01.577] [SEVERE ] player 4 placing token on slot 3
[13:17:01.578] [SEVERE ] removing player 3 token from slot 0
[13:17:01.578] [SEVERE ] removing player 3 token from slot 3
[13:17:01.578] [SEVERE ] removing player 3 token from slot 7
[13:17:01.578] [SEVERE ] removing player 1 token from slot 5
[13:17:01.579] [SEVERE ] removing player 1 token from slot 7
[13:17:01.579] [SEVERE ] removing player 1 token from slot 11
[13:17:01.579] [SEVERE ] player 1 placing token on slot 7
[13:17:01.579] [SEVERE ] player 1 placing token on slot 0
[13:17:01.579] [SEVERE ] player 1 placing token on slot 6
[13:17:01.579] [SEVERE ] removing player 1 token from slot 0
[13:17:01.579] [SEVERE ] removing player 1 token from slot 6
[13:17:01.579] [SEVERE ] removing player 1 token from slot 7
[13:17:01.579] [SEVERE ] player 1 placing token on slot 7
[13:17:01.580] [SEVERE ] player 1 placing token on slot 3
[13:17:01.580] [SEVERE ] player 1 placing token on slot 8
[13:17:01.580] [SEVERE ] removing player 1 token from slot 3
[13:17:01.580] [SEVERE ] removing player 1 token from slot 7
[13:17:01.580] [SEVERE ] removing player 1 token from slot 8
[13:17:01.580] [SEVERE ] player 1 placing token on slot 10
[13:17:01.580] [SEVERE ] player 1 placing token on slot 9
[13:17:01.587] [SEVERE ] player 3 placing token on slot 7
[13:17:01.587] [SEVERE ] player 4 placing token on slot 2
[13:17:01.587] [SEVERE ] player 2 placing token on slot 3
[13:17:01.587] [SEVERE ] player 3 placing token on slot 5
[13:17:01.587] [SEVERE ] player 1 placing token on slot 7
[13:17:01.588] [SEVERE ] removing player 4 token from slot 2
[13:17:01.588] [SEVERE ] removing player 4 token from slot 3
[13:17:01.588] [SEVERE ] removing player 4 token from slot 8
[13:17:01.588] [SEVERE ] removing player 2 token from slot 7
[13:17:01.588] [SEVERE ] player 4 placing token on slot 2
[13:17:01.588] [SEVERE ] player 3 placing token on slot 0
[13:17:01.588] [SEVERE ] player 2 placing token on slot 4
[13:17:01.589] [SEVERE ] removing player 1 token from slot 7
[13:17:01.589] [SEVERE ] removing player 1 token from slot 9
[13:17:01.589] [SEVERE ] removing player 1 token from slot 10
[13:17:01.589] [SEVERE ] player 4 placing token on slot 5
[13:17:01.589] [SEVERE ] player 2 placing token on slot 11
[13:17:01.589] [SEVERE ] removing player 3 token from slot 0
[13:17:01.589] [SEVERE ] removing player 3 token from slot 5
[13:17:01.589] [SEVERE ] removing player 3 token from slot 7
[13:17:01.590] [SEVERE ] player 1 placing token on slot 10
[13:17:01.590] [SEVERE ] player 4 placing token on slot 4
[13:17:01.590] [SEVERE ] removing player 2 token from slot 3
[13:17:01.590] [SEVERE ] removing player 2 token from slot 4
[13:17:01.590] [SEVERE ] removing player 2 token from slot 11
[13:17:01.590] [SEVERE ] removing player 4 token from slot 2
[13:17:01.590] [SEVERE ] removing player 4 token from slot 4
[13:17:01.590] [SEVERE ] removing player 4 token from slot 5
[13:17:01.591] [SEVERE ] player 4 placing token on slot 3
[13:17:01.591] [SEVERE ] removing player 4 token from slot 3
[13:17:01.591] [SEVERE ] player 4 placing token on slot 5
[13:17:01.591] [SEVERE ] player 4 placing token on slot 2
[13:17:01.591] [SEVERE ] player 4 placing token on slot 6
[13:17:01.591] [SEVERE ] player 3 placing token on slot 7
[13:17:01.591] [SEVERE ] player 1 placing token on slot 6
[13:17:01.591] [SEVERE ] removing player 4 token from slot 2
[13:17:01.591] [SEVERE ] removing player 4 token from slot 5
[13:17:01.592] [SEVERE ] removing player 4 token from slot 6
[13:17:01.592] [SEVERE ] player 4 placing token on slot 1
[13:17:01.592] [SEVERE ] player 4 placing token on slot 0
[13:17:01.592] [SEVERE ] player 4 placing token on slot 6
[13:17:01.592] [SEVERE ] player 3 placing token on slot 9
[13:17:01.592] [SEVERE ] removing player 4 token from slot 0
[13:17:01.592] [SEVERE ] removing player 4 token from slot 1
[13:17:01.592] [SEVERE ] removing player 4 token from slot 6
[13:17:01.593] [SEVERE ] player 4 placing token on slot 6
[13:17:01.593] [SEVERE ] player 4 placing token on slot 8
[13:17:01.593] [SEVERE ] player 4 placing token on slot 3
[13:17:01.593] [SEVERE ] removing player 4 token from slot 3
[13:17:01.593] [SEVERE ] removing player 4 token from slot 6
[13:17:01.593] [SEVERE ] removing player 4 token from slot 8
[13:17:01.593] [SEVERE ] player 4 placing token on slot 10
[13:17:01.593] [SEVERE ] player 4 placing token on slot 4
[13:17:01.593] [SEVERE ] player 4 placing token on slot 8
[13:17:01.594] [SEVERE ] removing player 4 token from slot 4
[13:17:01.594] [SEVERE ] removing player 4 token from slot 8
[13:17:01.594] [SEVERE ] removing player 4 token from slot 10
[13:17:01.594] [SEVERE ] player 4 placing token on slot 4
[13:17:01.594] [SEVERE ] removing player 4 token from slot 4
[13:17:01.594] [SEVERE ] player 3 placing token on slot 4
[13:17:01.594] [SEVERE ] player 1 placing token on slot 11
[13:17:01.594] [SEVERE ] player 2 placing token on slot 10
[13:17:01.594] [SEVERE ] player 4 placing token on slot 6
[13:17:01.594] [SEVERE ] removing player 3 token from slot 4
[13:17:01.595] [SEVERE ] removing player 3 token from slot 7
[13:17:01.595] [SEVERE ] removing player 3 token from slot 9
[13:17:01.595] [SEVERE ] removing player 1 token from slot 6
[13:17:01.595] [SEVERE ] removing player 1 token from slot 10
[13:17:01.595] [SEVERE ] removing player 1 token from slot 11
[13:17:01.595] [SEVERE ] player 1 placing token on slot 6
[13:17:01.595] [SEVERE ] player 1 placing token on slot 10
[13:17:01.597] [SEVERE ] player 1 placing token on slot 1
[13:17:01.597] [SEVERE ] removing player 1 token from slot 1
[13:17:01.597] [SEVERE ] removing player 1 token from slot 6
[13:17:01.597] [SEVERE ] removing player 1 token from slot 10
[13:17:01.597] [SEVERE ] player 1 placing token on slot 6
[13:17:01.597] [SEVERE ] player 1 placing token on slot 9
[13:17:01.598] [SEVERE ] player 4 placing token on slot 7
[13:17:01.598] [SEVERE ] player 4 placing token on slot 9
[13:17:01.598] [SEVERE ] removing player 2 token from slot 10
[13:17:01.598] [SEVERE ] player 3 placing token on slot 8
[13:17:01.598] [SEVERE ] player 1 placing token on slot 11
[13:17:01.599] [SEVERE ] removing player 4 token from slot 6
[13:17:01.599] [SEVERE ] removing player 4 token from slot 7
[13:17:01.599] [SEVERE ] removing player 4 token from slot 9
[13:17:01.599] [SEVERE ] removing player 1 token from slot 6
[13:17:01.599] [SEVERE ] removing player 1 token from slot 9
[13:17:01.599] [SEVERE ] removing player 1 token from slot 11
[13:17:01.600] [SEVERE ] player 1 placing token on slot 8
[13:17:01.600] [SEVERE ] player 1 placing token on slot 6
[13:17:01.600] [SEVERE ] player 1 placing token on slot 5
[13:17:01.600] [SEVERE ] removing player 1 token from slot 5
[13:17:01.600] [SEVERE ] removing player 1 token from slot 6
[13:17:01.600] [SEVERE ] removing player 1 token from slot 8
[13:17:01.600] [SEVERE ] player 1 placing token on slot 3
[13:17:01.600] [SEVERE ] removing player 1 token from slot 3
[13:17:01.600] [SEVERE ] player 1 placing token on slot 0
[13:17:01.601] [SEVERE ] player 4 placing token on slot 4
[13:17:01.601] [SEVERE ] player 1 placing token on slot 11
[13:17:01.601] [SEVERE ] player 2 placing token on slot 8
[13:17:01.601] [SEVERE ] player 4 placing token on slot 10
[13:17:01.601] [SEVERE ] player 4 placing token on slot 9
[13:17:01.601] [SEVERE ] player 2 placing token on slot 2
[13:17:01.601] [SEVERE ] player 1 placing token on slot 7
[13:17:01.601] [SEVERE ] player 3 placing token on slot 5
[13:17:01.601] [SEVERE ] removing player 4 token from slot 4
[13:17:01.601] [SEVERE ] removing player 4 token from slot 9
[13:17:01.601] [SEVERE ] removing player 4 token from slot 10
[13:17:01.601] [SEVERE ] removing player 1 token from slot 0
[13:17:01.602] [SEVERE ] removing player 1 token from slot 7
[13:17:01.602] [SEVERE ] removing player 1 token from slot 11
[13:17:01.602] [SEVERE ] player 1 placing token on slot 8
[13:17:01.602] [SEVERE ] player 1 placing token on slot 9
[13:17:01.602] [SEVERE ] player 1 placing token on slot 3
[13:17:01.602] [SEVERE ] removing player 1 token from slot 3
[13:17:01.602] [SEVERE ] removing player 1 token from slot 8
[13:17:01.603] [SEVERE ] removing player 1 token from slot 9
[13:17:01.603] [SEVERE ] player 1 placing token on slot 5
[13:17:01.603] [SEVERE ] player 1 placing token on slot 3
[13:17:01.603] [SEVERE ] player 1 placing token on slot 6
[13:17:01.605] [SEVERE ] player 2 placing token on slot 4
[13:17:01.605] [SEVERE ] player 4 placing token on slot 4
[13:17:01.605] [SEVERE ] removing player 3 token from slot 8
[13:17:01.605] [SEVERE ] removing player 1 token from slot 3
[13:17:01.605] [SEVERE ] removing player 1 token from slot 5
[13:17:01.605] [SEVERE ] removing player 1 token from slot 6
[13:17:01.605] [SEVERE ] player 4 placing token on slot 11
[13:17:01.605] [SEVERE ] player 3 placing token on slot 2
[13:17:01.606] [SEVERE ] removing player 2 token from slot 2
[13:17:01.606] [SEVERE ] removing player 2 token from slot 4
[13:17:01.606] [SEVERE ] removing player 2 token from slot 8
[13:17:01.606] [SEVERE ] player 1 placing token on slot 2
[13:17:01.606] [SEVERE ] player 2 placing token on slot 1
[13:17:01.606] [SEVERE ] removing player 3 token from slot 2
[13:17:01.606] [SEVERE ] player 4 placing token on slot 7
[13:17:01.606] [SEVERE ] player 3 placing token on slot 7
[13:17:01.606] [SEVERE ] player 2 placing token on slot 8
[13:17:01.606] [SEVERE ] player 1 placing token on slot 8
[13:17:01.607] [SEVERE ] removing player 4 token from slot 4
[13:17:01.607] [SEVERE ] removing player 4 token from slot 7
[13:17:01.607] [SEVERE ] removing player 4 token from slot 11
[13:17:01.607] [SEVERE ] player 3 placing token on slot 8
[13:17:01.607] [SEVERE ] player 4 placing token on slot 3
[13:17:01.607] [SEVERE ] player 1 placing token on slot 3
[13:17:01.607] [SEVERE ] player 2 placing token on slot 7
[13:17:01.607] [SEVERE ] removing player 3 token from slot 5
[13:17:01.607] [SEVERE ] removing player 3 token from slot 7
[13:17:01.607] [SEVERE ] removing player 3 token from slot 8
[13:17:01.607] [SEVERE ] player 4 placing token on slot 6
[13:17:01.608] [SEVERE ] removing player 1 token from slot 2
[13:17:01.608] [SEVERE ] removing player 1 token from slot 3
[13:17:01.608] [SEVERE ] removing player 1 token from slot 8
[13:17:01.608] [SEVERE ] player 3 placing token on slot 1
[13:17:01.608] [SEVERE ] player 4 placing token on slot 1
[13:17:01.608] [SEVERE ] removing player 2 token from slot 1
[13:17:01.608] [SEVERE ] removing player 2 token from slot 7
[13:17:01.608] [SEVERE ] removing player 2 token from slot 8
[13:17:01.608] [SEVERE ] player 1 placing token on slot 9
[13:17:01.609] [SEVERE ] player 3 placing token on slot 0
[13:17:01.609] [SEVERE ] player 2 placing token on slot 8
[13:17:01.609] [SEVERE ] removing player 4 token from slot 1
[13:17:01.609] [SEVERE ] removing player 4 token from slot 3
[13:17:01.609] [SEVERE ] removing player 4 token from slot 6
[13:17:01.609] [SEVERE ] player 1 placing token on slot 3
[13:17:01.609] [SEVERE ] player 2 placing token on slot 9
[13:17:01.609] [SEVERE ] player 3 placing token on slot 6
[13:17:01.609] [SEVERE ] player 4 placing token on slot 7
[13:17:01.609] [SEVERE ] player 2 placing token on slot 7
[13:17:01.609] [SEVERE ] player 1 placing token on slot 10
[13:17:01.610] [SEVERE ] removing player 3 token from slot 0
[13:17:01.610] [SEVERE ] removing player 3 token from slot 1
[13:17:01.610] [SEVERE ] removing player 3 token from slot 6
[13:17:01.610] [SEVERE ] removing player 4 token from slot 7
[13:17:01.610] [SEVERE ] removing player 2 token from slot 7
[13:17:01.610] [SEVERE ] removing player 2 token from slot 8
[13:17:01.611] [SEVERE ] removing player 2 token from slot 9
[13:17:01.611] [SEVERE ] player 4 placing token on slot 11
[13:17:01.611] [SEVERE ] removing player 1 token from slot 3
[13:17:01.611] [SEVERE ] removing player 1 token from slot 9
[13:17:01.611] [SEVERE ] removing player 1 token from slot 10
[13:17:01.612] [SEVERE ] player 3 placing token on slot 4
[13:17:01.612] [SEVERE ] player 1 placing token on slot 3
[13:17:01.612] [SEVERE ] player 4 placing token on slot 7
[13:17:01.612] [SEVERE ] player 2 placing token on slot 3
[13:17:01.612] [SEVERE ] player 4 placing token on slot 0
[13:17:01.612] [SEVERE ] removing player 1 token from slot 3
[13:17:01.612] [SEVERE ] player 3 placing token on slot 8
[13:17:01.612] [SEVERE ] player 2 placing token on slot 6
[13:17:01.612] [SEVERE ] removing player 4 token from slot 0
[13:17:01.613] [SEVERE ] removing player 4 token from slot 7
[13:17:01.613] [SEVERE ] removing player 4 token from slot 11
[13:17:01.613] [SEVERE ] player 1 placing token on slot 9
[13:17:01.613] [SEVERE ] player 1 placing token on slot 0
[13:17:01.613] [SEVERE ] player 2 placing token on slot 9
[13:17:01.613] [SEVERE ] player 3 placing token on slot 0
[13:17:01.613] [SEVERE ] player 4 placing token on slot 2
[13:17:01.613] [SEVERE ] player 1 placing token on slot 8
[13:17:01.614] [SEVERE ] removing player 2 token from slot 3
[13:17:01.614] [SEVERE ] removing player 2 token from slot 6
[13:17:01.614] [SEVERE ] removing player 2 token from slot 9
[13:17:01.614] [SEVERE ] player 4 placing token on slot 4
[13:17:01.615] [SEVERE ] removing player 3 token from slot 0
[13:17:01.615] [SEVERE ] removing player 3 token from slot 4
[13:17:01.615] [SEVERE ] removing player 3 token from slot 8
[13:17:01.615] [SEVERE ] removing player 1 token from slot 0
[13:17:01.615] [SEVERE ] removing player 1 token from slot 8
[13:17:01.615] [SEVERE ] removing player 1 token from slot 9
[13:17:01.615] [SEVERE ] removing player 4 token from slot 4
[13:17:01.615] [SEVERE ] player 1 placing token on slot 10
[13:17:01.615] [SEVERE ] player 3 placing token on slot 8
[13:17:01.616] [SEVERE ] player 3 placing token on slot 2
[13:17:01.616] [SEVERE ] player 3 placing token on slot 3
[13:17:01.615] [SEVERE ] player 2 placing token on slot 2
[13:17:01.615] [SEVERE ] player 4 placing token on slot 4
[13:17:01.616] [SEVERE ] player 1 placing token on slot 0
[13:17:01.617] [SEVERE ] removing player 3 token from slot 2
[13:17:01.617] [SEVERE ] removing player 3 token from slot 3
[13:17:01.617] [SEVERE ] removing player 3 token from slot 8
[13:17:01.617] [SEVERE ] player 2 placing token on slot 8
[13:17:01.617] [SEVERE ] player 3 placing token on slot 8
[13:17:01.617] [SEVERE ] player 1 placing token on slot 7
[13:17:01.617] [SEVERE ] player 4 placing token on slot 3
[13:17:01.618] [SEVERE ] player 3 placing token on slot 5
[13:17:01.617] [SEVERE ] player 2 placing token on slot 4
[13:17:01.618] [SEVERE ] removing player 1 token from slot 0
[13:17:01.618] [SEVERE ] removing player 1 token from slot 7
[13:17:01.618] [SEVERE ] removing player 1 token from slot 10
[13:17:01.619] [SEVERE ] removing player 4 token from slot 2
[13:17:01.619] [SEVERE ] removing player 4 token from slot 3
[13:17:01.619] [SEVERE ] removing player 4 token from slot 4
[13:17:01.619] [SEVERE ] removing player 2 token from slot 2
[13:17:01.619] [SEVERE ] removing player 2 token from slot 4
[13:17:01.619] [SEVERE ] removing player 2 token from slot 8
[13:17:01.621] [SEVERE ] player 1 placing token on slot 4
[13:17:01.621] [SEVERE ] player 2 placing token on slot 5
[13:17:01.621] [SEVERE ] removing player 3 token from slot 5
[13:17:01.621] [SEVERE ] player 4 placing token on slot 0
[13:17:01.622] [SEVERE ] player 3 placing token on slot 3
[13:17:01.621] [SEVERE ] player 2 placing token on slot 0
[13:17:01.621] [SEVERE ] player 1 placing token on slot 1
[13:17:01.622] [SEVERE ] player 2 placing token on slot 11
[13:17:01.622] [SEVERE ] player 3 placing token on slot 6
[13:17:01.622] [SEVERE ] player 4 placing token on slot 8
[13:17:01.622] [SEVERE ] player 1 placing token on slot 10
[13:17:01.623] [SEVERE ] removing player 2 token from slot 0
[13:17:01.623] [SEVERE ] removing player 2 token from slot 5
[13:17:01.623] [SEVERE ] removing player 2 token from slot 11
[13:17:01.623] [SEVERE ] player 4 placing token on slot 6
[13:17:01.623] [SEVERE ] removing player 3 token from slot 3
[13:17:01.623] [SEVERE ] removing player 3 token from slot 6
[13:17:01.623] [SEVERE ] removing player 3 token from slot 8
[13:17:01.623] [SEVERE ] player 2 placing token on slot 11
[13:17:01.624] [SEVERE ] removing player 1 token from slot 1
[13:17:01.624] [SEVERE ] removing player 1 token from slot 4
[13:17:01.625] [SEVERE ] removing player 1 token from slot 10
[13:17:01.625] [SEVERE ] removing player 4 token from slot 0
[13:17:01.625] [SEVERE ] removing player 4 token from slot 6
[13:17:01.625] [SEVERE ] removing player 4 token from slot 8
[13:17:01.625] [SEVERE ] player 4 placing token on slot 9
[13:17:01.625] [SEVERE ] player 3 placing token on slot 6
[13:17:01.625] [SEVERE ] player 4 placing token on slot 11
[13:17:01.626] [SEVERE ] player 1 placing token on slot 3
[13:17:01.625] [SEVERE ] player 2 placing token on slot 8
[13:17:01.627] [SEVERE ] removing player 2 token from slot 11
[13:17:01.627] [SEVERE ] player 2 placing token on slot 11
[13:17:01.627] [SEVERE ] player 2 placing token on slot 0
[13:17:01.625] [SEVERE ] player 3 placing token on slot 7
[13:17:01.626] [SEVERE ] player 1 placing token on slot 10
[13:17:01.626] [SEVERE ] player 4 placing token on slot 5
[13:17:01.629] [SEVERE ] removing player 2 token from slot 0
[13:17:01.629] [SEVERE ] removing player 2 token from slot 8
[13:17:01.629] [SEVERE ] removing player 2 token from slot 11
[13:17:01.629] [SEVERE ] player 1 placing token on slot 11
[13:17:01.629] [SEVERE ] removing player 4 token from slot 5
[13:17:01.630] [SEVERE ] removing player 4 token from slot 9
[13:17:01.630] [SEVERE ] removing player 4 token from slot 11
[13:17:01.630] [SEVERE ] player 2 placing token on slot 10
[13:17:01.630] [SEVERE ] player 4 placing token on slot 2
[13:17:01.630] [SEVERE ] player 3 placing token on slot 8
[13:17:01.630] [SEVERE ] player 2 placing token on slot 1
[13:17:01.631] [SEVERE ] removing player 1 token from slot 3
[13:17:01.631] [SEVERE ] removing player 1 token from slot 10
[13:17:01.631] [SEVERE ] removing player 1 token from slot 11
[13:17:01.631] [SEVERE ] player 4 placing token on slot 5
[13:17:01.631] [SEVERE ] player 1 placing token on slot 11
[13:17:01.631] [SEVERE ] player 4 placing token on slot 1
[13:17:01.631] [SEVERE ] player 1 placing token on slot 5
[13:17:01.631] [SEVERE ] player 1 placing token on slot 1
[13:17:01.634] [SEVERE ] player 2 placing token on slot 5
[13:17:01.634] [SEVERE ] removing player 3 token from slot 6
[13:17:01.634] [SEVERE ] removing player 3 token from slot 7
[13:17:01.634] [SEVERE ] removing player 3 token from slot 8
[13:17:01.634] [SEVERE ] removing player 4 token from slot 1
[13:17:01.636] [SEVERE ] removing player 4 token from slot 2
[13:17:01.636] [SEVERE ] removing player 4 token from slot 5
[13:17:01.636] [SEVERE ] removing player 1 token from slot 1
[13:17:01.636] [SEVERE ] removing player 1 token from slot 5
[13:17:01.636] [SEVERE ] removing player 1 token from slot 11
[13:17:01.636] [SEVERE ] player 4 placing token on slot 9
[13:17:01.636] [SEVERE ] player 3 placing token on slot 9
[13:17:01.637] [SEVERE ] removing player 2 token from slot 1
[13:17:01.637] [SEVERE ] removing player 2 token from slot 5
[13:17:01.637] [SEVERE ] removing player 2 token from slot 10
[13:17:01.637] [SEVERE ] player 1 placing token on slot 11
[13:17:01.637] [SEVERE ] player 4 placing token on slot 4
[13:17:01.637] [SEVERE ] player 1 placing token on slot 8
[13:17:01.637] [SEVERE ] player 1 placing token on slot 6
[13:17:01.637] [SEVERE ] player 2 placing token on slot 9
[13:17:01.637] [SEVERE ] player 3 placing token on slot 3
[13:17:01.637] [SEVERE ] player 4 placing token on slot 7
[13:17:01.638] [SEVERE ] removing player 1 token from slot 6
[13:17:01.638] [SEVERE ] removing player 1 token from slot 8
[13:17:01.639] [SEVERE ] removing player 1 token from slot 11
[13:17:01.639] [SEVERE ] player 1 placing token on slot 0
[13:17:01.639] [SEVERE ] player 1 placing token on slot 11
[13:17:01.639] [SEVERE ] player 1 placing token on slot 2
[13:17:01.639] [SEVERE ] player 2 placing token on slot 7
[13:17:01.639] [SEVERE ] player 3 placing token on slot 11
[13:17:01.640] [SEVERE ] removing player 4 token from slot 4
[13:17:01.640] [SEVERE ] removing player 4 token from slot 7
[13:17:01.640] [SEVERE ] removing player 4 token from slot 9
[13:17:01.640] [SEVERE ] removing player 1 token from slot 0
[13:17:01.640] [SEVERE ] removing player 1 token from slot 2
[13:17:01.640] [SEVERE ] removing player 1 token from slot 11
[13:17:01.640] [SEVERE ] player 4 placing token on slot 2
[13:17:01.640] [SEVERE ] removing player 3 token from slot 3
[13:17:01.641] [SEVERE ] removing player 3 token from slot 9
[13:17:01.641] [SEVERE ] removing player 3 token from slot 11
[13:17:01.641] [SEVERE ] player 1 placing token on slot 0
[13:17:01.641] [SEVERE ] player 3 placing token on slot 3
[13:17:01.641] [SEVERE ] player 3 placing token on slot 10
[13:17:01.641] [SEVERE ] player 2 placing token on slot 6
[13:17:01.641] [SEVERE ] removing player 4 token from slot 2
[13:17:01.641] [SEVERE ] player 3 placing token on slot 0
[13:17:01.641] [SEVERE ] player 1 placing token on slot 10
[13:17:01.642] [SEVERE ] removing player 2 token from slot 6
[13:17:01.642] [SEVERE ] removing player 2 token from slot 7
[13:17:01.642] [SEVERE ] removing player 2 token from slot 9
[13:17:01.642] [SEVERE ] player 4 placing token on slot 4
[13:17:01.642] [SEVERE ] player 1 placing token on slot 1
[13:17:01.642] [SEVERE ] removing player 3 token from slot 0
[13:17:01.643] [SEVERE ] removing player 3 token from slot 3
[13:17:01.643] [SEVERE ] removing player 3 token from slot 10
[13:17:01.643] [SEVERE ] player 4 placing token on slot 8
[13:17:01.643] [SEVERE ] player 4 placing token on slot 10
[13:17:01.643] [SEVERE ] player 3 placing token on slot 8
[13:17:01.643] [SEVERE ] player 3 placing token on slot 7
[13:17:01.643] [SEVERE ] player 3 placing token on slot 0
[13:17:01.644] [SEVERE ] player 2 placing token on slot 0
[13:17:01.644] [SEVERE ] removing player 1 token from slot 0
[13:17:01.644] [SEVERE ] removing player 1 token from slot 1
[13:17:01.644] [SEVERE ] removing player 1 token from slot 10
[13:17:01.645] [SEVERE ] player 1 placing token on slot 9
[13:17:01.645] [SEVERE ] player 2 placing token on slot 2
[13:17:01.645] [SEVERE ] removing player 4 token from slot 4
[13:17:01.645] [SEVERE ] removing player 4 token from slot 8
[13:17:01.645] [SEVERE ] removing player 4 token from slot 10
[13:17:01.645] [SEVERE ] player 1 placing token on slot 4
[13:17:01.645] [SEVERE ] player 2 placing token on slot 7
[13:17:01.645] [SEVERE ] removing player 3 token from slot 0
[13:17:01.646] [SEVERE ] removing player 3 token from slot 7
[13:17:01.646] [SEVERE ] removing player 3 token from slot 8
[13:17:01.646] [SEVERE ] player 4 placing token on slot 9
[13:17:01.646] [SEVERE ] player 1 placing token on slot 2
[13:17:01.646] [SEVERE ] removing player 2 token from slot 0
[13:17:01.646] [SEVERE ] removing player 2 token from slot 2
[13:17:01.646] [SEVERE ] removing player 2 token from slot 7
[13:17:01.646] [SEVERE ] player 3 placing token on slot 5
[13:17:01.646] [SEVERE ] player 4 placing token on slot 2
[13:17:01.646] [SEVERE ] removing player 1 token from slot 2
[13:17:01.647] [SEVERE ] removing player 1 token from slot 4
[13:17:01.647] [SEVERE ] removing player 1 token from slot 9
[13:17:01.647] [SEVERE ] player 1 placing token on slot 11
[13:17:01.647] [SEVERE ] player 1 placing token on slot 5
[13:17:01.647] [SEVERE ] removing player 1 token from slot 5
[13:17:01.647] [SEVERE ] player 1 placing token on slot 0
[13:17:01.647] [SEVERE ] removing player 1 token from slot 11
[13:17:01.647] [SEVERE ] player 4 placing token on slot 10
[13:17:01.647] [SEVERE ] player 3 placing token on slot 8
[13:17:01.647] [SEVERE ] player 2 placing token on slot 10
[13:17:01.647] [SEVERE ] player 1 placing token on slot 4
[13:17:01.648] [SEVERE ] removing player 4 token from slot 2
[13:17:01.648] [SEVERE ] removing player 4 token from slot 9
[13:17:01.648] [SEVERE ] removing player 4 token from slot 10
[13:17:01.648] [SEVERE ] player 3 placing token on slot 11
[13:17:01.648] [SEVERE ] player 4 placing token on slot 1
[13:17:01.648] [SEVERE ] player 1 placing token on slot 10
[13:17:01.648] [SEVERE ] player 2 placing token on slot 5
[13:17:01.649] [SEVERE ] removing player 3 token from slot 5
[13:17:01.649] [SEVERE ] removing player 3 token from slot 8
[13:17:01.649] [SEVERE ] removing player 3 token from slot 11
[13:17:01.649] [SEVERE ] removing player 4 token from slot 1
[13:17:01.650] [SEVERE ] player 4 placing token on slot 7
[13:17:01.650] [SEVERE ] player 4 placing token on slot 10
[13:17:01.650] [SEVERE ] player 4 placing token on slot 6
[13:17:01.650] [SEVERE ] player 3 placing token on slot 9
[13:17:01.650] [SEVERE ] removing player 2 token from slot 10
[13:17:01.650] [SEVERE ] removing player 1 token from slot 0
[13:17:01.650] [SEVERE ] removing player 1 token from slot 4
[13:17:01.651] [SEVERE ] removing player 1 token from slot 10
[13:17:01.651] [SEVERE ] player 3 placing token on slot 10
[13:17:01.651] [SEVERE ] player 2 placing token on slot 10
[13:17:01.651] [SEVERE ] player 1 placing token on slot 3
[13:17:01.651] [SEVERE ] removing player 4 token from slot 6
[13:17:01.651] [SEVERE ] removing player 4 token from slot 7
[13:17:01.651] [SEVERE ] removing player 4 token from slot 10
[13:17:01.651] [SEVERE ] player 4 placing token on slot 6
[13:17:01.652] [SEVERE ] player 4 placing token on slot 10
[13:17:01.652] [SEVERE ] player 4 placing token on slot 0
[13:17:01.652] [SEVERE ] removing player 4 token from slot 0
[13:17:01.653] [SEVERE ] removing player 4 token from slot 6
[13:17:01.653] [SEVERE ] removing player 4 token from slot 10
[13:17:01.653] [SEVERE ] player 3 placing token on slot 7
[13:17:01.653] [SEVERE ] player 1 placing token on slot 1
[13:17:01.653] [SEVERE ] player 2 placing token on slot 7
[13:17:01.653] [SEVERE ] player 4 placing token on slot 0
[13:17:01.653] [SEVERE ] removing player 3 token from slot 7
[13:17:01.653] [SEVERE ] removing player 3 token from slot 9
[13:17:01.653] [SEVERE ] removing player 3 token from slot 10
[13:17:01.654] [SEVERE ] player 1 placing token on slot 9
[13:17:01.654] [SEVERE ] player 4 placing token on slot 4
[13:17:01.654] [SEVERE ] removing player 2 token from slot 5
[13:17:01.654] [SEVERE ] removing player 2 token from slot 7
[13:17:01.654] [SEVERE ] removing player 2 token from slot 10
[13:17:01.654] [SEVERE ] player 3 placing token on slot 11
[13:17:01.654] [SEVERE ] player 4 placing token on slot 7
[13:17:01.654] [SEVERE ] removing player 1 token from slot 1
[13:17:01.655] [SEVERE ] removing player 1 token from slot 3
[13:17:01.655] [SEVERE ] removing player 1 token from slot 9
[13:17:01.655] [SEVERE ] player 2 placing token on slot 11
[13:17:01.655] [SEVERE ] player 3 placing token on slot 3
[13:17:01.655] [SEVERE ] removing player 4 token from slot 0
[13:17:01.655] [SEVERE ] removing player 4 token from slot 4
[13:17:01.655] [SEVERE ] removing player 4 token from slot 7
[13:17:01.655] [SEVERE ] player 1 placing token on slot 8
[13:17:01.655] [SEVERE ] player 3 placing token on slot 7
[13:17:01.655] [SEVERE ] player 2 placing token on slot 8
[13:17:01.655] [SEVERE ] player 4 placing token on slot 6
[13:17:01.655] [SEVERE ] player 1 placing token on slot 1
[13:17:01.656] [SEVERE ] removing player 3 token from slot 3
[13:17:01.656] [SEVERE ] removing player 3 token from slot 7
[13:17:01.656] [SEVERE ] removing player 3 token from slot 11
[13:17:01.656] [SEVERE ] removing player 2 token from slot 8
[13:17:01.656] [SEVERE ] player 1 placing token on slot 2
[13:17:01.656] [SEVERE ] removing player 4 token from slot 6
[13:17:01.656] [SEVERE ] player 2 placing token on slot 10
[13:17:01.657] [SEVERE ] removing player 1 token from slot 1
[13:17:01.657] [SEVERE ] removing player 1 token from slot 2
[13:17:01.657] [SEVERE ] removing player 1 token from slot 8
[13:17:01.657] [SEVERE ] player 4 placing token on slot 9
[13:17:01.657] [SEVERE ] player 1 placing token on slot 9
[13:17:01.657] [SEVERE ] player 2 placing token on slot 7
[13:17:01.657] [SEVERE ] player 3 placing token on slot 8
[13:17:01.657] [SEVERE ] player 1 placing token on slot 4
[13:17:01.657] [SEVERE ] player 4 placing token on slot 2
[13:17:01.658] [SEVERE ] removing player 2 token from slot 7
[13:17:01.658] [SEVERE ] removing player 2 token from slot 10
[13:17:01.658] [SEVERE ] removing player 2 token from slot 11
[13:17:01.658] [SEVERE ] player 3 placing token on slot 9
[13:17:01.658] [SEVERE ] player 2 placing token on slot 6
[13:17:01.658] [SEVERE ] player 4 placing token on slot 8
[13:17:01.658] [SEVERE ] player 1 placing token on slot 1
[13:17:01.658] [SEVERE ] player 2 placing token on slot 4
[13:17:01.658] [SEVERE ] player 3 placing token on slot 11
[13:17:01.659] [SEVERE ] removing player 4 token from slot 2
[13:17:01.659] [SEVERE ] removing player 4 token from slot 8
[13:17:01.659] [SEVERE ] removing player 4 token from slot 9
[13:17:01.659] [SEVERE ] player 2 placing token on slot 5
[13:17:01.659] [SEVERE ] removing player 1 token from slot 1
[13:17:01.659] [SEVERE ] removing player 1 token from slot 4
[13:17:01.660] [SEVERE ] removing player 1 token from slot 9
[13:17:01.660] [SEVERE ] player 4 placing token on slot 5
[13:17:01.660] [SEVERE ] removing player 3 token from slot 8
[13:17:01.660] [SEVERE ] removing player 3 token from slot 9
[13:17:01.660] [SEVERE ] removing player 3 token from slot 11
[13:17:01.660] [SEVERE ] player 1 placing token on slot 4
[13:17:01.660] [SEVERE ] player 4 placing token on slot 2
[13:17:01.661] [SEVERE ] removing player 2 token from slot 4
[13:17:01.661] [SEVERE ] removing player 2 token from slot 5
[13:17:01.661] [SEVERE ] removing player 2 token from slot 6
[13:17:01.661] [SEVERE ] player 1 placing token on slot 11
[13:17:01.661] [SEVERE ] player 4 placing token on slot 6
[13:17:01.661] [SEVERE ] player 1 placing token on slot 0
[13:17:01.661] [SEVERE ] removing player 4 token from slot 2
[13:17:01.661] [SEVERE ] removing player 4 token from slot 5
[13:17:01.661] [SEVERE ] removing player 4 token from slot 6
[13:17:01.661] [SEVERE ] removing player 1 token from slot 0
[13:17:01.662] [SEVERE ] removing player 1 token from slot 4
[13:17:01.662] [SEVERE ] removing player 1 token from slot 11
[13:17:01.662] [SEVERE ] player 1 placing token on slot 4
[13:17:01.662] [SEVERE ] player 1 placing token on slot 10
[13:17:01.662] [SEVERE ] player 4 placing token on slot 11
[13:17:01.662] [SEVERE ] player 2 placing token on slot 9
[13:17:01.662] [SEVERE ] player 3 placing token on slot 2
[13:17:01.662] [SEVERE ] player 2 placing token on slot 6
[13:17:01.662] [SEVERE ] player 4 placing token on slot 0
[13:17:01.662] [SEVERE ] player 1 placing token on slot 7
[13:17:01.662] [SEVERE ] player 4 placing token on slot 3
[13:17:01.662] [SEVERE ] removing player 2 token from slot 9
[13:17:01.662] [SEVERE ] player 3 placing token on slot 4
[13:17:01.663] [SEVERE ] removing player 1 token from slot 4
[13:17:01.663] [SEVERE ] removing player 1 token from slot 7
[13:17:01.663] [SEVERE ] removing player 1 token from slot 10
[13:17:01.663] [SEVERE ] removing player 4 token from slot 0
[13:17:01.663] [SEVERE ] removing player 4 token from slot 3
[13:17:01.663] [SEVERE ] removing player 4 token from slot 11
[13:17:01.663] [SEVERE ] player 2 placing token on slot 8
[13:17:01.664] [SEVERE ] player 1 placing token on slot 3
[13:17:01.664] [SEVERE ] player 3 placing token on slot 7
[13:17:01.664] [SEVERE ] player 4 placing token on slot 8
[13:17:01.664] [SEVERE ] player 1 placing token on slot 10
[13:17:01.664] [SEVERE ] removing player 2 token from slot 8
[13:17:01.664] [SEVERE ] removing player 3 token from slot 2
[13:17:01.664] [SEVERE ] removing player 3 token from slot 4
[13:17:01.664] [SEVERE ] removing player 3 token from slot 7
[13:17:01.664] [SEVERE ] player 4 placing token on slot 9
[13:17:01.665] [SEVERE ] player 4 placing token on slot 0
[13:17:01.665] [SEVERE ] player 2 placing token on slot 1
[13:17:01.664] [SEVERE ] player 1 placing token on slot 9
[13:17:01.664] [SEVERE ] player 3 placing token on slot 9
[13:17:01.667] [SEVERE ] removing player 4 token from slot 0
[13:17:01.667] [SEVERE ] removing player 4 token from slot 8
[13:17:01.668] [SEVERE ] removing player 4 token from slot 9
[13:17:01.668] [SEVERE ] player 2 placing token on slot 8
[13:17:01.668] [SEVERE ] player 4 placing token on slot 0
[13:17:01.668] [SEVERE ] player 4 placing token on slot 10
[13:17:01.668] [SEVERE ] player 4 placing token on slot 7
[13:17:01.669] [SEVERE ] player 3 placing token on slot 5
[13:17:01.669] [SEVERE ] removing player 1 token from slot 3
[13:17:01.669] [SEVERE ] removing player 1 token from slot 9
[13:17:01.669] [SEVERE ] removing player 1 token from slot 10
[13:17:01.669] [SEVERE ] removing player 3 token from slot 5
[13:17:01.670] [SEVERE ] removing player 2 token from slot 1
[13:17:01.670] [SEVERE ] removing player 2 token from slot 6
[13:17:01.670] [SEVERE ] removing player 2 token from slot 8
[13:17:01.670] [SEVERE ] player 1 placing token on slot 4
[13:17:01.670] [SEVERE ] player 1 placing token on slot 0
[13:17:01.670] [SEVERE ] player 1 placing token on slot 5
[13:17:01.670] [SEVERE ] player 2 placing token on slot 0
[13:17:01.671] [SEVERE ] player 2 placing token on slot 3
[13:17:01.671] [SEVERE ] player 2 placing token on slot 1
[13:17:01.671] [SEVERE ] player 3 placing token on slot 0
[13:17:01.671] [SEVERE ] removing player 4 token from slot 0
[13:17:01.671] [SEVERE ] removing player 4 token from slot 7
[13:17:01.671] [SEVERE ] removing player 4 token from slot 10
[13:17:01.671] [SEVERE ] player 3 placing token on slot 2
[13:17:01.672] [SEVERE ] removing player 1 token from slot 0
[13:17:01.672] [SEVERE ] removing player 1 token from slot 4
[13:17:01.672] [SEVERE ] removing player 1 token from slot 5
[13:17:01.672] [SEVERE ] player 4 placing token on slot 8
[13:17:01.672] [SEVERE ] removing player 2 token from slot 0
[13:17:01.672] [SEVERE ] removing player 2 token from slot 1
[13:17:01.672] [SEVERE ] removing player 2 token from slot 3
[13:17:01.672] [SEVERE ] player 1 placing token on slot 6
[13:17:01.672] [SEVERE ] player 4 placing token on slot 1
[13:17:01.673] [SEVERE ] removing player 3 token from slot 0
[13:17:01.673] [SEVERE ] removing player 3 token from slot 2
[13:17:01.673] [SEVERE ] removing player 3 token from slot 9
[13:17:01.673] [SEVERE ] player 2 placing token on slot 2
[13:17:01.673] [SEVERE ] player 4 placing token on slot 3
[13:17:01.673] [SEVERE ] player 3 placing token on slot 5
[13:17:01.673] [SEVERE ] player 1 placing token on slot 3
[13:17:01.673] [SEVERE ] player 2 placing token on slot 5
[13:17:01.673] [SEVERE ] removing player 4 token from slot 1
[13:17:01.674] [SEVERE ] removing player 4 token from slot 3
[13:17:01.674] [SEVERE ] removing player 4 token from slot 8
[13:17:01.674] [SEVERE ] player 3 placing token on slot 6
[13:17:01.674] [SEVERE ] player 3 placing token on slot 0
[13:17:01.674] [SEVERE ] player 2 placing token on slot 10
[13:17:01.674] [SEVERE ] player 4 placing token on slot 0
[13:17:01.674] [SEVERE ] removing player 1 token from slot 3
[13:17:01.674] [SEVERE ] removing player 3 token from slot 0
[13:17:01.675] [SEVERE ] removing player 3 token from slot 5
[13:17:01.675] [SEVERE ] removing player 3 token from slot 6
[13:17:01.675] [SEVERE ] removing player 2 token from slot 2
[13:17:01.675] [SEVERE ] removing player 2 token from slot 5
[13:17:01.675] [SEVERE ] removing player 2 token from slot 10
[13:17:01.675] [SEVERE ] player 4 placing token on slot 2
[13:17:01.675] [SEVERE ] player 2 placing token on slot 9
[13:17:01.675] [SEVERE ] player 3 placing token on slot 8
[13:17:01.675] [SEVERE ] player 1 placing token on slot 3
[13:17:01.676] [SEVERE ] removing player 1 token from slot 6
[13:17:01.675] [SEVERE ] removing player 3 token from slot 8
[13:17:01.675] [SEVERE ] player 2 placing token on slot 5
[13:17:01.675] [SEVERE ] removing player 4 token from slot 2
[13:17:01.676] [SEVERE ] player 2 placing token on slot 3
[13:17:01.676] [SEVERE ] player 3 placing token on slot 11
[13:17:01.676] [SEVERE ] player 1 placing token on slot 2
[13:17:01.676] [SEVERE ] player 4 placing token on slot 7
[13:17:01.676] [SEVERE ] removing player 2 token from slot 3
[13:17:01.677] [SEVERE ] removing player 2 token from slot 5
[13:17:01.677] [SEVERE ] removing player 2 token from slot 9
[13:17:01.677] [SEVERE ] removing player 3 token from slot 11
[13:17:01.677] [SEVERE ] player 2 placing token on slot 10
[13:17:01.677] [SEVERE ] player 4 placing token on slot 8
[13:17:01.677] [SEVERE ] player 1 placing token on slot 11
[13:17:01.677] [SEVERE ] player 2 placing token on slot 3
[13:17:01.677] [SEVERE ] player 3 placing token on slot 8
[13:17:01.678] [SEVERE ] removing player 4 token from slot 0
[13:17:01.678] [SEVERE ] removing player 4 token from slot 7
[13:17:01.678] [SEVERE ] removing player 4 token from slot 8
[13:17:01.678] [SEVERE ] removing player 1 token from slot 2
[13:17:01.678] [SEVERE ] removing player 1 token from slot 3
[13:17:01.678] [SEVERE ] removing player 1 token from slot 11
[13:17:01.678] [SEVERE ] player 1 placing token on slot 11
[13:17:01.678] [SEVERE ] player 1 placing token on slot 2
[13:17:01.678] [SEVERE ] player 1 placing token on slot 9
[13:17:01.679] [SEVERE ] player 4 placing token on slot 11
[13:17:01.679] [SEVERE ] player 3 placing token on slot 0
[13:17:01.679] [SEVERE ] removing player 2 token from slot 3
[13:17:01.679] [SEVERE ] removing player 1 token from slot 2
[13:17:01.679] [SEVERE ] removing player 1 token from slot 9
[13:17:01.679] [SEVERE ] removing player 1 token from slot 11
[13:17:01.679] [SEVERE ] player 4 placing token on slot 6
[13:17:01.679] [SEVERE ] player 2 placing token on slot 4
[13:17:01.679] [SEVERE ] player 1 placing token on slot 0
[13:17:01.679] [SEVERE ] player 3 placing token on slot 7
[13:17:01.680] [SEVERE ] player 1 placing token on slot 4
[13:17:01.680] [SEVERE ] player 2 placing token on slot 0
[13:17:01.680] [SEVERE ] player 4 placing token on slot 9
[13:17:01.680] [SEVERE ] removing player 3 token from slot 0
[13:17:01.680] [SEVERE ] removing player 3 token from slot 7
[13:17:01.680] [SEVERE ] removing player 3 token from slot 8
[13:17:01.680] [SEVERE ] player 1 placing token on slot 5
[13:17:01.681] [SEVERE ] removing player 2 token from slot 0
[13:17:01.681] [SEVERE ] removing player 2 token from slot 4
[13:17:01.681] [SEVERE ] removing player 2 token from slot 10
[13:17:01.681] [SEVERE ] removing player 4 token from slot 6
[13:17:01.682] [SEVERE ] removing player 4 token from slot 9
[13:17:01.682] [SEVERE ] removing player 4 token from slot 11
[13:17:01.682] [SEVERE ] removing player 1 token from slot 0
[13:17:01.682] [SEVERE ] removing player 1 token from slot 4
[13:17:01.682] [SEVERE ] removing player 1 token from slot 5
[13:17:01.682] [SEVERE ] player 1 placing token on slot 1
[13:17:01.682] [SEVERE ] player 1 placing token on slot 6
[13:17:01.683] [SEVERE ] player 1 placing token on slot 9
[13:17:01.683] [SEVERE ] removing player 1 token from slot 1
[13:17:01.683] [SEVERE ] removing player 1 token from slot 6
[13:17:01.683] [SEVERE ] removing player 1 token from slot 9
[13:17:01.683] [SEVERE ] player 1 placing token on slot 0
[13:17:01.683] [SEVERE ] player 1 placing token on slot 2
[13:17:01.683] [SEVERE ] player 1 placing token on slot 3
[13:17:01.683] [SEVERE ] removing player 1 token from slot 0
[13:17:01.683] [SEVERE ] removing player 1 token from slot 2
[13:17:01.684] [SEVERE ] removing player 1 token from slot 3
[13:17:01.684] [SEVERE ] player 2 placing token on slot 8
[13:17:01.684] [SEVERE ] player 4 placing token on slot 4
[13:17:01.684] [SEVERE ] player 4 placing token on slot 1
[13:17:01.684] [SEVERE ] player 4 placing token on slot 10
[13:17:01.684] [SEVERE ] player 3 placing token on slot 5
[13:17:01.684] [SEVERE ] player 1 placing token on slot 2
[13:17:01.684] [SEVERE ] player 2 placing token on slot 4
[13:17:01.685] [SEVERE ] removing player 4 token from slot 1
[13:17:01.685] [SEVERE ] removing player 4 token from slot 4
[13:17:01.685] [SEVERE ] removing player 4 token from slot 10
[13:17:01.685] [SEVERE ] player 4 placing token on slot 2
[13:17:01.686] [SEVERE ] player 1 placing token on slot 8
[13:17:01.686] [SEVERE ] player 1 placing token on slot 4
[13:17:01.686] [SEVERE ] player 2 placing token on slot 5
[13:17:01.686] [SEVERE ] player 3 placing token on slot 6
[13:17:01.686] [SEVERE ] player 4 placing token on slot 11
[13:17:01.686] [SEVERE ] removing player 1 token from slot 2
[13:17:01.687] [SEVERE ] removing player 1 token from slot 4
[13:17:01.687] [SEVERE ] removing player 1 token from slot 8
[13:17:01.687] [SEVERE ] player 3 placing token on slot 0
[13:17:01.687] [SEVERE ] removing player 4 token from slot 11
[13:17:01.687] [SEVERE ] removing player 2 token from slot 4
[13:17:01.687] [SEVERE ] removing player 2 token from slot 5
[13:17:01.687] [SEVERE ] removing player 2 token from slot 8
[13:17:01.688] [SEVERE ] player 1 placing token on slot 3
[13:17:01.688] [SEVERE ] player 4 placing token on slot 0
[13:17:01.688] [SEVERE ] removing player 3 token from slot 0
[13:17:01.688] [SEVERE ] removing player 3 token from slot 5
[13:17:01.688] [SEVERE ] removing player 3 token from slot 6
[13:17:01.688] [SEVERE ] player 2 placing token on slot 4
[13:17:01.688] [SEVERE ] player 3 placing token on slot 5
[13:17:01.688] [SEVERE ] player 4 placing token on slot 5
[13:17:01.688] [SEVERE ] removing player 1 token from slot 3
[13:17:01.689] [SEVERE ] player 3 placing token on slot 9
[13:17:01.688] [SEVERE ] removing player 2 token from slot 4
[13:17:01.689] [SEVERE ] removing player 4 token from slot 0
[13:17:01.689] [SEVERE ] removing player 4 token from slot 2
[13:17:01.689] [SEVERE ] removing player 4 token from slot 5
[13:17:01.689] [SEVERE ] player 1 placing token on slot 8
[13:17:01.689] [SEVERE ] player 4 placing token on slot 11
[13:17:01.689] [SEVERE ] player 2 placing token on slot 9
[13:17:01.690] [SEVERE ] player 2 placing token on slot 5
[13:17:01.689] [SEVERE ] player 3 placing token on slot 6
[13:17:01.690] [SEVERE ] player 2 placing token on slot 8
[13:17:01.690] [SEVERE ] player 4 placing token on slot 10
[13:17:01.690] [SEVERE ] removing player 1 token from slot 8
[13:17:01.690] [SEVERE ] removing player 3 token from slot 5
[13:17:01.690] [SEVERE ] removing player 3 token from slot 6
[13:17:01.690] [SEVERE ] removing player 3 token from slot 9
[13:17:01.691] [SEVERE ] removing player 2 token from slot 5
[13:17:01.691] [SEVERE ] removing player 2 token from slot 8
[13:17:01.691] [SEVERE ] removing player 2 token from slot 9
[13:17:01.691] [SEVERE ] removing player 4 token from slot 11
[13:17:01.691] [SEVERE ] player 3 placing token on slot 6
[13:17:01.691] [SEVERE ] player 2 placing token on slot 5
[13:17:01.691] [SEVERE ] player 1 placing token on slot 2
[13:17:01.691] [SEVERE ] player 2 placing token on slot 6
[13:17:01.691] [SEVERE ] player 2 placing token on slot 0
[13:17:01.691] [SEVERE ] player 3 placing token on slot 3
[13:17:01.691] [SEVERE ] player 4 placing token on slot 4
[13:17:01.691] [SEVERE ] player 1 placing token on slot 8
[13:17:01.692] [SEVERE ] removing player 2 token from slot 0
[13:17:01.692] [SEVERE ] removing player 2 token from slot 5
[13:17:01.692] [SEVERE ] removing player 2 token from slot 6
[13:17:01.692] [SEVERE ] player 3 placing token on slot 11
[13:17:01.692] [SEVERE ] player 2 placing token on slot 6
[13:17:01.692] [SEVERE ] player 1 placing token on slot 4
[13:17:01.692] [SEVERE ] removing player 4 token from slot 10
[13:17:01.692] [SEVERE ] removing player 3 token from slot 3
[13:17:01.693] [SEVERE ] removing player 3 token from slot 6
[13:17:01.693] [SEVERE ] removing player 3 token from slot 11
[13:17:01.693] [SEVERE ] player 2 placing token on slot 3
[13:17:01.693] [SEVERE ] player 4 placing token on slot 0
[13:17:01.693] [SEVERE ] removing player 1 token from slot 2
[13:17:01.693] [SEVERE ] removing player 1 token from slot 4
[13:17:01.693] [SEVERE ] removing player 1 token from slot 8
[13:17:01.693] [SEVERE ] player 3 placing token on slot 3
[13:17:01.693] [SEVERE ] player 1 placing token on slot 11
[13:17:01.693] [SEVERE ] player 4 placing token on slot 6
[13:17:01.693] [SEVERE ] player 2 placing token on slot 5
[13:17:01.693] [SEVERE ] player 1 placing token on slot 3
[13:17:01.693] [SEVERE ] player 3 placing token on slot 1
[13:17:01.694] [SEVERE ] removing player 4 token from slot 0
[13:17:01.694] [SEVERE ] removing player 4 token from slot 4
[13:17:01.694] [SEVERE ] removing player 4 token from slot 6
[13:17:01.694] [SEVERE ] player 1 placing token on slot 9
[13:17:01.694] [SEVERE ] player 3 placing token on slot 9
[13:17:01.694] [SEVERE ] removing player 2 token from slot 3
[13:17:01.694] [SEVERE ] removing player 2 token from slot 5
[13:17:01.695] [SEVERE ] removing player 2 token from slot 6
[13:17:01.695] [SEVERE ] removing player 1 token from slot 3
[13:17:01.695] [SEVERE ] removing player 1 token from slot 9
[13:17:01.695] [SEVERE ] removing player 1 token from slot 11
[13:17:01.695] [SEVERE ] player 4 placing token on slot 4
[13:17:01.695] [SEVERE ] player 2 placing token on slot 6
[13:17:01.695] [SEVERE ] removing player 3 token from slot 1
[13:17:01.695] [SEVERE ] removing player 3 token from slot 3
[13:17:01.695] [SEVERE ] removing player 3 token from slot 9
[13:17:01.695] [SEVERE ] player 1 placing token on slot 1
[13:17:01.695] [SEVERE ] player 4 placing token on slot 10
[13:17:01.696] [SEVERE ] player 1 placing token on slot 7
[13:17:01.696] [SEVERE ] player 2 placing token on slot 7
[13:17:01.696] [SEVERE ] removing player 4 token from slot 4
[13:17:01.696] [SEVERE ] player 4 placing token on slot 2
[13:17:01.696] [SEVERE ] player 4 placing token on slot 6
[13:17:01.696] [SEVERE ] player 2 placing token on slot 11
[13:17:01.696] [SEVERE ] player 1 placing token on slot 2
[13:17:01.696] [SEVERE ] player 3 placing token on slot 4
[13:17:01.697] [SEVERE ] removing player 4 token from slot 2
[13:17:01.697] [SEVERE ] removing player 4 token from slot 6
[13:17:01.697] [SEVERE ] removing player 4 token from slot 10
[13:17:01.697] [SEVERE ] player 3 placing token on slot 9
[13:17:01.697] [SEVERE ] player 4 placing token on slot 1
[13:17:01.698] [SEVERE ] removing player 2 token from slot 6
[13:17:01.698] [SEVERE ] removing player 2 token from slot 7
[13:17:01.698] [SEVERE ] removing player 2 token from slot 11
[13:17:01.698] [SEVERE ] player 3 placing token on slot 8
[13:17:01.698] [SEVERE ] player 4 placing token on slot 0
[13:17:01.698] [SEVERE ] removing player 1 token from slot 1
[13:17:01.698] [SEVERE ] removing player 1 token from slot 2
[13:17:01.699] [SEVERE ] removing player 1 token from slot 7
[13:17:01.699] [SEVERE ] player 2 placing token on slot 10
[13:17:01.699] [SEVERE ] player 4 placing token on slot 6
[13:17:01.699] [SEVERE ] removing player 3 token from slot 4
[13:17:01.700] [SEVERE ] removing player 3 token from slot 8
[13:17:01.700] [SEVERE ] removing player 3 token from slot 9
[13:17:01.700] [SEVERE ] removing player 4 token from slot 0
[13:17:01.700] [SEVERE ] removing player 4 token from slot 1
[13:17:01.700] [SEVERE ] removing player 4 token from slot 6
[13:17:01.700] [SEVERE ] player 1 placing token on slot 8
[13:17:01.700] [SEVERE ] player 4 placing token on slot 11
[13:17:01.700] [SEVERE ] player 3 placing token on slot 3
[13:17:01.700] [SEVERE ] player 3 placing token on slot 9
[13:17:01.700] [SEVERE ] player 3 placing token on slot 10
[13:17:01.700] [SEVERE ] player 2 placing token on slot 11
[13:17:01.700] [SEVERE ] player 4 placing token on slot 4
[13:17:01.700] [SEVERE ] player 1 placing token on slot 10
[13:17:01.700] [SEVERE ] removing player 3 token from slot 3
[13:17:01.700] [SEVERE ] removing player 3 token from slot 9
[13:17:01.700] [SEVERE ] removing player 3 token from slot 10
[13:17:01.701] [SEVERE ] player 2 placing token on slot 2
[13:17:01.701] [SEVERE ] player 1 placing token on slot 3
[13:17:01.701] [SEVERE ] player 4 placing token on slot 8
[13:17:01.702] [SEVERE ] removing card from slot 0
[13:17:01.702] [SEVERE ] removing card from slot 1
[13:17:01.702] [SEVERE ] removing player 2 token from slot 2
[13:17:01.702] [SEVERE ] removing card from slot 2
[13:17:01.703] [SEVERE ] removing player 1 token from slot 3
[13:17:01.704] [SEVERE ] removing card from slot 3
[13:17:01.704] [SEVERE ] removing player 4 token from slot 4
[13:17:01.705] [SEVERE ] removing card from slot 4
[13:17:01.705] [SEVERE ] removing card from slot 5
[13:17:01.705] [SEVERE ] removing card from slot 6
[13:17:01.705] [SEVERE ] removing card from slot 7
[13:17:01.705] [SEVERE ] removing player 1 token from slot 8
[13:17:01.706] [SEVERE ] removing player 4 token from slot 8
[13:17:01.706] [SEVERE ] removing card from slot 8
[13:17:01.706] [SEVERE ] removing card from slot 9
[13:17:01.706] [SEVERE ] removing player 1 token from slot 10
[13:17:01.706] [SEVERE ] removing player 2 token from slot 10
[13:17:01.706] [SEVERE ] removing card from slot 10
[13:17:01.706] [SEVERE ] removing player 2 token from slot 11
[13:17:01.706] [SEVERE ] removing player 4 token from slot 11
[13:17:01.707] [SEVERE ] removing card from slot 11
[13:17:01.707] [SEVERE ] placing card 30 in slot 0
[13:17:01.707] [SEVERE ] placing card 7 in slot 1
[13:17:01.707] [SEVERE ] placing card 50 in slot 2
[13:17:01.707] [SEVERE ] placing card 19 in slot 3
[13:17:01.707] [SEVERE ] placing card 28 in slot 4
[13:17:01.708] [SEVERE ] placing card 39 in slot 5
[13:17:01.708] [SEVERE ] placing card 0 in slot 6
[13:17:01.708] [SEVERE ] placing card 33 in slot 7
[13:17:01.708] [SEVERE ] placing card 16 in slot 8
[13:17:01.708] [SEVERE ] placing card 22 in slot 9
[13:17:01.709] [SEVERE ] placing card 62 in slot 10
[13:17:01.709] [SEVERE ] placing card 26 in slot 11
[13:17:01.711] [SEVERE ] removing card from slot 0
[13:17:01.712] [INFO   ] thread dealer terminated.
[13:17:06.714] [SEVERE ] thanks for playing... it was fun!
[13:17:06.714] [INFO   ] thread main terminated.
[13:17:06.714] [SEVERE ] disposing of user interface elements
