[16:42:26.696] [INFO   ] thread main starting.
[16:42:26.741] [SEVERE ] cannot read configuration file config.properties trying from resources.
[16:42:26.754] [SEVERE ] configuration file was loaded from resources directory.
[16:42:29.490] [INFO   ] thread dealer starting.
[16:42:29.592] [SEVERE ] placing card 71 in slot 0
[16:42:29.618] [SEVERE ] placing card 18 in slot 1
[16:42:29.619] [SEVERE ] placing card 46 in slot 2
[16:42:29.620] [SEVERE ] placing card 52 in slot 3
[16:42:29.620] [SEVERE ] placing card 22 in slot 4
[16:42:29.620] [SEVERE ] placing card 2 in slot 5
[16:42:29.621] [SEVERE ] placing card 40 in slot 6
[16:42:29.622] [SEVERE ] placing card 6 in slot 7
[16:42:29.622] [SEVERE ] placing card 0 in slot 8
[16:42:29.623] [SEVERE ] placing card 11 in slot 9
[16:42:29.625] [SEVERE ] placing card 21 in slot 10
[16:42:29.625] [SEVERE ] placing card 70 in slot 11
[16:42:29.635] [SEVERE ] player 4 placing token on slot 7
[16:42:29.636] [SEVERE ] player 3 placing token on slot 11
[16:42:29.636] [SEVERE ] player 1 placing token on slot 7
[16:42:29.638] [SEVERE ] player 1 placing token on slot 9
[16:42:29.639] [SEVERE ] player 3 placing token on slot 1
[16:42:29.636] [SEVERE ] player 2 placing token on slot 6
[16:42:29.640] [SEVERE ] player 3 placing token on slot 9
[16:42:29.639] [SEVERE ] player 1 placing token on slot 8
[16:42:29.636] [SEVERE ] player 4 placing token on slot 1
[16:42:29.640] [SEVERE ] player 2 placing token on slot 4
[16:42:29.642] [SEVERE ] removing player 3 token from slot 1
[16:42:29.642] [SEVERE ] removing player 3 token from slot 9
[16:42:29.643] [SEVERE ] removing player 3 token from slot 11
[16:42:29.643] [SEVERE ] removing player 4 token from slot 1
[16:42:29.643] [SEVERE ] player 2 placing token on slot 5
[16:42:29.643] [SEVERE ] player 3 placing token on slot 2
[16:42:29.644] [SEVERE ] removing player 1 token from slot 7
[16:42:29.644] [SEVERE ] removing player 1 token from slot 8
[16:42:29.645] [SEVERE ] removing player 1 token from slot 9
[16:42:29.645] [SEVERE ] removing player 4 token from slot 7
[16:42:29.645] [SEVERE ] player 3 placing token on slot 11
[16:42:29.646] [SEVERE ] removing player 2 token from slot 4
[16:42:29.646] [SEVERE ] removing player 2 token from slot 5
[16:42:29.646] [SEVERE ] removing player 2 token from slot 6
[16:42:29.648] [SEVERE ] player 1 placing token on slot 0
[16:42:29.648] [SEVERE ] player 3 placing token on slot 5
[16:42:29.648] [SEVERE ] player 4 placing token on slot 2
[16:42:29.648] [SEVERE ] player 1 placing token on slot 5
[16:42:29.649] [SEVERE ] player 4 placing token on slot 7
[16:42:29.649] [SEVERE ] removing player 1 token from slot 0
[16:42:29.650] [SEVERE ] removing card from slot 0
[16:42:29.680] [SEVERE ] removing card from slot 1
[16:42:29.681] [SEVERE ] removing player 3 token from slot 2
[16:42:29.683] [SEVERE ] removing player 4 token from slot 2
[16:42:29.683] [SEVERE ] removing card from slot 2
[16:42:29.685] [SEVERE ] removing card from slot 3
[16:42:29.686] [SEVERE ] removing card from slot 4
[16:42:29.687] [SEVERE ] removing player 1 token from slot 5
[16:42:29.688] [SEVERE ] removing player 3 token from slot 5
[16:42:29.689] [SEVERE ] removing card from slot 5
[16:42:29.689] [SEVERE ] removing card from slot 6
[16:42:29.690] [SEVERE ] removing player 4 token from slot 7
[16:42:29.691] [SEVERE ] removing card from slot 7
[16:42:29.694] [SEVERE ] removing card from slot 8
[16:42:29.695] [SEVERE ] removing card from slot 9
[16:42:29.697] [SEVERE ] removing card from slot 10
[16:42:29.709] [SEVERE ] removing player 3 token from slot 11
[16:42:29.712] [SEVERE ] removing card from slot 11
[16:42:29.713] [SEVERE ] placing card 13 in slot 0
[16:42:29.714] [SEVERE ] placing card 72 in slot 1
[16:42:29.715] [SEVERE ] placing card 2 in slot 2
[16:42:29.716] [SEVERE ] placing card 58 in slot 3
[16:42:29.720] [SEVERE ] placing card 17 in slot 4
[16:42:29.721] [SEVERE ] placing card 43 in slot 5
[16:42:29.722] [SEVERE ] placing card 63 in slot 6
[16:42:29.722] [SEVERE ] placing card 40 in slot 7
[16:42:29.740] [SEVERE ] placing card 1 in slot 8
[16:42:29.741] [SEVERE ] placing card 0 in slot 9
[16:42:29.742] [SEVERE ] placing card 65 in slot 10
[16:42:29.743] [SEVERE ] placing card 46 in slot 11
[16:42:29.758] [SEVERE ] player 2 placing token on slot 4
[16:42:29.758] [SEVERE ] player 4 placing token on slot 10
[16:42:29.758] [SEVERE ] player 3 placing token on slot 10
[16:42:29.758] [SEVERE ] player 1 placing token on slot 5
[16:42:29.762] [SEVERE ] player 3 placing token on slot 4
[16:42:29.761] [SEVERE ] player 4 placing token on slot 5
[16:42:29.759] [SEVERE ] player 2 placing token on slot 5
[16:42:29.764] [SEVERE ] player 4 placing token on slot 1
[16:42:29.764] [SEVERE ] player 3 placing token on slot 1
[16:42:29.763] [SEVERE ] player 1 placing token on slot 3
[16:42:29.765] [SEVERE ] player 2 placing token on slot 10
[16:42:29.769] [SEVERE ] removing player 4 token from slot 1
[16:42:29.770] [SEVERE ] removing player 4 token from slot 5
[16:42:29.770] [SEVERE ] removing player 4 token from slot 10
[16:42:29.771] [SEVERE ] player 1 placing token on slot 11
[16:42:29.772] [SEVERE ] removing card from slot 0
[16:42:29.776] [SEVERE ] removing player 3 token from slot 1
[16:42:29.777] [SEVERE ] removing card from slot 1
[16:42:29.778] [SEVERE ] removing card from slot 2
[16:42:29.779] [SEVERE ] removing player 1 token from slot 3
[16:42:29.779] [SEVERE ] removing card from slot 3
[16:42:29.780] [SEVERE ] removing player 2 token from slot 4
[16:42:29.781] [SEVERE ] removing player 3 token from slot 4
[16:42:29.781] [SEVERE ] removing card from slot 4
[16:42:29.783] [SEVERE ] removing player 1 token from slot 5
[16:42:29.784] [SEVERE ] removing player 2 token from slot 5
[16:42:29.784] [SEVERE ] removing card from slot 5
[16:42:29.788] [SEVERE ] removing card from slot 6
[16:42:29.789] [SEVERE ] removing card from slot 7
[16:42:29.790] [SEVERE ] removing card from slot 8
[16:42:29.802] [SEVERE ] removing card from slot 9
[16:42:29.803] [SEVERE ] removing player 2 token from slot 10
[16:42:29.803] [SEVERE ] removing player 3 token from slot 10
[16:42:29.803] [SEVERE ] removing card from slot 10
[16:42:29.804] [SEVERE ] removing player 1 token from slot 11
[16:42:29.804] [SEVERE ] removing card from slot 11
[16:42:29.806] [SEVERE ] placing card 79 in slot 0
[16:42:29.806] [SEVERE ] placing card 64 in slot 1
[16:42:29.806] [SEVERE ] placing card 17 in slot 2
[16:42:29.806] [SEVERE ] placing card 74 in slot 3
[16:42:29.807] [SEVERE ] placing card 39 in slot 4
[16:42:29.807] [SEVERE ] placing card 78 in slot 5
[16:42:29.807] [SEVERE ] placing card 55 in slot 6
[16:42:29.809] [SEVERE ] placing card 46 in slot 7
[16:42:29.809] [SEVERE ] placing card 38 in slot 8
[16:42:29.809] [SEVERE ] placing card 3 in slot 9
[16:42:29.810] [SEVERE ] placing card 70 in slot 10
[16:42:29.810] [SEVERE ] placing card 75 in slot 11
[16:42:29.820] [SEVERE ] player 4 placing token on slot 4
[16:42:29.820] [SEVERE ] player 3 placing token on slot 9
[16:42:29.822] [SEVERE ] player 3 placing token on slot 10
[16:42:29.820] [SEVERE ] player 2 placing token on slot 9
[16:42:29.820] [SEVERE ] player 1 placing token on slot 8
[16:42:29.825] [SEVERE ] player 2 placing token on slot 1
[16:42:29.824] [SEVERE ] player 3 placing token on slot 7
[16:42:29.821] [SEVERE ] player 4 placing token on slot 5
[16:42:29.828] [SEVERE ] player 4 placing token on slot 10
[16:42:29.826] [SEVERE ] player 2 placing token on slot 2
[16:42:29.826] [SEVERE ] player 1 placing token on slot 0
[16:42:29.830] [SEVERE ] removing player 3 token from slot 7
[16:42:29.831] [SEVERE ] removing player 3 token from slot 9
[16:42:29.831] [SEVERE ] removing player 3 token from slot 10
[16:42:29.832] [SEVERE ] player 1 placing token on slot 10
[16:42:29.833] [SEVERE ] removing player 1 token from slot 0
[16:42:29.833] [SEVERE ] removing card from slot 0
[16:42:29.850] [SEVERE ] removing player 2 token from slot 1
[16:42:29.851] [SEVERE ] removing card from slot 1
[16:42:29.852] [SEVERE ] removing player 2 token from slot 2
[16:42:29.853] [SEVERE ] removing card from slot 2
[16:42:29.853] [SEVERE ] removing card from slot 3
[16:42:29.853] [SEVERE ] removing player 4 token from slot 4
[16:42:29.854] [SEVERE ] removing card from slot 4
[16:42:29.855] [SEVERE ] removing player 4 token from slot 5
[16:42:29.855] [SEVERE ] removing card from slot 5
[16:42:29.856] [SEVERE ] removing card from slot 6
[16:42:29.861] [SEVERE ] removing card from slot 7
[16:42:29.862] [SEVERE ] removing player 1 token from slot 8
[16:42:29.863] [SEVERE ] removing card from slot 8
[16:42:29.898] [SEVERE ] removing player 2 token from slot 9
[16:42:29.899] [SEVERE ] removing card from slot 9
[16:42:29.907] [SEVERE ] removing player 1 token from slot 10
[16:42:29.911] [SEVERE ] removing player 4 token from slot 10
[16:42:29.912] [SEVERE ] removing card from slot 10
[16:42:29.917] [SEVERE ] removing card from slot 11
[16:42:29.919] [SEVERE ] placing card 3 in slot 0
[16:42:29.919] [SEVERE ] placing card 44 in slot 1
[16:42:29.920] [SEVERE ] placing card 76 in slot 2
[16:42:29.920] [SEVERE ] placing card 16 in slot 3
[16:42:29.921] [SEVERE ] placing card 66 in slot 4
[16:42:29.921] [SEVERE ] placing card 60 in slot 5
[16:42:29.922] [SEVERE ] placing card 11 in slot 6
[16:42:29.922] [SEVERE ] placing card 20 in slot 7
[16:42:29.925] [SEVERE ] placing card 21 in slot 8
[16:42:29.926] [SEVERE ] placing card 27 in slot 9
[16:42:29.927] [SEVERE ] placing card 35 in slot 10
[16:42:29.946] [SEVERE ] placing card 22 in slot 11
[16:42:29.954] [SEVERE ] removing card from slot 0
[16:42:29.976] [INFO   ] thread dealer terminated.
[16:42:33.938] [SEVERE ] exit button pressed
[16:42:34.991] [SEVERE ] thanks for playing... it was fun!
[16:42:34.991] [INFO   ] thread main terminated.
