[17:38:53.720] [INFO   ] thread main starting.
[17:38:53.728] [SEVERE ] cannot read configuration file config.properties trying from resources.
[17:38:53.730] [SEVERE ] configuration file was loaded from resources directory.
[17:38:54.279] [INFO   ] thread dealer starting.
[17:38:54.362] [SEVERE ] placing card 14 in slot 0
[17:38:54.363] [SEVERE ] placing card 55 in slot 1
[17:38:54.363] [SEVERE ] placing card 16 in slot 2
[17:38:54.363] [SEVERE ] placing card 60 in slot 3
[17:38:54.363] [SEVERE ] placing card 61 in slot 4
[17:38:54.363] [SEVERE ] placing card 65 in slot 5
[17:38:54.364] [SEVERE ] placing card 76 in slot 6
[17:38:54.364] [SEVERE ] placing card 12 in slot 7
[17:38:54.364] [SEVERE ] placing card 4 in slot 8
[17:38:54.365] [SEVERE ] placing card 0 in slot 9
[17:38:54.365] [SEVERE ] placing card 49 in slot 10
[17:38:54.365] [SEVERE ] placing card 63 in slot 11
[17:38:54.374] [SEVERE ] player 4 placing token on slot 0
[17:38:54.374] [SEVERE ] player 3 placing token on slot 4
[17:38:54.374] [SEVERE ] player 1 placing token on slot 9
[17:38:54.374] [SEVERE ] player 2 placing token on slot 4
[17:38:54.375] [SEVERE ] player 2 placing token on slot 5
[17:38:54.375] [SEVERE ] removing player 3 token from slot 4
[17:38:54.375] [SEVERE ] player 4 placing token on slot 2
[17:38:54.375] [SEVERE ] player 1 placing token on slot 10
[17:38:54.376] [SEVERE ] player 4 placing token on slot 7
[17:38:54.376] [SEVERE ] player 3 placing token on slot 3
[17:38:54.375] [SEVERE ] player 2 placing token on slot 2
[17:38:54.376] [SEVERE ] player 1 placing token on slot 8
[17:38:54.377] [SEVERE ] removing player 4 token from slot 0
[17:38:54.377] [SEVERE ] removing player 4 token from slot 2
[17:38:54.378] [SEVERE ] removing player 4 token from slot 7
[17:38:54.378] [SEVERE ] player 3 placing token on slot 11
[17:38:54.378] [SEVERE ] player 4 placing token on slot 10
[17:38:54.378] [SEVERE ] removing player 2 token from slot 2
[17:38:54.379] [SEVERE ] removing player 2 token from slot 4
[17:38:54.379] [SEVERE ] removing player 2 token from slot 5
[17:38:54.379] [SEVERE ] player 3 placing token on slot 8
[17:38:54.379] [SEVERE ] player 4 placing token on slot 2
[17:38:54.380] [SEVERE ] removing player 1 token from slot 8
[17:38:54.380] [SEVERE ] removing player 1 token from slot 9
[17:38:54.380] [SEVERE ] removing player 1 token from slot 10
[17:38:54.380] [SEVERE ] player 2 placing token on slot 11
[17:38:54.380] [SEVERE ] player 1 placing token on slot 8
[17:38:54.380] [SEVERE ] player 4 placing token on slot 1
[17:38:54.381] [SEVERE ] removing player 3 token from slot 3
[17:38:54.382] [SEVERE ] removing player 3 token from slot 8
[17:38:54.382] [SEVERE ] removing player 3 token from slot 11
[17:38:54.383] [SEVERE ] player 2 placing token on slot 5
[17:38:54.383] [SEVERE ] player 1 placing token on slot 9
[17:38:54.383] [SEVERE ] removing player 4 token from slot 1
[17:38:54.384] [SEVERE ] removing card from slot 1
[17:38:54.384] [SEVERE ] removing player 4 token from slot 2
[17:38:54.384] [SEVERE ] removing card from slot 2
[17:38:54.384] [SEVERE ] removing player 4 token from slot 10
[17:38:54.385] [SEVERE ] removing card from slot 10
[17:38:54.385] [SEVERE ] placing card 80 in slot 1
[17:38:54.385] [SEVERE ] placing card 38 in slot 2
[17:38:54.385] [SEVERE ] placing card 6 in slot 10
[17:38:54.388] [SEVERE ] player 3 placing token on slot 4
[17:38:54.388] [SEVERE ] setting player 4 score to 1
[17:38:54.388] [SEVERE ] player 1 placing token on slot 7
[17:38:54.388] [SEVERE ] player 2 placing token on slot 7
[17:38:54.389] [SEVERE ] player 3 placing token on slot 6
[17:38:54.409] [SEVERE ] player 3 placing token on slot 11
[17:38:54.409] [SEVERE ] removing card from slot 0
[17:38:54.410] [SEVERE ] removing card from slot 1
[17:38:54.419] [SEVERE ] removing card from slot 2
[17:38:54.419] [SEVERE ] removing card from slot 3
[17:38:54.419] [SEVERE ] removing player 3 token from slot 4
[17:38:54.419] [SEVERE ] removing card from slot 4
[17:38:54.419] [SEVERE ] removing player 2 token from slot 5
[17:38:54.420] [SEVERE ] removing card from slot 5
[17:38:54.420] [SEVERE ] removing player 3 token from slot 6
[17:38:54.420] [SEVERE ] removing card from slot 6
[17:38:54.420] [SEVERE ] removing player 1 token from slot 7
[17:38:54.421] [SEVERE ] removing player 2 token from slot 7
[17:38:54.421] [SEVERE ] removing card from slot 7
[17:38:54.421] [SEVERE ] removing player 1 token from slot 8
[17:38:54.421] [SEVERE ] removing card from slot 8
[17:38:54.421] [SEVERE ] removing player 1 token from slot 9
[17:38:54.421] [SEVERE ] removing card from slot 9
[17:38:54.422] [SEVERE ] removing card from slot 10
[17:38:54.422] [SEVERE ] removing player 2 token from slot 11
[17:38:54.422] [SEVERE ] removing player 3 token from slot 11
[17:38:54.422] [SEVERE ] removing card from slot 11
[17:38:54.423] [SEVERE ] placing card 27 in slot 0
[17:38:54.423] [SEVERE ] placing card 30 in slot 1
[17:38:54.423] [SEVERE ] placing card 71 in slot 2
[17:38:54.424] [SEVERE ] placing card 56 in slot 3
[17:38:54.424] [SEVERE ] placing card 68 in slot 4
[17:38:54.428] [SEVERE ] placing card 48 in slot 5
[17:38:54.429] [SEVERE ] placing card 70 in slot 6
[17:38:54.429] [SEVERE ] placing card 69 in slot 7
[17:38:54.429] [SEVERE ] placing card 47 in slot 8
[17:38:54.429] [SEVERE ] placing card 17 in slot 9
[17:38:54.429] [SEVERE ] placing card 21 in slot 10
[17:38:54.430] [SEVERE ] placing card 76 in slot 11
[17:38:54.431] [SEVERE ] player 1 placing token on slot 8
[17:38:54.432] [SEVERE ] player 4 placing token on slot 1
[17:38:54.432] [SEVERE ] removing card from slot 0
[17:38:54.433] [INFO   ] thread dealer terminated.
[17:38:56.175] [SEVERE ] exit button pressed
[17:38:59.436] [SEVERE ] thanks for playing... it was fun!
[17:38:59.437] [INFO   ] thread main terminated.
