[12:46:35.159] [INFO   ] thread main starting.
[12:46:35.167] [SEVERE ] cannot read configuration file config.properties trying from resources.
[12:46:35.170] [SEVERE ] configuration file was loaded from resources directory.
[12:46:35.695] [INFO   ] thread dealer starting.
[12:46:35.784] [SEVERE ] placing card 77 in slot 0
[12:46:35.785] [SEVERE ] placing card 36 in slot 1
[12:46:35.785] [SEVERE ] placing card 72 in slot 2
[12:46:35.785] [SEVERE ] placing card 38 in slot 3
[12:46:35.786] [SEVERE ] placing card 0 in slot 4
[12:46:35.786] [SEVERE ] placing card 69 in slot 5
[12:46:35.786] [SEVERE ] placing card 21 in slot 6
[12:46:35.787] [SEVERE ] placing card 33 in slot 7
[12:46:35.787] [SEVERE ] placing card 15 in slot 8
[12:46:35.787] [SEVERE ] placing card 17 in slot 9
[12:46:35.788] [SEVERE ] placing card 29 in slot 10
[12:46:35.788] [SEVERE ] placing card 79 in slot 11
[12:46:35.802] [SEVERE ] player 3 placing token on slot 11
[12:46:35.802] [SEVERE ] player 4 placing token on slot 4
[12:46:35.802] [SEVERE ] player 2 placing token on slot 8
[12:46:35.802] [SEVERE ] player 1 placing token on slot 1
[12:46:35.803] [SEVERE ] player 3 placing token on slot 4
[12:46:35.803] [SEVERE ] player 1 placing token on slot 9
[12:46:35.803] [SEVERE ] player 2 placing token on slot 3
[12:46:35.803] [SEVERE ] player 4 placing token on slot 7
[12:46:35.804] [SEVERE ] removing player 1 token from slot 1
[12:46:35.804] [SEVERE ] player 3 placing token on slot 6
[12:46:35.805] [SEVERE ] removing card from slot 0
[12:46:35.807] [SEVERE ] removing card from slot 1
[12:46:35.808] [SEVERE ] removing card from slot 2
[12:46:35.808] [SEVERE ] removing player 2 token from slot 3
[12:46:35.808] [SEVERE ] removing card from slot 3
[12:46:35.808] [SEVERE ] removing player 3 token from slot 4
[12:46:35.808] [SEVERE ] removing player 4 token from slot 4
[12:46:35.809] [SEVERE ] removing card from slot 4
[12:46:35.810] [SEVERE ] removing card from slot 5
[12:46:35.810] [SEVERE ] removing player 3 token from slot 6
[12:46:35.810] [SEVERE ] removing card from slot 6
[12:46:35.810] [SEVERE ] removing player 4 token from slot 7
[12:46:35.810] [SEVERE ] removing card from slot 7
[12:46:35.811] [SEVERE ] removing player 2 token from slot 8
[12:46:35.811] [SEVERE ] removing card from slot 8
[12:46:35.819] [SEVERE ] removing player 1 token from slot 9
[12:46:35.819] [SEVERE ] removing card from slot 9
[12:46:35.819] [SEVERE ] removing card from slot 10
[12:46:35.820] [SEVERE ] removing player 3 token from slot 11
[12:46:35.820] [SEVERE ] removing card from slot 11
[12:46:35.820] [SEVERE ] placing card 43 in slot 0
[12:46:35.820] [SEVERE ] placing card 11 in slot 1
[12:46:35.820] [SEVERE ] placing card 36 in slot 2
[12:46:35.821] [SEVERE ] placing card 18 in slot 3
[12:46:35.821] [SEVERE ] placing card 72 in slot 4
[12:46:35.821] [SEVERE ] placing card 66 in slot 5
[12:46:35.821] [SEVERE ] placing card 73 in slot 6
[12:46:35.821] [SEVERE ] placing card 38 in slot 7
[12:46:35.822] [SEVERE ] placing card 32 in slot 8
[12:46:35.822] [SEVERE ] placing card 41 in slot 9
[12:46:35.822] [SEVERE ] placing card 77 in slot 10
[12:46:35.822] [SEVERE ] placing card 13 in slot 11
[12:46:35.827] [SEVERE ] player 1 placing token on slot 9
[12:46:35.828] [SEVERE ] removing card from slot 0
[12:46:35.833] [INFO   ] thread dealer terminated.
[12:46:40.846] [SEVERE ] thanks for playing... it was fun!
[12:46:40.847] [INFO   ] thread main terminated.
[12:46:40.847] [SEVERE ] disposing of user interface elements
[12:46:40.872] [SEVERE ] exit button pressed
