[16:40:01.750] [INFO   ] thread main starting.
[16:40:01.760] [SEVERE ] cannot read configuration file config.properties trying from resources.
[16:40:01.764] [SEVERE ] configuration file was loaded from resources directory.
[16:40:02.897] [INFO   ] thread dealer starting.
[16:40:02.998] [SEVERE ] placing card 57 in slot 0
[16:40:03.031] [SEVERE ] placing card 35 in slot 1
[16:40:03.032] [SEVERE ] placing card 46 in slot 2
[16:40:03.032] [SEVERE ] placing card 49 in slot 3
[16:40:03.033] [SEVERE ] placing card 41 in slot 4
[16:40:03.033] [SEVERE ] placing card 77 in slot 5
[16:40:03.034] [SEVERE ] placing card 15 in slot 6
[16:40:03.035] [SEVERE ] placing card 50 in slot 7
[16:40:03.036] [SEVERE ] placing card 58 in slot 8
[16:40:03.037] [SEVERE ] placing card 42 in slot 9
[16:40:03.037] [SEVERE ] placing card 45 in slot 10
[16:40:03.038] [SEVERE ] placing card 19 in slot 11
[16:40:03.058] [SEVERE ] player 1 placing token on slot 11
[16:40:03.058] [SEVERE ] player 2 placing token on slot 11
[16:40:03.058] [SEVERE ] player 3 placing token on slot 1
[16:40:03.058] [SEVERE ] player 4 placing token on slot 1
[16:40:03.062] [SEVERE ] player 3 placing token on slot 3
[16:40:03.061] [SEVERE ] player 1 placing token on slot 1
[16:40:03.061] [SEVERE ] player 2 placing token on slot 10
[16:40:03.064] [SEVERE ] player 1 placing token on slot 7
[16:40:03.063] [SEVERE ] player 3 placing token on slot 4
[16:40:03.062] [SEVERE ] player 4 placing token on slot 9
[16:40:03.064] [SEVERE ] player 2 placing token on slot 0
[16:40:03.077] [SEVERE ] player 4 placing token on slot 5
[16:40:03.081] [SEVERE ] removing player 2 token from slot 0
[16:40:03.082] [SEVERE ] removing card from slot 0
[16:40:03.085] [SEVERE ] removing player 1 token from slot 1
[16:40:03.098] [SEVERE ] removing player 3 token from slot 1
[16:40:03.099] [SEVERE ] removing player 4 token from slot 1
[16:40:03.100] [SEVERE ] removing card from slot 1
[16:40:03.147] [SEVERE ] removing card from slot 2
[16:40:03.149] [SEVERE ] removing player 3 token from slot 3
[16:40:03.150] [SEVERE ] removing card from slot 3
[16:40:03.151] [SEVERE ] removing player 3 token from slot 4
[16:40:03.151] [SEVERE ] removing card from slot 4
[16:40:03.153] [SEVERE ] removing player 4 token from slot 5
[16:40:03.153] [SEVERE ] removing card from slot 5
[16:40:03.154] [SEVERE ] removing card from slot 6
[16:40:03.155] [SEVERE ] removing player 1 token from slot 7
[16:40:03.155] [SEVERE ] removing card from slot 7
[16:40:03.155] [SEVERE ] removing card from slot 8
[16:40:03.156] [SEVERE ] removing player 4 token from slot 9
[16:40:03.157] [SEVERE ] removing card from slot 9
[16:40:03.157] [SEVERE ] removing player 2 token from slot 10
[16:40:03.158] [SEVERE ] removing card from slot 10
[16:40:03.159] [SEVERE ] removing player 1 token from slot 11
[16:40:03.160] [SEVERE ] removing player 2 token from slot 11
[16:40:03.160] [SEVERE ] removing card from slot 11
[16:40:03.162] [SEVERE ] placing card 31 in slot 0
[16:40:03.162] [SEVERE ] placing card 12 in slot 1
[16:40:03.163] [SEVERE ] placing card 74 in slot 2
[16:40:03.164] [SEVERE ] placing card 24 in slot 3
[16:40:03.164] [SEVERE ] placing card 26 in slot 4
[16:40:03.165] [SEVERE ] placing card 13 in slot 5
[16:40:03.166] [SEVERE ] placing card 48 in slot 6
[16:40:03.166] [SEVERE ] placing card 5 in slot 7
[16:40:03.166] [SEVERE ] placing card 53 in slot 8
[16:40:03.167] [SEVERE ] placing card 64 in slot 9
[16:40:03.168] [SEVERE ] placing card 60 in slot 10
[16:40:03.168] [SEVERE ] placing card 41 in slot 11
[16:40:03.178] [SEVERE ] player 1 placing token on slot 3
[16:40:03.178] [SEVERE ] player 4 placing token on slot 4
[16:40:03.178] [SEVERE ] player 3 placing token on slot 9
[16:40:03.178] [SEVERE ] player 2 placing token on slot 0
[16:40:03.180] [SEVERE ] player 3 placing token on slot 4
[16:40:03.179] [SEVERE ] player 4 placing token on slot 7
[16:40:03.179] [SEVERE ] player 1 placing token on slot 1
[16:40:03.182] [SEVERE ] player 4 placing token on slot 2
[16:40:03.182] [SEVERE ] removing player 3 token from slot 4
[16:40:03.181] [SEVERE ] player 2 placing token on slot 2
[16:40:03.183] [SEVERE ] player 1 placing token on slot 7
[16:40:03.186] [SEVERE ] removing player 4 token from slot 2
[16:40:03.187] [SEVERE ] removing player 4 token from slot 4
[16:40:03.187] [SEVERE ] removing player 4 token from slot 7
[16:40:03.188] [SEVERE ] player 3 placing token on slot 11
[16:40:03.188] [SEVERE ] player 2 placing token on slot 4
[16:40:03.189] [SEVERE ] removing player 2 token from slot 0
[16:40:03.190] [SEVERE ] removing card from slot 0
[16:40:03.190] [SEVERE ] removing player 1 token from slot 1
[16:40:03.191] [SEVERE ] removing card from slot 1
[16:40:03.191] [SEVERE ] removing player 2 token from slot 2
[16:40:03.193] [SEVERE ] removing card from slot 2
[16:40:03.193] [SEVERE ] removing player 1 token from slot 3
[16:40:03.194] [SEVERE ] removing card from slot 3
[16:40:03.194] [SEVERE ] removing player 2 token from slot 4
[16:40:03.196] [SEVERE ] removing card from slot 4
[16:40:03.196] [SEVERE ] removing card from slot 5
[16:40:03.197] [SEVERE ] removing card from slot 6
[16:40:03.197] [SEVERE ] removing player 1 token from slot 7
[16:40:03.198] [SEVERE ] removing card from slot 7
[16:40:03.198] [SEVERE ] removing card from slot 8
[16:40:03.199] [SEVERE ] removing player 3 token from slot 9
[16:40:03.199] [SEVERE ] removing card from slot 9
[16:40:03.200] [SEVERE ] removing card from slot 10
[16:40:03.200] [SEVERE ] removing player 3 token from slot 11
[16:40:03.201] [SEVERE ] removing card from slot 11
[16:40:03.202] [SEVERE ] placing card 55 in slot 0
[16:40:03.202] [SEVERE ] placing card 53 in slot 1
[16:40:03.203] [SEVERE ] placing card 35 in slot 2
[16:40:03.203] [SEVERE ] placing card 18 in slot 3
[16:40:03.204] [SEVERE ] placing card 69 in slot 4
[16:40:03.204] [SEVERE ] placing card 15 in slot 5
[16:40:03.205] [SEVERE ] placing card 11 in slot 6
[16:40:03.206] [SEVERE ] placing card 73 in slot 7
[16:40:03.206] [SEVERE ] placing card 51 in slot 8
[16:40:03.207] [SEVERE ] placing card 36 in slot 9
[16:40:03.209] [SEVERE ] placing card 74 in slot 10
[16:40:03.209] [SEVERE ] placing card 56 in slot 11
[16:40:03.217] [SEVERE ] player 1 placing token on slot 2
[16:40:03.217] [SEVERE ] player 4 placing token on slot 6
[16:40:03.220] [SEVERE ] player 4 placing token on slot 3
[16:40:03.217] [SEVERE ] player 3 placing token on slot 0
[16:40:03.217] [SEVERE ] player 2 placing token on slot 8
[16:40:03.222] [SEVERE ] player 3 placing token on slot 11
[16:40:03.222] [SEVERE ] removing player 4 token from slot 6
[16:40:03.219] [SEVERE ] player 1 placing token on slot 1
[16:40:03.224] [SEVERE ] removing player 4 token from slot 3
[16:40:03.226] [SEVERE ] player 4 placing token on slot 0
[16:40:03.227] [SEVERE ] removing player 4 token from slot 0
[16:40:03.229] [SEVERE ] player 4 placing token on slot 2
[16:40:03.230] [SEVERE ] player 4 placing token on slot 11
[16:40:03.224] [SEVERE ] player 3 placing token on slot 2
[16:40:03.223] [SEVERE ] removing player 2 token from slot 8
[16:40:03.232] [SEVERE ] player 4 placing token on slot 10
[16:40:03.225] [SEVERE ] removing player 1 token from slot 2
[16:40:03.234] [SEVERE ] removing player 3 token from slot 0
[16:40:03.235] [SEVERE ] removing card from slot 0
[16:40:03.249] [SEVERE ] removing player 1 token from slot 1
[16:40:03.251] [SEVERE ] removing card from slot 1
[16:40:03.251] [SEVERE ] removing player 3 token from slot 2
[16:40:03.252] [SEVERE ] removing player 4 token from slot 2
[16:40:03.253] [SEVERE ] removing card from slot 2
[16:40:03.253] [SEVERE ] removing card from slot 3
[16:40:03.254] [SEVERE ] removing card from slot 4
[16:40:03.255] [SEVERE ] removing card from slot 5
[16:40:03.256] [SEVERE ] removing card from slot 6
[16:40:03.257] [SEVERE ] removing card from slot 7
[16:40:03.310] [SEVERE ] removing card from slot 8
[16:40:03.328] [SEVERE ] removing card from slot 9
[16:40:03.329] [SEVERE ] removing player 4 token from slot 10
[16:40:03.332] [SEVERE ] removing card from slot 10
[16:40:03.334] [SEVERE ] removing player 3 token from slot 11
[16:40:03.336] [SEVERE ] removing player 4 token from slot 11
[16:40:03.337] [SEVERE ] removing card from slot 11
[16:40:03.346] [SEVERE ] placing card 44 in slot 0
[16:40:03.347] [SEVERE ] placing card 64 in slot 1
[16:40:03.348] [SEVERE ] placing card 50 in slot 2
[16:40:03.349] [SEVERE ] placing card 43 in slot 3
[16:40:03.350] [SEVERE ] placing card 3 in slot 4
[16:40:03.351] [SEVERE ] placing card 57 in slot 5
[16:40:03.352] [SEVERE ] placing card 15 in slot 6
[16:40:03.355] [SEVERE ] placing card 67 in slot 7
[16:40:03.357] [SEVERE ] placing card 11 in slot 8
[16:40:03.358] [SEVERE ] placing card 12 in slot 9
[16:40:03.379] [SEVERE ] placing card 71 in slot 10
[16:40:03.380] [SEVERE ] placing card 77 in slot 11
[16:40:03.394] [SEVERE ] player 1 placing token on slot 0
[16:40:03.394] [SEVERE ] player 2 placing token on slot 11
[16:40:03.394] [SEVERE ] player 4 placing token on slot 10
[16:40:03.394] [SEVERE ] player 3 placing token on slot 9
[16:40:03.397] [SEVERE ] player 4 placing token on slot 2
[16:40:03.396] [SEVERE ] player 2 placing token on slot 3
[16:40:03.395] [SEVERE ] player 1 placing token on slot 6
[16:40:03.399] [SEVERE ] player 2 placing token on slot 9
[16:40:03.398] [SEVERE ] player 4 placing token on slot 1
[16:40:03.397] [SEVERE ] player 3 placing token on slot 7
[16:40:03.399] [SEVERE ] removing player 1 token from slot 0
[16:40:03.402] [SEVERE ] removing player 2 token from slot 3
[16:40:03.403] [SEVERE ] removing player 2 token from slot 9
[16:40:03.404] [SEVERE ] removing player 2 token from slot 11
[16:40:03.405] [SEVERE ] removing player 4 token from slot 1
[16:40:03.405] [SEVERE ] removing player 4 token from slot 2
[16:40:03.406] [SEVERE ] removing player 4 token from slot 10
[16:40:03.407] [SEVERE ] player 3 placing token on slot 3
[16:40:03.407] [SEVERE ] player 1 placing token on slot 5
[16:40:03.409] [SEVERE ] removing card from slot 0
[16:40:03.412] [SEVERE ] removing card from slot 1
[16:40:03.414] [SEVERE ] removing card from slot 2
[16:40:03.414] [SEVERE ] removing player 3 token from slot 3
[16:40:03.415] [SEVERE ] removing card from slot 3
[16:40:03.418] [SEVERE ] removing card from slot 4
[16:40:03.419] [SEVERE ] removing player 1 token from slot 5
[16:40:03.419] [SEVERE ] removing card from slot 5
[16:40:03.421] [SEVERE ] removing player 1 token from slot 6
[16:40:03.421] [SEVERE ] removing card from slot 6
[16:40:03.422] [SEVERE ] removing player 3 token from slot 7
[16:40:03.423] [SEVERE ] removing card from slot 7
[16:40:03.424] [SEVERE ] removing card from slot 8
[16:40:03.425] [SEVERE ] removing player 3 token from slot 9
[16:40:03.426] [SEVERE ] removing card from slot 9
[16:40:03.427] [SEVERE ] removing card from slot 10
[16:40:03.435] [SEVERE ] removing card from slot 11
[16:40:03.436] [SEVERE ] placing card 55 in slot 0
[16:40:03.436] [SEVERE ] placing card 33 in slot 1
[16:40:03.437] [SEVERE ] placing card 20 in slot 2
[16:40:03.437] [SEVERE ] placing card 13 in slot 3
[16:40:03.439] [SEVERE ] placing card 26 in slot 4
[16:40:03.440] [SEVERE ] placing card 53 in slot 5
[16:40:03.441] [SEVERE ] placing card 34 in slot 6
[16:40:03.442] [SEVERE ] placing card 47 in slot 7
[16:40:03.443] [SEVERE ] placing card 2 in slot 8
[16:40:03.443] [SEVERE ] placing card 6 in slot 9
[16:40:03.444] [SEVERE ] placing card 21 in slot 10
[16:40:03.444] [SEVERE ] placing card 10 in slot 11
[16:40:03.448] [SEVERE ] player 1 placing token on slot 0
[16:40:03.449] [SEVERE ] player 1 placing token on slot 4
[16:40:03.450] [SEVERE ] removing player 1 token from slot 0
[16:40:03.448] [SEVERE ] player 3 placing token on slot 0
[16:40:03.451] [SEVERE ] player 3 placing token on slot 2
[16:40:03.448] [SEVERE ] player 4 placing token on slot 5
[16:40:03.448] [SEVERE ] player 2 placing token on slot 1
[16:40:03.452] [SEVERE ] removing player 4 token from slot 5
[16:40:03.453] [SEVERE ] player 4 placing token on slot 9
[16:40:03.454] [SEVERE ] player 4 placing token on slot 2
[16:40:03.455] [SEVERE ] player 4 placing token on slot 8
[16:40:03.452] [SEVERE ] player 3 placing token on slot 11
[16:40:03.450] [SEVERE ] player 1 placing token on slot 6
[16:40:03.453] [SEVERE ] player 2 placing token on slot 9
[16:40:03.458] [SEVERE ] removing player 3 token from slot 0
[16:40:03.458] [SEVERE ] removing player 3 token from slot 2
[16:40:03.459] [SEVERE ] removing player 3 token from slot 11
[16:40:03.460] [SEVERE ] player 1 placing token on slot 2
[16:40:03.460] [SEVERE ] player 2 placing token on slot 4
[16:40:03.461] [SEVERE ] removing card from slot 0
[16:40:03.471] [SEVERE ] removing player 2 token from slot 1
[16:40:03.472] [SEVERE ] removing card from slot 1
[16:40:03.472] [SEVERE ] removing player 1 token from slot 2
[16:40:03.473] [SEVERE ] removing player 4 token from slot 2
[16:40:03.474] [SEVERE ] removing card from slot 2
[16:40:03.475] [SEVERE ] removing card from slot 3
[16:40:03.476] [SEVERE ] removing player 1 token from slot 4
[16:40:03.477] [SEVERE ] removing player 2 token from slot 4
[16:40:03.478] [SEVERE ] removing card from slot 4
[16:40:03.479] [SEVERE ] removing card from slot 5
[16:40:03.496] [SEVERE ] removing player 1 token from slot 6
[16:40:03.497] [SEVERE ] removing card from slot 6
[16:40:03.498] [SEVERE ] removing card from slot 7
[16:40:03.501] [SEVERE ] removing player 4 token from slot 8
[16:40:03.502] [SEVERE ] removing card from slot 8
[16:40:03.503] [SEVERE ] removing player 2 token from slot 9
[16:40:03.504] [SEVERE ] removing player 4 token from slot 9
[16:40:03.505] [SEVERE ] removing card from slot 9
[16:40:03.506] [SEVERE ] removing card from slot 10
[16:40:03.506] [SEVERE ] removing card from slot 11
[16:40:03.507] [SEVERE ] placing card 71 in slot 0
[16:40:03.508] [SEVERE ] placing card 47 in slot 1
[16:40:03.508] [SEVERE ] placing card 37 in slot 2
[16:40:03.508] [SEVERE ] placing card 42 in slot 3
[16:40:03.524] [SEVERE ] placing card 20 in slot 4
[16:40:03.525] [SEVERE ] placing card 24 in slot 5
[16:40:03.526] [SEVERE ] placing card 51 in slot 6
[16:40:03.526] [SEVERE ] placing card 14 in slot 7
[16:40:03.528] [SEVERE ] placing card 30 in slot 8
[16:40:03.530] [SEVERE ] placing card 6 in slot 9
[16:40:03.531] [SEVERE ] placing card 19 in slot 10
[16:40:03.554] [SEVERE ] placing card 50 in slot 11
[16:40:03.559] [SEVERE ] player 1 placing token on slot 11
[16:40:03.559] [SEVERE ] player 4 placing token on slot 3
[16:40:03.559] [SEVERE ] player 2 placing token on slot 4
[16:40:03.559] [SEVERE ] player 3 placing token on slot 9
[16:40:03.561] [SEVERE ] player 2 placing token on slot 8
[16:40:03.560] [SEVERE ] player 4 placing token on slot 4
[16:40:03.560] [SEVERE ] removing player 1 token from slot 11
[16:40:03.562] [SEVERE ] player 4 placing token on slot 2
[16:40:03.562] [SEVERE ] removing player 2 token from slot 8
[16:40:03.561] [SEVERE ] player 3 placing token on slot 10
[16:40:03.563] [SEVERE ] player 1 placing token on slot 5
[16:40:03.565] [SEVERE ] removing player 4 token from slot 2
[16:40:03.565] [SEVERE ] removing player 4 token from slot 3
[16:40:03.566] [SEVERE ] removing player 4 token from slot 4
[16:40:03.567] [SEVERE ] player 2 placing token on slot 6
[16:40:03.567] [SEVERE ] player 1 placing token on slot 2
[16:40:03.569] [SEVERE ] player 1 placing token on slot 1
[16:40:03.567] [SEVERE ] player 4 placing token on slot 9
[16:40:03.571] [SEVERE ] player 4 placing token on slot 1
[16:40:03.571] [SEVERE ] player 4 placing token on slot 10
[16:40:03.567] [SEVERE ] player 3 placing token on slot 8
[16:40:03.568] [SEVERE ] removing player 2 token from slot 6
[16:40:03.574] [SEVERE ] removing card from slot 0
[16:40:03.579] [SEVERE ] removing player 1 token from slot 1
[16:40:03.579] [SEVERE ] removing player 4 token from slot 1
[16:40:03.580] [SEVERE ] removing card from slot 1
[16:40:03.582] [SEVERE ] removing player 1 token from slot 2
[16:40:03.582] [SEVERE ] removing card from slot 2
[16:40:03.584] [SEVERE ] removing card from slot 3
[16:40:03.591] [SEVERE ] removing player 2 token from slot 4
[16:40:03.592] [SEVERE ] removing card from slot 4
[16:40:03.605] [SEVERE ] removing player 1 token from slot 5
[16:40:03.606] [SEVERE ] removing card from slot 5
[16:40:03.607] [SEVERE ] removing card from slot 6
[16:40:03.609] [SEVERE ] removing card from slot 7
[16:40:03.611] [SEVERE ] removing player 3 token from slot 8
[16:40:03.612] [SEVERE ] removing card from slot 8
[16:40:03.613] [SEVERE ] removing player 3 token from slot 9
[16:40:03.613] [SEVERE ] removing player 4 token from slot 9
[16:40:03.614] [SEVERE ] removing card from slot 9
[16:40:03.627] [SEVERE ] removing player 3 token from slot 10
[16:40:03.628] [SEVERE ] removing player 4 token from slot 10
[16:40:03.628] [SEVERE ] removing card from slot 10
[16:40:03.629] [SEVERE ] removing card from slot 11
[16:40:03.630] [SEVERE ] placing card 69 in slot 0
[16:40:03.630] [SEVERE ] placing card 44 in slot 1
[16:40:03.631] [SEVERE ] placing card 76 in slot 2
[16:40:03.632] [SEVERE ] placing card 58 in slot 3
[16:40:03.632] [SEVERE ] placing card 57 in slot 4
[16:40:03.635] [SEVERE ] placing card 75 in slot 5
[16:40:03.639] [SEVERE ] placing card 46 in slot 6
[16:40:03.652] [SEVERE ] placing card 37 in slot 7
[16:40:03.652] [SEVERE ] placing card 14 in slot 8
[16:40:03.653] [SEVERE ] placing card 78 in slot 9
[16:40:03.653] [SEVERE ] placing card 30 in slot 10
[16:40:03.678] [SEVERE ] placing card 35 in slot 11
[16:40:03.682] [SEVERE ] player 2 placing token on slot 3
[16:40:03.682] [SEVERE ] player 1 placing token on slot 10
[16:40:03.682] [SEVERE ] player 3 placing token on slot 5
[16:40:03.685] [SEVERE ] player 3 placing token on slot 10
[16:40:03.686] [SEVERE ] player 3 placing token on slot 8
[16:40:03.682] [SEVERE ] player 4 placing token on slot 7
[16:40:03.683] [SEVERE ] player 1 placing token on slot 6
[16:40:03.683] [SEVERE ] removing player 2 token from slot 3
[16:40:03.688] [SEVERE ] removing player 1 token from slot 10
[16:40:03.688] [SEVERE ] player 4 placing token on slot 5
[16:40:03.689] [SEVERE ] removing player 3 token from slot 5
[16:40:03.690] [SEVERE ] removing player 3 token from slot 8
[16:40:03.690] [SEVERE ] removing player 3 token from slot 10
[16:40:03.691] [SEVERE ] player 2 placing token on slot 11
[16:40:03.691] [SEVERE ] player 1 placing token on slot 11
[16:40:03.691] [SEVERE ] player 2 placing token on slot 10
[16:40:03.692] [SEVERE ] player 2 placing token on slot 8
[16:40:03.692] [SEVERE ] player 1 placing token on slot 1
[16:40:03.691] [SEVERE ] removing player 4 token from slot 7
[16:40:03.691] [SEVERE ] player 3 placing token on slot 0
[16:40:03.695] [SEVERE ] removing player 3 token from slot 0
[16:40:03.696] [SEVERE ] removing card from slot 0
[16:40:03.772] [SEVERE ] removing player 1 token from slot 1
[16:40:03.773] [SEVERE ] removing card from slot 1
[16:40:03.792] [SEVERE ] removing card from slot 2
[16:40:03.792] [SEVERE ] removing card from slot 3
[16:40:03.793] [SEVERE ] removing card from slot 4
[16:40:03.793] [SEVERE ] removing player 4 token from slot 5
[16:40:03.794] [SEVERE ] removing card from slot 5
[16:40:03.794] [SEVERE ] removing player 1 token from slot 6
[16:40:03.795] [SEVERE ] removing card from slot 6
[16:40:03.795] [SEVERE ] removing card from slot 7
[16:40:03.796] [SEVERE ] removing player 2 token from slot 8
[16:40:03.796] [SEVERE ] removing card from slot 8
[16:40:03.797] [SEVERE ] removing card from slot 9
[16:40:03.798] [SEVERE ] removing player 2 token from slot 10
[16:40:03.800] [SEVERE ] removing card from slot 10
[16:40:03.801] [SEVERE ] removing player 1 token from slot 11
[16:40:03.802] [SEVERE ] removing player 2 token from slot 11
[16:40:03.802] [SEVERE ] removing card from slot 11
[16:40:03.803] [SEVERE ] placing card 42 in slot 0
[16:40:03.803] [SEVERE ] placing card 64 in slot 1
[16:40:03.804] [SEVERE ] placing card 0 in slot 2
[16:40:03.806] [SEVERE ] placing card 63 in slot 3
[16:40:03.816] [SEVERE ] placing card 18 in slot 4
[16:40:03.817] [SEVERE ] placing card 5 in slot 5
[16:40:03.821] [SEVERE ] placing card 76 in slot 6
[16:40:03.821] [SEVERE ] placing card 58 in slot 7
[16:40:03.822] [SEVERE ] placing card 34 in slot 8
[16:40:03.822] [SEVERE ] placing card 80 in slot 9
[16:40:03.823] [SEVERE ] placing card 13 in slot 10
[16:40:03.825] [SEVERE ] placing card 43 in slot 11
[16:40:03.829] [SEVERE ] player 3 placing token on slot 6
[16:40:03.829] [SEVERE ] player 4 placing token on slot 3
[16:40:03.829] [SEVERE ] player 1 placing token on slot 5
[16:40:03.829] [SEVERE ] player 2 placing token on slot 7
[16:40:03.830] [SEVERE ] player 1 placing token on slot 1
[16:40:03.830] [SEVERE ] player 4 placing token on slot 8
[16:40:03.829] [SEVERE ] player 3 placing token on slot 11
[16:40:03.832] [SEVERE ] player 4 placing token on slot 2
[16:40:03.831] [SEVERE ] player 1 placing token on slot 2
[16:40:03.831] [SEVERE ] player 2 placing token on slot 11
[16:40:03.832] [SEVERE ] player 3 placing token on slot 4
[16:40:03.835] [SEVERE ] removing player 4 token from slot 2
[16:40:03.835] [SEVERE ] removing player 4 token from slot 3
[16:40:03.836] [SEVERE ] removing player 4 token from slot 8
[16:40:03.836] [SEVERE ] player 2 placing token on slot 1
[16:40:03.836] [SEVERE ] player 4 placing token on slot 6
[16:40:03.838] [SEVERE ] removing player 1 token from slot 1
[16:40:03.838] [SEVERE ] removing player 1 token from slot 2
[16:40:03.838] [SEVERE ] removing player 1 token from slot 5
[16:40:03.839] [SEVERE ] player 4 placing token on slot 1
[16:40:03.840] [SEVERE ] player 4 placing token on slot 7
[16:40:03.841] [SEVERE ] removing card from slot 0
[16:40:03.845] [SEVERE ] removing player 2 token from slot 1
[16:40:03.846] [SEVERE ] removing player 4 token from slot 1
[16:40:03.846] [SEVERE ] removing card from slot 1
[16:40:03.847] [SEVERE ] removing card from slot 2
[16:40:03.848] [SEVERE ] removing card from slot 3
[16:40:03.849] [SEVERE ] removing player 3 token from slot 4
[16:40:03.850] [SEVERE ] removing card from slot 4
[16:40:03.850] [SEVERE ] removing card from slot 5
[16:40:03.850] [SEVERE ] removing player 3 token from slot 6
[16:40:03.851] [SEVERE ] removing player 4 token from slot 6
[16:40:03.851] [SEVERE ] removing card from slot 6
[16:40:03.851] [SEVERE ] removing player 2 token from slot 7
[16:40:03.852] [SEVERE ] removing player 4 token from slot 7
[16:40:03.853] [SEVERE ] removing card from slot 7
[16:40:03.853] [SEVERE ] removing card from slot 8
[16:40:03.854] [SEVERE ] removing card from slot 9
[16:40:03.854] [SEVERE ] removing card from slot 10
[16:40:03.855] [SEVERE ] removing player 2 token from slot 11
[16:40:03.855] [SEVERE ] removing player 3 token from slot 11
[16:40:03.855] [SEVERE ] removing card from slot 11
[16:40:03.863] [SEVERE ] placing card 28 in slot 0
[16:40:03.863] [SEVERE ] placing card 25 in slot 1
[16:40:03.864] [SEVERE ] placing card 32 in slot 2
[16:40:03.864] [SEVERE ] placing card 42 in slot 3
[16:40:03.865] [SEVERE ] placing card 12 in slot 4
[16:40:03.865] [SEVERE ] placing card 31 in slot 5
[16:40:03.866] [SEVERE ] placing card 36 in slot 6
[16:40:03.866] [SEVERE ] placing card 47 in slot 7
[16:40:03.866] [SEVERE ] placing card 49 in slot 8
[16:40:03.867] [SEVERE ] placing card 30 in slot 9
[16:40:03.868] [SEVERE ] placing card 17 in slot 10
[16:40:03.868] [SEVERE ] placing card 8 in slot 11
[16:40:03.872] [SEVERE ] player 1 placing token on slot 11
[16:40:03.872] [SEVERE ] player 2 placing token on slot 11
[16:40:03.872] [SEVERE ] player 4 placing token on slot 9
[16:40:03.872] [SEVERE ] player 3 placing token on slot 4
[16:40:03.873] [SEVERE ] player 4 placing token on slot 2
[16:40:03.873] [SEVERE ] player 2 placing token on slot 8
[16:40:03.873] [SEVERE ] removing player 1 token from slot 11
[16:40:03.875] [SEVERE ] player 2 placing token on slot 6
[16:40:03.875] [SEVERE ] player 4 placing token on slot 1
[16:40:03.874] [SEVERE ] player 3 placing token on slot 3
[16:40:03.875] [SEVERE ] player 1 placing token on slot 2
[16:40:03.877] [SEVERE ] removing player 2 token from slot 6
[16:40:03.878] [SEVERE ] removing player 2 token from slot 8
[16:40:03.879] [SEVERE ] removing player 2 token from slot 11
[16:40:03.879] [SEVERE ] player 3 placing token on slot 7
[16:40:03.879] [SEVERE ] player 1 placing token on slot 3
[16:40:03.879] [SEVERE ] player 2 placing token on slot 5
[16:40:03.880] [SEVERE ] removing player 4 token from slot 1
[16:40:03.881] [SEVERE ] removing player 4 token from slot 2
[16:40:03.884] [SEVERE ] removing player 4 token from slot 9
[16:40:03.885] [SEVERE ] player 1 placing token on slot 4
[16:40:03.885] [SEVERE ] player 2 placing token on slot 10
[16:40:03.886] [SEVERE ] player 2 placing token on slot 2
[16:40:03.886] [SEVERE ] removing card from slot 0
[16:40:03.887] [SEVERE ] removing card from slot 1
[16:40:03.888] [SEVERE ] removing player 1 token from slot 2
[16:40:03.889] [SEVERE ] removing player 2 token from slot 2
[16:40:03.890] [SEVERE ] removing card from slot 2
[16:40:03.890] [SEVERE ] removing player 1 token from slot 3
[16:40:03.891] [SEVERE ] removing player 3 token from slot 3
[16:40:03.891] [SEVERE ] removing card from slot 3
[16:40:03.892] [SEVERE ] removing player 1 token from slot 4
[16:40:03.892] [SEVERE ] removing player 3 token from slot 4
[16:40:03.892] [SEVERE ] removing card from slot 4
[16:40:03.893] [SEVERE ] removing player 2 token from slot 5
[16:40:03.894] [SEVERE ] removing card from slot 5
[16:40:03.895] [SEVERE ] removing card from slot 6
[16:40:03.895] [SEVERE ] removing player 3 token from slot 7
[16:40:03.897] [SEVERE ] removing card from slot 7
[16:40:03.897] [SEVERE ] removing card from slot 8
[16:40:03.898] [SEVERE ] removing card from slot 9
[16:40:03.899] [SEVERE ] removing player 2 token from slot 10
[16:40:03.899] [SEVERE ] removing card from slot 10
[16:40:03.899] [SEVERE ] removing card from slot 11
[16:40:03.900] [SEVERE ] placing card 12 in slot 0
[16:40:03.901] [SEVERE ] placing card 76 in slot 1
[16:40:03.901] [SEVERE ] placing card 80 in slot 2
[16:40:03.901] [SEVERE ] placing card 63 in slot 3
[16:40:03.902] [SEVERE ] placing card 19 in slot 4
[16:40:03.903] [SEVERE ] placing card 50 in slot 5
[16:40:03.903] [SEVERE ] placing card 57 in slot 6
[16:40:03.903] [SEVERE ] placing card 48 in slot 7
[16:40:03.903] [SEVERE ] placing card 11 in slot 8
[16:40:03.904] [SEVERE ] placing card 2 in slot 9
[16:40:03.905] [SEVERE ] placing card 8 in slot 10
[16:40:03.905] [SEVERE ] placing card 28 in slot 11
[16:40:03.909] [SEVERE ] player 3 placing token on slot 3
[16:40:03.909] [SEVERE ] player 4 placing token on slot 11
[16:40:03.909] [SEVERE ] player 1 placing token on slot 4
[16:40:03.909] [SEVERE ] player 2 placing token on slot 4
[16:40:03.909] [SEVERE ] player 3 placing token on slot 6
[16:40:03.911] [SEVERE ] player 2 placing token on slot 7
[16:40:03.911] [SEVERE ] player 1 placing token on slot 11
[16:40:03.910] [SEVERE ] player 4 placing token on slot 6
[16:40:03.912] [SEVERE ] player 1 placing token on slot 1
[16:40:03.911] [SEVERE ] player 2 placing token on slot 3
[16:40:03.911] [SEVERE ] removing player 3 token from slot 3
[16:40:03.913] [SEVERE ] player 4 placing token on slot 2
[16:40:03.915] [SEVERE ] removing player 1 token from slot 1
[16:40:03.916] [SEVERE ] removing player 1 token from slot 4
[16:40:03.916] [SEVERE ] removing player 1 token from slot 11
[16:40:03.916] [SEVERE ] player 3 placing token on slot 4
[16:40:03.916] [SEVERE ] player 1 placing token on slot 11
[16:40:03.917] [SEVERE ] removing player 2 token from slot 3
[16:40:03.918] [SEVERE ] removing player 2 token from slot 4
[16:40:03.918] [SEVERE ] removing player 2 token from slot 7
[16:40:03.918] [SEVERE ] player 3 placing token on slot 11
[16:40:03.918] [SEVERE ] player 2 placing token on slot 8
[16:40:03.918] [SEVERE ] player 1 placing token on slot 7
[16:40:03.919] [SEVERE ] removing player 4 token from slot 2
[16:40:03.919] [SEVERE ] removing player 4 token from slot 6
[16:40:03.919] [SEVERE ] removing player 4 token from slot 11
[16:40:03.920] [SEVERE ] player 2 placing token on slot 6
[16:40:03.920] [SEVERE ] player 1 placing token on slot 8
[16:40:03.920] [SEVERE ] player 2 placing token on slot 10
[16:40:03.922] [SEVERE ] removing card from slot 0
[16:40:03.923] [SEVERE ] removing card from slot 1
[16:40:03.923] [SEVERE ] removing card from slot 2
[16:40:03.924] [SEVERE ] removing card from slot 3
[16:40:03.926] [SEVERE ] removing player 3 token from slot 4
[16:40:03.926] [SEVERE ] removing card from slot 4
[16:40:03.927] [SEVERE ] removing card from slot 5
[16:40:03.927] [SEVERE ] removing player 2 token from slot 6
[16:40:03.928] [SEVERE ] removing player 3 token from slot 6
[16:40:03.928] [SEVERE ] removing card from slot 6
[16:40:03.932] [SEVERE ] removing player 1 token from slot 7
[16:40:03.936] [SEVERE ] removing card from slot 7
[16:40:03.947] [SEVERE ] removing player 1 token from slot 8
[16:40:03.947] [SEVERE ] removing player 2 token from slot 8
[16:40:03.948] [SEVERE ] removing card from slot 8
[16:40:03.948] [SEVERE ] removing card from slot 9
[16:40:03.949] [SEVERE ] removing player 2 token from slot 10
[16:40:03.949] [SEVERE ] removing card from slot 10
[16:40:03.952] [SEVERE ] removing player 1 token from slot 11
[16:40:03.953] [SEVERE ] removing player 3 token from slot 11
[16:40:03.954] [SEVERE ] removing card from slot 11
[16:40:03.955] [SEVERE ] placing card 33 in slot 0
[16:40:03.958] [SEVERE ] placing card 2 in slot 1
[16:40:03.967] [SEVERE ] placing card 13 in slot 2
[16:40:03.969] [SEVERE ] placing card 27 in slot 3
[16:40:03.971] [SEVERE ] placing card 58 in slot 4
[16:40:03.971] [SEVERE ] placing card 36 in slot 5
[16:40:03.971] [SEVERE ] placing card 34 in slot 6
[16:40:03.972] [SEVERE ] placing card 68 in slot 7
[16:40:03.973] [SEVERE ] placing card 45 in slot 8
[16:40:03.990] [SEVERE ] placing card 54 in slot 9
[16:40:03.991] [SEVERE ] placing card 31 in slot 10
[16:40:03.992] [SEVERE ] placing card 21 in slot 11
[16:40:03.994] [SEVERE ] player 1 placing token on slot 0
[16:40:03.995] [SEVERE ] player 2 placing token on slot 6
[16:40:03.996] [SEVERE ] player 1 placing token on slot 10
[16:40:03.996] [SEVERE ] player 4 placing token on slot 9
[16:40:03.996] [SEVERE ] player 4 placing token on slot 10
[16:40:03.998] [SEVERE ] removing player 4 token from slot 10
[16:40:03.998] [SEVERE ] player 4 placing token on slot 11
[16:40:04.003] [SEVERE ] player 4 placing token on slot 2
[16:40:03.995] [SEVERE ] player 3 placing token on slot 6
[16:40:03.996] [SEVERE ] player 1 placing token on slot 11
[16:40:03.996] [SEVERE ] player 2 placing token on slot 5
[16:40:04.004] [SEVERE ] player 3 placing token on slot 5
[16:40:04.007] [SEVERE ] removing player 4 token from slot 2
[16:40:04.008] [SEVERE ] removing player 4 token from slot 9
[16:40:04.009] [SEVERE ] removing player 4 token from slot 11
[16:40:04.009] [SEVERE ] removing player 2 token from slot 5
[16:40:04.009] [SEVERE ] removing player 3 token from slot 6
[16:40:04.011] [SEVERE ] removing player 1 token from slot 0
[16:40:04.011] [SEVERE ] removing card from slot 0
[16:40:04.022] [SEVERE ] removing card from slot 1
[16:40:04.022] [SEVERE ] removing card from slot 2
[16:40:04.023] [SEVERE ] removing card from slot 3
[16:40:04.023] [SEVERE ] removing card from slot 4
[16:40:04.024] [SEVERE ] removing player 3 token from slot 5
[16:40:04.025] [SEVERE ] removing card from slot 5
[16:40:04.027] [SEVERE ] removing player 2 token from slot 6
[16:40:04.027] [SEVERE ] removing card from slot 6
[16:40:04.028] [SEVERE ] removing card from slot 7
[16:40:04.032] [SEVERE ] removing card from slot 8
[16:40:04.044] [SEVERE ] removing card from slot 9
[16:40:04.046] [SEVERE ] removing player 1 token from slot 10
[16:40:04.048] [SEVERE ] removing card from slot 10
[16:40:04.059] [SEVERE ] removing player 1 token from slot 11
[16:40:04.059] [SEVERE ] removing card from slot 11
[16:40:04.060] [SEVERE ] placing card 44 in slot 0
[16:40:04.061] [SEVERE ] placing card 1 in slot 1
[16:40:04.061] [SEVERE ] placing card 68 in slot 2
[16:40:04.062] [SEVERE ] placing card 74 in slot 3
[16:40:04.063] [SEVERE ] placing card 56 in slot 4
[16:40:04.065] [SEVERE ] placing card 54 in slot 5
[16:40:04.066] [SEVERE ] placing card 26 in slot 6
[16:40:04.068] [SEVERE ] placing card 72 in slot 7
[16:40:04.068] [SEVERE ] placing card 40 in slot 8
[16:40:04.069] [SEVERE ] placing card 69 in slot 9
[16:40:04.071] [SEVERE ] placing card 29 in slot 10
[16:40:04.145] [SEVERE ] placing card 52 in slot 11
[16:40:04.198] [SEVERE ] player 1 placing token on slot 8
[16:40:04.199] [SEVERE ] player 1 placing token on slot 3
[16:40:04.200] [SEVERE ] player 1 placing token on slot 9
[16:40:04.205] [SEVERE ] player 2 placing token on slot 10
[16:40:04.207] [SEVERE ] removing player 1 token from slot 3
[16:40:04.208] [SEVERE ] removing player 1 token from slot 8
[16:40:04.208] [SEVERE ] removing player 1 token from slot 9
[16:40:04.209] [SEVERE ] player 2 placing token on slot 1
[16:40:04.209] [SEVERE ] player 2 placing token on slot 8
[16:40:04.210] [SEVERE ] removing card from slot 0
[16:40:04.211] [SEVERE ] removing player 2 token from slot 1
[16:40:04.211] [SEVERE ] removing card from slot 1
[16:40:04.211] [SEVERE ] removing card from slot 2
[16:40:04.212] [SEVERE ] removing card from slot 3
[16:40:04.212] [SEVERE ] removing card from slot 4
[16:40:04.213] [SEVERE ] removing card from slot 5
[16:40:04.216] [SEVERE ] removing card from slot 6
[16:40:04.221] [SEVERE ] removing card from slot 7
[16:40:04.243] [SEVERE ] removing player 2 token from slot 8
[16:40:04.244] [SEVERE ] removing card from slot 8
[16:40:04.245] [SEVERE ] removing card from slot 9
[16:40:04.245] [SEVERE ] removing player 2 token from slot 10
[16:40:04.245] [SEVERE ] removing card from slot 10
[16:40:04.245] [SEVERE ] removing card from slot 11
[16:40:04.245] [SEVERE ] placing card 66 in slot 0
[16:40:04.246] [SEVERE ] placing card 51 in slot 1
[16:40:04.246] [SEVERE ] placing card 61 in slot 2
[16:40:04.247] [SEVERE ] placing card 19 in slot 3
[16:40:04.247] [SEVERE ] placing card 18 in slot 4
[16:40:04.247] [SEVERE ] placing card 12 in slot 5
[16:40:04.247] [SEVERE ] placing card 20 in slot 6
[16:40:04.247] [SEVERE ] placing card 60 in slot 7
[16:40:04.247] [SEVERE ] placing card 2 in slot 8
[16:40:04.248] [SEVERE ] placing card 42 in slot 9
[16:40:04.250] [SEVERE ] placing card 80 in slot 10
[16:40:04.253] [SEVERE ] placing card 47 in slot 11
[16:40:04.276] [SEVERE ] removing card from slot 0
[16:40:04.296] [INFO   ] thread dealer terminated.
[16:40:07.622] [SEVERE ] exit button pressed
[16:40:09.311] [SEVERE ] thanks for playing... it was fun!
[16:40:09.311] [INFO   ] thread main terminated.
