[13:08:59.068] [INFO   ] thread main starting.
[13:08:59.077] [SEVERE ] cannot read configuration file config.properties trying from resources.
[13:08:59.081] [SEVERE ] configuration file was loaded from resources directory.
[13:08:59.753] [INFO   ] thread dealer starting.
[13:08:59.845] [SEVERE ] placing card 18 in slot 0
[13:08:59.846] [SEVERE ] placing card 46 in slot 1
[13:08:59.846] [SEVERE ] placing card 33 in slot 2
[13:08:59.846] [SEVERE ] placing card 80 in slot 3
[13:08:59.846] [SEVERE ] placing card 62 in slot 4
[13:08:59.847] [SEVERE ] placing card 70 in slot 5
[13:08:59.847] [SEVERE ] placing card 41 in slot 6
[13:08:59.847] [SEVERE ] placing card 21 in slot 7
[13:08:59.847] [SEVERE ] placing card 45 in slot 8
[13:08:59.847] [SEVERE ] placing card 5 in slot 9
[13:08:59.848] [SEVERE ] placing card 12 in slot 10
[13:08:59.848] [SEVERE ] placing card 13 in slot 11
[13:08:59.861] [SEVERE ] player 3 placing token on slot 10
[13:08:59.861] [SEVERE ] player 4 placing token on slot 11
[13:08:59.861] [SEVERE ] player 1 placing token on slot 2
[13:08:59.861] [SEVERE ] player 2 placing token on slot 1
[13:08:59.862] [SEVERE ] player 3 placing token on slot 3
[13:08:59.862] [SEVERE ] removing player 2 token from slot 1
[13:08:59.862] [SEVERE ] player 1 placing token on slot 5
[13:08:59.862] [SEVERE ] player 4 placing token on slot 3
[13:08:59.862] [SEVERE ] player 1 placing token on slot 9
[13:08:59.862] [SEVERE ] player 2 placing token on slot 2
[13:08:59.862] [SEVERE ] player 3 placing token on slot 0
[13:08:59.863] [SEVERE ] player 2 placing token on slot 8
[13:08:59.863] [SEVERE ] player 4 placing token on slot 7
[13:08:59.863] [SEVERE ] removing player 1 token from slot 2
[13:08:59.863] [SEVERE ] removing player 1 token from slot 5
[13:08:59.863] [SEVERE ] removing player 1 token from slot 9
[13:08:59.864] [SEVERE ] removing player 3 token from slot 0
[13:08:59.864] [SEVERE ] removing player 3 token from slot 3
[13:08:59.864] [SEVERE ] removing player 3 token from slot 10
[13:08:59.864] [SEVERE ] player 2 placing token on slot 0
[13:08:59.864] [SEVERE ] player 1 placing token on slot 2
[13:08:59.865] [SEVERE ] removing player 4 token from slot 3
[13:08:59.865] [SEVERE ] removing player 4 token from slot 7
[13:08:59.865] [SEVERE ] removing player 4 token from slot 11
[13:08:59.865] [SEVERE ] player 3 placing token on slot 2
[13:08:59.865] [SEVERE ] player 1 placing token on slot 5
[13:08:59.866] [SEVERE ] removing player 2 token from slot 0
[13:08:59.866] [SEVERE ] removing player 2 token from slot 2
[13:08:59.867] [SEVERE ] removing player 2 token from slot 8
[13:08:59.867] [SEVERE ] player 4 placing token on slot 5
[13:08:59.867] [SEVERE ] player 1 placing token on slot 1
[13:08:59.867] [SEVERE ] player 2 placing token on slot 10
[13:08:59.867] [SEVERE ] player 3 placing token on slot 3
[13:08:59.867] [SEVERE ] player 4 placing token on slot 9
[13:08:59.873] [SEVERE ] removing player 1 token from slot 1
[13:08:59.873] [SEVERE ] removing player 1 token from slot 2
[13:08:59.873] [SEVERE ] removing player 1 token from slot 5
[13:08:59.873] [SEVERE ] player 2 placing token on slot 7
[13:08:59.873] [SEVERE ] player 4 placing token on slot 1
[13:08:59.873] [SEVERE ] player 1 placing token on slot 0
[13:08:59.873] [SEVERE ] player 3 placing token on slot 5
[13:08:59.874] [SEVERE ] player 2 placing token on slot 6
[13:08:59.874] [SEVERE ] removing player 4 token from slot 1
[13:08:59.874] [SEVERE ] removing player 4 token from slot 5
[13:08:59.874] [SEVERE ] removing player 4 token from slot 9
[13:08:59.875] [SEVERE ] player 1 placing token on slot 6
[13:08:59.875] [SEVERE ] removing player 3 token from slot 2
[13:08:59.875] [SEVERE ] removing player 3 token from slot 3
[13:08:59.875] [SEVERE ] removing player 3 token from slot 5
[13:08:59.875] [SEVERE ] removing player 2 token from slot 6
[13:08:59.876] [SEVERE ] removing player 2 token from slot 7
[13:08:59.876] [SEVERE ] removing player 2 token from slot 10
[13:08:59.876] [SEVERE ] player 4 placing token on slot 11
[13:08:59.876] [SEVERE ] player 3 placing token on slot 5
[13:08:59.876] [SEVERE ] player 2 placing token on slot 10
[13:08:59.876] [SEVERE ] removing player 1 token from slot 0
[13:08:59.877] [SEVERE ] player 2 placing token on slot 4
[13:08:59.877] [SEVERE ] player 3 placing token on slot 4
[13:08:59.876] [SEVERE ] player 4 placing token on slot 0
[13:08:59.877] [SEVERE ] removing player 3 token from slot 5
[13:08:59.877] [SEVERE ] removing player 2 token from slot 10
[13:08:59.877] [SEVERE ] removing player 1 token from slot 6
[13:08:59.878] [SEVERE ] player 2 placing token on slot 6
[13:08:59.878] [SEVERE ] player 3 placing token on slot 8
[13:08:59.878] [SEVERE ] player 4 placing token on slot 6
[13:08:59.879] [SEVERE ] player 3 placing token on slot 2
[13:08:59.878] [SEVERE ] player 2 placing token on slot 8
[13:08:59.878] [SEVERE ] player 1 placing token on slot 3
[13:08:59.879] [SEVERE ] removing player 4 token from slot 0
[13:08:59.880] [SEVERE ] removing player 4 token from slot 6
[13:08:59.880] [SEVERE ] removing player 4 token from slot 11
[13:08:59.880] [SEVERE ] player 1 placing token on slot 2
[13:08:59.880] [SEVERE ] removing player 3 token from slot 2
[13:08:59.881] [SEVERE ] removing player 3 token from slot 4
[13:08:59.881] [SEVERE ] removing player 3 token from slot 8
[13:08:59.881] [SEVERE ] player 4 placing token on slot 1
[13:08:59.881] [SEVERE ] player 1 placing token on slot 11
[13:08:59.881] [SEVERE ] removing player 2 token from slot 4
[13:08:59.882] [SEVERE ] removing player 2 token from slot 6
[13:08:59.882] [SEVERE ] removing player 2 token from slot 8
[13:08:59.882] [SEVERE ] player 3 placing token on slot 2
[13:08:59.882] [SEVERE ] player 4 placing token on slot 5
[13:08:59.882] [SEVERE ] player 2 placing token on slot 5
[13:08:59.883] [SEVERE ] removing player 1 token from slot 2
[13:08:59.883] [SEVERE ] removing player 1 token from slot 3
[13:08:59.883] [SEVERE ] removing player 1 token from slot 11
[13:08:59.883] [SEVERE ] player 3 placing token on slot 0
[13:08:59.883] [SEVERE ] player 2 placing token on slot 8
[13:08:59.883] [SEVERE ] player 1 placing token on slot 10
[13:08:59.883] [SEVERE ] player 4 placing token on slot 3
[13:08:59.884] [SEVERE ] removing player 1 token from slot 10
[13:08:59.884] [SEVERE ] player 2 placing token on slot 3
[13:08:59.883] [SEVERE ] player 3 placing token on slot 4
[13:08:59.885] [SEVERE ] removing player 4 token from slot 1
[13:08:59.885] [SEVERE ] removing player 4 token from slot 3
[13:08:59.885] [SEVERE ] removing player 4 token from slot 5
[13:08:59.885] [SEVERE ] player 1 placing token on slot 7
[13:08:59.886] [SEVERE ] removing player 2 token from slot 3
[13:08:59.886] [SEVERE ] removing player 2 token from slot 5
[13:08:59.886] [SEVERE ] removing player 2 token from slot 8
[13:08:59.886] [SEVERE ] player 4 placing token on slot 10
[13:08:59.886] [SEVERE ] player 2 placing token on slot 2
[13:08:59.886] [SEVERE ] player 1 placing token on slot 1
[13:08:59.890] [SEVERE ] removing player 3 token from slot 0
[13:08:59.891] [SEVERE ] removing player 3 token from slot 2
[13:08:59.891] [SEVERE ] removing player 3 token from slot 4
[13:08:59.891] [SEVERE ] player 2 placing token on slot 8
[13:08:59.891] [SEVERE ] player 1 placing token on slot 0
[13:08:59.891] [SEVERE ] player 3 placing token on slot 10
[13:08:59.891] [SEVERE ] player 4 placing token on slot 2
[13:08:59.893] [SEVERE ] player 2 placing token on slot 4
[13:08:59.894] [SEVERE ] removing player 1 token from slot 0
[13:08:59.894] [SEVERE ] removing player 1 token from slot 1
[13:08:59.894] [SEVERE ] removing player 1 token from slot 7
[13:08:59.894] [SEVERE ] player 3 placing token on slot 2
[13:08:59.894] [SEVERE ] player 4 placing token on slot 5
[13:08:59.894] [SEVERE ] player 1 placing token on slot 3
[13:08:59.895] [SEVERE ] removing player 2 token from slot 2
[13:08:59.895] [SEVERE ] removing player 2 token from slot 4
[13:08:59.895] [SEVERE ] removing player 2 token from slot 8
[13:08:59.895] [SEVERE ] player 3 placing token on slot 4
[13:08:59.895] [SEVERE ] player 1 placing token on slot 1
[13:08:59.896] [SEVERE ] removing player 4 token from slot 2
[13:08:59.896] [SEVERE ] removing player 4 token from slot 5
[13:08:59.896] [SEVERE ] removing player 4 token from slot 10
[13:08:59.896] [SEVERE ] player 2 placing token on slot 3
[13:08:59.896] [SEVERE ] player 1 placing token on slot 4
[13:08:59.897] [SEVERE ] removing player 3 token from slot 2
[13:08:59.897] [SEVERE ] removing player 3 token from slot 4
[13:08:59.897] [SEVERE ] removing player 3 token from slot 10
[13:08:59.897] [SEVERE ] player 4 placing token on slot 6
[13:08:59.897] [SEVERE ] removing player 2 token from slot 3
[13:08:59.898] [SEVERE ] removing player 1 token from slot 1
[13:08:59.898] [SEVERE ] removing player 1 token from slot 3
[13:08:59.898] [SEVERE ] removing player 1 token from slot 4
[13:08:59.898] [SEVERE ] player 3 placing token on slot 6
[13:08:59.898] [SEVERE ] player 2 placing token on slot 10
[13:08:59.898] [SEVERE ] player 1 placing token on slot 6
[13:08:59.898] [SEVERE ] player 4 placing token on slot 4
[13:08:59.899] [SEVERE ] player 1 placing token on slot 10
[13:08:59.899] [SEVERE ] player 2 placing token on slot 7
[13:08:59.899] [SEVERE ] player 3 placing token on slot 10
[13:08:59.900] [SEVERE ] player 2 placing token on slot 0
[13:08:59.899] [SEVERE ] removing player 1 token from slot 10
[13:08:59.899] [SEVERE ] player 4 placing token on slot 5
[13:08:59.900] [SEVERE ] player 3 placing token on slot 11
[13:08:59.900] [SEVERE ] removing player 2 token from slot 0
[13:08:59.901] [SEVERE ] removing player 2 token from slot 7
[13:08:59.901] [SEVERE ] removing player 2 token from slot 10
[13:08:59.901] [SEVERE ] player 1 placing token on slot 5
[13:08:59.901] [SEVERE ] removing player 4 token from slot 4
[13:08:59.901] [SEVERE ] removing player 4 token from slot 5
[13:08:59.902] [SEVERE ] removing player 4 token from slot 6
[13:08:59.902] [SEVERE ] player 2 placing token on slot 8
[13:08:59.902] [SEVERE ] player 1 placing token on slot 2
[13:08:59.902] [SEVERE ] removing player 3 token from slot 6
[13:08:59.902] [SEVERE ] removing player 3 token from slot 10
[13:08:59.902] [SEVERE ] removing player 3 token from slot 11
[13:08:59.903] [SEVERE ] player 4 placing token on slot 3
[13:08:59.903] [SEVERE ] player 2 placing token on slot 11
[13:08:59.903] [SEVERE ] removing player 1 token from slot 2
[13:08:59.903] [SEVERE ] removing player 1 token from slot 5
[13:08:59.903] [SEVERE ] removing player 1 token from slot 6
[13:08:59.903] [SEVERE ] player 3 placing token on slot 0
[13:08:59.904] [SEVERE ] player 1 placing token on slot 11
[13:08:59.904] [SEVERE ] player 2 placing token on slot 4
[13:08:59.904] [SEVERE ] player 4 placing token on slot 8
[13:08:59.904] [SEVERE ] player 3 placing token on slot 1
[13:08:59.904] [SEVERE ] player 1 placing token on slot 5
[13:08:59.907] [SEVERE ] removing player 2 token from slot 4
[13:08:59.908] [SEVERE ] removing card from slot 4
[13:08:59.908] [SEVERE ] removing player 2 token from slot 8
[13:08:59.909] [SEVERE ] removing player 4 token from slot 8
[13:08:59.909] [SEVERE ] removing card from slot 8
[13:08:59.909] [SEVERE ] removing player 1 token from slot 11
[13:08:59.910] [SEVERE ] removing player 2 token from slot 11
[13:08:59.910] [SEVERE ] removing card from slot 11
[13:08:59.910] [SEVERE ] placing card 30 in slot 4
[13:08:59.911] [SEVERE ] placing card 37 in slot 8
[13:08:59.911] [SEVERE ] placing card 34 in slot 11
[13:08:59.914] [SEVERE ] player 4 placing token on slot 7
[13:08:59.914] [SEVERE ] player 1 placing token on slot 11
[13:08:59.914] [SEVERE ] setting player 2 score to 1
[13:08:59.915] [SEVERE ] player 2 placing token on slot 5
[13:08:59.914] [SEVERE ] player 3 placing token on slot 3
[13:08:59.915] [SEVERE ] player 2 placing token on slot 10
[13:08:59.915] [SEVERE ] player 1 placing token on slot 10
[13:08:59.915] [SEVERE ] player 4 placing token on slot 10
[13:08:59.916] [SEVERE ] removing player 3 token from slot 0
[13:08:59.917] [SEVERE ] removing player 3 token from slot 1
[13:08:59.917] [SEVERE ] removing player 3 token from slot 3
[13:08:59.917] [SEVERE ] player 2 placing token on slot 3
[13:08:59.917] [SEVERE ] removing player 1 token from slot 5
[13:08:59.918] [SEVERE ] removing player 1 token from slot 10
[13:08:59.918] [SEVERE ] removing player 1 token from slot 11
[13:08:59.918] [SEVERE ] player 3 placing token on slot 0
[13:08:59.918] [SEVERE ] removing player 4 token from slot 3
[13:08:59.918] [SEVERE ] removing player 4 token from slot 7
[13:08:59.918] [SEVERE ] removing player 4 token from slot 10
[13:08:59.919] [SEVERE ] removing player 3 token from slot 0
[13:08:59.919] [SEVERE ] player 4 placing token on slot 11
[13:08:59.919] [SEVERE ] player 1 placing token on slot 3
[13:08:59.919] [SEVERE ] removing player 2 token from slot 3
[13:08:59.920] [SEVERE ] removing player 2 token from slot 5
[13:08:59.920] [SEVERE ] removing player 2 token from slot 10
[13:08:59.920] [SEVERE ] player 3 placing token on slot 5
[13:08:59.920] [SEVERE ] player 1 placing token on slot 9
[13:08:59.920] [SEVERE ] player 2 placing token on slot 2
[13:08:59.920] [SEVERE ] player 4 placing token on slot 1
[13:08:59.921] [SEVERE ] player 2 placing token on slot 8
[13:08:59.921] [SEVERE ] player 1 placing token on slot 11
[13:08:59.920] [SEVERE ] player 3 placing token on slot 8
[13:08:59.921] [SEVERE ] player 2 placing token on slot 4
[13:08:59.921] [SEVERE ] player 4 placing token on slot 6
[13:08:59.924] [SEVERE ] removing player 1 token from slot 3
[13:08:59.925] [SEVERE ] removing player 1 token from slot 9
[13:08:59.925] [SEVERE ] removing player 1 token from slot 11
[13:08:59.925] [SEVERE ] player 3 placing token on slot 1
[13:08:59.926] [SEVERE ] removing player 2 token from slot 2
[13:08:59.926] [SEVERE ] removing player 2 token from slot 4
[13:08:59.926] [SEVERE ] removing player 2 token from slot 8
[13:08:59.926] [SEVERE ] player 1 placing token on slot 7
[13:08:59.927] [SEVERE ] removing player 4 token from slot 1
[13:08:59.927] [SEVERE ] removing player 4 token from slot 6
[13:08:59.927] [SEVERE ] removing player 4 token from slot 11
[13:08:59.927] [SEVERE ] player 2 placing token on slot 4
[13:08:59.927] [SEVERE ] player 1 placing token on slot 6
[13:08:59.927] [SEVERE ] removing player 3 token from slot 1
[13:08:59.927] [SEVERE ] removing player 3 token from slot 5
[13:08:59.928] [SEVERE ] removing player 3 token from slot 8
[13:08:59.928] [SEVERE ] player 4 placing token on slot 8
[13:08:59.928] [SEVERE ] player 1 placing token on slot 9
[13:08:59.928] [SEVERE ] player 3 placing token on slot 10
[13:08:59.928] [SEVERE ] removing player 2 token from slot 4
[13:08:59.928] [SEVERE ] removing player 4 token from slot 8
[13:08:59.928] [SEVERE ] removing player 1 token from slot 6
[13:08:59.929] [SEVERE ] removing player 1 token from slot 7
[13:08:59.929] [SEVERE ] removing player 1 token from slot 9
[13:08:59.929] [SEVERE ] player 3 placing token on slot 2
[13:08:59.929] [SEVERE ] player 1 placing token on slot 0
[13:08:59.929] [SEVERE ] player 4 placing token on slot 0
[13:08:59.929] [SEVERE ] player 2 placing token on slot 3
[13:08:59.929] [SEVERE ] player 4 placing token on slot 6
[13:08:59.929] [SEVERE ] player 1 placing token on slot 9
[13:08:59.929] [SEVERE ] player 3 placing token on slot 0
[13:08:59.930] [SEVERE ] player 1 placing token on slot 2
[13:08:59.930] [SEVERE ] player 4 placing token on slot 3
[13:08:59.929] [SEVERE ] player 2 placing token on slot 10
[13:08:59.930] [SEVERE ] removing player 3 token from slot 0
[13:08:59.931] [SEVERE ] removing player 3 token from slot 2
[13:08:59.931] [SEVERE ] removing player 3 token from slot 10
[13:08:59.931] [SEVERE ] removing player 2 token from slot 3
[13:08:59.931] [SEVERE ] removing player 1 token from slot 0
[13:08:59.931] [SEVERE ] removing player 1 token from slot 2
[13:08:59.931] [SEVERE ] removing player 1 token from slot 9
[13:08:59.932] [SEVERE ] player 3 placing token on slot 8
[13:08:59.932] [SEVERE ] removing player 2 token from slot 10
[13:08:59.932] [SEVERE ] removing player 4 token from slot 0
[13:08:59.932] [SEVERE ] removing player 4 token from slot 3
[13:08:59.933] [SEVERE ] removing player 4 token from slot 6
[13:08:59.934] [SEVERE ] player 1 placing token on slot 11
[13:08:59.934] [SEVERE ] player 4 placing token on slot 7
[13:08:59.934] [SEVERE ] player 2 placing token on slot 4
[13:08:59.934] [SEVERE ] player 2 placing token on slot 2
[13:08:59.934] [SEVERE ] player 3 placing token on slot 11
[13:08:59.934] [SEVERE ] player 2 placing token on slot 5
[13:08:59.934] [SEVERE ] player 4 placing token on slot 11
[13:08:59.934] [SEVERE ] player 1 placing token on slot 8
[13:08:59.935] [SEVERE ] player 3 placing token on slot 6
[13:08:59.935] [SEVERE ] removing player 2 token from slot 2
[13:08:59.935] [SEVERE ] removing player 2 token from slot 4
[13:08:59.935] [SEVERE ] removing player 2 token from slot 5
[13:08:59.936] [SEVERE ] removing player 3 token from slot 6
[13:08:59.936] [SEVERE ] removing player 3 token from slot 8
[13:08:59.936] [SEVERE ] removing player 3 token from slot 11
[13:08:59.936] [SEVERE ] player 4 placing token on slot 9
[13:08:59.936] [SEVERE ] player 2 placing token on slot 0
[13:08:59.936] [SEVERE ] player 1 placing token on slot 4
[13:08:59.936] [SEVERE ] player 3 placing token on slot 7
[13:08:59.937] [SEVERE ] removing player 4 token from slot 7
[13:08:59.937] [SEVERE ] removing player 4 token from slot 9
[13:08:59.937] [SEVERE ] removing player 4 token from slot 11
[13:08:59.937] [SEVERE ] player 2 placing token on slot 11
[13:08:59.937] [SEVERE ] player 3 placing token on slot 9
[13:08:59.937] [SEVERE ] player 4 placing token on slot 5
[13:08:59.939] [SEVERE ] removing player 1 token from slot 4
[13:08:59.941] [SEVERE ] removing player 1 token from slot 8
[13:08:59.941] [SEVERE ] removing player 1 token from slot 11
[13:08:59.941] [SEVERE ] player 2 placing token on slot 10
[13:08:59.941] [SEVERE ] player 4 placing token on slot 3
[13:08:59.941] [SEVERE ] player 1 placing token on slot 2
[13:08:59.941] [SEVERE ] player 3 placing token on slot 1
[13:08:59.942] [SEVERE ] removing player 2 token from slot 0
[13:08:59.942] [SEVERE ] removing player 2 token from slot 10
[13:08:59.942] [SEVERE ] removing player 2 token from slot 11
[13:08:59.943] [SEVERE ] removing player 4 token from slot 3
[13:08:59.943] [SEVERE ] player 1 placing token on slot 9
[13:08:59.943] [SEVERE ] removing player 3 token from slot 1
[13:08:59.943] [SEVERE ] removing player 3 token from slot 7
[13:08:59.943] [SEVERE ] removing player 3 token from slot 9
[13:08:59.943] [SEVERE ] player 2 placing token on slot 9
[13:08:59.943] [SEVERE ] player 3 placing token on slot 0
[13:08:59.943] [SEVERE ] player 1 placing token on slot 11
[13:08:59.943] [SEVERE ] player 4 placing token on slot 8
[13:08:59.944] [SEVERE ] player 3 placing token on slot 4
[13:08:59.944] [SEVERE ] player 2 placing token on slot 8
[13:08:59.944] [SEVERE ] removing player 1 token from slot 2
[13:08:59.944] [SEVERE ] removing player 1 token from slot 9
[13:08:59.945] [SEVERE ] removing player 1 token from slot 11
[13:08:59.945] [SEVERE ] player 4 placing token on slot 2
[13:08:59.945] [SEVERE ] player 2 placing token on slot 3
[13:08:59.945] [SEVERE ] player 1 placing token on slot 3
[13:08:59.945] [SEVERE ] player 3 placing token on slot 3
[13:08:59.945] [SEVERE ] removing player 4 token from slot 2
[13:08:59.945] [SEVERE ] removing player 4 token from slot 5
[13:08:59.946] [SEVERE ] removing player 4 token from slot 8
[13:08:59.946] [SEVERE ] player 1 placing token on slot 11
[13:08:59.946] [SEVERE ] removing player 2 token from slot 3
[13:08:59.946] [SEVERE ] removing player 2 token from slot 8
[13:08:59.946] [SEVERE ] removing player 2 token from slot 9
[13:08:59.946] [SEVERE ] player 4 placing token on slot 1
[13:08:59.946] [SEVERE ] player 1 placing token on slot 5
[13:08:59.947] [SEVERE ] removing player 3 token from slot 0
[13:08:59.947] [SEVERE ] removing player 3 token from slot 3
[13:08:59.947] [SEVERE ] removing player 3 token from slot 4
[13:08:59.947] [SEVERE ] player 2 placing token on slot 0
[13:08:59.947] [SEVERE ] player 4 placing token on slot 2
[13:08:59.948] [SEVERE ] removing player 1 token from slot 3
[13:08:59.948] [SEVERE ] removing player 1 token from slot 5
[13:08:59.948] [SEVERE ] removing player 1 token from slot 11
[13:08:59.948] [SEVERE ] player 3 placing token on slot 0
[13:08:59.948] [SEVERE ] player 4 placing token on slot 10
[13:08:59.948] [SEVERE ] removing player 3 token from slot 0
[13:08:59.948] [SEVERE ] player 2 placing token on slot 1
[13:08:59.948] [SEVERE ] player 1 placing token on slot 7
[13:08:59.949] [SEVERE ] removing player 4 token from slot 1
[13:08:59.950] [SEVERE ] removing player 4 token from slot 2
[13:08:59.950] [SEVERE ] removing player 4 token from slot 10
[13:08:59.950] [SEVERE ] player 3 placing token on slot 9
[13:08:59.951] [SEVERE ] removing player 3 token from slot 9
[13:08:59.950] [SEVERE ] player 4 placing token on slot 4
[13:08:59.950] [SEVERE ] player 2 placing token on slot 7
[13:08:59.951] [SEVERE ] player 4 placing token on slot 7
[13:08:59.951] [SEVERE ] player 3 placing token on slot 4
[13:08:59.951] [SEVERE ] player 1 placing token on slot 5
[13:08:59.952] [SEVERE ] player 4 placing token on slot 9
[13:08:59.952] [SEVERE ] removing player 2 token from slot 0
[13:08:59.952] [SEVERE ] removing player 2 token from slot 1
[13:08:59.952] [SEVERE ] removing player 2 token from slot 7
[13:08:59.952] [SEVERE ] player 3 placing token on slot 0
[13:08:59.953] [SEVERE ] player 1 placing token on slot 10
[13:08:59.953] [SEVERE ] removing player 4 token from slot 4
[13:08:59.953] [SEVERE ] removing player 4 token from slot 7
[13:08:59.953] [SEVERE ] removing player 4 token from slot 9
[13:08:59.953] [SEVERE ] player 2 placing token on slot 7
[13:08:59.953] [SEVERE ] player 3 placing token on slot 2
[13:08:59.955] [SEVERE ] removing player 1 token from slot 5
[13:08:59.957] [SEVERE ] removing player 1 token from slot 7
[13:08:59.957] [SEVERE ] removing player 1 token from slot 10
[13:08:59.958] [SEVERE ] player 2 placing token on slot 6
[13:08:59.958] [SEVERE ] player 4 placing token on slot 7
[13:08:59.959] [SEVERE ] removing player 3 token from slot 0
[13:08:59.959] [SEVERE ] removing player 3 token from slot 2
[13:08:59.960] [SEVERE ] removing player 3 token from slot 4
[13:08:59.960] [SEVERE ] player 1 placing token on slot 10
[13:08:59.960] [SEVERE ] player 4 placing token on slot 11
[13:08:59.960] [SEVERE ] player 3 placing token on slot 11
[13:08:59.961] [SEVERE ] removing player 3 token from slot 11
[13:08:59.961] [SEVERE ] player 3 placing token on slot 9
[13:08:59.961] [SEVERE ] player 3 placing token on slot 7
[13:08:59.960] [SEVERE ] player 2 placing token on slot 1
[13:08:59.960] [SEVERE ] player 4 placing token on slot 5
[13:08:59.960] [SEVERE ] player 1 placing token on slot 4
[13:08:59.962] [SEVERE ] removing card from slot 0
[13:08:59.962] [SEVERE ] removing player 2 token from slot 1
[13:08:59.962] [SEVERE ] removing card from slot 1
[13:08:59.963] [SEVERE ] removing card from slot 2
[13:08:59.963] [SEVERE ] removing card from slot 3
[13:08:59.964] [SEVERE ] removing player 1 token from slot 4
[13:08:59.964] [SEVERE ] removing card from slot 4
[13:08:59.965] [SEVERE ] removing player 4 token from slot 5
[13:08:59.965] [SEVERE ] removing card from slot 5
[13:08:59.966] [SEVERE ] removing player 2 token from slot 6
[13:08:59.967] [SEVERE ] removing card from slot 6
[13:08:59.967] [SEVERE ] removing player 2 token from slot 7
[13:08:59.967] [SEVERE ] removing player 3 token from slot 7
[13:08:59.967] [SEVERE ] removing player 4 token from slot 7
[13:08:59.967] [SEVERE ] removing card from slot 7
[13:08:59.967] [SEVERE ] removing card from slot 8
[13:08:59.968] [SEVERE ] removing player 3 token from slot 9
[13:08:59.968] [SEVERE ] removing card from slot 9
[13:08:59.968] [SEVERE ] removing player 1 token from slot 10
[13:08:59.968] [SEVERE ] removing card from slot 10
[13:08:59.969] [SEVERE ] removing player 4 token from slot 11
[13:08:59.969] [SEVERE ] removing card from slot 11
[13:08:59.970] [SEVERE ] placing card 21 in slot 0
[13:08:59.971] [SEVERE ] placing card 76 in slot 1
[13:08:59.973] [SEVERE ] placing card 37 in slot 2
[13:08:59.975] [SEVERE ] placing card 39 in slot 3
[13:08:59.977] [SEVERE ] placing card 29 in slot 4
[13:08:59.978] [SEVERE ] placing card 36 in slot 5
[13:08:59.979] [SEVERE ] placing card 66 in slot 6
[13:08:59.984] [SEVERE ] placing card 23 in slot 7
[13:08:59.984] [SEVERE ] placing card 60 in slot 8
[13:08:59.985] [SEVERE ] placing card 8 in slot 9
[13:08:59.988] [SEVERE ] placing card 28 in slot 10
[13:08:59.997] [SEVERE ] placing card 67 in slot 11
[13:09:00.000] [SEVERE ] player 2 placing token on slot 10
[13:09:00.000] [SEVERE ] player 3 placing token on slot 11
[13:09:00.001] [SEVERE ] removing player 2 token from slot 10
[13:09:00.002] [SEVERE ] removing player 2 token from slot 0
[13:09:00.002] [SEVERE ] removing player 2 token from slot 0
[13:09:00.002] [SEVERE ] removing card from slot 0
[13:09:00.013] [INFO   ] thread dealer terminated.
[13:09:01.731] [SEVERE ] exit button pressed
[13:09:05.016] [SEVERE ] thanks for playing... it was fun!
[13:09:05.016] [INFO   ] thread main terminated.
