[17:30:36.699] [INFO   ] thread main starting.
[17:30:36.714] [SEVERE ] cannot read configuration file config.properties trying from resources.
[17:30:36.720] [SEVERE ] configuration file was loaded from resources directory.
[17:30:38.123] [INFO   ] thread dealer starting.
[17:30:38.225] [SEVERE ] placing card 45 in slot 0
[17:30:38.275] [SEVERE ] placing card 18 in slot 1
[17:30:38.276] [SEVERE ] placing card 79 in slot 2
[17:30:38.277] [SEVERE ] placing card 68 in slot 3
[17:30:38.278] [SEVERE ] placing card 69 in slot 4
[17:30:38.279] [SEVERE ] placing card 43 in slot 5
[17:30:38.280] [SEVERE ] placing card 22 in slot 6
[17:30:38.281] [SEVERE ] placing card 57 in slot 7
[17:30:38.282] [SEVERE ] placing card 0 in slot 8
[17:30:38.284] [SEVERE ] placing card 49 in slot 9
[17:30:38.284] [SEVERE ] placing card 21 in slot 10
[17:30:38.285] [SEVERE ] placing card 65 in slot 11
[17:30:38.307] [SEVERE ] player 4 placing token on slot 5
[17:30:38.307] [SEVERE ] player 3 placing token on slot 0
[17:30:38.307] [SEVERE ] player 1 placing token on slot 4
[17:30:38.309] [SEVERE ] player 4 placing token on slot 7
[17:30:38.307] [SEVERE ] player 2 placing token on slot 8
[17:30:38.310] [SEVERE ] player 4 placing token on slot 1
[17:30:38.310] [SEVERE ] player 1 placing token on slot 3
[17:30:38.312] [SEVERE ] removing player 1 token from slot 3
[17:30:38.310] [SEVERE ] player 3 placing token on slot 6
[17:30:38.320] [SEVERE ] removing player 4 token from slot 1
[17:30:38.320] [SEVERE ] removing player 4 token from slot 5
[17:30:38.321] [SEVERE ] removing player 4 token from slot 7
[17:30:38.322] [SEVERE ] player 1 placing token on slot 9
[17:30:38.323] [SEVERE ] player 2 placing token on slot 1
[17:30:38.323] [SEVERE ] player 3 placing token on slot 2
[17:30:38.325] [SEVERE ] removing player 3 token from slot 0
[17:30:38.326] [SEVERE ] removing card from slot 0
[17:30:38.328] [SEVERE ] removing player 2 token from slot 1
[17:30:38.328] [SEVERE ] removing card from slot 1
[17:30:38.329] [SEVERE ] removing player 3 token from slot 2
[17:30:38.330] [SEVERE ] removing card from slot 2
[17:30:38.331] [SEVERE ] removing card from slot 3
[17:30:38.331] [SEVERE ] removing player 1 token from slot 4
[17:30:38.332] [SEVERE ] removing card from slot 4
[17:30:38.332] [SEVERE ] removing card from slot 5
[17:30:38.333] [SEVERE ] removing player 3 token from slot 6
[17:30:38.334] [SEVERE ] removing card from slot 6
[17:30:38.335] [SEVERE ] removing card from slot 7
[17:30:38.335] [SEVERE ] removing player 2 token from slot 8
[17:30:38.336] [SEVERE ] removing card from slot 8
[17:30:38.336] [SEVERE ] removing player 1 token from slot 9
[17:30:38.337] [SEVERE ] removing card from slot 9
[17:30:38.338] [SEVERE ] removing card from slot 10
[17:30:38.339] [SEVERE ] removing card from slot 11
[17:30:38.340] [SEVERE ] placing card 47 in slot 0
[17:30:38.341] [SEVERE ] placing card 74 in slot 1
[17:30:38.341] [SEVERE ] placing card 26 in slot 2
[17:30:38.342] [SEVERE ] placing card 23 in slot 3
[17:30:38.343] [SEVERE ] placing card 50 in slot 4
[17:30:38.343] [SEVERE ] placing card 1 in slot 5
[17:30:38.372] [SEVERE ] placing card 31 in slot 6
[17:30:38.373] [SEVERE ] placing card 10 in slot 7
[17:30:38.374] [SEVERE ] placing card 3 in slot 8
[17:30:38.374] [SEVERE ] placing card 79 in slot 9
[17:30:38.375] [SEVERE ] placing card 70 in slot 10
[17:30:38.376] [SEVERE ] placing card 40 in slot 11
[17:30:38.388] [SEVERE ] player 4 placing token on slot 4
[17:30:38.388] [SEVERE ] player 3 placing token on slot 1
[17:30:38.388] [SEVERE ] player 2 placing token on slot 0
[17:30:38.388] [SEVERE ] player 1 placing token on slot 1
[17:30:38.392] [SEVERE ] removing player 2 token from slot 0
[17:30:38.391] [SEVERE ] player 3 placing token on slot 7
[17:30:38.390] [SEVERE ] player 4 placing token on slot 9
[17:30:38.394] [SEVERE ] player 3 placing token on slot 10
[17:30:38.393] [SEVERE ] player 2 placing token on slot 10
[17:30:38.392] [SEVERE ] player 1 placing token on slot 0
[17:30:38.396] [SEVERE ] player 2 placing token on slot 11
[17:30:38.395] [SEVERE ] player 4 placing token on slot 11
[17:30:38.399] [SEVERE ] removing player 3 token from slot 1
[17:30:38.400] [SEVERE ] removing player 3 token from slot 7
[17:30:38.401] [SEVERE ] removing player 3 token from slot 10
[17:30:38.402] [SEVERE ] player 1 placing token on slot 2
[17:30:38.402] [SEVERE ] player 2 placing token on slot 4
[17:30:38.404] [SEVERE ] removing player 1 token from slot 0
[17:30:38.404] [SEVERE ] removing card from slot 0
[17:30:38.430] [SEVERE ] removing player 1 token from slot 1
[17:30:38.431] [SEVERE ] removing card from slot 1
[17:30:38.432] [SEVERE ] removing player 1 token from slot 2
[17:30:38.432] [SEVERE ] removing card from slot 2
[17:30:38.433] [SEVERE ] removing card from slot 3
[17:30:38.433] [SEVERE ] removing player 2 token from slot 4
[17:30:38.434] [SEVERE ] removing player 4 token from slot 4
[17:30:38.434] [SEVERE ] removing card from slot 4
[17:30:38.435] [SEVERE ] removing card from slot 5
[17:30:38.437] [SEVERE ] removing card from slot 6
[17:30:38.438] [SEVERE ] removing card from slot 7
[17:30:38.439] [SEVERE ] removing card from slot 8
[17:30:38.439] [SEVERE ] removing player 4 token from slot 9
[17:30:38.440] [SEVERE ] removing card from slot 9
[17:30:38.452] [SEVERE ] removing player 2 token from slot 10
[17:30:38.453] [SEVERE ] removing card from slot 10
[17:30:38.454] [SEVERE ] removing player 2 token from slot 11
[17:30:38.454] [SEVERE ] removing player 4 token from slot 11
[17:30:38.455] [SEVERE ] removing card from slot 11
[17:30:38.457] [SEVERE ] placing card 45 in slot 0
[17:30:38.457] [SEVERE ] placing card 53 in slot 1
[17:30:38.458] [SEVERE ] placing card 59 in slot 2
[17:30:38.459] [SEVERE ] placing card 67 in slot 3
[17:30:38.460] [SEVERE ] placing card 30 in slot 4
[17:30:38.460] [SEVERE ] placing card 0 in slot 5
[17:30:38.461] [SEVERE ] placing card 80 in slot 6
[17:30:38.475] [SEVERE ] placing card 33 in slot 7
[17:30:38.475] [SEVERE ] placing card 60 in slot 8
[17:30:38.476] [SEVERE ] placing card 55 in slot 9
[17:30:38.477] [SEVERE ] placing card 18 in slot 10
[17:30:38.478] [SEVERE ] placing card 71 in slot 11
[17:30:38.486] [SEVERE ] player 1 placing token on slot 5
[17:30:38.486] [SEVERE ] player 3 placing token on slot 7
[17:30:38.486] [SEVERE ] player 4 placing token on slot 6
[17:30:38.486] [SEVERE ] player 2 placing token on slot 8
[17:30:38.489] [SEVERE ] removing player 4 token from slot 6
[17:30:38.488] [SEVERE ] player 3 placing token on slot 4
[17:30:38.487] [SEVERE ] player 1 placing token on slot 10
[17:30:38.491] [SEVERE ] player 3 placing token on slot 9
[17:30:38.490] [SEVERE ] player 4 placing token on slot 4
[17:30:38.489] [SEVERE ] player 2 placing token on slot 7
[17:30:38.493] [SEVERE ] player 4 placing token on slot 7
[17:30:38.492] [SEVERE ] player 1 placing token on slot 7
[17:30:38.495] [SEVERE ] removing player 3 token from slot 4
[17:30:38.496] [SEVERE ] removing player 3 token from slot 7
[17:30:38.497] [SEVERE ] removing player 3 token from slot 9
[17:30:38.498] [SEVERE ] removing card from slot 0
[17:30:38.502] [SEVERE ] removing card from slot 1
[17:30:38.503] [SEVERE ] removing card from slot 2
[17:30:38.504] [SEVERE ] removing card from slot 3
[17:30:38.505] [SEVERE ] removing player 4 token from slot 4
[17:30:38.505] [SEVERE ] removing card from slot 4
[17:30:38.506] [SEVERE ] removing player 1 token from slot 5
[17:30:38.507] [SEVERE ] removing card from slot 5
[17:30:38.507] [SEVERE ] removing card from slot 6
[17:30:38.510] [SEVERE ] removing player 1 token from slot 7
[17:30:38.511] [SEVERE ] removing player 2 token from slot 7
[17:30:38.512] [SEVERE ] removing player 4 token from slot 7
[17:30:38.513] [SEVERE ] removing card from slot 7
[17:30:38.526] [SEVERE ] removing player 2 token from slot 8
[17:30:38.528] [SEVERE ] removing card from slot 8
[17:30:38.528] [SEVERE ] removing card from slot 9
[17:30:38.529] [SEVERE ] removing player 1 token from slot 10
[17:30:38.529] [SEVERE ] removing card from slot 10
[17:30:38.530] [SEVERE ] removing card from slot 11
[17:30:38.531] [SEVERE ] placing card 26 in slot 0
[17:30:38.532] [SEVERE ] placing card 25 in slot 1
[17:30:38.532] [SEVERE ] placing card 7 in slot 2
[17:30:38.533] [SEVERE ] placing card 4 in slot 3
[17:30:38.534] [SEVERE ] placing card 63 in slot 4
[17:30:38.534] [SEVERE ] placing card 40 in slot 5
[17:30:38.535] [SEVERE ] placing card 75 in slot 6
[17:30:38.535] [SEVERE ] placing card 18 in slot 7
[17:30:38.552] [SEVERE ] placing card 68 in slot 8
[17:30:38.553] [SEVERE ] placing card 62 in slot 9
[17:30:38.553] [SEVERE ] placing card 37 in slot 10
[17:30:38.554] [SEVERE ] placing card 1 in slot 11
[17:30:38.559] [SEVERE ] player 2 placing token on slot 1
[17:30:38.559] [SEVERE ] player 1 placing token on slot 7
[17:30:38.559] [SEVERE ] player 3 placing token on slot 3
[17:30:38.559] [SEVERE ] player 4 placing token on slot 1
[17:30:38.561] [SEVERE ] player 3 placing token on slot 8
[17:30:38.560] [SEVERE ] player 1 placing token on slot 11
[17:30:38.560] [SEVERE ] player 2 placing token on slot 10
[17:30:38.562] [SEVERE ] player 1 placing token on slot 9
[17:30:38.562] [SEVERE ] player 3 placing token on slot 1
[17:30:38.561] [SEVERE ] player 4 placing token on slot 6
[17:30:38.563] [SEVERE ] player 2 placing token on slot 4
[17:30:38.565] [SEVERE ] removing player 1 token from slot 7
[17:30:38.565] [SEVERE ] removing player 1 token from slot 9
[17:30:38.566] [SEVERE ] removing player 1 token from slot 11
[17:30:38.567] [SEVERE ] player 2 placing token on slot 9
[17:30:38.567] [SEVERE ] player 4 placing token on slot 0
[17:30:38.567] [SEVERE ] player 1 placing token on slot 4
[17:30:38.569] [SEVERE ] removing player 3 token from slot 1
[17:30:38.569] [SEVERE ] removing player 3 token from slot 3
[17:30:38.570] [SEVERE ] removing player 3 token from slot 8
[17:30:38.571] [SEVERE ] player 2 placing token on slot 0
[17:30:38.571] [SEVERE ] player 1 placing token on slot 7
[17:30:38.571] [SEVERE ] removing player 4 token from slot 6
[17:30:38.572] [SEVERE ] player 1 placing token on slot 11
[17:30:38.572] [SEVERE ] player 2 placing token on slot 8
[17:30:38.574] [SEVERE ] removing player 2 token from slot 0
[17:30:38.574] [SEVERE ] removing player 4 token from slot 0
[17:30:38.575] [SEVERE ] removing card from slot 0
[17:30:38.580] [SEVERE ] removing player 2 token from slot 1
[17:30:38.580] [SEVERE ] removing player 4 token from slot 1
[17:30:38.581] [SEVERE ] removing card from slot 1
[17:30:38.581] [SEVERE ] removing card from slot 2
[17:30:38.582] [SEVERE ] removing card from slot 3
[17:30:38.582] [SEVERE ] removing player 1 token from slot 4
[17:30:38.583] [SEVERE ] removing player 2 token from slot 4
[17:30:38.584] [SEVERE ] removing card from slot 4
[17:30:38.584] [SEVERE ] removing card from slot 5
[17:30:38.585] [SEVERE ] removing card from slot 6
[17:30:38.585] [SEVERE ] removing player 1 token from slot 7
[17:30:38.586] [SEVERE ] removing card from slot 7
[17:30:38.589] [SEVERE ] removing player 2 token from slot 8
[17:30:38.590] [SEVERE ] removing card from slot 8
[17:30:38.591] [SEVERE ] removing player 2 token from slot 9
[17:30:38.591] [SEVERE ] removing card from slot 9
[17:30:38.592] [SEVERE ] removing player 2 token from slot 10
[17:30:38.593] [SEVERE ] removing card from slot 10
[17:30:38.605] [SEVERE ] removing player 1 token from slot 11
[17:30:38.606] [SEVERE ] removing card from slot 11
[17:30:38.607] [SEVERE ] placing card 67 in slot 0
[17:30:38.608] [SEVERE ] placing card 79 in slot 1
[17:30:38.609] [SEVERE ] placing card 14 in slot 2
[17:30:38.612] [SEVERE ] placing card 59 in slot 3
[17:30:38.612] [SEVERE ] placing card 44 in slot 4
[17:30:38.613] [SEVERE ] placing card 65 in slot 5
[17:30:38.614] [SEVERE ] placing card 35 in slot 6
[17:30:38.614] [SEVERE ] placing card 24 in slot 7
[17:30:38.635] [SEVERE ] placing card 26 in slot 8
[17:30:38.636] [SEVERE ] placing card 80 in slot 9
[17:30:38.636] [SEVERE ] placing card 16 in slot 10
[17:30:38.637] [SEVERE ] placing card 66 in slot 11
[17:30:38.642] [SEVERE ] player 3 placing token on slot 2
[17:30:38.642] [SEVERE ] player 4 placing token on slot 3
[17:30:38.642] [SEVERE ] player 1 placing token on slot 6
[17:30:38.642] [SEVERE ] player 2 placing token on slot 3
[17:30:38.644] [SEVERE ] player 1 placing token on slot 8
[17:30:38.644] [SEVERE ] player 4 placing token on slot 8
[17:30:38.645] [SEVERE ] player 4 placing token on slot 10
[17:30:38.643] [SEVERE ] player 3 placing token on slot 7
[17:30:38.645] [SEVERE ] player 1 placing token on slot 3
[17:30:38.645] [SEVERE ] player 2 placing token on slot 0
[17:30:38.648] [SEVERE ] removing player 4 token from slot 3
[17:30:38.649] [SEVERE ] removing player 4 token from slot 8
[17:30:38.649] [SEVERE ] removing player 4 token from slot 10
[17:30:38.650] [SEVERE ] removing player 3 token from slot 7
[17:30:38.650] [SEVERE ] player 2 placing token on slot 9
[17:30:38.650] [SEVERE ] player 4 placing token on slot 3
[17:30:38.652] [SEVERE ] removing player 1 token from slot 3
[17:30:38.652] [SEVERE ] removing player 1 token from slot 6
[17:30:38.653] [SEVERE ] removing player 1 token from slot 8
[17:30:38.653] [SEVERE ] player 3 placing token on slot 7
[17:30:38.653] [SEVERE ] player 4 placing token on slot 9
[17:30:38.655] [SEVERE ] removing player 2 token from slot 0
[17:30:38.655] [SEVERE ] removing card from slot 0
[17:30:38.668] [SEVERE ] removing card from slot 1
[17:30:38.669] [SEVERE ] removing player 3 token from slot 2
[17:30:38.669] [SEVERE ] removing card from slot 2
[17:30:38.670] [SEVERE ] removing player 2 token from slot 3
[17:30:38.671] [SEVERE ] removing player 4 token from slot 3
[17:30:38.671] [SEVERE ] removing card from slot 3
[17:30:38.672] [SEVERE ] removing card from slot 4
[17:30:38.672] [SEVERE ] removing card from slot 5
[17:30:38.672] [SEVERE ] removing card from slot 6
[17:30:38.673] [SEVERE ] removing player 3 token from slot 7
[17:30:38.674] [SEVERE ] removing card from slot 7
[17:30:38.674] [SEVERE ] removing card from slot 8
[17:30:38.675] [SEVERE ] removing player 2 token from slot 9
[17:30:38.675] [SEVERE ] removing player 4 token from slot 9
[17:30:38.675] [SEVERE ] removing card from slot 9
[17:30:38.680] [SEVERE ] removing card from slot 10
[17:30:38.681] [SEVERE ] removing card from slot 11
[17:30:38.682] [SEVERE ] placing card 27 in slot 0
[17:30:38.682] [SEVERE ] placing card 29 in slot 1
[17:30:38.683] [SEVERE ] placing card 52 in slot 2
[17:30:38.683] [SEVERE ] placing card 50 in slot 3
[17:30:38.684] [SEVERE ] placing card 61 in slot 4
[17:30:38.698] [SEVERE ] placing card 42 in slot 5
[17:30:38.700] [SEVERE ] placing card 14 in slot 6
[17:30:38.700] [SEVERE ] placing card 40 in slot 7
[17:30:38.701] [SEVERE ] placing card 18 in slot 8
[17:30:38.701] [SEVERE ] placing card 55 in slot 9
[17:30:38.701] [SEVERE ] placing card 5 in slot 10
[17:30:38.702] [SEVERE ] placing card 22 in slot 11
[17:30:38.705] [SEVERE ] player 4 placing token on slot 0
[17:30:38.705] [SEVERE ] player 2 placing token on slot 8
[17:30:38.705] [SEVERE ] player 1 placing token on slot 3
[17:30:38.705] [SEVERE ] player 3 placing token on slot 6
[17:30:38.707] [SEVERE ] player 1 placing token on slot 5
[17:30:38.706] [SEVERE ] player 2 placing token on slot 4
[17:30:38.706] [SEVERE ] player 4 placing token on slot 10
[17:30:38.709] [SEVERE ] player 4 placing token on slot 9
[17:30:38.708] [SEVERE ] player 2 placing token on slot 5
[17:30:38.708] [SEVERE ] player 1 placing token on slot 6
[17:30:38.707] [SEVERE ] player 3 placing token on slot 7
[17:30:38.711] [SEVERE ] removing player 4 token from slot 0
[17:30:38.711] [SEVERE ] removing player 4 token from slot 9
[17:30:38.712] [SEVERE ] removing player 4 token from slot 10
[17:30:38.712] [SEVERE ] player 4 placing token on slot 4
[17:30:38.713] [SEVERE ] player 4 placing token on slot 11
[17:30:38.714] [SEVERE ] player 4 placing token on slot 3
[17:30:38.716] [SEVERE ] player 3 placing token on slot 1
[17:30:38.720] [SEVERE ] removing player 2 token from slot 4
[17:30:38.721] [SEVERE ] removing player 2 token from slot 5
[17:30:38.722] [SEVERE ] removing player 2 token from slot 8
[17:30:38.723] [SEVERE ] removing card from slot 0
[17:30:38.731] [SEVERE ] removing player 3 token from slot 1
[17:30:38.731] [SEVERE ] removing card from slot 1
[17:30:38.732] [SEVERE ] removing card from slot 2
[17:30:38.734] [SEVERE ] removing player 1 token from slot 3
[17:30:38.734] [SEVERE ] removing player 4 token from slot 3
[17:30:38.735] [SEVERE ] removing card from slot 3
[17:30:38.743] [SEVERE ] removing player 4 token from slot 4
[17:30:38.744] [SEVERE ] removing card from slot 4
[17:30:38.764] [SEVERE ] removing player 1 token from slot 5
[17:30:38.765] [SEVERE ] removing card from slot 5
[17:30:38.766] [SEVERE ] removing player 1 token from slot 6
[17:30:38.766] [SEVERE ] removing player 3 token from slot 6
[17:30:38.767] [SEVERE ] removing card from slot 6
[17:30:38.767] [SEVERE ] removing player 3 token from slot 7
[17:30:38.768] [SEVERE ] removing card from slot 7
[17:30:38.768] [SEVERE ] removing card from slot 8
[17:30:38.768] [SEVERE ] removing card from slot 9
[17:30:38.769] [SEVERE ] removing card from slot 10
[17:30:38.770] [SEVERE ] removing player 4 token from slot 11
[17:30:38.770] [SEVERE ] removing card from slot 11
[17:30:38.771] [SEVERE ] placing card 45 in slot 0
[17:30:38.773] [SEVERE ] placing card 79 in slot 1
[17:30:38.774] [SEVERE ] placing card 30 in slot 2
[17:30:38.774] [SEVERE ] placing card 57 in slot 3
[17:30:38.775] [SEVERE ] placing card 62 in slot 4
[17:30:38.786] [SEVERE ] placing card 19 in slot 5
[17:30:38.787] [SEVERE ] placing card 67 in slot 6
[17:30:38.787] [SEVERE ] placing card 3 in slot 7
[17:30:38.789] [SEVERE ] placing card 43 in slot 8
[17:30:38.791] [SEVERE ] placing card 78 in slot 9
[17:30:38.806] [SEVERE ] placing card 76 in slot 10
[17:30:38.806] [SEVERE ] placing card 41 in slot 11
[17:30:38.809] [SEVERE ] player 4 placing token on slot 1
[17:30:38.810] [SEVERE ] player 2 placing token on slot 2
[17:30:38.810] [SEVERE ] player 2 placing token on slot 9
[17:30:38.812] [SEVERE ] player 2 placing token on slot 5
[17:30:38.809] [SEVERE ] player 3 placing token on slot 2
[17:30:38.809] [SEVERE ] player 1 placing token on slot 9
[17:30:38.810] [SEVERE ] removing player 4 token from slot 1
[17:30:38.814] [SEVERE ] removing player 2 token from slot 2
[17:30:38.815] [SEVERE ] removing player 2 token from slot 5
[17:30:38.815] [SEVERE ] removing player 2 token from slot 9
[17:30:38.818] [SEVERE ] player 3 placing token on slot 6
[17:30:38.818] [SEVERE ] player 4 placing token on slot 0
[17:30:38.818] [SEVERE ] player 1 placing token on slot 0
[17:30:38.820] [SEVERE ] player 4 placing token on slot 10
[17:30:38.820] [SEVERE ] player 1 placing token on slot 5
[17:30:38.819] [SEVERE ] player 3 placing token on slot 1
[17:30:38.820] [SEVERE ] player 4 placing token on slot 3
[17:30:38.822] [SEVERE ] removing player 1 token from slot 0
[17:30:38.822] [SEVERE ] removing player 4 token from slot 0
[17:30:38.822] [SEVERE ] removing card from slot 0
[17:30:38.837] [SEVERE ] removing player 3 token from slot 1
[17:30:38.838] [SEVERE ] removing card from slot 1
[17:30:38.839] [SEVERE ] removing player 3 token from slot 2
[17:30:38.839] [SEVERE ] removing card from slot 2
[17:30:38.840] [SEVERE ] removing player 4 token from slot 3
[17:30:38.840] [SEVERE ] removing card from slot 3
[17:30:38.841] [SEVERE ] removing card from slot 4
[17:30:38.841] [SEVERE ] removing player 1 token from slot 5
[17:30:38.842] [SEVERE ] removing card from slot 5
[17:30:38.843] [SEVERE ] removing player 3 token from slot 6
[17:30:38.843] [SEVERE ] removing card from slot 6
[17:30:38.844] [SEVERE ] removing card from slot 7
[17:30:38.844] [SEVERE ] removing card from slot 8
[17:30:38.846] [SEVERE ] removing player 1 token from slot 9
[17:30:38.847] [SEVERE ] removing card from slot 9
[17:30:38.849] [SEVERE ] removing player 4 token from slot 10
[17:30:38.850] [SEVERE ] removing card from slot 10
[17:30:38.850] [SEVERE ] removing card from slot 11
[17:30:38.851] [SEVERE ] placing card 61 in slot 0
[17:30:38.859] [SEVERE ] placing card 10 in slot 1
[17:30:38.859] [SEVERE ] placing card 56 in slot 2
[17:30:38.861] [SEVERE ] placing card 4 in slot 3
[17:30:38.861] [SEVERE ] placing card 12 in slot 4
[17:30:38.862] [SEVERE ] placing card 55 in slot 5
[17:30:38.862] [SEVERE ] placing card 34 in slot 6
[17:30:38.864] [SEVERE ] placing card 26 in slot 7
[17:30:38.865] [SEVERE ] placing card 17 in slot 8
[17:30:38.867] [SEVERE ] placing card 71 in slot 9
[17:30:38.885] [SEVERE ] placing card 20 in slot 10
[17:30:38.887] [SEVERE ] placing card 33 in slot 11
[17:30:38.890] [SEVERE ] player 2 placing token on slot 11
[17:30:38.890] [SEVERE ] player 3 placing token on slot 7
[17:30:38.890] [SEVERE ] player 4 placing token on slot 4
[17:30:38.890] [SEVERE ] player 1 placing token on slot 6
[17:30:38.891] [SEVERE ] player 4 placing token on slot 5
[17:30:38.892] [SEVERE ] player 4 placing token on slot 7
[17:30:38.891] [SEVERE ] player 3 placing token on slot 4
[17:30:38.891] [SEVERE ] removing player 2 token from slot 11
[17:30:38.892] [SEVERE ] player 1 placing token on slot 7
[17:30:38.895] [SEVERE ] removing player 4 token from slot 4
[17:30:38.896] [SEVERE ] removing player 4 token from slot 5
[17:30:38.898] [SEVERE ] removing player 4 token from slot 7
[17:30:38.899] [SEVERE ] player 4 placing token on slot 5
[17:30:38.899] [SEVERE ] removing player 4 token from slot 5
[17:30:38.899] [SEVERE ] removing player 1 token from slot 7
[17:30:38.900] [SEVERE ] player 1 placing token on slot 5
[17:30:38.899] [SEVERE ] player 4 placing token on slot 7
[17:30:38.901] [SEVERE ] removing player 3 token from slot 4
[17:30:38.899] [SEVERE ] player 2 placing token on slot 2
[17:30:38.902] [SEVERE ] removing card from slot 0
[17:30:38.921] [SEVERE ] removing card from slot 1
[17:30:38.922] [SEVERE ] removing player 2 token from slot 2
[17:30:38.922] [SEVERE ] removing card from slot 2
[17:30:38.923] [SEVERE ] removing card from slot 3
[17:30:38.924] [SEVERE ] removing card from slot 4
[17:30:38.925] [SEVERE ] removing player 1 token from slot 5
[17:30:38.925] [SEVERE ] removing card from slot 5
[17:30:38.926] [SEVERE ] removing player 1 token from slot 6
[17:30:38.926] [SEVERE ] removing card from slot 6
[17:30:38.930] [SEVERE ] removing player 3 token from slot 7
[17:30:38.932] [SEVERE ] removing player 4 token from slot 7
[17:30:38.932] [SEVERE ] removing card from slot 7
[17:30:38.933] [SEVERE ] removing card from slot 8
[17:30:38.933] [SEVERE ] removing card from slot 9
[17:30:38.942] [SEVERE ] removing card from slot 10
[17:30:38.943] [SEVERE ] removing card from slot 11
[17:30:38.944] [SEVERE ] placing card 78 in slot 0
[17:30:38.945] [SEVERE ] placing card 46 in slot 1
[17:30:38.946] [SEVERE ] placing card 63 in slot 2
[17:30:38.947] [SEVERE ] placing card 13 in slot 3
[17:30:38.948] [SEVERE ] placing card 75 in slot 4
[17:30:38.948] [SEVERE ] placing card 56 in slot 5
[17:30:38.948] [SEVERE ] placing card 23 in slot 6
[17:30:38.949] [SEVERE ] placing card 5 in slot 7
[17:30:38.950] [SEVERE ] placing card 80 in slot 8
[17:30:38.951] [SEVERE ] placing card 67 in slot 9
[17:30:38.951] [SEVERE ] placing card 43 in slot 10
[17:30:38.952] [SEVERE ] placing card 29 in slot 11
[17:30:38.955] [SEVERE ] player 4 placing token on slot 1
[17:30:38.955] [SEVERE ] player 1 placing token on slot 10
[17:30:38.955] [SEVERE ] player 2 placing token on slot 10
[17:30:38.957] [SEVERE ] player 2 placing token on slot 7
[17:30:38.958] [SEVERE ] player 2 placing token on slot 4
[17:30:38.955] [SEVERE ] player 3 placing token on slot 1
[17:30:38.956] [SEVERE ] player 1 placing token on slot 0
[17:30:38.956] [SEVERE ] player 4 placing token on slot 2
[17:30:38.959] [SEVERE ] player 3 placing token on slot 6
[17:30:38.960] [SEVERE ] removing player 2 token from slot 4
[17:30:38.960] [SEVERE ] removing player 2 token from slot 7
[17:30:38.961] [SEVERE ] removing player 2 token from slot 10
[17:30:38.962] [SEVERE ] player 1 placing token on slot 2
[17:30:38.962] [SEVERE ] player 4 placing token on slot 5
[17:30:38.965] [SEVERE ] player 3 placing token on slot 7
[17:30:38.969] [SEVERE ] removing player 1 token from slot 0
[17:30:38.970] [SEVERE ] removing player 1 token from slot 2
[17:30:38.970] [SEVERE ] removing player 1 token from slot 10
[17:30:38.971] [SEVERE ] removing card from slot 0
[17:30:38.978] [SEVERE ] removing player 3 token from slot 1
[17:30:38.978] [SEVERE ] removing player 4 token from slot 1
[17:30:38.980] [SEVERE ] removing card from slot 1
[17:30:38.982] [SEVERE ] removing player 4 token from slot 2
[17:30:38.983] [SEVERE ] removing card from slot 2
[17:30:38.985] [SEVERE ] removing card from slot 3
[17:30:38.988] [SEVERE ] removing card from slot 4
[17:30:38.989] [SEVERE ] removing player 4 token from slot 5
[17:30:38.989] [SEVERE ] removing card from slot 5
[17:30:38.990] [SEVERE ] removing player 3 token from slot 6
[17:30:38.990] [SEVERE ] removing card from slot 6
[17:30:38.990] [SEVERE ] removing player 3 token from slot 7
[17:30:38.991] [SEVERE ] removing card from slot 7
[17:30:39.007] [SEVERE ] removing card from slot 8
[17:30:39.012] [SEVERE ] removing card from slot 9
[17:30:39.020] [SEVERE ] removing card from slot 10
[17:30:39.041] [SEVERE ] removing card from slot 11
[17:30:39.042] [SEVERE ] placing card 2 in slot 0
[17:30:39.043] [SEVERE ] placing card 60 in slot 1
[17:30:39.045] [SEVERE ] placing card 13 in slot 2
[17:30:39.049] [SEVERE ] placing card 25 in slot 3
[17:30:39.050] [SEVERE ] placing card 63 in slot 4
[17:30:39.053] [SEVERE ] placing card 11 in slot 5
[17:30:39.055] [SEVERE ] placing card 4 in slot 6
[17:30:39.095] [SEVERE ] placing card 24 in slot 7
[17:30:39.098] [SEVERE ] placing card 73 in slot 8
[17:30:39.099] [SEVERE ] placing card 62 in slot 9
[17:30:39.100] [SEVERE ] placing card 28 in slot 10
[17:30:39.100] [SEVERE ] placing card 23 in slot 11
[17:30:39.103] [SEVERE ] player 1 placing token on slot 5
[17:30:39.103] [SEVERE ] player 4 placing token on slot 5
[17:30:39.104] [SEVERE ] player 1 placing token on slot 3
[17:30:39.104] [SEVERE ] player 4 placing token on slot 3
[17:30:39.105] [SEVERE ] player 1 placing token on slot 6
[17:30:39.105] [SEVERE ] player 4 placing token on slot 0
[17:30:39.106] [SEVERE ] removing player 1 token from slot 3
[17:30:39.106] [SEVERE ] removing player 1 token from slot 5
[17:30:39.106] [SEVERE ] removing player 1 token from slot 6
[17:30:39.107] [SEVERE ] player 1 placing token on slot 7
[17:30:39.107] [SEVERE ] removing player 4 token from slot 0
[17:30:39.124] [SEVERE ] removing player 4 token from slot 3
[17:30:39.125] [SEVERE ] removing player 4 token from slot 5
[17:30:39.125] [SEVERE ] player 1 placing token on slot 8
[17:30:39.125] [SEVERE ] player 4 placing token on slot 10
[17:30:39.126] [SEVERE ] player 1 placing token on slot 0
[17:30:39.126] [SEVERE ] player 4 placing token on slot 3
[17:30:39.127] [SEVERE ] removing player 4 token from slot 3
[17:30:39.127] [SEVERE ] player 3 placing token on slot 1
[17:30:39.127] [SEVERE ] player 2 placing token on slot 8
[17:30:39.136] [SEVERE ] removing player 1 token from slot 0
[17:30:39.137] [SEVERE ] removing player 1 token from slot 7
[17:30:39.137] [SEVERE ] removing player 1 token from slot 8
[17:30:39.138] [SEVERE ] player 4 placing token on slot 6
[17:30:39.138] [SEVERE ] player 4 placing token on slot 2
[17:30:39.138] [SEVERE ] player 3 placing token on slot 2
[17:30:39.138] [SEVERE ] player 2 placing token on slot 7
[17:30:39.139] [SEVERE ] removing card from slot 0
[17:30:39.143] [SEVERE ] removing player 3 token from slot 1
[17:30:39.143] [SEVERE ] removing card from slot 1
[17:30:39.144] [SEVERE ] removing player 3 token from slot 2
[17:30:39.144] [SEVERE ] removing player 4 token from slot 2
[17:30:39.145] [SEVERE ] removing card from slot 2
[17:30:39.145] [SEVERE ] removing card from slot 3
[17:30:39.146] [SEVERE ] removing card from slot 4
[17:30:39.147] [SEVERE ] removing card from slot 5
[17:30:39.147] [SEVERE ] removing player 4 token from slot 6
[17:30:39.148] [SEVERE ] removing card from slot 6
[17:30:39.148] [SEVERE ] removing player 2 token from slot 7
[17:30:39.149] [SEVERE ] removing card from slot 7
[17:30:39.149] [SEVERE ] removing player 2 token from slot 8
[17:30:39.150] [SEVERE ] removing card from slot 8
[17:30:39.150] [SEVERE ] removing card from slot 9
[17:30:39.150] [SEVERE ] removing player 4 token from slot 10
[17:30:39.151] [SEVERE ] removing card from slot 10
[17:30:39.151] [SEVERE ] removing card from slot 11
[17:30:39.152] [SEVERE ] placing card 43 in slot 0
[17:30:39.153] [SEVERE ] placing card 64 in slot 1
[17:30:39.153] [SEVERE ] placing card 66 in slot 2
[17:30:39.154] [SEVERE ] placing card 71 in slot 3
[17:30:39.154] [SEVERE ] placing card 74 in slot 4
[17:30:39.157] [SEVERE ] placing card 59 in slot 5
[17:30:39.168] [SEVERE ] placing card 20 in slot 6
[17:30:39.169] [SEVERE ] placing card 19 in slot 7
[17:30:39.171] [SEVERE ] placing card 78 in slot 8
[17:30:39.173] [SEVERE ] placing card 6 in slot 9
[17:30:39.175] [SEVERE ] placing card 79 in slot 10
[17:30:39.176] [SEVERE ] placing card 61 in slot 11
[17:30:39.197] [SEVERE ] player 1 placing token on slot 10
[17:30:39.197] [SEVERE ] removing player 1 token from slot 10
[17:30:39.197] [SEVERE ] player 4 placing token on slot 7
[17:30:39.198] [SEVERE ] player 1 placing token on slot 8
[17:30:39.198] [SEVERE ] player 4 placing token on slot 11
[17:30:39.198] [SEVERE ] player 3 placing token on slot 11
[17:30:39.198] [SEVERE ] player 1 placing token on slot 7
[17:30:39.199] [SEVERE ] player 1 placing token on slot 9
[17:30:39.198] [SEVERE ] player 2 placing token on slot 1
[17:30:39.199] [SEVERE ] player 3 placing token on slot 9
[17:30:39.199] [SEVERE ] player 4 placing token on slot 5
[17:30:39.206] [SEVERE ] removing player 1 token from slot 7
[17:30:39.207] [SEVERE ] removing player 1 token from slot 8
[17:30:39.207] [SEVERE ] removing player 1 token from slot 9
[17:30:39.208] [SEVERE ] removing card from slot 0
[17:30:39.239] [SEVERE ] removing player 2 token from slot 1
[17:30:39.239] [SEVERE ] removing card from slot 1
[17:30:39.239] [SEVERE ] removing card from slot 2
[17:30:39.240] [SEVERE ] removing card from slot 3
[17:30:39.240] [SEVERE ] removing card from slot 4
[17:30:39.240] [SEVERE ] removing player 4 token from slot 5
[17:30:39.240] [SEVERE ] removing card from slot 5
[17:30:39.241] [SEVERE ] removing card from slot 6
[17:30:39.241] [SEVERE ] removing player 4 token from slot 7
[17:30:39.241] [SEVERE ] removing card from slot 7
[17:30:39.241] [SEVERE ] removing card from slot 8
[17:30:39.241] [SEVERE ] removing player 3 token from slot 9
[17:30:39.242] [SEVERE ] removing card from slot 9
[17:30:39.242] [SEVERE ] removing card from slot 10
[17:30:39.242] [SEVERE ] removing player 3 token from slot 11
[17:30:39.243] [SEVERE ] removing player 4 token from slot 11
[17:30:39.243] [SEVERE ] removing card from slot 11
[17:30:39.245] [SEVERE ] placing card 34 in slot 0
[17:30:39.250] [SEVERE ] placing card 27 in slot 1
[17:30:39.251] [SEVERE ] placing card 44 in slot 2
[17:30:39.251] [SEVERE ] placing card 9 in slot 3
[17:30:39.251] [SEVERE ] placing card 69 in slot 4
[17:30:39.252] [SEVERE ] placing card 19 in slot 5
[17:30:39.252] [SEVERE ] placing card 25 in slot 6
[17:30:39.253] [SEVERE ] placing card 59 in slot 7
[17:30:39.253] [SEVERE ] placing card 16 in slot 8
[17:30:39.253] [SEVERE ] placing card 45 in slot 9
[17:30:39.254] [SEVERE ] placing card 23 in slot 10
[17:30:39.254] [SEVERE ] placing card 79 in slot 11
[17:30:39.257] [SEVERE ] player 1 placing token on slot 11
[17:30:39.257] [SEVERE ] player 4 placing token on slot 7
[17:30:39.258] [SEVERE ] player 1 placing token on slot 0
[17:30:39.259] [SEVERE ] player 4 placing token on slot 8
[17:30:39.259] [SEVERE ] player 1 placing token on slot 3
[17:30:39.260] [SEVERE ] player 3 placing token on slot 1
[17:30:39.260] [SEVERE ] player 2 placing token on slot 3
[17:30:39.259] [SEVERE ] player 4 placing token on slot 4
[17:30:39.267] [SEVERE ] removing player 1 token from slot 0
[17:30:39.267] [SEVERE ] removing player 1 token from slot 3
[17:30:39.267] [SEVERE ] removing player 1 token from slot 11
[17:30:39.268] [SEVERE ] player 3 placing token on slot 9
[17:30:39.268] [SEVERE ] player 2 placing token on slot 5
[17:30:39.287] [SEVERE ] removing card from slot 0
[17:30:39.287] [SEVERE ] removing player 3 token from slot 1
[17:30:39.288] [SEVERE ] removing card from slot 1
[17:30:39.289] [SEVERE ] removing card from slot 2
[17:30:39.289] [SEVERE ] removing player 2 token from slot 3
[17:30:39.290] [SEVERE ] removing card from slot 3
[17:30:39.291] [SEVERE ] removing player 4 token from slot 4
[17:30:39.291] [SEVERE ] removing card from slot 4
[17:30:39.292] [SEVERE ] removing player 2 token from slot 5
[17:30:39.292] [SEVERE ] removing card from slot 5
[17:30:39.314] [SEVERE ] removing card from slot 6
[17:30:39.315] [SEVERE ] removing player 4 token from slot 7
[17:30:39.316] [SEVERE ] removing card from slot 7
[17:30:39.316] [SEVERE ] removing player 4 token from slot 8
[17:30:39.317] [SEVERE ] removing card from slot 8
[17:30:39.318] [SEVERE ] removing player 3 token from slot 9
[17:30:39.319] [SEVERE ] removing card from slot 9
[17:30:39.328] [SEVERE ] removing card from slot 10
[17:30:39.330] [SEVERE ] removing card from slot 11
[17:30:39.331] [SEVERE ] placing card 54 in slot 0
[17:30:39.331] [SEVERE ] placing card 45 in slot 1
[17:30:39.331] [SEVERE ] placing card 39 in slot 2
[17:30:39.331] [SEVERE ] placing card 67 in slot 3
[17:30:39.332] [SEVERE ] placing card 24 in slot 4
[17:30:39.333] [SEVERE ] placing card 63 in slot 5
[17:30:39.335] [SEVERE ] placing card 78 in slot 6
[17:30:39.342] [SEVERE ] placing card 44 in slot 7
[17:30:39.344] [SEVERE ] placing card 57 in slot 8
[17:30:39.345] [SEVERE ] placing card 22 in slot 9
[17:30:39.347] [SEVERE ] placing card 27 in slot 10
[17:30:39.357] [SEVERE ] placing card 55 in slot 11
[17:30:39.360] [SEVERE ] player 4 placing token on slot 5
[17:30:39.360] [SEVERE ] player 1 placing token on slot 2
[17:30:39.361] [SEVERE ] player 3 placing token on slot 7
[17:30:39.361] [SEVERE ] removing player 4 token from slot 5
[17:30:39.361] [SEVERE ] player 2 placing token on slot 2
[17:30:39.365] [SEVERE ] player 4 placing token on slot 11
[17:30:39.366] [SEVERE ] player 4 placing token on slot 2
[17:30:39.366] [SEVERE ] removing player 4 token from slot 2
[17:30:39.367] [SEVERE ] player 2 placing token on slot 4
[17:30:39.365] [SEVERE ] removing player 3 token from slot 7
[17:30:39.361] [SEVERE ] player 1 placing token on slot 8
[17:30:39.367] [SEVERE ] player 3 placing token on slot 9
[17:30:39.368] [SEVERE ] player 3 placing token on slot 0
[17:30:39.368] [SEVERE ] player 3 placing token on slot 5
[17:30:39.367] [SEVERE ] player 2 placing token on slot 7
[17:30:39.367] [SEVERE ] player 4 placing token on slot 3
[17:30:39.368] [SEVERE ] player 1 placing token on slot 3
[17:30:39.370] [SEVERE ] removing player 3 token from slot 0
[17:30:39.370] [SEVERE ] removing player 3 token from slot 5
[17:30:39.371] [SEVERE ] removing player 3 token from slot 9
[17:30:39.371] [SEVERE ] player 4 placing token on slot 8
[17:30:39.372] [SEVERE ] removing card from slot 0
[17:30:39.378] [SEVERE ] removing card from slot 1
[17:30:39.378] [SEVERE ] removing player 1 token from slot 2
[17:30:39.380] [SEVERE ] removing player 2 token from slot 2
[17:30:39.380] [SEVERE ] removing card from slot 2
[17:30:39.380] [SEVERE ] removing player 1 token from slot 3
[17:30:39.380] [SEVERE ] removing player 4 token from slot 3
[17:30:39.381] [SEVERE ] removing card from slot 3
[17:30:39.381] [SEVERE ] removing player 2 token from slot 4
[17:30:39.382] [SEVERE ] removing card from slot 4
[17:30:39.382] [SEVERE ] removing card from slot 5
[17:30:39.382] [SEVERE ] removing card from slot 6
[17:30:39.382] [SEVERE ] removing player 2 token from slot 7
[17:30:39.383] [SEVERE ] removing card from slot 7
[17:30:39.383] [SEVERE ] removing player 1 token from slot 8
[17:30:39.383] [SEVERE ] removing player 4 token from slot 8
[17:30:39.383] [SEVERE ] removing card from slot 8
[17:30:39.385] [SEVERE ] removing card from slot 9
[17:30:39.387] [SEVERE ] removing card from slot 10
[17:30:39.388] [SEVERE ] removing player 4 token from slot 11
[17:30:39.388] [SEVERE ] removing card from slot 11
[17:30:39.388] [SEVERE ] placing card 47 in slot 0
[17:30:39.389] [SEVERE ] placing card 50 in slot 1
[17:30:39.390] [SEVERE ] placing card 48 in slot 2
[17:30:39.391] [SEVERE ] placing card 9 in slot 3
[17:30:39.391] [SEVERE ] placing card 3 in slot 4
[17:30:39.399] [SEVERE ] placing card 74 in slot 5
[17:30:39.400] [SEVERE ] placing card 79 in slot 6
[17:30:39.400] [SEVERE ] placing card 80 in slot 7
[17:30:39.400] [SEVERE ] placing card 52 in slot 8
[17:30:39.400] [SEVERE ] placing card 62 in slot 9
[17:30:39.401] [SEVERE ] placing card 46 in slot 10
[17:30:39.401] [SEVERE ] placing card 16 in slot 11
[17:30:39.403] [SEVERE ] player 4 placing token on slot 6
[17:30:39.404] [SEVERE ] player 3 placing token on slot 2
[17:30:39.404] [SEVERE ] player 2 placing token on slot 7
[17:30:39.404] [SEVERE ] player 1 placing token on slot 8
[17:30:39.405] [SEVERE ] removing player 2 token from slot 7
[17:30:39.406] [SEVERE ] player 2 placing token on slot 7
[17:30:39.406] [SEVERE ] player 2 placing token on slot 1
[17:30:39.406] [SEVERE ] player 2 placing token on slot 8
[17:30:39.405] [SEVERE ] player 3 placing token on slot 6
[17:30:39.404] [SEVERE ] player 4 placing token on slot 7
[17:30:39.405] [SEVERE ] player 1 placing token on slot 7
[17:30:39.408] [SEVERE ] removing player 2 token from slot 1
[17:30:39.408] [SEVERE ] removing player 2 token from slot 7
[17:30:39.408] [SEVERE ] removing player 2 token from slot 8
[17:30:39.409] [SEVERE ] player 3 placing token on slot 8
[17:30:39.409] [SEVERE ] player 1 placing token on slot 10
[17:30:39.409] [SEVERE ] player 4 placing token on slot 2
[17:30:39.410] [SEVERE ] removing player 3 token from slot 2
[17:30:39.410] [SEVERE ] removing player 3 token from slot 6
[17:30:39.410] [SEVERE ] removing player 3 token from slot 8
[17:30:39.411] [SEVERE ] player 2 placing token on slot 1
[17:30:39.411] [SEVERE ] removing player 1 token from slot 7
[17:30:39.412] [SEVERE ] removing player 1 token from slot 8
[17:30:39.412] [SEVERE ] removing player 1 token from slot 10
[17:30:39.412] [SEVERE ] player 1 placing token on slot 5
[17:30:39.413] [SEVERE ] player 1 placing token on slot 0
[17:30:39.413] [SEVERE ] player 1 placing token on slot 11
[17:30:39.414] [SEVERE ] player 3 placing token on slot 9
[17:30:39.414] [SEVERE ] player 3 placing token on slot 5
[17:30:39.414] [SEVERE ] player 3 placing token on slot 1
[17:30:39.415] [SEVERE ] player 2 placing token on slot 11
[17:30:39.415] [SEVERE ] removing player 4 token from slot 2
[17:30:39.416] [SEVERE ] removing player 4 token from slot 6
[17:30:39.416] [SEVERE ] removing player 4 token from slot 7
[17:30:39.416] [SEVERE ] player 2 placing token on slot 7
[17:30:39.417] [SEVERE ] removing player 1 token from slot 0
[17:30:39.417] [SEVERE ] removing card from slot 0
[17:30:39.426] [SEVERE ] removing player 2 token from slot 1
[17:30:39.426] [SEVERE ] removing player 3 token from slot 1
[17:30:39.426] [SEVERE ] removing card from slot 1
[17:30:39.427] [SEVERE ] removing card from slot 2
[17:30:39.427] [SEVERE ] removing card from slot 3
[17:30:39.427] [SEVERE ] removing card from slot 4
[17:30:39.428] [SEVERE ] removing player 1 token from slot 5
[17:30:39.428] [SEVERE ] removing player 3 token from slot 5
[17:30:39.428] [SEVERE ] removing card from slot 5
[17:30:39.429] [SEVERE ] removing card from slot 6
[17:30:39.429] [SEVERE ] removing player 2 token from slot 7
[17:30:39.429] [SEVERE ] removing card from slot 7
[17:30:39.430] [SEVERE ] removing card from slot 8
[17:30:39.430] [SEVERE ] removing player 3 token from slot 9
[17:30:39.430] [SEVERE ] removing card from slot 9
[17:30:39.430] [SEVERE ] removing card from slot 10
[17:30:39.430] [SEVERE ] removing player 1 token from slot 11
[17:30:39.431] [SEVERE ] removing player 2 token from slot 11
[17:30:39.431] [SEVERE ] removing card from slot 11
[17:30:39.432] [SEVERE ] placing card 32 in slot 0
[17:30:39.432] [SEVERE ] placing card 9 in slot 1
[17:30:39.432] [SEVERE ] placing card 17 in slot 2
[17:30:39.433] [SEVERE ] placing card 36 in slot 3
[17:30:39.434] [SEVERE ] placing card 6 in slot 4
[17:30:39.443] [SEVERE ] placing card 55 in slot 5
[17:30:39.443] [SEVERE ] placing card 61 in slot 6
[17:30:39.443] [SEVERE ] placing card 10 in slot 7
[17:30:39.444] [SEVERE ] placing card 58 in slot 8
[17:30:39.444] [SEVERE ] placing card 13 in slot 9
[17:30:39.444] [SEVERE ] placing card 41 in slot 10
[17:30:39.444] [SEVERE ] placing card 28 in slot 11
[17:30:39.447] [SEVERE ] player 1 placing token on slot 0
[17:30:39.447] [SEVERE ] player 4 placing token on slot 7
[17:30:39.448] [SEVERE ] player 1 placing token on slot 9
[17:30:39.448] [SEVERE ] player 4 placing token on slot 0
[17:30:39.449] [SEVERE ] player 3 placing token on slot 3
[17:30:39.450] [SEVERE ] player 3 placing token on slot 7
[17:30:39.450] [SEVERE ] player 3 placing token on slot 6
[17:30:39.449] [SEVERE ] player 2 placing token on slot 10
[17:30:39.449] [SEVERE ] player 4 placing token on slot 10
[17:30:39.449] [SEVERE ] player 1 placing token on slot 6
[17:30:39.452] [SEVERE ] removing player 3 token from slot 3
[17:30:39.453] [SEVERE ] removing player 3 token from slot 6
[17:30:39.453] [SEVERE ] removing player 3 token from slot 7
[17:30:39.454] [SEVERE ] removing player 4 token from slot 0
[17:30:39.454] [SEVERE ] removing player 4 token from slot 7
[17:30:39.454] [SEVERE ] removing player 4 token from slot 10
[17:30:39.455] [SEVERE ] player 4 placing token on slot 4
[17:30:39.455] [SEVERE ] player 4 placing token on slot 2
[17:30:39.455] [SEVERE ] player 4 placing token on slot 7
[17:30:39.455] [SEVERE ] player 3 placing token on slot 5
[17:30:39.456] [SEVERE ] player 2 placing token on slot 11
[17:30:39.457] [SEVERE ] removing player 1 token from slot 0
[17:30:39.457] [SEVERE ] removing player 1 token from slot 6
[17:30:39.457] [SEVERE ] removing player 1 token from slot 9
[17:30:39.458] [SEVERE ] player 3 placing token on slot 1
[17:30:39.458] [SEVERE ] player 2 placing token on slot 7
[17:30:39.458] [SEVERE ] removing card from slot 0
[17:30:39.472] [SEVERE ] removing player 3 token from slot 1
[17:30:39.473] [SEVERE ] removing card from slot 1
[17:30:39.474] [SEVERE ] removing player 4 token from slot 2
[17:30:39.475] [SEVERE ] removing card from slot 2
[17:30:39.477] [SEVERE ] removing card from slot 3
[17:30:39.477] [SEVERE ] removing player 4 token from slot 4
[17:30:39.477] [SEVERE ] removing card from slot 4
[17:30:39.478] [SEVERE ] removing player 3 token from slot 5
[17:30:39.478] [SEVERE ] removing card from slot 5
[17:30:39.479] [SEVERE ] removing card from slot 6
[17:30:39.479] [SEVERE ] removing player 2 token from slot 7
[17:30:39.479] [SEVERE ] removing player 4 token from slot 7
[17:30:39.480] [SEVERE ] removing card from slot 7
[17:30:39.480] [SEVERE ] removing card from slot 8
[17:30:39.480] [SEVERE ] removing card from slot 9
[17:30:39.480] [SEVERE ] removing player 2 token from slot 10
[17:30:39.480] [SEVERE ] removing card from slot 10
[17:30:39.480] [SEVERE ] removing player 2 token from slot 11
[17:30:39.481] [SEVERE ] removing card from slot 11
[17:30:39.481] [SEVERE ] placing card 9 in slot 0
[17:30:39.481] [SEVERE ] placing card 1 in slot 1
[17:30:39.481] [SEVERE ] placing card 29 in slot 2
[17:30:39.481] [SEVERE ] placing card 56 in slot 3
[17:30:39.482] [SEVERE ] placing card 8 in slot 4
[17:30:39.487] [SEVERE ] placing card 78 in slot 5
[17:30:39.498] [SEVERE ] placing card 15 in slot 6
[17:30:39.499] [SEVERE ] placing card 58 in slot 7
[17:30:39.499] [SEVERE ] placing card 19 in slot 8
[17:30:39.499] [SEVERE ] placing card 2 in slot 9
[17:30:39.499] [SEVERE ] placing card 57 in slot 10
[17:30:39.500] [SEVERE ] placing card 41 in slot 11
[17:30:39.502] [SEVERE ] player 2 placing token on slot 10
[17:30:39.503] [SEVERE ] player 1 placing token on slot 1
[17:30:39.503] [SEVERE ] player 2 placing token on slot 6
[17:30:39.505] [SEVERE ] player 2 placing token on slot 3
[17:30:39.503] [SEVERE ] player 3 placing token on slot 8
[17:30:39.503] [SEVERE ] player 1 placing token on slot 8
[17:30:39.507] [SEVERE ] player 3 placing token on slot 2
[17:30:39.507] [SEVERE ] player 1 placing token on slot 4
[17:30:39.507] [SEVERE ] player 4 placing token on slot 8
[17:30:39.508] [SEVERE ] removing player 4 token from slot 8
[17:30:39.507] [SEVERE ] removing player 3 token from slot 8
[17:30:39.508] [SEVERE ] player 4 placing token on slot 7
[17:30:39.509] [SEVERE ] player 3 placing token on slot 3
[17:30:39.511] [SEVERE ] removing player 2 token from slot 3
[17:30:39.511] [SEVERE ] removing player 2 token from slot 6
[17:30:39.512] [SEVERE ] removing player 2 token from slot 10
[17:30:39.512] [SEVERE ] player 4 placing token on slot 10
[17:30:39.512] [SEVERE ] player 4 placing token on slot 5
[17:30:39.514] [SEVERE ] player 3 placing token on slot 1
[17:30:39.515] [SEVERE ] removing player 1 token from slot 1
[17:30:39.515] [SEVERE ] removing player 1 token from slot 4
[17:30:39.515] [SEVERE ] removing player 1 token from slot 8
[17:30:39.516] [SEVERE ] removing card from slot 0
[17:30:39.521] [SEVERE ] removing player 3 token from slot 1
[17:30:39.522] [SEVERE ] removing card from slot 1
[17:30:39.522] [SEVERE ] removing player 3 token from slot 2
[17:30:39.522] [SEVERE ] removing card from slot 2
[17:30:39.523] [SEVERE ] removing player 3 token from slot 3
[17:30:39.524] [SEVERE ] removing card from slot 3
[17:30:39.524] [SEVERE ] removing card from slot 4
[17:30:39.524] [SEVERE ] removing player 4 token from slot 5
[17:30:39.525] [SEVERE ] removing card from slot 5
[17:30:39.525] [SEVERE ] removing card from slot 6
[17:30:39.526] [SEVERE ] removing player 4 token from slot 7
[17:30:39.526] [SEVERE ] removing card from slot 7
[17:30:39.527] [SEVERE ] removing card from slot 8
[17:30:39.528] [SEVERE ] removing card from slot 9
[17:30:39.528] [SEVERE ] removing player 4 token from slot 10
[17:30:39.529] [SEVERE ] removing card from slot 10
[17:30:39.536] [SEVERE ] removing card from slot 11
[17:30:39.537] [SEVERE ] placing card 0 in slot 0
[17:30:39.537] [SEVERE ] placing card 19 in slot 1
[17:30:39.537] [SEVERE ] placing card 61 in slot 2
[17:30:39.537] [SEVERE ] placing card 46 in slot 3
[17:30:39.538] [SEVERE ] placing card 18 in slot 4
[17:30:39.538] [SEVERE ] placing card 41 in slot 5
[17:30:39.538] [SEVERE ] placing card 72 in slot 6
[17:30:39.538] [SEVERE ] placing card 76 in slot 7
[17:30:39.538] [SEVERE ] placing card 6 in slot 8
[17:30:39.539] [SEVERE ] placing card 50 in slot 9
[17:30:39.539] [SEVERE ] placing card 26 in slot 10
[17:30:39.541] [SEVERE ] placing card 62 in slot 11
[17:30:39.543] [SEVERE ] player 4 placing token on slot 7
[17:30:39.543] [SEVERE ] player 1 placing token on slot 8
[17:30:39.544] [SEVERE ] player 4 placing token on slot 9
[17:30:39.544] [SEVERE ] player 1 placing token on slot 6
[17:30:39.544] [SEVERE ] player 4 placing token on slot 11
[17:30:39.545] [SEVERE ] player 1 placing token on slot 4
[17:30:39.545] [SEVERE ] removing player 4 token from slot 7
[17:30:39.546] [SEVERE ] removing player 4 token from slot 9
[17:30:39.546] [SEVERE ] removing player 4 token from slot 11
[17:30:39.546] [SEVERE ] player 4 placing token on slot 2
[17:30:39.547] [SEVERE ] removing player 1 token from slot 4
[17:30:39.547] [SEVERE ] removing player 1 token from slot 6
[17:30:39.547] [SEVERE ] removing player 1 token from slot 8
[17:30:39.548] [SEVERE ] player 4 placing token on slot 3
[17:30:39.548] [SEVERE ] player 1 placing token on slot 6
[17:30:39.548] [SEVERE ] player 4 placing token on slot 0
[17:30:39.548] [SEVERE ] player 1 placing token on slot 0
[17:30:39.549] [SEVERE ] player 1 placing token on slot 11
[17:30:39.549] [SEVERE ] player 2 placing token on slot 6
[17:30:39.559] [SEVERE ] removing player 4 token from slot 0
[17:30:39.559] [SEVERE ] removing player 4 token from slot 2
[17:30:39.560] [SEVERE ] removing player 4 token from slot 3
[17:30:39.561] [SEVERE ] removing player 1 token from slot 0
[17:30:39.561] [SEVERE ] removing card from slot 0
[17:30:39.566] [SEVERE ] removing card from slot 1
[17:30:39.566] [SEVERE ] removing card from slot 2
[17:30:39.567] [SEVERE ] removing card from slot 3
[17:30:39.567] [SEVERE ] removing card from slot 4
[17:30:39.567] [SEVERE ] removing card from slot 5
[17:30:39.567] [SEVERE ] removing player 1 token from slot 6
[17:30:39.568] [SEVERE ] removing player 2 token from slot 6
[17:30:39.568] [SEVERE ] removing card from slot 6
[17:30:39.569] [SEVERE ] removing card from slot 7
[17:30:39.569] [SEVERE ] removing card from slot 8
[17:30:39.570] [SEVERE ] removing card from slot 9
[17:30:39.570] [SEVERE ] removing card from slot 10
[17:30:39.570] [SEVERE ] removing player 1 token from slot 11
[17:30:39.570] [SEVERE ] removing card from slot 11
[17:30:39.571] [SEVERE ] placing card 27 in slot 0
[17:30:39.572] [SEVERE ] placing card 61 in slot 1
[17:30:39.573] [SEVERE ] placing card 70 in slot 2
[17:30:39.573] [SEVERE ] placing card 67 in slot 3
[17:30:39.574] [SEVERE ] placing card 23 in slot 4
[17:30:39.574] [SEVERE ] placing card 52 in slot 5
[17:30:39.574] [SEVERE ] placing card 26 in slot 6
[17:30:39.574] [SEVERE ] placing card 58 in slot 7
[17:30:39.575] [SEVERE ] placing card 22 in slot 8
[17:30:39.575] [SEVERE ] placing card 19 in slot 9
[17:30:39.591] [SEVERE ] placing card 80 in slot 10
[17:30:39.592] [SEVERE ] placing card 53 in slot 11
[17:30:39.595] [SEVERE ] player 1 placing token on slot 9
[17:30:39.595] [SEVERE ] player 1 placing token on slot 0
[17:30:39.596] [SEVERE ] removing player 1 token from slot 0
[17:30:39.596] [SEVERE ] player 1 placing token on slot 0
[17:30:39.596] [SEVERE ] player 1 placing token on slot 8
[17:30:39.594] [SEVERE ] player 3 placing token on slot 6
[17:30:39.595] [SEVERE ] player 4 placing token on slot 5
[17:30:39.595] [SEVERE ] player 2 placing token on slot 3
[17:30:39.599] [SEVERE ] removing player 1 token from slot 0
[17:30:39.599] [SEVERE ] removing player 1 token from slot 8
[17:30:39.599] [SEVERE ] removing player 1 token from slot 9
[17:30:39.600] [SEVERE ] player 1 placing token on slot 9
[17:30:39.600] [SEVERE ] player 1 placing token on slot 10
[17:30:39.600] [SEVERE ] player 3 placing token on slot 11
[17:30:39.600] [SEVERE ] player 1 placing token on slot 1
[17:30:39.600] [SEVERE ] player 2 placing token on slot 9
[17:30:39.600] [SEVERE ] player 4 placing token on slot 2
[17:30:39.601] [SEVERE ] player 3 placing token on slot 10
[17:30:39.602] [SEVERE ] removing player 1 token from slot 1
[17:30:39.603] [SEVERE ] removing player 1 token from slot 9
[17:30:39.603] [SEVERE ] removing player 1 token from slot 10
[17:30:39.603] [SEVERE ] player 2 placing token on slot 1
[17:30:39.603] [SEVERE ] player 3 placing token on slot 5
[17:30:39.603] [SEVERE ] player 1 placing token on slot 6
[17:30:39.603] [SEVERE ] player 4 placing token on slot 3
[17:30:39.605] [SEVERE ] removing player 1 token from slot 6
[17:30:39.605] [SEVERE ] removing player 3 token from slot 6
[17:30:39.605] [SEVERE ] removing card from slot 6
[17:30:39.621] [SEVERE ] removing player 3 token from slot 10
[17:30:39.622] [SEVERE ] removing card from slot 10
[17:30:39.622] [SEVERE ] removing player 3 token from slot 11
[17:30:39.623] [SEVERE ] removing card from slot 11
[17:30:39.623] [SEVERE ] placing card 51 in slot 6
[17:30:39.624] [SEVERE ] placing card 20 in slot 10
[17:30:39.624] [SEVERE ] placing card 66 in slot 11
[17:30:39.627] [SEVERE ] player 3 placing token on slot 1
[17:30:39.627] [SEVERE ] player 1 placing token on slot 4
[17:30:39.628] [SEVERE ] player 1 placing token on slot 6
[17:30:39.629] [SEVERE ] removing player 1 token from slot 6
[17:30:39.629] [SEVERE ] player 1 placing token on slot 11
[17:30:39.629] [SEVERE ] player 1 placing token on slot 8
[17:30:39.628] [SEVERE ] removing player 3 token from slot 1
[17:30:39.633] [SEVERE ] removing card from slot 0
[17:30:39.634] [SEVERE ] removing player 2 token from slot 1
[17:30:39.634] [SEVERE ] removing card from slot 1
[17:30:39.635] [SEVERE ] removing player 4 token from slot 2
[17:30:39.635] [SEVERE ] removing card from slot 2
[17:30:39.637] [SEVERE ] removing player 2 token from slot 3
[17:30:39.637] [SEVERE ] removing player 4 token from slot 3
[17:30:39.637] [SEVERE ] removing card from slot 3
[17:30:39.651] [SEVERE ] removing player 1 token from slot 4
[17:30:39.652] [SEVERE ] removing card from slot 4
[17:30:39.652] [SEVERE ] removing player 3 token from slot 5
[17:30:39.653] [SEVERE ] removing player 4 token from slot 5
[17:30:39.653] [SEVERE ] removing card from slot 5
[17:30:39.653] [SEVERE ] removing card from slot 6
[17:30:39.654] [SEVERE ] removing card from slot 7
[17:30:39.654] [SEVERE ] removing player 1 token from slot 8
[17:30:39.654] [SEVERE ] removing card from slot 8
[17:30:39.655] [SEVERE ] removing player 2 token from slot 9
[17:30:39.655] [SEVERE ] removing card from slot 9
[17:30:39.655] [SEVERE ] removing card from slot 10
[17:30:39.655] [SEVERE ] removing player 1 token from slot 11
[17:30:39.656] [SEVERE ] removing card from slot 11
[17:30:39.656] [SEVERE ] placing card 43 in slot 0
[17:30:39.656] [SEVERE ] placing card 77 in slot 1
[17:30:39.657] [SEVERE ] placing card 79 in slot 2
[17:30:39.657] [SEVERE ] placing card 61 in slot 3
[17:30:39.657] [SEVERE ] placing card 56 in slot 4
[17:30:39.658] [SEVERE ] placing card 67 in slot 5
[17:30:39.658] [SEVERE ] placing card 66 in slot 6
[17:30:39.658] [SEVERE ] placing card 27 in slot 7
[17:30:39.660] [SEVERE ] placing card 11 in slot 8
[17:30:39.660] [SEVERE ] placing card 17 in slot 9
[17:30:39.661] [SEVERE ] placing card 23 in slot 10
[17:30:39.661] [SEVERE ] placing card 57 in slot 11
[17:30:39.680] [SEVERE ] player 4 placing token on slot 10
[17:30:39.680] [SEVERE ] player 1 placing token on slot 4
[17:30:39.680] [SEVERE ] player 4 placing token on slot 0
[17:30:39.681] [SEVERE ] player 1 placing token on slot 3
[17:30:39.681] [SEVERE ] player 4 placing token on slot 9
[17:30:39.681] [SEVERE ] player 1 placing token on slot 1
[17:30:39.682] [SEVERE ] player 2 placing token on slot 4
[17:30:39.682] [SEVERE ] removing player 4 token from slot 0
[17:30:39.683] [SEVERE ] removing player 4 token from slot 9
[17:30:39.683] [SEVERE ] removing player 4 token from slot 10
[17:30:39.683] [SEVERE ] player 3 placing token on slot 2
[17:30:39.683] [SEVERE ] player 2 placing token on slot 0
[17:30:39.683] [SEVERE ] player 4 placing token on slot 4
[17:30:39.684] [SEVERE ] removing player 1 token from slot 1
[17:30:39.685] [SEVERE ] removing player 1 token from slot 3
[17:30:39.685] [SEVERE ] removing player 1 token from slot 4
[17:30:39.685] [SEVERE ] player 3 placing token on slot 1
[17:30:39.685] [SEVERE ] player 4 placing token on slot 5
[17:30:39.685] [SEVERE ] player 2 placing token on slot 5
[17:30:39.685] [SEVERE ] player 1 placing token on slot 7
[17:30:39.686] [SEVERE ] player 4 placing token on slot 0
[17:30:39.685] [SEVERE ] player 3 placing token on slot 3
[17:30:39.687] [SEVERE ] removing player 2 token from slot 0
[17:30:39.688] [SEVERE ] removing player 2 token from slot 4
[17:30:39.688] [SEVERE ] removing player 2 token from slot 5
[17:30:39.688] [SEVERE ] player 1 placing token on slot 2
[17:30:39.688] [SEVERE ] player 2 placing token on slot 6
[17:30:39.689] [SEVERE ] removing player 4 token from slot 0
[17:30:39.689] [SEVERE ] removing player 4 token from slot 4
[17:30:39.690] [SEVERE ] removing player 4 token from slot 5
[17:30:39.690] [SEVERE ] player 1 placing token on slot 0
[17:30:39.691] [SEVERE ] removing player 1 token from slot 0
[17:30:39.691] [SEVERE ] removing card from slot 0
[17:30:39.705] [SEVERE ] removing player 3 token from slot 1
[17:30:39.706] [SEVERE ] removing card from slot 1
[17:30:39.706] [SEVERE ] removing player 1 token from slot 2
[17:30:39.706] [SEVERE ] removing player 3 token from slot 2
[17:30:39.707] [SEVERE ] removing card from slot 2
[17:30:39.707] [SEVERE ] removing player 3 token from slot 3
[17:30:39.707] [SEVERE ] removing card from slot 3
[17:30:39.707] [SEVERE ] removing card from slot 4
[17:30:39.708] [SEVERE ] removing card from slot 5
[17:30:39.708] [SEVERE ] removing player 2 token from slot 6
[17:30:39.709] [SEVERE ] removing card from slot 6
[17:30:39.709] [SEVERE ] removing player 1 token from slot 7
[17:30:39.709] [SEVERE ] removing card from slot 7
[17:30:39.709] [SEVERE ] removing card from slot 8
[17:30:39.710] [SEVERE ] removing card from slot 9
[17:30:39.710] [SEVERE ] removing card from slot 10
[17:30:39.710] [SEVERE ] removing card from slot 11
[17:30:39.712] [SEVERE ] placing card 4 in slot 0
[17:30:39.713] [SEVERE ] placing card 68 in slot 1
[17:30:39.714] [SEVERE ] placing card 49 in slot 2
[17:30:39.714] [SEVERE ] placing card 43 in slot 3
[17:30:39.715] [SEVERE ] placing card 23 in slot 4
[17:30:39.715] [SEVERE ] placing card 24 in slot 5
[17:30:39.715] [SEVERE ] placing card 74 in slot 6
[17:30:39.715] [SEVERE ] placing card 47 in slot 7
[17:30:39.731] [SEVERE ] placing card 11 in slot 8
[17:30:39.732] [SEVERE ] placing card 54 in slot 9
[17:30:39.732] [SEVERE ] placing card 0 in slot 10
[17:30:39.732] [SEVERE ] placing card 70 in slot 11
[17:30:39.735] [SEVERE ] player 2 placing token on slot 0
[17:30:39.735] [SEVERE ] removing player 2 token from slot 0
[17:30:39.735] [SEVERE ] removing card from slot 0
[17:30:39.738] [INFO   ] thread dealer terminated.
[17:30:41.697] [SEVERE ] exit button pressed
[17:30:44.739] [SEVERE ] thanks for playing... it was fun!
[17:30:44.739] [INFO   ] thread main terminated.
