[12:13:55.352] [INFO   ] thread main starting.
[12:13:55.360] [SEVERE ] cannot read configuration file config.properties trying from resources.
[12:13:55.363] [SEVERE ] configuration file was loaded from resources directory.
[12:13:56.106] [INFO   ] thread dealer starting.
[12:13:56.304] [SEVERE ] placing card 12 in slot 0
[12:13:56.413] [SEVERE ] placing card 66 in slot 1
[12:13:56.523] [SEVERE ] placing card 26 in slot 2
[12:13:56.632] [SEVERE ] placing card 34 in slot 3
[12:13:56.741] [SEVERE ] placing card 40 in slot 4
[12:13:56.850] [SEVERE ] placing card 53 in slot 5
[12:13:56.958] [SEVERE ] placing card 5 in slot 6
[12:13:57.070] [SEVERE ] placing card 68 in slot 7
[12:13:57.181] [SEVERE ] placing card 1 in slot 8
[12:13:57.290] [SEVERE ] placing card 28 in slot 9
[12:13:57.400] [SEVERE ] placing card 43 in slot 10
[12:13:57.510] [SEVERE ] placing card 67 in slot 11
[12:13:57.520] [SEVERE ] updating countdown to 30000
[12:13:57.521] [SEVERE ] updating countdown to 29999
[12:13:57.541] [SEVERE ] player 3 placing token on slot 8
[12:13:57.541] [SEVERE ] player 4 placing token on slot 7
[12:13:57.557] [SEVERE ] player 4 placing token on slot 3
[12:13:57.557] [SEVERE ] removing player 3 token from slot 8
[12:13:57.573] [SEVERE ] removing player 4 token from slot 7
[12:13:57.573] [SEVERE ] player 3 placing token on slot 5
[12:13:57.589] [SEVERE ] player 4 placing token on slot 11
[12:13:57.589] [SEVERE ] player 3 placing token on slot 8
[12:13:57.605] [SEVERE ] removing player 4 token from slot 3
[12:13:57.605] [SEVERE ] player 3 placing token on slot 2
[12:13:57.606] [SEVERE ] removing player 3 token from slot 2
[12:13:57.606] [SEVERE ] removing player 3 token from slot 5
[12:13:57.606] [SEVERE ] removing player 3 token from slot 8
[12:13:57.607] [SEVERE ] setting player 3 freeze to 3000
[12:13:57.621] [SEVERE ] player 4 placing token on slot 8
[12:13:57.638] [SEVERE ] player 4 placing token on slot 4
[12:13:57.639] [SEVERE ] removing player 4 token from slot 4
[12:13:57.639] [SEVERE ] removing player 4 token from slot 8
[12:13:57.639] [SEVERE ] removing player 4 token from slot 11
[12:13:57.639] [SEVERE ] setting player 4 freeze to 3000
[12:13:58.532] [SEVERE ] updating countdown to 28988
[12:13:58.611] [SEVERE ] setting player 3 freeze to 2000
[12:13:58.641] [SEVERE ] setting player 4 freeze to 2000
[12:13:59.543] [SEVERE ] updating countdown to 27977
[12:13:59.622] [SEVERE ] setting player 3 freeze to 1000
[12:13:59.653] [SEVERE ] setting player 4 freeze to 1000
[12:14:00.553] [SEVERE ] updating countdown to 26967
[12:14:00.630] [SEVERE ] setting player 3 freeze to 0
[12:14:00.646] [SEVERE ] player 3 placing token on slot 0
[12:14:00.661] [SEVERE ] player 3 placing token on slot 9
[12:14:00.661] [SEVERE ] setting player 4 freeze to 0
[12:14:00.676] [SEVERE ] player 4 placing token on slot 7
[12:14:00.676] [SEVERE ] player 3 placing token on slot 4
[12:14:00.676] [SEVERE ] removing player 3 token from slot 0
[12:14:00.677] [SEVERE ] removing player 3 token from slot 4
[12:14:00.677] [SEVERE ] removing player 3 token from slot 9
[12:14:00.677] [SEVERE ] setting player 3 freeze to 3000
[12:14:00.691] [SEVERE ] player 4 placing token on slot 6
[12:14:00.707] [SEVERE ] player 4 placing token on slot 4
[12:14:00.708] [SEVERE ] removing player 4 token from slot 4
[12:14:00.708] [SEVERE ] removing player 4 token from slot 6
[12:14:00.708] [SEVERE ] removing player 4 token from slot 7
[12:14:00.708] [SEVERE ] setting player 4 freeze to 3000
[12:14:01.560] [SEVERE ] updating countdown to 25960
[12:14:01.686] [SEVERE ] setting player 3 freeze to 2000
[12:14:01.717] [SEVERE ] setting player 4 freeze to 2000
[12:14:02.572] [SEVERE ] updating countdown to 24948
[12:14:02.696] [SEVERE ] setting player 3 freeze to 1000
[12:14:02.728] [SEVERE ] setting player 4 freeze to 1000
[12:14:03.579] [SEVERE ] updating countdown to 23941
[12:14:03.706] [SEVERE ] setting player 3 freeze to 0
[12:14:03.722] [SEVERE ] player 3 placing token on slot 6
[12:14:03.738] [SEVERE ] setting player 4 freeze to 0
[12:14:03.738] [SEVERE ] player 3 placing token on slot 0
[12:14:03.754] [SEVERE ] player 3 placing token on slot 8
[12:14:03.754] [SEVERE ] player 4 placing token on slot 6
[12:14:03.754] [SEVERE ] removing player 3 token from slot 0
[12:14:03.755] [SEVERE ] removing player 3 token from slot 6
[12:14:03.755] [SEVERE ] removing player 3 token from slot 8
[12:14:03.755] [SEVERE ] setting player 3 freeze to 3000
[12:14:03.770] [SEVERE ] removing player 4 token from slot 6
[12:14:03.786] [SEVERE ] player 4 placing token on slot 8
[12:14:03.802] [SEVERE ] player 4 placing token on slot 10
[12:14:03.818] [SEVERE ] removing player 4 token from slot 8
[12:14:03.834] [SEVERE ] player 4 placing token on slot 9
[12:14:03.849] [SEVERE ] player 4 placing token on slot 11
[12:14:03.849] [SEVERE ] removing player 4 token from slot 9
[12:14:03.850] [SEVERE ] removing player 4 token from slot 10
[12:14:03.850] [SEVERE ] removing player 4 token from slot 11
[12:14:03.850] [SEVERE ] setting player 4 freeze to 3000
[12:14:04.587] [SEVERE ] updating countdown to 22933
[12:14:04.759] [SEVERE ] setting player 3 freeze to 2000
[12:14:04.854] [SEVERE ] setting player 4 freeze to 2000
[12:14:05.592] [SEVERE ] updating countdown to 21928
[12:14:05.781] [SEVERE ] setting player 3 freeze to 1000
[12:14:05.858] [SEVERE ] setting player 4 freeze to 1000
[12:14:06.595] [SEVERE ] updating countdown to 20925
[12:14:06.785] [SEVERE ] setting player 3 freeze to 0
[12:14:06.801] [SEVERE ] player 3 placing token on slot 10
[12:14:06.816] [SEVERE ] player 3 placing token on slot 11
[12:14:06.832] [SEVERE ] player 3 placing token on slot 4
[12:14:06.832] [SEVERE ] removing player 3 token from slot 4
[12:14:06.833] [SEVERE ] removing player 3 token from slot 10
[12:14:06.833] [SEVERE ] removing player 3 token from slot 11
[12:14:06.833] [SEVERE ] setting player 3 freeze to 3000
[12:14:06.864] [SEVERE ] setting player 4 freeze to 0
[12:14:06.880] [SEVERE ] player 4 placing token on slot 8
[12:14:06.896] [SEVERE ] player 4 placing token on slot 4
[12:14:06.912] [SEVERE ] player 4 placing token on slot 2
[12:14:06.912] [SEVERE ] removing player 4 token from slot 2
[12:14:06.913] [SEVERE ] removing player 4 token from slot 4
[12:14:06.913] [SEVERE ] removing player 4 token from slot 8
[12:14:06.913] [SEVERE ] setting player 4 freeze to 3000
[12:14:07.602] [SEVERE ] updating countdown to 19918
[12:14:07.839] [SEVERE ] setting player 3 freeze to 2000
[12:14:07.918] [SEVERE ] setting player 4 freeze to 2000
[12:14:08.613] [SEVERE ] updating countdown to 18907
[12:14:08.850] [SEVERE ] setting player 3 freeze to 1000
[12:14:08.930] [SEVERE ] setting player 4 freeze to 1000
[12:14:09.627] [SEVERE ] updating countdown to 17893
[12:14:09.865] [SEVERE ] setting player 3 freeze to 0
[12:14:09.881] [SEVERE ] player 3 placing token on slot 7
[12:14:09.896] [SEVERE ] player 3 placing token on slot 1
[12:14:09.912] [SEVERE ] player 3 placing token on slot 0
[12:14:09.913] [SEVERE ] removing player 3 token from slot 0
[12:14:09.913] [SEVERE ] removing player 3 token from slot 1
[12:14:09.913] [SEVERE ] removing player 3 token from slot 7
[12:14:09.913] [SEVERE ] setting player 3 freeze to 3000
[12:14:09.943] [SEVERE ] setting player 4 freeze to 0
[12:14:09.958] [SEVERE ] player 4 placing token on slot 11
[12:14:09.974] [SEVERE ] player 4 placing token on slot 3
[12:14:09.990] [SEVERE ] player 4 placing token on slot 7
[12:14:09.991] [SEVERE ] removing player 4 token from slot 3
[12:14:09.991] [SEVERE ] removing player 4 token from slot 7
[12:14:09.992] [SEVERE ] removing player 4 token from slot 11
[12:14:09.992] [SEVERE ] setting player 4 freeze to 3000
[12:14:10.632] [SEVERE ] updating countdown to 16888
[12:14:10.917] [SEVERE ] setting player 3 freeze to 2000
[12:14:10.995] [SEVERE ] setting player 4 freeze to 2000
[12:14:11.642] [SEVERE ] updating countdown to 15878
[12:14:11.927] [SEVERE ] setting player 3 freeze to 1000
[12:14:12.005] [SEVERE ] setting player 4 freeze to 1000
[12:14:12.652] [SEVERE ] updating countdown to 14868
[12:14:12.933] [SEVERE ] setting player 3 freeze to 0
[12:14:12.948] [SEVERE ] player 3 placing token on slot 5
[12:14:12.964] [SEVERE ] player 3 placing token on slot 11
[12:14:12.980] [SEVERE ] player 3 placing token on slot 10
[12:14:12.981] [SEVERE ] removing player 3 token from slot 5
[12:14:12.981] [SEVERE ] removing player 3 token from slot 10
[12:14:12.981] [SEVERE ] removing player 3 token from slot 11
[12:14:12.981] [SEVERE ] setting player 3 freeze to 3000
[12:14:13.011] [SEVERE ] setting player 4 freeze to 0
[12:14:13.028] [SEVERE ] player 4 placing token on slot 6
[12:14:13.043] [SEVERE ] player 4 placing token on slot 8
[12:14:13.059] [SEVERE ] player 4 placing token on slot 1
[12:14:13.059] [SEVERE ] removing player 4 token from slot 1
[12:14:13.060] [SEVERE ] removing player 4 token from slot 6
[12:14:13.060] [SEVERE ] removing player 4 token from slot 8
[12:14:13.060] [SEVERE ] setting player 4 freeze to 3000
[12:14:13.660] [SEVERE ] updating countdown to 13860
[12:14:13.992] [SEVERE ] setting player 3 freeze to 2000
[12:14:14.071] [SEVERE ] setting player 4 freeze to 2000
[12:14:14.673] [SEVERE ] updating countdown to 12847
[12:14:15.004] [SEVERE ] setting player 3 freeze to 1000
[12:14:15.082] [SEVERE ] setting player 4 freeze to 1000
[12:14:15.684] [SEVERE ] updating countdown to 11836
[12:14:16.014] [SEVERE ] setting player 3 freeze to 0
[12:14:16.030] [SEVERE ] player 3 placing token on slot 11
[12:14:16.046] [SEVERE ] player 3 placing token on slot 1
[12:14:16.062] [SEVERE ] player 3 placing token on slot 5
[12:14:16.063] [SEVERE ] removing player 3 token from slot 1
[12:14:16.063] [SEVERE ] removing player 3 token from slot 5
[12:14:16.063] [SEVERE ] removing player 3 token from slot 11
[12:14:16.063] [SEVERE ] setting player 3 freeze to 3000
[12:14:16.094] [SEVERE ] setting player 4 freeze to 0
[12:14:16.110] [SEVERE ] player 4 placing token on slot 2
[12:14:16.125] [SEVERE ] player 4 placing token on slot 0
[12:14:16.141] [SEVERE ] removing player 4 token from slot 2
[12:14:16.157] [SEVERE ] player 4 placing token on slot 5
[12:14:16.172] [SEVERE ] player 4 placing token on slot 3
[12:14:16.172] [SEVERE ] removing player 4 token from slot 0
[12:14:16.173] [SEVERE ] removing player 4 token from slot 3
[12:14:16.173] [SEVERE ] removing player 4 token from slot 5
[12:14:16.173] [SEVERE ] setting player 4 freeze to 3000
[12:14:16.692] [SEVERE ] updating countdown to 10828
[12:14:17.069] [SEVERE ] setting player 3 freeze to 2000
[12:14:17.180] [SEVERE ] setting player 4 freeze to 2000
[12:14:17.695] [SEVERE ] updating countdown to 9825
[12:14:18.074] [SEVERE ] setting player 3 freeze to 1000
[12:14:18.184] [SEVERE ] setting player 4 freeze to 1000
[12:14:18.704] [SEVERE ] updating countdown to 8816
[12:14:19.081] [SEVERE ] setting player 3 freeze to 0
[12:14:19.096] [SEVERE ] player 3 placing token on slot 7
[12:14:19.112] [SEVERE ] player 3 placing token on slot 4
[12:14:19.128] [SEVERE ] player 3 placing token on slot 9
[12:14:19.128] [SEVERE ] removing player 3 token from slot 4
[12:14:19.129] [SEVERE ] removing player 3 token from slot 7
[12:14:19.129] [SEVERE ] removing player 3 token from slot 9
[12:14:19.129] [SEVERE ] setting player 3 freeze to 3000
[12:14:19.191] [SEVERE ] setting player 4 freeze to 0
[12:14:19.207] [SEVERE ] player 4 placing token on slot 2
[12:14:19.223] [SEVERE ] removing player 4 token from slot 2
[12:14:19.238] [SEVERE ] player 4 placing token on slot 6
[12:14:19.254] [SEVERE ] player 4 placing token on slot 0
[12:14:19.270] [SEVERE ] player 4 placing token on slot 5
[12:14:19.270] [SEVERE ] removing player 4 token from slot 0
[12:14:19.271] [SEVERE ] removing player 4 token from slot 5
[12:14:19.271] [SEVERE ] removing player 4 token from slot 6
[12:14:19.271] [SEVERE ] setting player 4 freeze to 3000
[12:14:19.713] [SEVERE ] updating countdown to 7807
[12:14:20.139] [SEVERE ] setting player 3 freeze to 2000
[12:14:20.280] [SEVERE ] setting player 4 freeze to 2000
[12:14:20.721] [SEVERE ] updating countdown to 6799
[12:14:21.148] [SEVERE ] setting player 3 freeze to 1000
[12:14:21.291] [SEVERE ] setting player 4 freeze to 1000
[12:14:21.730] [SEVERE ] updating countdown to 5790
[12:14:22.154] [SEVERE ] setting player 3 freeze to 0
[12:14:22.169] [SEVERE ] player 3 placing token on slot 2
[12:14:22.184] [SEVERE ] player 3 placing token on slot 8
[12:14:22.200] [SEVERE ] player 3 placing token on slot 4
[12:14:22.200] [SEVERE ] removing player 3 token from slot 2
[12:14:22.200] [SEVERE ] removing player 3 token from slot 4
[12:14:22.200] [SEVERE ] removing player 3 token from slot 8
[12:14:22.202] [SEVERE ] setting player 3 freeze to 3000
[12:14:22.292] [SEVERE ] setting player 4 freeze to 0
[12:14:22.309] [SEVERE ] player 4 placing token on slot 1
[12:14:22.324] [SEVERE ] player 4 placing token on slot 10
[12:14:22.341] [SEVERE ] player 4 placing token on slot 6
[12:14:22.341] [SEVERE ] removing player 4 token from slot 1
[12:14:22.341] [SEVERE ] removing player 4 token from slot 6
[12:14:22.341] [SEVERE ] removing player 4 token from slot 10
[12:14:22.341] [SEVERE ] setting player 4 freeze to 3000
[12:14:23.214] [SEVERE ] setting player 3 freeze to 2000
[12:14:23.356] [SEVERE ] setting player 4 freeze to 2000
[12:14:24.217] [SEVERE ] setting player 3 freeze to 1000
[12:14:24.356] [SEVERE ] setting player 4 freeze to 1000
[12:14:24.520] [SEVERE ] updating countdown to 3000
[12:14:25.219] [SEVERE ] setting player 3 freeze to 0
[12:14:25.231] [SEVERE ] player 3 placing token on slot 1
[12:14:25.243] [SEVERE ] player 3 placing token on slot 7
[12:14:25.255] [SEVERE ] player 3 placing token on slot 2
[12:14:25.255] [SEVERE ] removing player 3 token from slot 1
[12:14:25.255] [SEVERE ] removing player 3 token from slot 2
[12:14:25.255] [SEVERE ] removing player 3 token from slot 7
[12:14:25.256] [SEVERE ] setting player 3 freeze to 3000
[12:14:25.357] [SEVERE ] setting player 4 freeze to 0
[12:14:25.367] [SEVERE ] player 4 placing token on slot 4
[12:14:25.378] [SEVERE ] player 4 placing token on slot 2
[12:14:25.389] [SEVERE ] player 4 placing token on slot 5
[12:14:25.389] [SEVERE ] removing player 4 token from slot 2
[12:14:25.389] [SEVERE ] removing player 4 token from slot 4
[12:14:25.389] [SEVERE ] removing player 4 token from slot 5
[12:14:25.390] [SEVERE ] setting player 4 freeze to 3000
[12:14:26.256] [SEVERE ] setting player 3 freeze to 2000
[12:14:26.390] [SEVERE ] setting player 4 freeze to 2000
[12:14:26.520] [SEVERE ] updating countdown to 1000
[12:14:27.257] [SEVERE ] setting player 3 freeze to 1000
[12:14:27.390] [SEVERE ] setting player 4 freeze to 1000
[12:14:27.521] [SEVERE ] setting player 4 freeze to 1000
[12:14:27.521] [SEVERE ] setting player 3 freeze to 1000
[12:14:27.636] [SEVERE ] removing card from slot 0
[12:14:27.745] [SEVERE ] removing card from slot 1
[12:14:27.852] [SEVERE ] removing card from slot 2
[12:14:27.964] [SEVERE ] removing card from slot 3
[12:14:28.074] [SEVERE ] removing card from slot 4
[12:14:28.184] [SEVERE ] removing card from slot 5
[12:14:28.295] [SEVERE ] removing card from slot 6
[12:14:28.406] [SEVERE ] removing card from slot 7
[12:14:28.516] [SEVERE ] removing card from slot 8
[12:14:28.532] [SEVERE ] setting player 4 freeze to 0
[12:14:28.532] [SEVERE ] setting player 3 freeze to 0
[12:14:28.626] [SEVERE ] removing card from slot 9
[12:14:28.736] [SEVERE ] removing card from slot 10
[12:14:28.848] [SEVERE ] removing card from slot 11
[12:14:28.957] [SEVERE ] placing card 5 in slot 0
[12:14:29.068] [SEVERE ] placing card 68 in slot 1
[12:14:29.180] [SEVERE ] placing card 71 in slot 2
[12:14:29.291] [SEVERE ] placing card 41 in slot 3
[12:14:29.401] [SEVERE ] placing card 64 in slot 4
[12:14:29.510] [SEVERE ] placing card 77 in slot 5
[12:14:29.620] [SEVERE ] placing card 48 in slot 6
[12:14:29.731] [SEVERE ] placing card 37 in slot 7
[12:14:29.842] [SEVERE ] placing card 57 in slot 8
[12:14:29.953] [SEVERE ] placing card 4 in slot 9
[12:14:30.064] [SEVERE ] placing card 80 in slot 10
[12:14:30.174] [SEVERE ] placing card 56 in slot 11
[12:14:30.177] [SEVERE ] updating countdown to 30000
[12:14:30.177] [SEVERE ] updating countdown to 30000
[12:14:30.190] [SEVERE ] player 4 placing token on slot 4
[12:14:30.190] [SEVERE ] player 3 placing token on slot 5
[12:14:30.206] [SEVERE ] removing player 4 token from slot 4
[12:14:30.206] [SEVERE ] player 3 placing token on slot 3
[12:14:30.222] [SEVERE ] player 3 placing token on slot 9
[12:14:30.222] [SEVERE ] player 4 placing token on slot 9
[12:14:30.222] [SEVERE ] removing player 3 token from slot 3
[12:14:30.223] [SEVERE ] removing player 3 token from slot 5
[12:14:30.223] [SEVERE ] removing player 3 token from slot 9
[12:14:30.223] [SEVERE ] setting player 3 freeze to 3000
[12:14:30.238] [SEVERE ] player 4 placing token on slot 10
[12:14:30.254] [SEVERE ] player 4 placing token on slot 4
[12:14:30.254] [SEVERE ] removing player 4 token from slot 4
[12:14:30.254] [SEVERE ] removing player 4 token from slot 9
[12:14:30.254] [SEVERE ] removing player 4 token from slot 10
[12:14:30.254] [SEVERE ] setting player 4 freeze to 3000
[12:14:31.184] [SEVERE ] updating countdown to 28993
[12:14:31.230] [SEVERE ] setting player 3 freeze to 2000
[12:14:31.262] [SEVERE ] setting player 4 freeze to 2000
[12:14:32.002] [SEVERE ] exit button pressed
[12:14:32.003] [INFO   ] thread dealer terminated.
[12:14:32.003] [INFO   ] thread dealer terminated.
[12:14:32.003] [SEVERE ] thanks for playing... it was fun!
[12:14:32.003] [INFO   ] thread main terminated.
