[12:55:15.491] [INFO   ] thread main starting.
[12:55:15.498] [SEVERE ] cannot read configuration file config.properties trying from resources.
[12:55:15.501] [SEVERE ] configuration file was loaded from resources directory.
[12:55:16.043] [INFO   ] thread dealer starting.
[12:55:16.123] [SEVERE ] placing card 15 in slot 0
[12:55:16.124] [SEVERE ] placing card 25 in slot 1
[12:55:16.124] [SEVERE ] placing card 22 in slot 2
[12:55:16.124] [SEVERE ] placing card 54 in slot 3
[12:55:16.125] [SEVERE ] placing card 40 in slot 4
[12:55:16.125] [SEVERE ] placing card 34 in slot 5
[12:55:16.125] [SEVERE ] placing card 16 in slot 6
[12:55:16.125] [SEVERE ] placing card 56 in slot 7
[12:55:16.125] [SEVERE ] placing card 50 in slot 8
[12:55:16.126] [SEVERE ] placing card 35 in slot 9
[12:55:16.126] [SEVERE ] placing card 0 in slot 10
[12:55:16.126] [SEVERE ] placing card 49 in slot 11
[12:55:16.137] [SEVERE ] player 4 placing token on slot 10
[12:55:16.137] [SEVERE ] player 1 placing token on slot 4
[12:55:16.137] [SEVERE ] player 3 placing token on slot 8
[12:55:16.137] [SEVERE ] player 2 placing token on slot 0
[12:55:16.140] [SEVERE ] removing player 4 token from slot 10
[12:55:16.140] [SEVERE ] player 1 placing token on slot 1
[12:55:16.140] [SEVERE ] player 3 placing token on slot 7
[12:55:16.140] [SEVERE ] player 2 placing token on slot 6
[12:55:16.140] [SEVERE ] player 4 placing token on slot 0
[12:55:16.141] [SEVERE ] removing player 2 token from slot 0
[12:55:16.141] [SEVERE ] removing player 4 token from slot 0
[12:55:16.142] [SEVERE ] removing card from slot 0
[12:55:16.146] [SEVERE ] removing player 1 token from slot 1
[12:55:16.146] [SEVERE ] removing card from slot 1
[12:55:16.146] [SEVERE ] removing card from slot 2
[12:55:16.147] [SEVERE ] removing card from slot 3
[12:55:16.147] [SEVERE ] removing player 1 token from slot 4
[12:55:16.147] [SEVERE ] removing card from slot 4
[12:55:16.147] [SEVERE ] removing card from slot 5
[12:55:16.147] [SEVERE ] removing player 2 token from slot 6
[12:55:16.147] [SEVERE ] removing card from slot 6
[12:55:16.147] [SEVERE ] removing player 3 token from slot 7
[12:55:16.149] [SEVERE ] removing card from slot 7
[12:55:16.149] [SEVERE ] removing player 3 token from slot 8
[12:55:16.149] [SEVERE ] removing card from slot 8
[12:55:16.149] [SEVERE ] removing card from slot 9
[12:55:16.150] [SEVERE ] removing card from slot 10
[12:55:16.151] [SEVERE ] removing card from slot 11
[12:55:16.152] [SEVERE ] placing card 47 in slot 0
[12:55:16.165] [SEVERE ] placing card 55 in slot 1
[12:55:16.165] [SEVERE ] placing card 34 in slot 2
[12:55:16.165] [SEVERE ] placing card 56 in slot 3
[12:55:16.166] [SEVERE ] placing card 5 in slot 4
[12:55:16.166] [SEVERE ] placing card 43 in slot 5
[12:55:16.166] [SEVERE ] placing card 13 in slot 6
[12:55:16.166] [SEVERE ] placing card 9 in slot 7
[12:55:16.174] [SEVERE ] placing card 14 in slot 8
[12:55:16.175] [SEVERE ] placing card 28 in slot 9
[12:55:16.175] [SEVERE ] placing card 8 in slot 10
[12:55:16.175] [SEVERE ] placing card 59 in slot 11
[12:55:16.179] [SEVERE ] player 3 placing token on slot 7
[12:55:16.179] [SEVERE ] player 4 placing token on slot 6
[12:55:16.179] [SEVERE ] player 2 placing token on slot 0
[12:55:16.179] [SEVERE ] player 1 placing token on slot 5
[12:55:16.179] [SEVERE ] removing player 2 token from slot 0
[12:55:16.180] [SEVERE ] removing card from slot 0
[12:55:16.185] [SEVERE ] removing card from slot 1
[12:55:16.185] [SEVERE ] removing card from slot 2
[12:55:16.186] [SEVERE ] removing card from slot 3
[12:55:16.186] [SEVERE ] removing card from slot 4
[12:55:16.186] [SEVERE ] removing player 1 token from slot 5
[12:55:16.186] [SEVERE ] removing card from slot 5
[12:55:16.186] [SEVERE ] removing player 4 token from slot 6
[12:55:16.186] [SEVERE ] removing card from slot 6
[12:55:16.187] [SEVERE ] removing player 3 token from slot 7
[12:55:16.187] [SEVERE ] removing card from slot 7
[12:55:16.187] [SEVERE ] removing card from slot 8
[12:55:16.188] [SEVERE ] removing card from slot 9
[12:55:16.188] [SEVERE ] removing card from slot 10
[12:55:16.188] [SEVERE ] removing card from slot 11
[12:55:16.189] [SEVERE ] placing card 80 in slot 0
[12:55:16.189] [SEVERE ] placing card 30 in slot 1
[12:55:16.189] [SEVERE ] placing card 72 in slot 2
[12:55:16.193] [SEVERE ] placing card 2 in slot 3
[12:55:16.193] [SEVERE ] placing card 32 in slot 4
[12:55:16.193] [SEVERE ] placing card 67 in slot 5
[12:55:16.194] [SEVERE ] placing card 71 in slot 6
[12:55:16.194] [SEVERE ] placing card 65 in slot 7
[12:55:16.194] [SEVERE ] placing card 52 in slot 8
[12:55:16.194] [SEVERE ] placing card 73 in slot 9
[12:55:16.194] [SEVERE ] placing card 54 in slot 10
[12:55:16.195] [SEVERE ] placing card 7 in slot 11
[12:55:16.198] [SEVERE ] player 4 placing token on slot 1
[12:55:16.198] [SEVERE ] player 1 placing token on slot 3
[12:55:16.198] [SEVERE ] player 3 placing token on slot 11
[12:55:16.198] [SEVERE ] player 2 placing token on slot 0
[12:55:16.198] [SEVERE ] player 3 placing token on slot 9
[12:55:16.198] [SEVERE ] player 1 placing token on slot 1
[12:55:16.198] [SEVERE ] player 4 placing token on slot 2
[12:55:16.199] [SEVERE ] player 1 placing token on slot 0
[12:55:16.199] [SEVERE ] player 3 placing token on slot 5
[12:55:16.199] [SEVERE ] removing player 2 token from slot 0
[12:55:16.199] [SEVERE ] removing player 4 token from slot 2
[12:55:16.200] [SEVERE ] removing player 1 token from slot 0
[12:55:16.200] [SEVERE ] removing player 1 token from slot 1
[12:55:16.201] [SEVERE ] removing player 1 token from slot 3
[12:55:16.201] [SEVERE ] player 4 placing token on slot 11
[12:55:16.201] [SEVERE ] player 2 placing token on slot 6
[12:55:16.201] [SEVERE ] removing player 3 token from slot 5
[12:55:16.202] [SEVERE ] removing player 3 token from slot 9
[12:55:16.202] [SEVERE ] removing player 3 token from slot 11
[12:55:16.202] [SEVERE ] player 4 placing token on slot 2
[12:55:16.202] [SEVERE ] player 2 placing token on slot 5
[12:55:16.202] [SEVERE ] removing card from slot 0
[12:55:16.204] [SEVERE ] removing player 4 token from slot 1
[12:55:16.204] [SEVERE ] removing card from slot 1
[12:55:16.204] [SEVERE ] removing player 4 token from slot 2
[12:55:16.205] [SEVERE ] removing card from slot 2
[12:55:16.205] [SEVERE ] removing card from slot 3
[12:55:16.206] [SEVERE ] removing card from slot 4
[12:55:16.207] [SEVERE ] removing player 2 token from slot 5
[12:55:16.208] [SEVERE ] removing card from slot 5
[12:55:16.208] [SEVERE ] removing player 2 token from slot 6
[12:55:16.209] [SEVERE ] removing card from slot 6
[12:55:16.209] [SEVERE ] removing card from slot 7
[12:55:16.210] [SEVERE ] removing card from slot 8
[12:55:16.210] [SEVERE ] removing card from slot 9
[12:55:16.210] [SEVERE ] removing card from slot 10
[12:55:16.211] [SEVERE ] removing player 4 token from slot 11
[12:55:16.211] [SEVERE ] removing card from slot 11
[12:55:16.214] [SEVERE ] placing card 33 in slot 0
[12:55:16.214] [SEVERE ] placing card 73 in slot 1
[12:55:16.214] [SEVERE ] placing card 65 in slot 2
[12:55:16.214] [SEVERE ] placing card 0 in slot 3
[12:55:16.214] [SEVERE ] placing card 50 in slot 4
[12:55:16.215] [SEVERE ] placing card 46 in slot 5
[12:55:16.215] [SEVERE ] placing card 56 in slot 6
[12:55:16.215] [SEVERE ] placing card 20 in slot 7
[12:55:16.215] [SEVERE ] placing card 58 in slot 8
[12:55:16.215] [SEVERE ] placing card 55 in slot 9
[12:55:16.215] [SEVERE ] placing card 24 in slot 10
[12:55:16.215] [SEVERE ] placing card 48 in slot 11
[12:55:16.218] [SEVERE ] player 1 placing token on slot 10
[12:55:16.218] [SEVERE ] player 4 placing token on slot 2
[12:55:16.218] [SEVERE ] player 3 placing token on slot 11
[12:55:16.218] [SEVERE ] player 2 placing token on slot 10
[12:55:16.219] [SEVERE ] player 3 placing token on slot 6
[12:55:16.218] [SEVERE ] player 4 placing token on slot 3
[12:55:16.218] [SEVERE ] player 1 placing token on slot 5
[12:55:16.219] [SEVERE ] player 4 placing token on slot 10
[12:55:16.219] [SEVERE ] player 3 placing token on slot 3
[12:55:16.219] [SEVERE ] player 2 placing token on slot 8
[12:55:16.219] [SEVERE ] player 1 placing token on slot 3
[12:55:16.220] [SEVERE ] removing player 4 token from slot 2
[12:55:16.220] [SEVERE ] removing player 4 token from slot 3
[12:55:16.220] [SEVERE ] removing player 4 token from slot 10
[12:55:16.220] [SEVERE ] removing player 2 token from slot 10
[12:55:16.220] [SEVERE ] removing player 3 token from slot 3
[12:55:16.221] [SEVERE ] removing player 3 token from slot 6
[12:55:16.221] [SEVERE ] removing player 3 token from slot 11
[12:55:16.221] [SEVERE ] player 2 placing token on slot 6
[12:55:16.221] [SEVERE ] removing player 1 token from slot 3
[12:55:16.221] [SEVERE ] removing player 1 token from slot 5
[12:55:16.221] [SEVERE ] removing player 1 token from slot 10
[12:55:16.223] [SEVERE ] player 2 placing token on slot 5
[12:55:16.224] [SEVERE ] removing card from slot 0
[12:55:16.227] [SEVERE ] removing card from slot 1
[12:55:16.227] [SEVERE ] removing card from slot 2
[12:55:16.228] [SEVERE ] removing card from slot 3
[12:55:16.228] [SEVERE ] removing card from slot 4
[12:55:16.228] [SEVERE ] removing player 2 token from slot 5
[12:55:16.228] [SEVERE ] removing card from slot 5
[12:55:16.228] [SEVERE ] removing player 2 token from slot 6
[12:55:16.228] [SEVERE ] removing card from slot 6
[12:55:16.228] [SEVERE ] removing card from slot 7
[12:55:16.228] [SEVERE ] removing player 2 token from slot 8
[12:55:16.229] [SEVERE ] removing card from slot 8
[12:55:16.229] [SEVERE ] removing card from slot 9
[12:55:16.229] [SEVERE ] removing card from slot 10
[12:55:16.229] [SEVERE ] removing card from slot 11
[12:55:16.229] [SEVERE ] placing card 71 in slot 0
[12:55:16.230] [SEVERE ] placing card 54 in slot 1
[12:55:16.230] [SEVERE ] placing card 57 in slot 2
[12:55:16.230] [SEVERE ] placing card 0 in slot 3
[12:55:16.230] [SEVERE ] placing card 4 in slot 4
[12:55:16.233] [SEVERE ] placing card 46 in slot 5
[12:55:16.233] [SEVERE ] placing card 11 in slot 6
[12:55:16.233] [SEVERE ] placing card 74 in slot 7
[12:55:16.234] [SEVERE ] placing card 38 in slot 8
[12:55:16.234] [SEVERE ] placing card 48 in slot 9
[12:55:16.234] [SEVERE ] placing card 69 in slot 10
[12:55:16.234] [SEVERE ] placing card 14 in slot 11
[12:55:16.236] [SEVERE ] removing card from slot 0
[12:55:16.237] [INFO   ] thread dealer terminated.
[12:55:19.352] [SEVERE ] exit button pressed
[12:55:21.240] [SEVERE ] thanks for playing... it was fun!
[12:55:21.241] [INFO   ] thread main terminated.
