[12:44:15.636] [INFO   ] thread main starting.
[12:44:15.644] [SEVERE ] cannot read configuration file config.properties trying from resources.
[12:44:15.647] [SEVERE ] configuration file was loaded from resources directory.
[12:44:16.251] [INFO   ] thread dealer starting.
[12:44:16.340] [SEVERE ] placing card 11 in slot 0
[12:44:16.341] [SEVERE ] placing card 54 in slot 1
[12:44:16.341] [SEVERE ] placing card 18 in slot 2
[12:44:16.341] [SEVERE ] placing card 71 in slot 3
[12:44:16.342] [SEVERE ] placing card 2 in slot 4
[12:44:16.342] [SEVERE ] placing card 29 in slot 5
[12:44:16.342] [SEVERE ] placing card 12 in slot 6
[12:44:16.342] [SEVERE ] placing card 17 in slot 7
[12:44:16.343] [SEVERE ] placing card 38 in slot 8
[12:44:16.343] [SEVERE ] placing card 52 in slot 9
[12:44:16.343] [SEVERE ] placing card 13 in slot 10
[12:44:16.343] [SEVERE ] placing card 3 in slot 11
[12:44:16.349] [SEVERE ] player 1 placing token on slot 3
[12:44:16.349] [SEVERE ] player 2 placing token on slot 0
[12:44:16.349] [SEVERE ] player 4 placing token on slot 9
[12:44:16.349] [SEVERE ] player 3 placing token on slot 0
[12:44:16.350] [SEVERE ] removing player 1 token from slot 3
[12:44:16.350] [SEVERE ] removing player 3 token from slot 0
[12:44:16.350] [SEVERE ] player 3 placing token on slot 10
[12:44:16.350] [SEVERE ] player 4 placing token on slot 10
[12:44:16.350] [SEVERE ] player 2 placing token on slot 2
[12:44:16.350] [SEVERE ] player 1 placing token on slot 0
[12:44:16.351] [SEVERE ] removing player 1 token from slot 0
[12:44:16.351] [SEVERE ] removing player 2 token from slot 0
[12:44:16.352] [SEVERE ] removing card from slot 0
[12:44:16.360] [SEVERE ] removing card from slot 1
[12:44:16.360] [SEVERE ] removing player 2 token from slot 2
[12:44:16.360] [SEVERE ] removing card from slot 2
[12:44:16.360] [SEVERE ] removing card from slot 3
[12:44:16.361] [SEVERE ] removing card from slot 4
[12:44:16.361] [SEVERE ] removing card from slot 5
[12:44:16.361] [SEVERE ] removing card from slot 6
[12:44:16.361] [SEVERE ] removing card from slot 7
[12:44:16.361] [SEVERE ] removing card from slot 8
[12:44:16.362] [SEVERE ] removing player 4 token from slot 9
[12:44:16.362] [SEVERE ] removing card from slot 9
[12:44:16.362] [SEVERE ] removing player 3 token from slot 10
[12:44:16.362] [SEVERE ] removing player 4 token from slot 10
[12:44:16.363] [SEVERE ] removing card from slot 10
[12:44:16.364] [SEVERE ] removing card from slot 11
[12:44:16.365] [SEVERE ] placing card 1 in slot 0
[12:44:16.365] [SEVERE ] placing card 22 in slot 1
[12:44:16.365] [SEVERE ] placing card 25 in slot 2
[12:44:16.365] [SEVERE ] placing card 68 in slot 3
[12:44:16.365] [SEVERE ] placing card 65 in slot 4
[12:44:16.365] [SEVERE ] placing card 13 in slot 5
[12:44:16.366] [SEVERE ] placing card 17 in slot 6
[12:44:16.366] [SEVERE ] placing card 74 in slot 7
[12:44:16.366] [SEVERE ] placing card 49 in slot 8
[12:44:16.366] [SEVERE ] placing card 10 in slot 9
[12:44:16.366] [SEVERE ] placing card 59 in slot 10
[12:44:16.366] [SEVERE ] placing card 61 in slot 11
[12:44:16.376] [SEVERE ] player 4 placing token on slot 6
[12:44:16.376] [SEVERE ] player 3 placing token on slot 7
[12:44:16.376] [SEVERE ] player 1 placing token on slot 6
[12:44:16.376] [SEVERE ] player 2 placing token on slot 1
[12:44:16.377] [SEVERE ] player 1 placing token on slot 10
[12:44:16.377] [SEVERE ] player 3 placing token on slot 10
[12:44:16.377] [SEVERE ] player 4 placing token on slot 8
[12:44:16.377] [SEVERE ] player 3 placing token on slot 11
[12:44:16.377] [SEVERE ] player 1 placing token on slot 8
[12:44:16.377] [SEVERE ] player 2 placing token on slot 7
[12:44:16.378] [SEVERE ] player 4 placing token on slot 5
[12:44:16.378] [SEVERE ] removing player 3 token from slot 7
[12:44:16.379] [SEVERE ] removing player 3 token from slot 10
[12:44:16.379] [SEVERE ] removing player 3 token from slot 11
[12:44:16.379] [SEVERE ] player 2 placing token on slot 0
[12:44:16.379] [SEVERE ] removing player 2 token from slot 0
[12:44:16.379] [SEVERE ] removing card from slot 0
[12:44:16.383] [SEVERE ] removing player 2 token from slot 1
[12:44:16.384] [SEVERE ] removing card from slot 1
[12:44:16.384] [SEVERE ] removing card from slot 2
[12:44:16.384] [SEVERE ] removing card from slot 3
[12:44:16.385] [SEVERE ] removing card from slot 4
[12:44:16.385] [SEVERE ] removing player 4 token from slot 5
[12:44:16.385] [SEVERE ] removing card from slot 5
[12:44:16.385] [SEVERE ] removing player 1 token from slot 6
[12:44:16.385] [SEVERE ] removing player 4 token from slot 6
[12:44:16.386] [SEVERE ] removing card from slot 6
[12:44:16.386] [SEVERE ] removing player 2 token from slot 7
[12:44:16.386] [SEVERE ] removing card from slot 7
[12:44:16.386] [SEVERE ] removing player 1 token from slot 8
[12:44:16.386] [SEVERE ] removing player 4 token from slot 8
[12:44:16.387] [SEVERE ] removing card from slot 8
[12:44:16.387] [SEVERE ] removing card from slot 9
[12:44:16.388] [SEVERE ] removing player 1 token from slot 10
[12:44:16.388] [SEVERE ] removing card from slot 10
[12:44:16.388] [SEVERE ] removing card from slot 11
[12:44:16.393] [SEVERE ] placing card 38 in slot 0
[12:44:16.393] [SEVERE ] placing card 21 in slot 1
[12:44:16.394] [SEVERE ] placing card 19 in slot 2
[12:44:16.394] [SEVERE ] placing card 50 in slot 3
[12:44:16.394] [SEVERE ] placing card 39 in slot 4
[12:44:16.394] [SEVERE ] placing card 32 in slot 5
[12:44:16.395] [SEVERE ] placing card 16 in slot 6
[12:44:16.395] [SEVERE ] placing card 22 in slot 7
[12:44:16.395] [SEVERE ] placing card 13 in slot 8
[12:44:16.395] [SEVERE ] placing card 65 in slot 9
[12:44:16.395] [SEVERE ] placing card 52 in slot 10
[12:44:16.396] [SEVERE ] placing card 11 in slot 11
[12:44:16.398] [SEVERE ] player 1 placing token on slot 11
[12:44:16.398] [SEVERE ] player 4 placing token on slot 7
[12:44:16.398] [SEVERE ] player 3 placing token on slot 7
[12:44:16.398] [SEVERE ] player 2 placing token on slot 2
[12:44:16.399] [SEVERE ] removing player 3 token from slot 7
[12:44:16.399] [SEVERE ] player 4 placing token on slot 10
[12:44:16.399] [SEVERE ] player 1 placing token on slot 10
[12:44:16.399] [SEVERE ] removing player 4 token from slot 10
[12:44:16.399] [SEVERE ] player 3 placing token on slot 4
[12:44:16.399] [SEVERE ] player 2 placing token on slot 10
[12:44:16.400] [SEVERE ] player 3 placing token on slot 9
[12:44:16.399] [SEVERE ] removing player 4 token from slot 7
[12:44:16.399] [SEVERE ] player 1 placing token on slot 8
[12:44:16.400] [SEVERE ] removing player 2 token from slot 10
[12:44:16.400] [SEVERE ] removing player 3 token from slot 4
[12:44:16.401] [SEVERE ] player 4 placing token on slot 9
[12:44:16.402] [SEVERE ] removing card from slot 0
[12:44:16.404] [SEVERE ] removing card from slot 1
[12:44:16.405] [SEVERE ] removing player 2 token from slot 2
[12:44:16.405] [SEVERE ] removing card from slot 2
[12:44:16.405] [SEVERE ] removing card from slot 3
[12:44:16.405] [SEVERE ] removing card from slot 4
[12:44:16.405] [SEVERE ] removing card from slot 5
[12:44:16.406] [SEVERE ] removing card from slot 6
[12:44:16.407] [SEVERE ] removing card from slot 7
[12:44:16.408] [SEVERE ] removing player 1 token from slot 8
[12:44:16.408] [SEVERE ] removing card from slot 8
[12:44:16.409] [SEVERE ] removing player 3 token from slot 9
[12:44:16.409] [SEVERE ] removing player 4 token from slot 9
[12:44:16.410] [SEVERE ] removing card from slot 9
[12:44:16.410] [SEVERE ] removing player 1 token from slot 10
[12:44:16.410] [SEVERE ] removing card from slot 10
[12:44:16.410] [SEVERE ] removing player 1 token from slot 11
[12:44:16.411] [SEVERE ] removing card from slot 11
[12:44:16.411] [SEVERE ] placing card 7 in slot 0
[12:44:16.411] [SEVERE ] placing card 71 in slot 1
[12:44:16.411] [SEVERE ] placing card 14 in slot 2
[12:44:16.411] [SEVERE ] placing card 25 in slot 3
[12:44:16.411] [SEVERE ] placing card 72 in slot 4
[12:44:16.414] [SEVERE ] placing card 77 in slot 5
[12:44:16.415] [SEVERE ] placing card 67 in slot 6
[12:44:16.415] [SEVERE ] placing card 6 in slot 7
[12:44:16.415] [SEVERE ] placing card 22 in slot 8
[12:44:16.415] [SEVERE ] placing card 62 in slot 9
[12:44:16.415] [SEVERE ] placing card 23 in slot 10
[12:44:16.415] [SEVERE ] placing card 60 in slot 11
[12:44:16.418] [SEVERE ] player 2 placing token on slot 0
[12:44:16.418] [SEVERE ] player 3 placing token on slot 9
[12:44:16.418] [SEVERE ] player 4 placing token on slot 9
[12:44:16.418] [SEVERE ] player 1 placing token on slot 2
[12:44:16.419] [SEVERE ] player 2 placing token on slot 4
[12:44:16.419] [SEVERE ] removing player 2 token from slot 0
[12:44:16.420] [SEVERE ] removing card from slot 0
[12:44:16.423] [SEVERE ] removing card from slot 1
[12:44:16.424] [SEVERE ] removing player 1 token from slot 2
[12:44:16.425] [SEVERE ] removing card from slot 2
[12:44:16.425] [SEVERE ] removing card from slot 3
[12:44:16.426] [SEVERE ] removing player 2 token from slot 4
[12:44:16.426] [SEVERE ] removing card from slot 4
[12:44:16.426] [SEVERE ] removing card from slot 5
[12:44:16.426] [SEVERE ] removing card from slot 6
[12:44:16.426] [SEVERE ] removing card from slot 7
[12:44:16.426] [SEVERE ] removing card from slot 8
[12:44:16.426] [SEVERE ] removing player 3 token from slot 9
[12:44:16.427] [SEVERE ] removing player 4 token from slot 9
[12:44:16.427] [SEVERE ] removing card from slot 9
[12:44:16.427] [SEVERE ] removing card from slot 10
[12:44:16.427] [SEVERE ] removing card from slot 11
[12:44:16.428] [SEVERE ] placing card 44 in slot 0
[12:44:16.428] [SEVERE ] placing card 38 in slot 1
[12:44:16.428] [SEVERE ] placing card 1 in slot 2
[12:44:16.428] [SEVERE ] placing card 15 in slot 3
[12:44:16.431] [SEVERE ] placing card 19 in slot 4
[12:44:16.432] [SEVERE ] placing card 45 in slot 5
[12:44:16.432] [SEVERE ] placing card 37 in slot 6
[12:44:16.432] [SEVERE ] placing card 43 in slot 7
[12:44:16.432] [SEVERE ] placing card 26 in slot 8
[12:44:16.432] [SEVERE ] placing card 8 in slot 9
[12:44:16.432] [SEVERE ] placing card 9 in slot 10
[12:44:16.432] [SEVERE ] placing card 25 in slot 11
[12:44:16.434] [SEVERE ] player 2 placing token on slot 8
[12:44:16.434] [SEVERE ] player 4 placing token on slot 8
[12:44:16.434] [SEVERE ] player 1 placing token on slot 2
[12:44:16.434] [SEVERE ] player 3 placing token on slot 5
[12:44:16.435] [SEVERE ] player 1 placing token on slot 7
[12:44:16.434] [SEVERE ] player 4 placing token on slot 4
[12:44:16.434] [SEVERE ] player 2 placing token on slot 11
[12:44:16.436] [SEVERE ] player 4 placing token on slot 7
[12:44:16.435] [SEVERE ] player 1 placing token on slot 9
[12:44:16.435] [SEVERE ] player 3 placing token on slot 0
[12:44:16.436] [SEVERE ] player 2 placing token on slot 6
[12:44:16.436] [SEVERE ] removing player 4 token from slot 4
[12:44:16.436] [SEVERE ] removing player 4 token from slot 7
[12:44:16.436] [SEVERE ] removing player 4 token from slot 8
[12:44:16.437] [SEVERE ] player 3 placing token on slot 4
[12:44:16.437] [SEVERE ] removing player 3 token from slot 0
[12:44:16.437] [SEVERE ] removing card from slot 0
[12:44:16.443] [SEVERE ] removing card from slot 1
[12:44:16.443] [SEVERE ] removing player 1 token from slot 2
[12:44:16.444] [SEVERE ] removing card from slot 2
[12:44:16.444] [SEVERE ] removing card from slot 3
[12:44:16.444] [SEVERE ] removing player 3 token from slot 4
[12:44:16.444] [SEVERE ] removing card from slot 4
[12:44:16.444] [SEVERE ] removing player 3 token from slot 5
[12:44:16.444] [SEVERE ] removing card from slot 5
[12:44:16.445] [SEVERE ] removing player 2 token from slot 6
[12:44:16.445] [SEVERE ] removing card from slot 6
[12:44:16.445] [SEVERE ] removing player 1 token from slot 7
[12:44:16.445] [SEVERE ] removing card from slot 7
[12:44:16.445] [SEVERE ] removing player 2 token from slot 8
[12:44:16.446] [SEVERE ] removing card from slot 8
[12:44:16.446] [SEVERE ] removing player 1 token from slot 9
[12:44:16.447] [SEVERE ] removing card from slot 9
[12:44:16.447] [SEVERE ] removing card from slot 10
[12:44:16.447] [SEVERE ] removing player 2 token from slot 11
[12:44:16.447] [SEVERE ] removing card from slot 11
[12:44:16.447] [SEVERE ] placing card 37 in slot 0
[12:44:16.447] [SEVERE ] placing card 54 in slot 1
[12:44:16.450] [SEVERE ] placing card 78 in slot 2
[12:44:16.450] [SEVERE ] placing card 36 in slot 3
[12:44:16.451] [SEVERE ] placing card 11 in slot 4
[12:44:16.451] [SEVERE ] placing card 40 in slot 5
[12:44:16.451] [SEVERE ] placing card 25 in slot 6
[12:44:16.451] [SEVERE ] placing card 67 in slot 7
[12:44:16.452] [SEVERE ] placing card 41 in slot 8
[12:44:16.452] [SEVERE ] placing card 47 in slot 9
[12:44:16.452] [SEVERE ] placing card 73 in slot 10
[12:44:16.452] [SEVERE ] placing card 72 in slot 11
[12:44:16.454] [SEVERE ] removing card from slot 0
[12:44:16.456] [INFO   ] thread dealer terminated.
[12:44:18.717] [SEVERE ] exit button pressed
[12:44:21.467] [SEVERE ] thanks for playing... it was fun!
[12:44:21.467] [INFO   ] thread main terminated.
