[12:39:18.420] [INFO   ] thread main starting.
[12:39:18.428] [SEVERE ] cannot read configuration file config.properties trying from resources.
[12:39:18.432] [SEVERE ] configuration file was loaded from resources directory.
[12:39:19.234] [INFO   ] thread dealer starting.
[12:39:19.316] [SEVERE ] placing card 65 in slot 0
[12:39:19.317] [SEVERE ] placing card 15 in slot 1
[12:39:19.317] [SEVERE ] placing card 71 in slot 2
[12:39:19.317] [SEVERE ] placing card 0 in slot 3
[12:39:19.317] [SEVERE ] placing card 23 in slot 4
[12:39:19.317] [SEVERE ] placing card 32 in slot 5
[12:39:19.318] [SEVERE ] placing card 60 in slot 6
[12:39:19.318] [SEVERE ] placing card 62 in slot 7
[12:39:19.318] [SEVERE ] placing card 2 in slot 8
[12:39:19.319] [SEVERE ] placing card 14 in slot 9
[12:39:19.319] [SEVERE ] placing card 49 in slot 10
[12:39:19.319] [SEVERE ] placing card 27 in slot 11
[12:39:19.330] [SEVERE ] player 2 placing token on slot 7
[12:39:19.330] [SEVERE ] player 1 placing token on slot 4
[12:39:19.334] [SEVERE ] player 4 placing token on slot 8
[12:39:19.335] [SEVERE ] player 1 placing token on slot 1
[12:39:19.335] [SEVERE ] player 4 placing token on slot 11
[12:39:19.335] [SEVERE ] player 4 placing token on slot 6
[12:39:19.335] [SEVERE ] removing player 2 token from slot 7
[12:39:19.335] [SEVERE ] player 3 placing token on slot 6
[12:39:19.335] [SEVERE ] player 1 placing token on slot 0
[12:39:19.338] [SEVERE ] removing player 4 token from slot 6
[12:39:19.339] [SEVERE ] removing player 4 token from slot 8
[12:39:19.339] [SEVERE ] removing player 4 token from slot 11
[12:39:19.339] [SEVERE ] player 2 placing token on slot 8
[12:39:19.339] [SEVERE ] player 3 placing token on slot 1
[12:39:19.341] [SEVERE ] player 2 placing token on slot 2
[12:39:19.341] [SEVERE ] player 3 placing token on slot 9
[12:39:19.342] [SEVERE ] player 2 placing token on slot 6
[12:39:19.342] [SEVERE ] removing player 1 token from slot 0
[12:39:19.342] [SEVERE ] removing card from slot 0
[12:39:19.343] [SEVERE ] removing player 1 token from slot 1
[12:39:19.343] [SEVERE ] removing player 3 token from slot 1
[12:39:19.343] [SEVERE ] removing card from slot 1
[12:39:19.343] [SEVERE ] removing player 2 token from slot 2
[12:39:19.344] [SEVERE ] removing card from slot 2
[12:39:19.344] [SEVERE ] removing card from slot 3
[12:39:19.344] [SEVERE ] removing player 1 token from slot 4
[12:39:19.344] [SEVERE ] removing card from slot 4
[12:39:19.344] [SEVERE ] removing card from slot 5
[12:39:19.345] [SEVERE ] removing player 2 token from slot 6
[12:39:19.345] [SEVERE ] removing player 3 token from slot 6
[12:39:19.346] [SEVERE ] removing card from slot 6
[12:39:19.347] [SEVERE ] removing card from slot 7
[12:39:19.347] [SEVERE ] removing player 2 token from slot 8
[12:39:19.347] [SEVERE ] removing card from slot 8
[12:39:19.347] [SEVERE ] removing player 3 token from slot 9
[12:39:19.348] [SEVERE ] removing card from slot 9
[12:39:19.348] [SEVERE ] removing card from slot 10
[12:39:19.348] [SEVERE ] removing card from slot 11
[12:39:19.348] [SEVERE ] placing card 59 in slot 0
[12:39:19.349] [SEVERE ] placing card 46 in slot 1
[12:39:19.349] [SEVERE ] placing card 42 in slot 2
[12:39:19.349] [SEVERE ] placing card 66 in slot 3
[12:39:19.350] [SEVERE ] placing card 53 in slot 4
[12:39:19.350] [SEVERE ] placing card 13 in slot 5
[12:39:19.350] [SEVERE ] placing card 35 in slot 6
[12:39:19.350] [SEVERE ] placing card 31 in slot 7
[12:39:19.350] [SEVERE ] placing card 60 in slot 8
[12:39:19.350] [SEVERE ] placing card 32 in slot 9
[12:39:19.351] [SEVERE ] placing card 54 in slot 10
[12:39:19.359] [SEVERE ] placing card 47 in slot 11
[12:39:19.361] [SEVERE ] removing card from slot 0
[12:39:19.363] [INFO   ] thread dealer terminated.
[12:39:24.370] [SEVERE ] thanks for playing... it was fun!
[12:39:24.370] [INFO   ] thread main terminated.
[12:39:24.370] [SEVERE ] disposing of user interface elements
