[11:47:14.624] [INFO   ] thread main starting.
[11:47:14.638] [SEVERE ] cannot read configuration file config.properties trying from resources.
[11:47:14.645] [SEVERE ] configuration file was loaded from resources directory.
[11:47:16.050] [INFO   ] thread dealer starting.
[11:47:16.228] [SEVERE ] placing card 45 in slot 0
[11:47:16.338] [SEVERE ] placing card 22 in slot 1
[11:47:16.449] [SEVERE ] placing card 80 in slot 2
[11:47:16.556] [SEVERE ] placing card 73 in slot 3
[11:47:16.664] [SEVERE ] placing card 76 in slot 4
[11:47:16.775] [SEVERE ] placing card 17 in slot 5
[11:47:16.887] [SEVERE ] placing card 63 in slot 6
[11:47:16.995] [SEVERE ] placing card 66 in slot 7
[11:47:17.103] [SEVERE ] placing card 48 in slot 8
[11:47:17.212] [SEVERE ] placing card 55 in slot 9
[11:47:17.323] [SEVERE ] placing card 49 in slot 10
[11:47:17.435] [SEVERE ] placing card 71 in slot 11
[11:47:17.451] [SEVERE ] updating countdown to 30000
[11:47:17.453] [SEVERE ] updating countdown to 29998
[11:47:18.229] [SEVERE ] key 76 was pressed by player 2
[11:47:18.230] [SEVERE ] player 2 placing token on slot 6
[11:47:18.273] [SEVERE ] key 75 was pressed by player 2
[11:47:18.274] [SEVERE ] player 2 placing token on slot 5
[11:47:18.390] [SEVERE ] key 74 was pressed by player 2
[11:47:18.391] [SEVERE ] player 2 placing token on slot 4
[11:47:18.392] [SEVERE ] removing player 2 token from slot 4
[11:47:18.393] [SEVERE ] removing player 2 token from slot 5
[11:47:18.393] [SEVERE ] removing player 2 token from slot 6
[11:47:18.394] [SEVERE ] setting player 2 freeze to 3000
[11:47:18.465] [SEVERE ] updating countdown to 28986
[11:47:19.400] [SEVERE ] setting player 2 freeze to 2000
[11:47:19.401] [SEVERE ] key 73 was pressed by player 2
[11:47:19.479] [SEVERE ] updating countdown to 27972
[11:47:19.626] [SEVERE ] key 79 was pressed by player 2
[11:47:19.846] [SEVERE ] key 74 was pressed by player 2
[11:47:20.407] [SEVERE ] setting player 2 freeze to 1000
[11:47:20.486] [SEVERE ] updating countdown to 26965
[11:47:21.415] [SEVERE ] setting player 2 freeze to 0
[11:47:21.494] [SEVERE ] updating countdown to 25957
[11:47:22.505] [SEVERE ] updating countdown to 24946
[11:47:23.512] [SEVERE ] updating countdown to 23939
[11:47:24.519] [SEVERE ] updating countdown to 22932
[11:47:25.530] [SEVERE ] updating countdown to 21921
[11:47:26.007] [SEVERE ] key 73 was pressed by player 2
[11:47:26.007] [SEVERE ] player 2 placing token on slot 1
[11:47:26.251] [SEVERE ] key 74 was pressed by player 2
[11:47:26.251] [SEVERE ] player 2 placing token on slot 4
[11:47:26.541] [SEVERE ] updating countdown to 20910
[11:47:26.620] [SEVERE ] key 44 was pressed by player 2
[11:47:26.620] [SEVERE ] player 2 placing token on slot 9
[11:47:26.620] [SEVERE ] removing player 2 token from slot 1
[11:47:26.621] [SEVERE ] removing player 2 token from slot 4
[11:47:26.621] [SEVERE ] removing player 2 token from slot 9
[11:47:26.621] [SEVERE ] setting player 2 freeze to 3000
[11:47:27.554] [SEVERE ] updating countdown to 19897
[11:47:27.631] [SEVERE ] setting player 2 freeze to 2000
[11:47:28.565] [SEVERE ] updating countdown to 18886
[11:47:28.643] [SEVERE ] setting player 2 freeze to 1000
[11:47:29.573] [SEVERE ] updating countdown to 17878
[11:47:29.651] [SEVERE ] setting player 2 freeze to 0
[11:47:29.953] [SEVERE ] key 46 was pressed by player 2
[11:47:29.953] [SEVERE ] player 2 placing token on slot 10
[11:47:30.582] [SEVERE ] updating countdown to 16869
[11:47:30.643] [SEVERE ] key 74 was pressed by player 2
[11:47:30.643] [SEVERE ] player 2 placing token on slot 4
[11:47:30.833] [SEVERE ] key 73 was pressed by player 2
[11:47:30.835] [SEVERE ] player 2 placing token on slot 1
[11:47:30.835] [SEVERE ] removing player 2 token from slot 1
[11:47:30.946] [SEVERE ] removing card from slot 1
[11:47:30.946] [SEVERE ] removing player 2 token from slot 4
[11:47:31.056] [SEVERE ] removing card from slot 4
[11:47:31.056] [SEVERE ] removing player 2 token from slot 10
[11:47:31.165] [SEVERE ] removing card from slot 10
[11:47:31.276] [SEVERE ] placing card 62 in slot 1
[11:47:31.387] [SEVERE ] placing card 10 in slot 4
[11:47:31.499] [SEVERE ] placing card 41 in slot 10
[11:47:31.503] [SEVERE ] setting player 2 score to 1
[11:47:31.503] [SEVERE ] setting player 2 freeze to 1000
[11:47:31.594] [SEVERE ] updating countdown to 15857
[11:47:32.514] [SEVERE ] setting player 2 freeze to 0
[11:47:32.608] [SEVERE ] updating countdown to 14843
[11:47:33.616] [SEVERE ] updating countdown to 13835
[11:47:34.622] [SEVERE ] updating countdown to 12829
[11:47:35.633] [SEVERE ] updating countdown to 11818
[11:47:36.636] [SEVERE ] updating countdown to 10815
[11:47:36.683] [SEVERE ] exit button pressed
[11:47:36.683] [INFO   ] thread dealer terminated.
[11:47:36.683] [SEVERE ] thanks for playing... it was fun!
[11:47:36.684] [INFO   ] thread main terminated.
