[09:57:21.716] [INFO   ] thread main starting.
[09:57:21.751] [SEVERE ] cannot read configuration file config.properties trying from resources.
[09:57:21.765] [SEVERE ] configuration file was loaded from resources directory.
[09:57:24.302] [INFO   ] thread dealer starting.
[09:57:24.462] [SEVERE ] placing card 75 in slot 0
[09:57:24.466] [SEVERE ] placing card 53 in slot 1
[09:57:24.468] [SEVERE ] placing card 29 in slot 2
[09:57:24.469] [SEVERE ] placing card 71 in slot 3
[09:57:24.470] [SEVERE ] placing card 61 in slot 4
[09:57:24.471] [SEVERE ] placing card 67 in slot 5
[09:57:24.472] [SEVERE ] placing card 5 in slot 6
[09:57:24.475] [SEVERE ] placing card 21 in slot 7
[09:57:24.476] [SEVERE ] placing card 39 in slot 8
[09:57:24.477] [SEVERE ] placing card 55 in slot 9
[09:57:24.478] [SEVERE ] placing card 20 in slot 10
[09:57:24.478] [SEVERE ] placing card 58 in slot 11
[09:57:24.507] [SEVERE ] player 4 placing token on slot 6
[09:57:24.510] [SEVERE ] player 3 placing token on slot 2
[09:57:24.508] [SEVERE ] player 1 placing token on slot 5
[09:57:24.508] [SEVERE ] player 2 placing token on slot 1
[09:57:24.518] [SEVERE ] player 1 placing token on slot 8
[09:57:24.517] [SEVERE ] removing player 3 token from slot 2
[09:57:24.511] [SEVERE ] player 4 placing token on slot 9
[09:57:24.523] [SEVERE ] removing card from slot 0
[09:57:24.624] [SEVERE ] removing player 2 token from slot 1
[09:57:24.625] [SEVERE ] removing card from slot 1
[09:57:24.625] [SEVERE ] removing card from slot 2
[09:57:24.627] [SEVERE ] removing card from slot 3
[09:57:24.628] [SEVERE ] removing card from slot 4
[09:57:24.629] [SEVERE ] removing player 1 token from slot 5
[09:57:24.630] [SEVERE ] removing card from slot 5
[09:57:24.633] [SEVERE ] removing player 4 token from slot 6
[09:57:24.634] [SEVERE ] removing card from slot 6
[09:57:24.634] [SEVERE ] removing card from slot 7
[09:57:24.635] [SEVERE ] removing player 1 token from slot 8
[09:57:24.636] [SEVERE ] removing card from slot 8
[09:57:24.636] [SEVERE ] removing player 4 token from slot 9
[09:57:24.637] [SEVERE ] removing card from slot 9
[09:57:24.638] [SEVERE ] removing card from slot 10
[09:57:24.638] [SEVERE ] removing card from slot 11
[09:57:24.640] [SEVERE ] placing card 3 in slot 0
[09:57:24.640] [SEVERE ] placing card 42 in slot 1
[09:57:24.641] [SEVERE ] placing card 20 in slot 2
[09:57:24.642] [SEVERE ] placing card 40 in slot 3
[09:57:24.643] [SEVERE ] placing card 48 in slot 4
[09:57:24.643] [SEVERE ] placing card 2 in slot 5
[09:57:24.651] [SEVERE ] placing card 32 in slot 6
[09:57:24.652] [SEVERE ] placing card 44 in slot 7
[09:57:24.679] [SEVERE ] placing card 57 in slot 8
[09:57:24.681] [SEVERE ] placing card 23 in slot 9
[09:57:24.682] [SEVERE ] placing card 66 in slot 10
[09:57:24.683] [SEVERE ] placing card 58 in slot 11
[09:57:24.700] [SEVERE ] player 3 placing token on slot 4
[09:57:24.700] [SEVERE ] player 2 placing token on slot 4
[09:57:24.700] [SEVERE ] player 4 placing token on slot 5
[09:57:24.700] [SEVERE ] player 1 placing token on slot 0
[09:57:24.703] [SEVERE ] player 4 placing token on slot 4
[09:57:24.702] [SEVERE ] removing player 2 token from slot 4
[09:57:24.701] [SEVERE ] player 3 placing token on slot 6
[09:57:24.706] [SEVERE ] player 2 placing token on slot 2
[09:57:24.706] [SEVERE ] player 4 placing token on slot 7
[09:57:24.703] [SEVERE ] player 1 placing token on slot 4
[09:57:24.709] [SEVERE ] player 2 placing token on slot 6
[09:57:24.708] [SEVERE ] player 3 placing token on slot 10
[09:57:24.711] [SEVERE ] removing player 2 token from slot 2
[09:57:24.710] [SEVERE ] player 1 placing token on slot 10
[09:57:24.714] [SEVERE ] player 2 placing token on slot 9
[09:57:24.715] [SEVERE ] removing player 1 token from slot 0
[09:57:24.716] [SEVERE ] removing card from slot 0
[09:57:24.726] [SEVERE ] removing card from slot 1
[09:57:24.727] [SEVERE ] removing card from slot 2
[09:57:24.727] [SEVERE ] removing card from slot 3
[09:57:24.728] [SEVERE ] removing player 1 token from slot 4
[09:57:24.729] [SEVERE ] removing player 3 token from slot 4
[09:57:24.730] [SEVERE ] removing player 4 token from slot 4
[09:57:24.731] [SEVERE ] removing card from slot 4
[09:57:24.732] [SEVERE ] removing player 4 token from slot 5
[09:57:24.733] [SEVERE ] removing card from slot 5
[09:57:24.735] [SEVERE ] removing player 2 token from slot 6
[09:57:24.735] [SEVERE ] removing player 3 token from slot 6
[09:57:24.736] [SEVERE ] removing card from slot 6
[09:57:24.737] [SEVERE ] removing player 4 token from slot 7
[09:57:24.738] [SEVERE ] removing card from slot 7
[09:57:24.740] [SEVERE ] removing card from slot 8
[09:57:24.741] [SEVERE ] removing player 2 token from slot 9
[09:57:24.742] [SEVERE ] removing card from slot 9
[09:57:24.746] [SEVERE ] removing player 1 token from slot 10
[09:57:24.748] [SEVERE ] removing player 3 token from slot 10
[09:57:24.749] [SEVERE ] removing card from slot 10
[09:57:24.757] [SEVERE ] removing card from slot 11
[09:57:24.758] [SEVERE ] placing card 4 in slot 0
[09:57:24.759] [SEVERE ] placing card 42 in slot 1
[09:57:24.760] [SEVERE ] placing card 7 in slot 2
[09:57:24.761] [SEVERE ] placing card 31 in slot 3
[09:57:24.763] [SEVERE ] placing card 8 in slot 4
[09:57:24.766] [SEVERE ] placing card 48 in slot 5
[09:57:24.768] [SEVERE ] placing card 17 in slot 6
[09:57:24.785] [SEVERE ] placing card 18 in slot 7
[09:57:24.787] [SEVERE ] placing card 45 in slot 8
[09:57:24.789] [SEVERE ] placing card 29 in slot 9
[09:57:24.789] [SEVERE ] placing card 14 in slot 10
[09:57:24.790] [SEVERE ] placing card 50 in slot 11
[09:57:24.804] [SEVERE ] player 1 placing token on slot 8
[09:57:24.804] [SEVERE ] player 4 placing token on slot 4
[09:57:24.806] [SEVERE ] player 4 placing token on slot 6
[09:57:24.808] [SEVERE ] player 4 placing token on slot 9
[09:57:24.804] [SEVERE ] player 3 placing token on slot 1
[09:57:24.804] [SEVERE ] player 2 placing token on slot 0
[09:57:24.810] [SEVERE ] removing player 3 token from slot 1
[09:57:24.805] [SEVERE ] player 1 placing token on slot 7
[09:57:24.813] [SEVERE ] removing player 4 token from slot 4
[09:57:24.814] [SEVERE ] removing player 4 token from slot 6
[09:57:24.815] [SEVERE ] removing player 4 token from slot 9
[09:57:24.816] [SEVERE ] player 2 placing token on slot 7
[09:57:24.817] [SEVERE ] player 3 placing token on slot 0
[09:57:24.817] [SEVERE ] player 1 placing token on slot 10
[09:57:24.817] [SEVERE ] player 2 placing token on slot 6
[09:57:24.818] [SEVERE ] player 3 placing token on slot 2
[09:57:24.826] [SEVERE ] removing player 2 token from slot 0
[09:57:24.828] [SEVERE ] removing player 3 token from slot 0
[09:57:24.832] [SEVERE ] removing card from slot 0
[09:57:24.841] [SEVERE ] removing card from slot 1
[09:57:24.843] [SEVERE ] removing player 3 token from slot 2
[09:57:24.845] [SEVERE ] removing card from slot 2
[09:57:24.863] [SEVERE ] removing card from slot 3
[09:57:24.864] [SEVERE ] removing card from slot 4
[09:57:24.865] [SEVERE ] removing card from slot 5
[09:57:24.866] [SEVERE ] removing player 2 token from slot 6
[09:57:24.867] [SEVERE ] removing card from slot 6
[09:57:24.868] [SEVERE ] removing player 1 token from slot 7
[09:57:24.869] [SEVERE ] removing player 2 token from slot 7
[09:57:24.869] [SEVERE ] removing card from slot 7
[09:57:24.871] [SEVERE ] removing player 1 token from slot 8
[09:57:24.872] [SEVERE ] removing card from slot 8
[09:57:24.873] [SEVERE ] removing card from slot 9
[09:57:24.874] [SEVERE ] removing player 1 token from slot 10
[09:57:24.875] [SEVERE ] removing card from slot 10
[09:57:24.875] [SEVERE ] removing card from slot 11
[09:57:24.884] [SEVERE ] placing card 37 in slot 0
[09:57:24.886] [SEVERE ] placing card 53 in slot 1
[09:57:24.887] [SEVERE ] placing card 39 in slot 2
[09:57:24.888] [SEVERE ] placing card 3 in slot 3
[09:57:24.888] [SEVERE ] placing card 43 in slot 4
[09:57:24.889] [SEVERE ] placing card 71 in slot 5
[09:57:24.890] [SEVERE ] placing card 50 in slot 6
[09:57:24.890] [SEVERE ] placing card 34 in slot 7
[09:57:24.893] [SEVERE ] placing card 38 in slot 8
[09:57:24.901] [SEVERE ] placing card 14 in slot 9
[09:57:24.902] [SEVERE ] placing card 22 in slot 10
[09:57:24.930] [SEVERE ] placing card 68 in slot 11
[09:57:24.940] [SEVERE ] player 1 placing token on slot 1
[09:57:24.940] [SEVERE ] player 4 placing token on slot 3
[09:57:24.944] [SEVERE ] player 4 placing token on slot 0
[09:57:24.945] [SEVERE ] player 4 placing token on slot 10
[09:57:24.940] [SEVERE ] player 3 placing token on slot 11
[09:57:24.940] [SEVERE ] player 2 placing token on slot 1
[09:57:24.949] [SEVERE ] player 3 placing token on slot 4
[09:57:24.941] [SEVERE ] player 1 placing token on slot 3
[09:57:24.951] [SEVERE ] removing player 4 token from slot 0
[09:57:24.952] [SEVERE ] removing player 4 token from slot 3
[09:57:24.953] [SEVERE ] removing player 4 token from slot 10
[09:57:24.954] [SEVERE ] player 2 placing token on slot 4
[09:57:24.955] [SEVERE ] player 2 placing token on slot 11
[09:57:26.852] [SEVERE ] exit button pressed
