[10:09:08.812] [INFO   ] thread main starting.
[10:09:08.824] [SEVERE ] cannot read configuration file config.properties trying from resources.
[10:09:08.827] [SEVERE ] configuration file was loaded from resources directory.
[10:09:09.499] [INFO   ] thread dealer starting.
[10:09:09.684] [SEVERE ] placing card 35 in slot 0
[10:09:09.794] [SEVERE ] placing card 37 in slot 1
[10:09:09.904] [SEVERE ] placing card 71 in slot 2
[10:09:10.012] [SEVERE ] placing card 72 in slot 3
[10:09:10.121] [SEVERE ] placing card 13 in slot 4
[10:09:10.245] [SEVERE ] placing card 34 in slot 5
[10:09:10.353] [SEVERE ] placing card 39 in slot 6
[10:09:10.462] [SEVERE ] placing card 4 in slot 7
[10:09:10.570] [SEVERE ] placing card 5 in slot 8
[10:09:10.678] [SEVERE ] placing card 57 in slot 9
[10:09:10.786] [SEVERE ] placing card 31 in slot 10
[10:09:10.895] [SEVERE ] placing card 66 in slot 11
[10:09:10.906] [SEVERE ] updating countdown to 30000
[10:09:10.906] [SEVERE ] player 4 placing token on slot 2
[10:09:10.906] [SEVERE ] player 3 placing token on slot 5
[10:09:10.907] [SEVERE ] player 4 placing token on slot 8
[10:09:10.907] [SEVERE ] updating countdown to 29999
[10:09:10.907] [SEVERE ] player 4 placing token on slot 6
[10:09:10.907] [SEVERE ] player 3 placing token on slot 6
[10:09:10.908] [SEVERE ] removing player 4 token from slot 2
[10:09:10.908] [SEVERE ] removing player 4 token from slot 6
[10:09:10.908] [SEVERE ] removing player 4 token from slot 8
[10:09:10.908] [SEVERE ] player 3 placing token on slot 11
[10:09:10.908] [SEVERE ] setting player 4 freeze to 3000
[10:09:10.909] [SEVERE ] removing player 3 token from slot 5
[10:09:10.909] [SEVERE ] removing player 3 token from slot 6
[10:09:10.909] [SEVERE ] removing player 3 token from slot 11
[10:09:10.909] [SEVERE ] setting player 3 freeze to 3000
[10:09:11.910] [SEVERE ] setting player 4 freeze to 2000
[10:09:11.920] [SEVERE ] updating countdown to 28986
[10:09:11.920] [SEVERE ] setting player 3 freeze to 2000
[10:09:12.917] [SEVERE ] setting player 4 freeze to 1000
[10:09:12.933] [SEVERE ] setting player 3 freeze to 1000
[10:09:12.933] [SEVERE ] updating countdown to 27973
[10:09:13.924] [SEVERE ] setting player 4 freeze to 0
[10:09:13.924] [SEVERE ] player 4 placing token on slot 6
[10:09:13.925] [SEVERE ] player 4 placing token on slot 3
[10:09:13.925] [SEVERE ] player 4 placing token on slot 7
[10:09:13.925] [SEVERE ] removing player 4 token from slot 3
[10:09:13.925] [SEVERE ] removing player 4 token from slot 6
[10:09:13.926] [SEVERE ] removing player 4 token from slot 7
[10:09:13.926] [SEVERE ] setting player 4 freeze to 3000
[10:09:13.939] [SEVERE ] setting player 3 freeze to 0
[10:09:13.939] [SEVERE ] updating countdown to 26967
[10:09:13.939] [SEVERE ] player 3 placing token on slot 1
[10:09:13.940] [SEVERE ] player 3 placing token on slot 9
[10:09:13.940] [SEVERE ] removing player 3 token from slot 9
[10:09:13.940] [SEVERE ] player 3 placing token on slot 8
[10:09:13.940] [SEVERE ] player 3 placing token on slot 7
[10:09:13.941] [SEVERE ] removing player 3 token from slot 1
[10:09:13.941] [SEVERE ] removing player 3 token from slot 7
[10:09:13.941] [SEVERE ] removing player 3 token from slot 8
[10:09:13.941] [SEVERE ] setting player 3 freeze to 3000
[10:09:14.937] [SEVERE ] setting player 4 freeze to 2000
[10:09:14.953] [SEVERE ] setting player 3 freeze to 2000
[10:09:14.954] [SEVERE ] updating countdown to 25953
[10:09:15.947] [SEVERE ] setting player 4 freeze to 1000
[10:09:15.962] [SEVERE ] updating countdown to 24944
[10:09:15.962] [SEVERE ] setting player 3 freeze to 1000
[10:09:16.955] [SEVERE ] setting player 4 freeze to 0
[10:09:16.955] [SEVERE ] player 4 placing token on slot 8
[10:09:16.955] [SEVERE ] removing player 4 token from slot 8
[10:09:16.955] [SEVERE ] player 4 placing token on slot 6
[10:09:16.955] [SEVERE ] player 4 placing token on slot 3
[10:09:16.955] [SEVERE ] player 4 placing token on slot 9
[10:09:16.956] [SEVERE ] removing player 4 token from slot 3
[10:09:16.956] [SEVERE ] removing player 4 token from slot 6
[10:09:16.956] [SEVERE ] removing player 4 token from slot 9
[10:09:16.956] [SEVERE ] setting player 4 freeze to 3000
[10:09:16.970] [SEVERE ] updating countdown to 23936
[10:09:16.970] [SEVERE ] setting player 3 freeze to 0
[10:09:16.970] [SEVERE ] player 3 placing token on slot 8
[10:09:16.971] [SEVERE ] player 3 placing token on slot 11
[10:09:16.971] [SEVERE ] player 3 placing token on slot 6
[10:09:16.971] [SEVERE ] removing player 3 token from slot 6
[10:09:16.971] [SEVERE ] removing player 3 token from slot 8
[10:09:16.971] [SEVERE ] removing player 3 token from slot 11
[10:09:16.972] [SEVERE ] setting player 3 freeze to 3000
[10:09:17.963] [SEVERE ] setting player 4 freeze to 2000
[10:09:17.978] [SEVERE ] updating countdown to 22928
[10:09:17.978] [SEVERE ] setting player 3 freeze to 2000
[10:09:18.970] [SEVERE ] setting player 4 freeze to 1000
[10:09:18.986] [SEVERE ] updating countdown to 21920
[10:09:18.986] [SEVERE ] setting player 3 freeze to 1000
[10:09:19.981] [SEVERE ] setting player 4 freeze to 0
[10:09:19.982] [SEVERE ] player 4 placing token on slot 3
[10:09:19.983] [SEVERE ] player 4 placing token on slot 7
[10:09:19.983] [SEVERE ] player 4 placing token on slot 10
[10:09:19.984] [SEVERE ] removing player 4 token from slot 3
[10:09:19.985] [SEVERE ] removing player 4 token from slot 7
[10:09:19.985] [SEVERE ] removing player 4 token from slot 10
[10:09:19.986] [SEVERE ] setting player 4 freeze to 3000
[10:09:19.997] [SEVERE ] updating countdown to 20909
[10:09:19.997] [SEVERE ] setting player 3 freeze to 0
[10:09:19.998] [SEVERE ] player 3 placing token on slot 4
[10:09:19.999] [SEVERE ] player 3 placing token on slot 8
[10:09:20.000] [SEVERE ] player 3 placing token on slot 11
[10:09:20.000] [SEVERE ] removing player 3 token from slot 4
[10:09:20.000] [SEVERE ] removing player 3 token from slot 8
[10:09:20.001] [SEVERE ] removing player 3 token from slot 11
[10:09:20.001] [SEVERE ] setting player 3 freeze to 3000
[10:09:20.987] [SEVERE ] setting player 4 freeze to 2000
[10:09:21.003] [SEVERE ] setting player 3 freeze to 2000
[10:09:21.003] [SEVERE ] updating countdown to 19903
[10:09:21.999] [SEVERE ] setting player 4 freeze to 1000
[10:09:22.014] [SEVERE ] setting player 3 freeze to 1000
[10:09:22.014] [SEVERE ] updating countdown to 18892
[10:09:23.004] [SEVERE ] setting player 4 freeze to 0
[10:09:23.005] [SEVERE ] player 4 placing token on slot 9
[10:09:23.005] [SEVERE ] removing player 4 token from slot 9
[10:09:23.005] [SEVERE ] player 4 placing token on slot 2
[10:09:23.006] [SEVERE ] player 4 placing token on slot 6
[10:09:23.006] [SEVERE ] player 4 placing token on slot 9
[10:09:23.007] [SEVERE ] removing player 4 token from slot 2
[10:09:23.007] [SEVERE ] removing player 4 token from slot 6
[10:09:23.008] [SEVERE ] removing player 4 token from slot 9
[10:09:23.008] [SEVERE ] setting player 4 freeze to 3000
[10:09:23.019] [SEVERE ] setting player 3 freeze to 0
[10:09:23.019] [SEVERE ] updating countdown to 17887
[10:09:23.020] [SEVERE ] player 3 placing token on slot 1
[10:09:23.021] [SEVERE ] player 3 placing token on slot 4
[10:09:23.022] [SEVERE ] player 3 placing token on slot 6
[10:09:23.022] [SEVERE ] removing player 3 token from slot 1
[10:09:23.023] [SEVERE ] removing player 3 token from slot 4
[10:09:23.023] [SEVERE ] removing player 3 token from slot 6
[10:09:23.024] [SEVERE ] setting player 3 freeze to 3000
[10:09:24.014] [SEVERE ] setting player 4 freeze to 2000
[10:09:24.029] [SEVERE ] updating countdown to 16877
[10:09:24.029] [SEVERE ] setting player 3 freeze to 2000
[10:09:24.904] [SEVERE ] exit button pressed
[10:09:24.906] [INFO   ] thread dealer terminated.
[10:09:24.907] [SEVERE ] thanks for playing... it was fun!
[10:09:24.907] [INFO   ] thread main terminated.
