[10:52:53.761] [INFO   ] thread main starting.
[10:52:53.769] [SEVERE ] cannot read configuration file config.properties trying from resources.
[10:52:53.772] [SEVERE ] configuration file was loaded from resources directory.
[10:52:54.361] [INFO   ] thread dealer starting.
[10:52:54.546] [SEVERE ] placing card 50 in slot 0
[10:52:54.658] [SEVERE ] placing card 72 in slot 1
[10:52:54.768] [SEVERE ] placing card 14 in slot 2
[10:52:54.878] [SEVERE ] placing card 33 in slot 3
[10:52:54.988] [SEVERE ] placing card 34 in slot 4
[10:52:55.098] [SEVERE ] placing card 77 in slot 5
[10:52:55.208] [SEVERE ] placing card 74 in slot 6
[10:52:55.318] [SEVERE ] placing card 73 in slot 7
[10:52:55.428] [SEVERE ] placing card 65 in slot 8
[10:52:55.534] [SEVERE ] placing card 67 in slot 9
[10:52:55.643] [SEVERE ] placing card 58 in slot 10
[10:52:55.752] [SEVERE ] placing card 78 in slot 11
[10:52:55.763] [SEVERE ] updating countdown to 30000
[10:52:55.764] [SEVERE ] updating countdown to 29999
[10:52:56.771] [SEVERE ] updating countdown to 28992
[10:52:56.771] [SEVERE ] player 3 placing token on slot 9
[10:52:56.771] [SEVERE ] player 4 placing token on slot 0
[10:52:57.775] [SEVERE ] player 3 placing token on slot 2
[10:52:57.775] [SEVERE ] player 4 placing token on slot 1
[10:52:57.775] [SEVERE ] updating countdown to 27988
[10:52:58.777] [SEVERE ] player 4 placing token on slot 9
[10:52:58.777] [SEVERE ] player 3 placing token on slot 5
[10:52:58.779] [SEVERE ] removing player 4 token from slot 0
[10:52:58.779] [SEVERE ] updating countdown to 26984
[10:52:58.779] [SEVERE ] removing player 4 token from slot 1
[10:52:58.781] [SEVERE ] removing player 4 token from slot 9
[10:52:58.781] [SEVERE ] removing player 3 token from slot 2
[10:52:58.782] [SEVERE ] removing player 3 token from slot 5
[10:52:58.782] [SEVERE ] removing player 3 token from slot 9
[10:52:59.789] [SEVERE ] player 4 placing token on slot 9
[10:52:59.789] [SEVERE ] player 3 placing token on slot 10
[10:52:59.789] [SEVERE ] updating countdown to 25974
[10:53:00.790] [SEVERE ] player 4 placing token on slot 0
[10:53:00.797] [SEVERE ] player 3 placing token on slot 11
[10:53:00.797] [SEVERE ] updating countdown to 24966
[10:53:01.801] [SEVERE ] player 4 placing token on slot 5
[10:53:01.801] [SEVERE ] player 3 placing token on slot 5
[10:53:01.801] [SEVERE ] updating countdown to 23962
[10:53:01.803] [SEVERE ] removing player 4 token from slot 0
[10:53:01.804] [SEVERE ] removing player 4 token from slot 5
[10:53:01.804] [SEVERE ] removing player 4 token from slot 9
[10:53:01.805] [SEVERE ] removing player 3 token from slot 5
[10:53:01.806] [SEVERE ] removing player 3 token from slot 10
[10:53:01.806] [SEVERE ] removing player 3 token from slot 11
[10:53:02.806] [SEVERE ] updating countdown to 22957
[10:53:02.821] [SEVERE ] player 3 placing token on slot 5
[10:53:02.821] [SEVERE ] player 4 placing token on slot 11
[10:53:03.813] [SEVERE ] updating countdown to 21950
[10:53:03.828] [SEVERE ] player 3 placing token on slot 9
[10:53:03.828] [SEVERE ] player 4 placing token on slot 1
[10:53:04.830] [SEVERE ] updating countdown to 20933
[10:53:04.830] [SEVERE ] player 3 placing token on slot 0
[10:53:04.830] [SEVERE ] player 4 placing token on slot 8
[10:53:04.832] [SEVERE ] removing player 3 token from slot 0
[10:53:04.833] [SEVERE ] removing player 3 token from slot 5
[10:53:04.834] [SEVERE ] removing player 3 token from slot 9
[10:53:04.834] [SEVERE ] removing player 4 token from slot 1
[10:53:04.835] [SEVERE ] removing player 4 token from slot 8
[10:53:04.835] [SEVERE ] removing player 4 token from slot 11
[10:53:05.833] [SEVERE ] updating countdown to 19930
[10:53:05.842] [SEVERE ] player 4 placing token on slot 11
[10:53:05.842] [SEVERE ] player 3 placing token on slot 10
[10:53:06.847] [SEVERE ] updating countdown to 18916
[10:53:06.847] [SEVERE ] player 4 placing token on slot 3
[10:53:06.847] [SEVERE ] player 3 placing token on slot 11
[10:53:07.849] [SEVERE ] player 4 placing token on slot 6
[10:53:07.850] [SEVERE ] updating countdown to 17913
[10:53:07.850] [SEVERE ] removing player 4 token from slot 3
[10:53:07.851] [SEVERE ] removing player 4 token from slot 6
[10:53:07.852] [SEVERE ] removing player 4 token from slot 11
[10:53:07.857] [SEVERE ] removing player 3 token from slot 10
[10:53:08.852] [SEVERE ] updating countdown to 16911
[10:53:08.867] [SEVERE ] player 3 placing token on slot 8
[10:53:08.867] [SEVERE ] player 4 placing token on slot 2
[10:53:09.857] [SEVERE ] updating countdown to 15906
[10:53:09.872] [SEVERE ] player 3 placing token on slot 1
[10:53:09.872] [SEVERE ] player 4 placing token on slot 0
[10:53:09.873] [SEVERE ] removing player 3 token from slot 1
[10:53:09.874] [SEVERE ] removing player 3 token from slot 8
[10:53:09.874] [SEVERE ] removing player 3 token from slot 11
[10:53:10.863] [SEVERE ] updating countdown to 14900
[10:53:10.879] [SEVERE ] player 4 placing token on slot 9
[10:53:10.879] [SEVERE ] player 3 placing token on slot 10
[10:53:10.880] [SEVERE ] removing player 4 token from slot 0
[10:53:10.881] [SEVERE ] removing player 4 token from slot 2
[10:53:10.882] [SEVERE ] removing player 4 token from slot 9
[10:53:11.867] [SEVERE ] updating countdown to 13896
[10:53:11.882] [SEVERE ] player 3 placing token on slot 7
[10:53:11.897] [SEVERE ] player 4 placing token on slot 4
[10:53:12.547] [SEVERE ] exit button pressed
[10:53:12.550] [INFO   ] thread dealer terminated.
[10:53:12.551] [SEVERE ] thanks for playing... it was fun!
[10:53:12.551] [INFO   ] thread main terminated.
