[10:52:12.045] [INFO   ] thread main starting.
[10:52:12.053] [SEVERE ] cannot read configuration file config.properties trying from resources.
[10:52:12.056] [SEVERE ] configuration file was loaded from resources directory.
[10:52:12.639] [INFO   ] thread dealer starting.
[10:52:12.826] [SEVERE ] placing card 43 in slot 0
[10:52:12.935] [SEVERE ] placing card 72 in slot 1
[10:52:13.044] [SEVERE ] placing card 17 in slot 2
[10:52:13.152] [SEVERE ] placing card 30 in slot 3
[10:52:13.260] [SEVERE ] placing card 49 in slot 4
[10:52:13.369] [SEVERE ] placing card 61 in slot 5
[10:52:13.478] [SEVERE ] placing card 41 in slot 6
[10:52:13.584] [SEVERE ] placing card 52 in slot 7
[10:52:13.692] [SEVERE ] placing card 60 in slot 8
[10:52:13.801] [SEVERE ] placing card 46 in slot 9
[10:52:13.910] [SEVERE ] placing card 34 in slot 10
[10:52:14.021] [SEVERE ] placing card 31 in slot 11
[10:52:14.032] [SEVERE ] updating countdown to 30000
[10:52:14.034] [SEVERE ] updating countdown to 29998
[10:52:15.044] [SEVERE ] updating countdown to 28988
[10:52:15.045] [SEVERE ] player 3 placing token on slot 9
[10:52:15.044] [SEVERE ] player 4 placing token on slot 6
[10:52:16.048] [SEVERE ] player 4 placing token on slot 9
[10:52:16.048] [SEVERE ] player 3 placing token on slot 5
[10:52:16.048] [SEVERE ] updating countdown to 27984
[10:52:17.050] [SEVERE ] removing player 4 token from slot 9
[10:52:17.054] [SEVERE ] updating countdown to 26978
[10:52:17.054] [SEVERE ] player 3 placing token on slot 1
[10:52:17.055] [SEVERE ] removing player 3 token from slot 1
[10:52:17.055] [SEVERE ] removing player 3 token from slot 5
[10:52:17.056] [SEVERE ] removing player 3 token from slot 9
[10:52:17.056] [SEVERE ] setting player 3 freeze to 3000
[10:52:18.065] [SEVERE ] setting player 3 freeze to 2000
[10:52:18.065] [SEVERE ] removing player 4 token from slot 6
[10:52:18.065] [SEVERE ] updating countdown to 25967
[10:52:19.066] [SEVERE ] setting player 3 freeze to 1000
[10:52:19.082] [SEVERE ] player 4 placing token on slot 5
[10:52:19.082] [SEVERE ] updating countdown to 24950
[10:52:20.075] [SEVERE ] setting player 3 freeze to 0
[10:52:20.091] [SEVERE ] updating countdown to 23941
[10:52:20.091] [SEVERE ] player 4 placing token on slot 11
[10:52:21.079] [SEVERE ] player 3 placing token on slot 2
[10:52:21.094] [SEVERE ] updating countdown to 22938
[10:52:21.094] [SEVERE ] player 4 placing token on slot 1
[10:52:21.095] [SEVERE ] removing player 4 token from slot 1
[10:52:21.097] [SEVERE ] removing player 4 token from slot 5
[10:52:21.097] [SEVERE ] removing player 4 token from slot 11
[10:52:21.098] [SEVERE ] setting player 4 freeze to 3000
[10:52:22.083] [SEVERE ] player 3 placing token on slot 5
[10:52:22.099] [SEVERE ] updating countdown to 21933
[10:52:22.103] [SEVERE ] setting player 4 freeze to 2000
[10:52:23.088] [SEVERE ] player 3 placing token on slot 7
[10:52:23.088] [SEVERE ] removing player 3 token from slot 2
[10:52:23.090] [SEVERE ] removing player 3 token from slot 5
[10:52:23.090] [SEVERE ] removing player 3 token from slot 7
[10:52:23.090] [SEVERE ] setting player 3 freeze to 3000
[10:52:23.100] [SEVERE ] updating countdown to 20932
[10:52:23.105] [SEVERE ] setting player 4 freeze to 1000
[10:52:24.094] [SEVERE ] setting player 3 freeze to 2000
[10:52:24.110] [SEVERE ] updating countdown to 19922
[10:52:24.110] [SEVERE ] setting player 4 freeze to 0
[10:52:25.104] [SEVERE ] setting player 3 freeze to 1000
[10:52:25.120] [SEVERE ] player 4 placing token on slot 1
[10:52:25.120] [SEVERE ] updating countdown to 18912
[10:52:26.109] [SEVERE ] setting player 3 freeze to 0
[10:52:26.125] [SEVERE ] updating countdown to 17907
[10:52:26.125] [SEVERE ] player 4 placing token on slot 5
[10:52:27.111] [SEVERE ] player 3 placing token on slot 4
[10:52:27.127] [SEVERE ] updating countdown to 16905
[10:52:27.127] [SEVERE ] player 4 placing token on slot 0
[10:52:27.129] [SEVERE ] removing player 4 token from slot 0
[10:52:27.129] [SEVERE ] removing player 4 token from slot 1
[10:52:27.130] [SEVERE ] removing player 4 token from slot 5
[10:52:27.130] [SEVERE ] setting player 4 freeze to 3000
[10:52:28.123] [SEVERE ] player 3 placing token on slot 3
[10:52:28.139] [SEVERE ] updating countdown to 15893
[10:52:28.139] [SEVERE ] setting player 4 freeze to 2000
[10:52:29.131] [SEVERE ] player 3 placing token on slot 5
[10:52:29.132] [SEVERE ] removing player 3 token from slot 3
[10:52:29.133] [SEVERE ] removing player 3 token from slot 4
[10:52:29.133] [SEVERE ] removing player 3 token from slot 5
[10:52:29.133] [SEVERE ] setting player 3 freeze to 3000
[10:52:29.147] [SEVERE ] setting player 4 freeze to 1000
[10:52:29.147] [SEVERE ] updating countdown to 14885
[10:52:30.136] [SEVERE ] setting player 3 freeze to 2000
[10:52:30.151] [SEVERE ] setting player 4 freeze to 0
[10:52:30.151] [SEVERE ] updating countdown to 13881
[10:52:31.140] [SEVERE ] setting player 3 freeze to 1000
[10:52:31.155] [SEVERE ] updating countdown to 12877
[10:52:31.155] [SEVERE ] player 4 placing token on slot 10
[10:52:32.155] [SEVERE ] setting player 3 freeze to 0
[10:52:32.170] [SEVERE ] player 4 placing token on slot 1
[10:52:32.170] [SEVERE ] updating countdown to 11862
[10:52:33.137] [SEVERE ] exit button pressed
[10:52:33.138] [INFO   ] thread dealer terminated.
[10:52:33.139] [SEVERE ] thanks for playing... it was fun!
[10:52:33.139] [INFO   ] thread main terminated.
